[2023-05-10 16:12:49,763] {taskinstance.py:1179} INFO - Dependencies all met for <TaskInstance: dst_report_dags.clear_temp_files scheduled__2023-01-01T01:00:00+00:00 [queued]>
[2023-05-10 16:12:49,770] {taskinstance.py:1179} INFO - Dependencies all met for <TaskInstance: dst_report_dags.clear_temp_files scheduled__2023-01-01T01:00:00+00:00 [queued]>
[2023-05-10 16:12:49,771] {taskinstance.py:1376} INFO - 
--------------------------------------------------------------------------------
[2023-05-10 16:12:49,772] {taskinstance.py:1377} INFO - Starting attempt 1 of 1
[2023-05-10 16:12:49,772] {taskinstance.py:1378} INFO - 
--------------------------------------------------------------------------------
[2023-05-10 16:12:49,781] {taskinstance.py:1397} INFO - Executing <Task(BashOperator): clear_temp_files> on 2023-01-01 01:00:00+00:00
[2023-05-10 16:12:49,784] {standard_task_runner.py:52} INFO - Started process 22 to run task
[2023-05-10 16:12:49,788] {standard_task_runner.py:79} INFO - Running: ['airflow', 'tasks', 'run', 'dst_report_dags', 'clear_temp_files', 'scheduled__2023-01-01T01:00:00+00:00', '--job-id', '53', '--raw', '--subdir', 'DAGS_FOLDER/create_quaterly_team_report.py', '--cfg-path', '/tmp/tmpegrd83of', '--error-file', '/tmp/tmpjjwxdmrb']
[2023-05-10 16:12:49,790] {standard_task_runner.py:80} INFO - Job 53: Subtask clear_temp_files
[2023-05-10 16:12:49,841] {task_command.py:371} INFO - Running <TaskInstance: dst_report_dags.clear_temp_files scheduled__2023-01-01T01:00:00+00:00 [running]> on host dstreportdagscleartempfiles-013a96128cd142fa89edd3c499e0e2b9
[2023-05-10 16:12:50,632] {logging_mixin.py:115} WARNING - /home/airflow/.local/lib/python3.8/site-packages/airflow/models/renderedtifields.py:249 SAWarning: Coercing Subquery object into a select() for use in IN(); please pass a select() construct explicitly
[2023-05-10 16:12:50,645] {taskinstance.py:1589} INFO - Exporting the following env vars:
AIRFLOW_CTX_DAG_OWNER=airflow
AIRFLOW_CTX_DAG_ID=dst_report_dags
AIRFLOW_CTX_TASK_ID=clear_temp_files
AIRFLOW_CTX_EXECUTION_DATE=2023-01-01T01:00:00+00:00
AIRFLOW_CTX_TRY_NUMBER=1
AIRFLOW_CTX_DAG_RUN_ID=scheduled__2023-01-01T01:00:00+00:00
[2023-05-10 16:12:50,647] {subprocess.py:62} INFO - Tmp dir root location: 
 /tmp
[2023-05-10 16:12:50,648] {subprocess.py:74} INFO - Running command: ['bash', '-c', 'rm -rf /foo/files/']
[2023-05-10 16:12:50,661] {subprocess.py:85} INFO - Output:
[2023-05-10 16:12:50,666] {subprocess.py:96} INFO - Command exited with return code 0
[2023-05-10 16:12:50,685] {taskinstance.py:1415} INFO - Marking task as SUCCESS. dag_id=dst_report_dags, task_id=clear_temp_files, execution_date=20230101T010000, start_date=20230510T161249, end_date=20230510T161250
[2023-05-10 16:12:50,725] {local_task_job.py:156} INFO - Task exited with return code 0
[2023-05-10 16:12:50,741] {local_task_job.py:273} INFO - 0 downstream tasks scheduled from follow-on schedule check
