[2023-05-10 08:35:33,559] {taskinstance.py:1179} INFO - Dependencies all met for <TaskInstance: dst_report_dags.get_file_from_gcs manual__2023-05-10T08:34:05.956181+00:00 [queued]>
[2023-05-10 08:35:33,567] {taskinstance.py:1179} INFO - Dependencies all met for <TaskInstance: dst_report_dags.get_file_from_gcs manual__2023-05-10T08:34:05.956181+00:00 [queued]>
[2023-05-10 08:35:33,568] {taskinstance.py:1376} INFO - 
--------------------------------------------------------------------------------
[2023-05-10 08:35:33,569] {taskinstance.py:1377} INFO - Starting attempt 1 of 1
[2023-05-10 08:35:33,570] {taskinstance.py:1378} INFO - 
--------------------------------------------------------------------------------
[2023-05-10 08:35:33,580] {taskinstance.py:1397} INFO - Executing <Task(PythonOperator): get_file_from_gcs> on 2023-05-10 08:34:05.956181+00:00
[2023-05-10 08:35:33,584] {standard_task_runner.py:52} INFO - Started process 22 to run task
[2023-05-10 08:35:33,587] {standard_task_runner.py:79} INFO - Running: ['airflow', 'tasks', 'run', 'dst_report_dags', 'get_file_from_gcs', 'manual__2023-05-10T08:34:05.956181+00:00', '--job-id', '15', '--raw', '--subdir', 'DAGS_FOLDER/dst_report_dags.py', '--cfg-path', '/tmp/tmplis3u4km', '--error-file', '/tmp/tmpvjkcogc1']
[2023-05-10 08:35:33,589] {standard_task_runner.py:80} INFO - Job 15: Subtask get_file_from_gcs
[2023-05-10 08:35:33,646] {task_command.py:371} INFO - Running <TaskInstance: dst_report_dags.get_file_from_gcs manual__2023-05-10T08:34:05.956181+00:00 [running]> on host dstreportdagsgetfilefromgcs-096a606ffabc4a7e893e9ff1ed77e80c
[2023-05-10 08:35:34,455] {logging_mixin.py:115} WARNING - /home/airflow/.local/lib/python3.8/site-packages/airflow/models/renderedtifields.py:249 SAWarning: Coercing Subquery object into a select() for use in IN(); please pass a select() construct explicitly
[2023-05-10 08:35:34,466] {taskinstance.py:1589} INFO - Exporting the following env vars:
AIRFLOW_CTX_DAG_OWNER=airflow
AIRFLOW_CTX_DAG_ID=dst_report_dags
AIRFLOW_CTX_TASK_ID=get_file_from_gcs
AIRFLOW_CTX_EXECUTION_DATE=2023-05-10T08:34:05.956181+00:00
AIRFLOW_CTX_TRY_NUMBER=1
AIRFLOW_CTX_DAG_RUN_ID=manual__2023-05-10T08:34:05.956181+00:00
[2023-05-10 08:35:36,082] {python.py:173} INFO - Done. Returned value was: None
[2023-05-10 08:35:36,090] {taskinstance.py:1415} INFO - Marking task as SUCCESS. dag_id=dst_report_dags, task_id=get_file_from_gcs, execution_date=20230510T083405, start_date=20230510T083533, end_date=20230510T083536
[2023-05-10 08:35:36,152] {local_task_job.py:156} INFO - Task exited with return code 0
[2023-05-10 08:35:36,181] {local_task_job.py:273} INFO - 1 downstream tasks scheduled from follow-on schedule check
