[2023-05-10 10:04:24,199] {taskinstance.py:1179} INFO - Dependencies all met for <TaskInstance: get_attachment_from_dst_gmail.write_to_blob manual__2023-05-10T10:04:13.931238+00:00 [queued]>
[2023-05-10 10:04:24,207] {taskinstance.py:1179} INFO - Dependencies all met for <TaskInstance: get_attachment_from_dst_gmail.write_to_blob manual__2023-05-10T10:04:13.931238+00:00 [queued]>
[2023-05-10 10:04:24,208] {taskinstance.py:1376} INFO - 
--------------------------------------------------------------------------------
[2023-05-10 10:04:24,209] {taskinstance.py:1377} INFO - Starting attempt 1 of 1
[2023-05-10 10:04:24,210] {taskinstance.py:1378} INFO - 
--------------------------------------------------------------------------------
[2023-05-10 10:04:24,219] {taskinstance.py:1397} INFO - Executing <Task(PythonOperator): write_to_blob> on 2023-05-10 10:04:13.931238+00:00
[2023-05-10 10:04:24,223] {standard_task_runner.py:52} INFO - Started process 22 to run task
[2023-05-10 10:04:24,226] {standard_task_runner.py:79} INFO - Running: ['airflow', 'tasks', 'run', 'get_attachment_from_dst_gmail', 'write_to_blob', 'manual__2023-05-10T10:04:13.931238+00:00', '--job-id', '44', '--raw', '--subdir', 'DAGS_FOLDER/get_file_from_gmail.py', '--cfg-path', '/tmp/tmpvnv5r65i', '--error-file', '/tmp/tmpwuskocpt']
[2023-05-10 10:04:24,228] {standard_task_runner.py:80} INFO - Job 44: Subtask write_to_blob
[2023-05-10 10:04:24,281] {task_command.py:371} INFO - Running <TaskInstance: get_attachment_from_dst_gmail.write_to_blob manual__2023-05-10T10:04:13.931238+00:00 [running]> on host getattachmentfromdstgmailwrite-6a3836747dfa4edc993327618a2328a6
[2023-05-10 10:04:25,001] {logging_mixin.py:115} WARNING - /home/airflow/.local/lib/python3.8/site-packages/airflow/models/renderedtifields.py:249 SAWarning: Coercing Subquery object into a select() for use in IN(); please pass a select() construct explicitly
[2023-05-10 10:04:25,014] {taskinstance.py:1589} INFO - Exporting the following env vars:
AIRFLOW_CTX_DAG_OWNER=airflow
AIRFLOW_CTX_DAG_ID=get_attachment_from_dst_gmail
AIRFLOW_CTX_TASK_ID=write_to_blob
AIRFLOW_CTX_EXECUTION_DATE=2023-05-10T10:04:13.931238+00:00
AIRFLOW_CTX_TRY_NUMBER=1
AIRFLOW_CTX_DAG_RUN_ID=manual__2023-05-10T10:04:13.931238+00:00
[2023-05-10 10:04:25,477] {python.py:173} INFO - Done. Returned value was: None
[2023-05-10 10:04:25,485] {taskinstance.py:1415} INFO - Marking task as SUCCESS. dag_id=get_attachment_from_dst_gmail, task_id=write_to_blob, execution_date=20230510T100413, start_date=20230510T100424, end_date=20230510T100425
[2023-05-10 10:04:25,533] {local_task_job.py:156} INFO - Task exited with return code 0
[2023-05-10 10:04:25,551] {local_task_job.py:273} INFO - 0 downstream tasks scheduled from follow-on schedule check
