[2023-05-10 16:12:40,816] {taskinstance.py:1179} INFO - Dependencies all met for <TaskInstance: dst_report_dags.upload_to_bigquary scheduled__2023-01-01T01:00:00+00:00 [queued]>
[2023-05-10 16:12:40,824] {taskinstance.py:1179} INFO - Dependencies all met for <TaskInstance: dst_report_dags.upload_to_bigquary scheduled__2023-01-01T01:00:00+00:00 [queued]>
[2023-05-10 16:12:40,825] {taskinstance.py:1376} INFO - 
--------------------------------------------------------------------------------
[2023-05-10 16:12:40,826] {taskinstance.py:1377} INFO - Starting attempt 1 of 1
[2023-05-10 16:12:40,827] {taskinstance.py:1378} INFO - 
--------------------------------------------------------------------------------
[2023-05-10 16:12:40,837] {taskinstance.py:1397} INFO - Executing <Task(PythonOperator): upload_to_bigquary> on 2023-01-01 01:00:00+00:00
[2023-05-10 16:12:40,840] {standard_task_runner.py:52} INFO - Started process 22 to run task
[2023-05-10 16:12:40,843] {standard_task_runner.py:79} INFO - Running: ['airflow', 'tasks', 'run', 'dst_report_dags', 'upload_to_bigquary', 'scheduled__2023-01-01T01:00:00+00:00', '--job-id', '52', '--raw', '--subdir', 'DAGS_FOLDER/create_quaterly_team_report.py', '--cfg-path', '/tmp/tmp2kndgow3', '--error-file', '/tmp/tmp08cshhic']
[2023-05-10 16:12:40,845] {standard_task_runner.py:80} INFO - Job 52: Subtask upload_to_bigquary
[2023-05-10 16:12:40,897] {task_command.py:371} INFO - Running <TaskInstance: dst_report_dags.upload_to_bigquary scheduled__2023-01-01T01:00:00+00:00 [running]> on host dstreportdagsuploadtobigquary-9ea6b51330c84ff491d86fb880baff7b
[2023-05-10 16:12:41,759] {logging_mixin.py:115} WARNING - /home/airflow/.local/lib/python3.8/site-packages/airflow/models/renderedtifields.py:249 SAWarning: Coercing Subquery object into a select() for use in IN(); please pass a select() construct explicitly
[2023-05-10 16:12:41,767] {taskinstance.py:1589} INFO - Exporting the following env vars:
AIRFLOW_CTX_DAG_OWNER=airflow
AIRFLOW_CTX_DAG_ID=dst_report_dags
AIRFLOW_CTX_TASK_ID=upload_to_bigquary
AIRFLOW_CTX_EXECUTION_DATE=2023-01-01T01:00:00+00:00
AIRFLOW_CTX_TRY_NUMBER=1
AIRFLOW_CTX_DAG_RUN_ID=scheduled__2023-01-01T01:00:00+00:00
[2023-05-10 16:12:46,094] {logging_mixin.py:115} INFO - DONE
[2023-05-10 16:12:46,095] {logging_mixin.py:115} INFO - LoadJob<project=dstreportdata, location=asia-east1, id=85dc468c-41bb-4628-a11e-3abe38cd70e3>
[2023-05-10 16:12:46,096] {python.py:173} INFO - Done. Returned value was: None
[2023-05-10 16:12:46,108] {taskinstance.py:1415} INFO - Marking task as SUCCESS. dag_id=dst_report_dags, task_id=upload_to_bigquary, execution_date=20230101T010000, start_date=20230510T161240, end_date=20230510T161246
[2023-05-10 16:12:46,176] {local_task_job.py:156} INFO - Task exited with return code 0
[2023-05-10 16:12:46,198] {local_task_job.py:273} INFO - 1 downstream tasks scheduled from follow-on schedule check
