[2023-05-09 20:15:21,213] {taskinstance.py:1179} INFO - Dependencies all met for <TaskInstance: dst_report_dags.get_data manual__2023-05-09T20:15:14.217115+00:00 [queued]>
[2023-05-09 20:15:21,228] {taskinstance.py:1179} INFO - Dependencies all met for <TaskInstance: dst_report_dags.get_data manual__2023-05-09T20:15:14.217115+00:00 [queued]>
[2023-05-09 20:15:21,230] {taskinstance.py:1376} INFO - 
--------------------------------------------------------------------------------
[2023-05-09 20:15:21,231] {taskinstance.py:1377} INFO - Starting attempt 1 of 1
[2023-05-09 20:15:21,232] {taskinstance.py:1378} INFO - 
--------------------------------------------------------------------------------
[2023-05-09 20:15:21,246] {taskinstance.py:1397} INFO - Executing <Task(PythonOperator): get_data> on 2023-05-09 20:15:14.217115+00:00
[2023-05-09 20:15:21,251] {standard_task_runner.py:52} INFO - Started process 21 to run task
[2023-05-09 20:15:21,260] {standard_task_runner.py:79} INFO - Running: ['airflow', 'tasks', 'run', 'dst_report_dags', 'get_data', 'manual__2023-05-09T20:15:14.217115+00:00', '--job-id', '15', '--raw', '--subdir', 'DAGS_FOLDER/dst_report_dags.py', '--cfg-path', '/tmp/tmpo_26d1lb', '--error-file', '/tmp/tmpk8lmpkvk']
[2023-05-09 20:15:21,262] {standard_task_runner.py:80} INFO - Job 15: Subtask get_data
[2023-05-09 20:15:21,355] {task_command.py:371} INFO - Running <TaskInstance: dst_report_dags.get_data manual__2023-05-09T20:15:14.217115+00:00 [running]> on host dstreportdagsgetdata-6b134e1159604b7e84fbf390d1168a4d
[2023-05-09 20:15:22,548] {logging_mixin.py:115} WARNING - /home/airflow/.local/lib/python3.8/site-packages/airflow/models/renderedtifields.py:249 SAWarning: Coercing Subquery object into a select() for use in IN(); please pass a select() construct explicitly
[2023-05-09 20:15:22,561] {taskinstance.py:1589} INFO - Exporting the following env vars:
AIRFLOW_CTX_DAG_OWNER=airflow
AIRFLOW_CTX_DAG_ID=dst_report_dags
AIRFLOW_CTX_TASK_ID=get_data
AIRFLOW_CTX_EXECUTION_DATE=2023-05-09T20:15:14.217115+00:00
AIRFLOW_CTX_TRY_NUMBER=1
AIRFLOW_CTX_DAG_RUN_ID=manual__2023-05-09T20:15:14.217115+00:00
[2023-05-09 20:15:22,563] {python.py:173} INFO - Done. Returned value was: None
[2023-05-09 20:15:22,574] {taskinstance.py:1415} INFO - Marking task as SUCCESS. dag_id=dst_report_dags, task_id=get_data, execution_date=20230509T201514, start_date=20230509T201521, end_date=20230509T201522
[2023-05-09 20:15:22,637] {local_task_job.py:156} INFO - Task exited with return code 0
[2023-05-09 20:15:22,671] {local_task_job.py:273} INFO - 1 downstream tasks scheduled from follow-on schedule check
