[2023-05-08 09:03:38,486] {taskinstance.py:1179} INFO - Dependencies all met for <TaskInstance: dst_report_dags.get_file_from_gcs manual__2023-05-08T09:03:33.379761+00:00 [queued]>
[2023-05-08 09:03:38,497] {taskinstance.py:1179} INFO - Dependencies all met for <TaskInstance: dst_report_dags.get_file_from_gcs manual__2023-05-08T09:03:33.379761+00:00 [queued]>
[2023-05-08 09:03:38,498] {taskinstance.py:1376} INFO - 
--------------------------------------------------------------------------------
[2023-05-08 09:03:38,499] {taskinstance.py:1377} INFO - Starting attempt 1 of 1
[2023-05-08 09:03:38,500] {taskinstance.py:1378} INFO - 
--------------------------------------------------------------------------------
[2023-05-08 09:03:38,516] {taskinstance.py:1397} INFO - Executing <Task(PythonOperator): get_file_from_gcs> on 2023-05-08 09:03:33.379761+00:00
[2023-05-08 09:03:38,521] {standard_task_runner.py:52} INFO - Started process 23 to run task
[2023-05-08 09:03:38,526] {standard_task_runner.py:79} INFO - Running: ['airflow', 'tasks', 'run', 'dst_report_dags', 'get_file_from_gcs', 'manual__2023-05-08T09:03:33.379761+00:00', '--job-id', '48', '--raw', '--subdir', 'DAGS_FOLDER/dst_report_dags.py', '--cfg-path', '/tmp/tmpe7h_ucb8', '--error-file', '/tmp/tmpnxzqaaq3']
[2023-05-08 09:03:38,529] {standard_task_runner.py:80} INFO - Job 48: Subtask get_file_from_gcs
[2023-05-08 09:03:38,587] {task_command.py:371} INFO - Running <TaskInstance: dst_report_dags.get_file_from_gcs manual__2023-05-08T09:03:33.379761+00:00 [running]> on host dstreportdagsgetfilefromgcs-9cee141f7d7846a19fef2356a31e3c0c
[2023-05-08 09:03:39,415] {logging_mixin.py:115} WARNING - /home/airflow/.local/lib/python3.8/site-packages/airflow/models/renderedtifields.py:249 SAWarning: Coercing Subquery object into a select() for use in IN(); please pass a select() construct explicitly
[2023-05-08 09:03:39,426] {taskinstance.py:1589} INFO - Exporting the following env vars:
AIRFLOW_CTX_DAG_OWNER=airflow
AIRFLOW_CTX_DAG_ID=dst_report_dags
AIRFLOW_CTX_TASK_ID=get_file_from_gcs
AIRFLOW_CTX_EXECUTION_DATE=2023-05-08T09:03:33.379761+00:00
AIRFLOW_CTX_TRY_NUMBER=1
AIRFLOW_CTX_DAG_RUN_ID=manual__2023-05-08T09:03:33.379761+00:00
[2023-05-08 09:03:41,505] {python.py:173} INFO - Done. Returned value was: None
[2023-05-08 09:03:41,528] {taskinstance.py:1415} INFO - Marking task as SUCCESS. dag_id=dst_report_dags, task_id=get_file_from_gcs, execution_date=20230508T090333, start_date=20230508T090338, end_date=20230508T090341
[2023-05-08 09:03:41,581] {local_task_job.py:156} INFO - Task exited with return code 0
[2023-05-08 09:03:41,610] {local_task_job.py:273} INFO - 1 downstream tasks scheduled from follow-on schedule check
