[2023-05-07 12:28:59,593] {taskinstance.py:1179} INFO - Dependencies all met for <TaskInstance: hello_world.hello_k8s scheduled__2023-05-06T12:00:00+00:00 [queued]>
[2023-05-07 12:28:59,609] {taskinstance.py:1179} INFO - Dependencies all met for <TaskInstance: hello_world.hello_k8s scheduled__2023-05-06T12:00:00+00:00 [queued]>
[2023-05-07 12:28:59,611] {taskinstance.py:1376} INFO - 
--------------------------------------------------------------------------------
[2023-05-07 12:28:59,613] {taskinstance.py:1377} INFO - Starting attempt 1 of 1
[2023-05-07 12:28:59,615] {taskinstance.py:1378} INFO - 
--------------------------------------------------------------------------------
[2023-05-07 12:28:59,638] {taskinstance.py:1397} INFO - Executing <Task(PythonOperator): hello_k8s> on 2023-05-06 12:00:00+00:00
[2023-05-07 12:28:59,642] {standard_task_runner.py:52} INFO - Started process 17 to run task
[2023-05-07 12:28:59,649] {standard_task_runner.py:79} INFO - Running: ['airflow', 'tasks', 'run', 'hello_world', 'hello_k8s', 'scheduled__2023-05-06T12:00:00+00:00', '--job-id', '6', '--raw', '--subdir', 'DAGS_FOLDER/helloWorld.py', '--cfg-path', '/tmp/tmpsy64xwfr', '--error-file', '/tmp/tmpmnpdmi3r']
[2023-05-07 12:28:59,652] {standard_task_runner.py:80} INFO - Job 6: Subtask hello_k8s
[2023-05-07 12:28:59,802] {task_command.py:371} INFO - Running <TaskInstance: hello_world.hello_k8s scheduled__2023-05-06T12:00:00+00:00 [running]> on host helloworldhellok8s-909b52fec1b94e3487ec54df2ed61999
[2023-05-07 12:29:01,254] {logging_mixin.py:115} WARNING - /home/airflow/.local/lib/python3.8/site-packages/airflow/models/renderedtifields.py:249 SAWarning: Coercing Subquery object into a select() for use in IN(); please pass a select() construct explicitly
[2023-05-07 12:29:01,267] {taskinstance.py:1589} INFO - Exporting the following env vars:
AIRFLOW_CTX_DAG_OWNER=airflow
AIRFLOW_CTX_DAG_ID=hello_world
AIRFLOW_CTX_TASK_ID=hello_k8s
AIRFLOW_CTX_EXECUTION_DATE=2023-05-06T12:00:00+00:00
AIRFLOW_CTX_TRY_NUMBER=1
AIRFLOW_CTX_DAG_RUN_ID=scheduled__2023-05-06T12:00:00+00:00
[2023-05-07 12:29:01,269] {logging_mixin.py:115} INFO - Hello world from first Airflow DAG!
[2023-05-07 12:29:01,270] {python.py:173} INFO - Done. Returned value was: None
[2023-05-07 12:29:01,281] {taskinstance.py:1415} INFO - Marking task as SUCCESS. dag_id=hello_world, task_id=hello_k8s, execution_date=20230506T120000, start_date=20230507T122859, end_date=20230507T122901
[2023-05-07 12:29:01,332] {local_task_job.py:156} INFO - Task exited with return code 0
[2023-05-07 12:29:01,364] {local_task_job.py:273} INFO - 0 downstream tasks scheduled from follow-on schedule check
