[2023-05-10 08:20:38,258] {taskinstance.py:1179} INFO - Dependencies all met for <TaskInstance: dst_report_dags.upload_to_bigquary scheduled__2023-05-09T00:00:00+00:00 [queued]>
[2023-05-10 08:20:38,271] {taskinstance.py:1179} INFO - Dependencies all met for <TaskInstance: dst_report_dags.upload_to_bigquary scheduled__2023-05-09T00:00:00+00:00 [queued]>
[2023-05-10 08:20:38,272] {taskinstance.py:1376} INFO - 
--------------------------------------------------------------------------------
[2023-05-10 08:20:38,274] {taskinstance.py:1377} INFO - Starting attempt 1 of 1
[2023-05-10 08:20:38,275] {taskinstance.py:1378} INFO - 
--------------------------------------------------------------------------------
[2023-05-10 08:20:38,292] {taskinstance.py:1397} INFO - Executing <Task(PythonOperator): upload_to_bigquary> on 2023-05-09 00:00:00+00:00
[2023-05-10 08:20:38,296] {standard_task_runner.py:52} INFO - Started process 22 to run task
[2023-05-10 08:20:38,301] {standard_task_runner.py:79} INFO - Running: ['airflow', 'tasks', 'run', 'dst_report_dags', 'upload_to_bigquary', 'scheduled__2023-05-09T00:00:00+00:00', '--job-id', '7', '--raw', '--subdir', 'DAGS_FOLDER/dst_report_dags.py', '--cfg-path', '/tmp/tmphuecl_7k', '--error-file', '/tmp/tmpn59t4uwt']
[2023-05-10 08:20:38,304] {standard_task_runner.py:80} INFO - Job 7: Subtask upload_to_bigquary
[2023-05-10 08:20:38,371] {task_command.py:371} INFO - Running <TaskInstance: dst_report_dags.upload_to_bigquary scheduled__2023-05-09T00:00:00+00:00 [running]> on host dstreportdagsuploadtobigquary-0ce44ccb05c44b76947972c40a53a331
[2023-05-10 08:20:39,263] {logging_mixin.py:115} WARNING - /home/airflow/.local/lib/python3.8/site-packages/airflow/models/renderedtifields.py:249 SAWarning: Coercing Subquery object into a select() for use in IN(); please pass a select() construct explicitly
[2023-05-10 08:20:39,274] {taskinstance.py:1589} INFO - Exporting the following env vars:
AIRFLOW_CTX_DAG_OWNER=airflow
AIRFLOW_CTX_DAG_ID=dst_report_dags
AIRFLOW_CTX_TASK_ID=upload_to_bigquary
AIRFLOW_CTX_EXECUTION_DATE=2023-05-09T00:00:00+00:00
AIRFLOW_CTX_TRY_NUMBER=1
AIRFLOW_CTX_DAG_RUN_ID=scheduled__2023-05-09T00:00:00+00:00
[2023-05-10 08:20:42,899] {logging_mixin.py:115} INFO - DONE
[2023-05-10 08:20:42,900] {logging_mixin.py:115} INFO - LoadJob<project=dstreportdata, location=asia-east1, id=aa6f944f-8b31-4da8-8229-61a5b1f5c169>
[2023-05-10 08:20:42,901] {python.py:173} INFO - Done. Returned value was: None
[2023-05-10 08:20:42,911] {taskinstance.py:1415} INFO - Marking task as SUCCESS. dag_id=dst_report_dags, task_id=upload_to_bigquary, execution_date=20230509T000000, start_date=20230510T082038, end_date=20230510T082042
[2023-05-10 08:20:42,966] {local_task_job.py:156} INFO - Task exited with return code 0
[2023-05-10 08:20:42,992] {local_task_job.py:273} INFO - 0 downstream tasks scheduled from follow-on schedule check
