[2023-05-10 08:35:45,604] {taskinstance.py:1179} INFO - Dependencies all met for <TaskInstance: dst_report_dags.upload_to_bigquary manual__2023-05-10T08:34:05.956181+00:00 [queued]>
[2023-05-10 08:35:45,612] {taskinstance.py:1179} INFO - Dependencies all met for <TaskInstance: dst_report_dags.upload_to_bigquary manual__2023-05-10T08:34:05.956181+00:00 [queued]>
[2023-05-10 08:35:45,613] {taskinstance.py:1376} INFO - 
--------------------------------------------------------------------------------
[2023-05-10 08:35:45,614] {taskinstance.py:1377} INFO - Starting attempt 1 of 1
[2023-05-10 08:35:45,615] {taskinstance.py:1378} INFO - 
--------------------------------------------------------------------------------
[2023-05-10 08:35:45,624] {taskinstance.py:1397} INFO - Executing <Task(PythonOperator): upload_to_bigquary> on 2023-05-10 08:34:05.956181+00:00
[2023-05-10 08:35:45,628] {standard_task_runner.py:52} INFO - Started process 22 to run task
[2023-05-10 08:35:45,631] {standard_task_runner.py:79} INFO - Running: ['airflow', 'tasks', 'run', 'dst_report_dags', 'upload_to_bigquary', 'manual__2023-05-10T08:34:05.956181+00:00', '--job-id', '17', '--raw', '--subdir', 'DAGS_FOLDER/dst_report_dags.py', '--cfg-path', '/tmp/tmp1h97e4il', '--error-file', '/tmp/tmp03g72ur5']
[2023-05-10 08:35:45,633] {standard_task_runner.py:80} INFO - Job 17: Subtask upload_to_bigquary
[2023-05-10 08:35:45,688] {task_command.py:371} INFO - Running <TaskInstance: dst_report_dags.upload_to_bigquary manual__2023-05-10T08:34:05.956181+00:00 [running]> on host dstreportdagsuploadtobigquary-26c5dd799d3a4ac5accb40581bd99a01
[2023-05-10 08:35:46,507] {logging_mixin.py:115} WARNING - /home/airflow/.local/lib/python3.8/site-packages/airflow/models/renderedtifields.py:249 SAWarning: Coercing Subquery object into a select() for use in IN(); please pass a select() construct explicitly
[2023-05-10 08:35:46,516] {taskinstance.py:1589} INFO - Exporting the following env vars:
AIRFLOW_CTX_DAG_OWNER=airflow
AIRFLOW_CTX_DAG_ID=dst_report_dags
AIRFLOW_CTX_TASK_ID=upload_to_bigquary
AIRFLOW_CTX_EXECUTION_DATE=2023-05-10T08:34:05.956181+00:00
AIRFLOW_CTX_TRY_NUMBER=1
AIRFLOW_CTX_DAG_RUN_ID=manual__2023-05-10T08:34:05.956181+00:00
[2023-05-10 08:35:51,085] {logging_mixin.py:115} INFO - DONE
[2023-05-10 08:35:51,086] {logging_mixin.py:115} INFO - LoadJob<project=dstreportdata, location=asia-east1, id=ad000138-ab3e-4cc3-a71b-0709748adf03>
[2023-05-10 08:35:51,087] {python.py:173} INFO - Done. Returned value was: None
[2023-05-10 08:35:51,097] {taskinstance.py:1415} INFO - Marking task as SUCCESS. dag_id=dst_report_dags, task_id=upload_to_bigquary, execution_date=20230510T083405, start_date=20230510T083545, end_date=20230510T083551
[2023-05-10 08:35:51,144] {local_task_job.py:156} INFO - Task exited with return code 0
[2023-05-10 08:35:51,159] {local_task_job.py:273} INFO - 0 downstream tasks scheduled from follow-on schedule check
