[2023-05-10 08:20:24,492] {taskinstance.py:1179} INFO - Dependencies all met for <TaskInstance: dst_report_dags.get_file_from_gcs manual__2023-05-10T08:20:18.977791+00:00 [queued]>
[2023-05-10 08:20:24,505] {taskinstance.py:1179} INFO - Dependencies all met for <TaskInstance: dst_report_dags.get_file_from_gcs manual__2023-05-10T08:20:18.977791+00:00 [queued]>
[2023-05-10 08:20:24,506] {taskinstance.py:1376} INFO - 
--------------------------------------------------------------------------------
[2023-05-10 08:20:24,507] {taskinstance.py:1377} INFO - Starting attempt 1 of 1
[2023-05-10 08:20:24,508] {taskinstance.py:1378} INFO - 
--------------------------------------------------------------------------------
[2023-05-10 08:20:24,521] {taskinstance.py:1397} INFO - Executing <Task(PythonOperator): get_file_from_gcs> on 2023-05-10 08:20:18.977791+00:00
[2023-05-10 08:20:24,526] {standard_task_runner.py:52} INFO - Started process 22 to run task
[2023-05-10 08:20:24,531] {standard_task_runner.py:79} INFO - Running: ['airflow', 'tasks', 'run', 'dst_report_dags', 'get_file_from_gcs', 'manual__2023-05-10T08:20:18.977791+00:00', '--job-id', '2', '--raw', '--subdir', 'DAGS_FOLDER/dst_report_dags.py', '--cfg-path', '/tmp/tmpxlhav_l_', '--error-file', '/tmp/tmpmgrv66h2']
[2023-05-10 08:20:24,533] {standard_task_runner.py:80} INFO - Job 2: Subtask get_file_from_gcs
[2023-05-10 08:20:24,615] {task_command.py:371} INFO - Running <TaskInstance: dst_report_dags.get_file_from_gcs manual__2023-05-10T08:20:18.977791+00:00 [running]> on host dstreportdagsgetfilefromgcs-c2744b9a80214dd48249e1437fa0744d
[2023-05-10 08:20:25,699] {logging_mixin.py:115} WARNING - /home/airflow/.local/lib/python3.8/site-packages/airflow/models/renderedtifields.py:249 SAWarning: Coercing Subquery object into a select() for use in IN(); please pass a select() construct explicitly
[2023-05-10 08:20:25,733] {taskinstance.py:1589} INFO - Exporting the following env vars:
AIRFLOW_CTX_DAG_OWNER=airflow
AIRFLOW_CTX_DAG_ID=dst_report_dags
AIRFLOW_CTX_TASK_ID=get_file_from_gcs
AIRFLOW_CTX_EXECUTION_DATE=2023-05-10T08:20:18.977791+00:00
AIRFLOW_CTX_TRY_NUMBER=1
AIRFLOW_CTX_DAG_RUN_ID=manual__2023-05-10T08:20:18.977791+00:00
[2023-05-10 08:20:27,378] {python.py:173} INFO - Done. Returned value was: None
[2023-05-10 08:20:27,386] {taskinstance.py:1415} INFO - Marking task as SUCCESS. dag_id=dst_report_dags, task_id=get_file_from_gcs, execution_date=20230510T082018, start_date=20230510T082024, end_date=20230510T082027
[2023-05-10 08:20:27,449] {local_task_job.py:156} INFO - Task exited with return code 0
[2023-05-10 08:20:27,488] {local_task_job.py:273} INFO - 0 downstream tasks scheduled from follow-on schedule check
