[2023-05-09 20:41:52,878] {taskinstance.py:1179} INFO - Dependencies all met for <TaskInstance: example_kubernetes_executor_config.non_root_task manual__2023-05-09T20:41:27.076470+00:00 [queued]>
[2023-05-09 20:41:52,892] {taskinstance.py:1179} INFO - Dependencies all met for <TaskInstance: example_kubernetes_executor_config.non_root_task manual__2023-05-09T20:41:27.076470+00:00 [queued]>
[2023-05-09 20:41:52,894] {taskinstance.py:1376} INFO - 
--------------------------------------------------------------------------------
[2023-05-09 20:41:52,895] {taskinstance.py:1377} INFO - Starting attempt 1 of 1
[2023-05-09 20:41:52,896] {taskinstance.py:1378} INFO - 
--------------------------------------------------------------------------------
[2023-05-09 20:41:52,912] {taskinstance.py:1397} INFO - Executing <Task(PythonOperator): non_root_task> on 2023-05-09 20:41:27.076470+00:00
[2023-05-09 20:41:52,916] {standard_task_runner.py:52} INFO - Started process 18 to run task
[2023-05-09 20:41:52,921] {standard_task_runner.py:79} INFO - Running: ['airflow', 'tasks', 'run', 'example_kubernetes_executor_config', 'non_root_task', 'manual__2023-05-09T20:41:27.076470+00:00', '--job-id', '6', '--raw', '--subdir', 'DAGS_FOLDER/test_dag.py', '--cfg-path', '/tmp/tmpp5rp7mqb', '--error-file', '/tmp/tmpfbnn3cz0']
[2023-05-09 20:41:52,923] {standard_task_runner.py:80} INFO - Job 6: Subtask non_root_task
[2023-05-09 20:41:53,003] {task_command.py:371} INFO - Running <TaskInstance: example_kubernetes_executor_config.non_root_task manual__2023-05-09T20:41:27.076470+00:00 [running]> on host examplekubernetesexecutorconfi-dafd3458f343430caf123ea3be15003f
[2023-05-09 20:41:53,160] {logging_mixin.py:115} WARNING - /home/airflow/.local/lib/python3.8/site-packages/airflow/models/renderedtifields.py:249 SAWarning: Coercing Subquery object into a select() for use in IN(); please pass a select() construct explicitly
[2023-05-09 20:41:53,173] {taskinstance.py:1589} INFO - Exporting the following env vars:
AIRFLOW_CTX_DAG_OWNER=airflow
AIRFLOW_CTX_DAG_ID=example_kubernetes_executor_config
AIRFLOW_CTX_TASK_ID=non_root_task
AIRFLOW_CTX_EXECUTION_DATE=2023-05-09T20:41:27.076470+00:00
AIRFLOW_CTX_TRY_NUMBER=1
AIRFLOW_CTX_DAG_RUN_ID=manual__2023-05-09T20:41:27.076470+00:00
[2023-05-09 20:41:53,175] {logging_mixin.py:115} INFO - annotated!
[2023-05-09 20:41:53,176] {python.py:173} INFO - Done. Returned value was: None
[2023-05-09 20:41:53,188] {taskinstance.py:1415} INFO - Marking task as SUCCESS. dag_id=example_kubernetes_executor_config, task_id=non_root_task, execution_date=20230509T204127, start_date=20230509T204152, end_date=20230509T204153
[2023-05-09 20:41:53,255] {local_task_job.py:156} INFO - Task exited with return code 0
[2023-05-09 20:41:53,283] {local_task_job.py:273} INFO - 0 downstream tasks scheduled from follow-on schedule check
