[2023-05-10 09:06:58,877] {taskinstance.py:1179} INFO - Dependencies all met for <TaskInstance: dst_report_dags.clear_temp_files manual__2023-05-10T09:06:33.705704+00:00 [queued]>
[2023-05-10 09:06:58,884] {taskinstance.py:1179} INFO - Dependencies all met for <TaskInstance: dst_report_dags.clear_temp_files manual__2023-05-10T09:06:33.705704+00:00 [queued]>
[2023-05-10 09:06:58,885] {taskinstance.py:1376} INFO - 
--------------------------------------------------------------------------------
[2023-05-10 09:06:58,886] {taskinstance.py:1377} INFO - Starting attempt 1 of 1
[2023-05-10 09:06:58,886] {taskinstance.py:1378} INFO - 
--------------------------------------------------------------------------------
[2023-05-10 09:06:58,896] {taskinstance.py:1397} INFO - Executing <Task(BashOperator): clear_temp_files> on 2023-05-10 09:06:33.705704+00:00
[2023-05-10 09:06:58,899] {standard_task_runner.py:52} INFO - Started process 21 to run task
[2023-05-10 09:06:58,902] {standard_task_runner.py:79} INFO - Running: ['airflow', 'tasks', 'run', 'dst_report_dags', 'clear_temp_files', 'manual__2023-05-10T09:06:33.705704+00:00', '--job-id', '34', '--raw', '--subdir', 'DAGS_FOLDER/dst_report_dags.py', '--cfg-path', '/tmp/tmpxq1lpahd', '--error-file', '/tmp/tmpjct58qcx']
[2023-05-10 09:06:58,904] {standard_task_runner.py:80} INFO - Job 34: Subtask clear_temp_files
[2023-05-10 09:06:58,959] {task_command.py:371} INFO - Running <TaskInstance: dst_report_dags.clear_temp_files manual__2023-05-10T09:06:33.705704+00:00 [running]> on host dstreportdagscleartempfiles-27946d91ce274fdcac2b6b2a22217bba
[2023-05-10 09:06:59,666] {logging_mixin.py:115} WARNING - /home/airflow/.local/lib/python3.8/site-packages/airflow/models/renderedtifields.py:249 SAWarning: Coercing Subquery object into a select() for use in IN(); please pass a select() construct explicitly
[2023-05-10 09:06:59,675] {taskinstance.py:1589} INFO - Exporting the following env vars:
AIRFLOW_CTX_DAG_OWNER=airflow
AIRFLOW_CTX_DAG_ID=dst_report_dags
AIRFLOW_CTX_TASK_ID=clear_temp_files
AIRFLOW_CTX_EXECUTION_DATE=2023-05-10T09:06:33.705704+00:00
AIRFLOW_CTX_TRY_NUMBER=1
AIRFLOW_CTX_DAG_RUN_ID=manual__2023-05-10T09:06:33.705704+00:00
[2023-05-10 09:06:59,676] {subprocess.py:62} INFO - Tmp dir root location: 
 /tmp
[2023-05-10 09:06:59,677] {subprocess.py:74} INFO - Running command: ['bash', '-c', 'rm -rf /foo/files/']
[2023-05-10 09:06:59,684] {subprocess.py:85} INFO - Output:
[2023-05-10 09:06:59,687] {subprocess.py:96} INFO - Command exited with return code 0
[2023-05-10 09:06:59,705] {taskinstance.py:1415} INFO - Marking task as SUCCESS. dag_id=dst_report_dags, task_id=clear_temp_files, execution_date=20230510T090633, start_date=20230510T090658, end_date=20230510T090659
[2023-05-10 09:06:59,766] {local_task_job.py:156} INFO - Task exited with return code 0
[2023-05-10 09:06:59,782] {local_task_job.py:273} INFO - 0 downstream tasks scheduled from follow-on schedule check
