[2023-05-09 16:33:55,285] {taskinstance.py:1179} INFO - Dependencies all met for <TaskInstance: dst_report_dags.get_file_from_gcs manual__2023-05-09T16:33:50.279707+00:00 [queued]>
[2023-05-09 16:33:55,293] {taskinstance.py:1179} INFO - Dependencies all met for <TaskInstance: dst_report_dags.get_file_from_gcs manual__2023-05-09T16:33:50.279707+00:00 [queued]>
[2023-05-09 16:33:55,294] {taskinstance.py:1376} INFO - 
--------------------------------------------------------------------------------
[2023-05-09 16:33:55,295] {taskinstance.py:1377} INFO - Starting attempt 1 of 1
[2023-05-09 16:33:55,296] {taskinstance.py:1378} INFO - 
--------------------------------------------------------------------------------
[2023-05-09 16:33:55,305] {taskinstance.py:1397} INFO - Executing <Task(PythonOperator): get_file_from_gcs> on 2023-05-09 16:33:50.279707+00:00
[2023-05-09 16:33:55,309] {standard_task_runner.py:52} INFO - Started process 22 to run task
[2023-05-09 16:33:55,313] {standard_task_runner.py:79} INFO - Running: ['airflow', 'tasks', 'run', 'dst_report_dags', 'get_file_from_gcs', 'manual__2023-05-09T16:33:50.279707+00:00', '--job-id', '5', '--raw', '--subdir', 'DAGS_FOLDER/dst_report_dags.py', '--cfg-path', '/tmp/tmpnexxpox6', '--error-file', '/tmp/tmpphf_xbmh']
[2023-05-09 16:33:55,314] {standard_task_runner.py:80} INFO - Job 5: Subtask get_file_from_gcs
[2023-05-09 16:33:55,388] {task_command.py:371} INFO - Running <TaskInstance: dst_report_dags.get_file_from_gcs manual__2023-05-09T16:33:50.279707+00:00 [running]> on host dstreportdagsgetfilefromgcs-604eb2c3595442c9893a4de36b72989a
[2023-05-09 16:33:56,245] {logging_mixin.py:115} WARNING - /home/airflow/.local/lib/python3.8/site-packages/airflow/models/renderedtifields.py:249 SAWarning: Coercing Subquery object into a select() for use in IN(); please pass a select() construct explicitly
[2023-05-09 16:33:56,257] {taskinstance.py:1589} INFO - Exporting the following env vars:
AIRFLOW_CTX_DAG_OWNER=airflow
AIRFLOW_CTX_DAG_ID=dst_report_dags
AIRFLOW_CTX_TASK_ID=get_file_from_gcs
AIRFLOW_CTX_EXECUTION_DATE=2023-05-09T16:33:50.279707+00:00
AIRFLOW_CTX_TRY_NUMBER=1
AIRFLOW_CTX_DAG_RUN_ID=manual__2023-05-09T16:33:50.279707+00:00
[2023-05-09 16:33:57,668] {python.py:173} INFO - Done. Returned value was: None
[2023-05-09 16:33:57,679] {taskinstance.py:1415} INFO - Marking task as SUCCESS. dag_id=dst_report_dags, task_id=get_file_from_gcs, execution_date=20230509T163350, start_date=20230509T163355, end_date=20230509T163357
[2023-05-09 16:33:57,725] {local_task_job.py:156} INFO - Task exited with return code 0
[2023-05-09 16:33:57,774] {local_task_job.py:273} INFO - 1 downstream tasks scheduled from follow-on schedule check
