[2023-05-10 09:06:49,827] {taskinstance.py:1179} INFO - Dependencies all met for <TaskInstance: dst_report_dags.upload_to_bigquary manual__2023-05-10T09:06:33.705704+00:00 [queued]>
[2023-05-10 09:06:49,835] {taskinstance.py:1179} INFO - Dependencies all met for <TaskInstance: dst_report_dags.upload_to_bigquary manual__2023-05-10T09:06:33.705704+00:00 [queued]>
[2023-05-10 09:06:49,836] {taskinstance.py:1376} INFO - 
--------------------------------------------------------------------------------
[2023-05-10 09:06:49,837] {taskinstance.py:1377} INFO - Starting attempt 1 of 1
[2023-05-10 09:06:49,838] {taskinstance.py:1378} INFO - 
--------------------------------------------------------------------------------
[2023-05-10 09:06:49,848] {taskinstance.py:1397} INFO - Executing <Task(PythonOperator): upload_to_bigquary> on 2023-05-10 09:06:33.705704+00:00
[2023-05-10 09:06:49,852] {standard_task_runner.py:52} INFO - Started process 22 to run task
[2023-05-10 09:06:49,855] {standard_task_runner.py:79} INFO - Running: ['airflow', 'tasks', 'run', 'dst_report_dags', 'upload_to_bigquary', 'manual__2023-05-10T09:06:33.705704+00:00', '--job-id', '33', '--raw', '--subdir', 'DAGS_FOLDER/dst_report_dags.py', '--cfg-path', '/tmp/tmpq37aqb2x', '--error-file', '/tmp/tmpubvfcn8z']
[2023-05-10 09:06:49,856] {standard_task_runner.py:80} INFO - Job 33: Subtask upload_to_bigquary
[2023-05-10 09:06:49,910] {task_command.py:371} INFO - Running <TaskInstance: dst_report_dags.upload_to_bigquary manual__2023-05-10T09:06:33.705704+00:00 [running]> on host dstreportdagsuploadtobigquary-bf95490dcbc543548ea68dcc7b545579
[2023-05-10 09:06:50,607] {logging_mixin.py:115} WARNING - /home/airflow/.local/lib/python3.8/site-packages/airflow/models/renderedtifields.py:249 SAWarning: Coercing Subquery object into a select() for use in IN(); please pass a select() construct explicitly
[2023-05-10 09:06:50,616] {taskinstance.py:1589} INFO - Exporting the following env vars:
AIRFLOW_CTX_DAG_OWNER=airflow
AIRFLOW_CTX_DAG_ID=dst_report_dags
AIRFLOW_CTX_TASK_ID=upload_to_bigquary
AIRFLOW_CTX_EXECUTION_DATE=2023-05-10T09:06:33.705704+00:00
AIRFLOW_CTX_TRY_NUMBER=1
AIRFLOW_CTX_DAG_RUN_ID=manual__2023-05-10T09:06:33.705704+00:00
[2023-05-10 09:06:54,324] {logging_mixin.py:115} INFO - DONE
[2023-05-10 09:06:54,325] {logging_mixin.py:115} INFO - LoadJob<project=dstreportdata, location=asia-east1, id=9f12c2f4-d475-4cfb-9e09-512fa8552b4f>
[2023-05-10 09:06:54,326] {python.py:173} INFO - Done. Returned value was: None
[2023-05-10 09:06:54,337] {taskinstance.py:1415} INFO - Marking task as SUCCESS. dag_id=dst_report_dags, task_id=upload_to_bigquary, execution_date=20230510T090633, start_date=20230510T090649, end_date=20230510T090654
[2023-05-10 09:06:54,373] {local_task_job.py:156} INFO - Task exited with return code 0
[2023-05-10 09:06:54,400] {local_task_job.py:273} INFO - 1 downstream tasks scheduled from follow-on schedule check
