[2023-05-08 06:50:09,201] {taskinstance.py:1179} INFO - Dependencies all met for <TaskInstance: dst_report_dags.get_file_from_gcs manual__2023-05-08T06:50:04.578395+00:00 [queued]>
[2023-05-08 06:50:09,211] {taskinstance.py:1179} INFO - Dependencies all met for <TaskInstance: dst_report_dags.get_file_from_gcs manual__2023-05-08T06:50:04.578395+00:00 [queued]>
[2023-05-08 06:50:09,212] {taskinstance.py:1376} INFO - 
--------------------------------------------------------------------------------
[2023-05-08 06:50:09,213] {taskinstance.py:1377} INFO - Starting attempt 1 of 1
[2023-05-08 06:50:09,214] {taskinstance.py:1378} INFO - 
--------------------------------------------------------------------------------
[2023-05-08 06:50:09,225] {taskinstance.py:1397} INFO - Executing <Task(PythonOperator): get_file_from_gcs> on 2023-05-08 06:50:04.578395+00:00
[2023-05-08 06:50:09,229] {standard_task_runner.py:52} INFO - Started process 22 to run task
[2023-05-08 06:50:09,232] {standard_task_runner.py:79} INFO - Running: ['airflow', 'tasks', 'run', 'dst_report_dags', 'get_file_from_gcs', 'manual__2023-05-08T06:50:04.578395+00:00', '--job-id', '26', '--raw', '--subdir', 'DAGS_FOLDER/dst_report_dags.py', '--cfg-path', '/tmp/tmpkq2w1436', '--error-file', '/tmp/tmp_qin8lgt']
[2023-05-08 06:50:09,236] {standard_task_runner.py:80} INFO - Job 26: Subtask get_file_from_gcs
[2023-05-08 06:50:09,297] {task_command.py:371} INFO - Running <TaskInstance: dst_report_dags.get_file_from_gcs manual__2023-05-08T06:50:04.578395+00:00 [running]> on host dstreportdagsgetfilefromgcs-e3f8b60a57f14c90a1f361469e660d47
[2023-05-08 06:50:10,011] {logging_mixin.py:115} WARNING - /home/airflow/.local/lib/python3.8/site-packages/airflow/models/renderedtifields.py:249 SAWarning: Coercing Subquery object into a select() for use in IN(); please pass a select() construct explicitly
[2023-05-08 06:50:10,020] {taskinstance.py:1589} INFO - Exporting the following env vars:
AIRFLOW_CTX_DAG_OWNER=airflow
AIRFLOW_CTX_DAG_ID=dst_report_dags
AIRFLOW_CTX_TASK_ID=get_file_from_gcs
AIRFLOW_CTX_EXECUTION_DATE=2023-05-08T06:50:04.578395+00:00
AIRFLOW_CTX_TRY_NUMBER=1
AIRFLOW_CTX_DAG_RUN_ID=manual__2023-05-08T06:50:04.578395+00:00
[2023-05-08 06:50:11,261] {python.py:173} INFO - Done. Returned value was: None
[2023-05-08 06:50:11,276] {taskinstance.py:1415} INFO - Marking task as SUCCESS. dag_id=dst_report_dags, task_id=get_file_from_gcs, execution_date=20230508T065004, start_date=20230508T065009, end_date=20230508T065011
[2023-05-08 06:50:11,353] {local_task_job.py:156} INFO - Task exited with return code 0
[2023-05-08 06:50:11,374] {local_task_job.py:273} INFO - 0 downstream tasks scheduled from follow-on schedule check
