[2023-05-10 16:18:09,463] {taskinstance.py:1179} INFO - Dependencies all met for <TaskInstance: create_quaterly_team_report.clear_temp_files scheduled__2023-01-01T01:00:00+00:00 [queued]>
[2023-05-10 16:18:09,472] {taskinstance.py:1179} INFO - Dependencies all met for <TaskInstance: create_quaterly_team_report.clear_temp_files scheduled__2023-01-01T01:00:00+00:00 [queued]>
[2023-05-10 16:18:09,473] {taskinstance.py:1376} INFO - 
--------------------------------------------------------------------------------
[2023-05-10 16:18:09,474] {taskinstance.py:1377} INFO - Starting attempt 1 of 1
[2023-05-10 16:18:09,474] {taskinstance.py:1378} INFO - 
--------------------------------------------------------------------------------
[2023-05-10 16:18:09,484] {taskinstance.py:1397} INFO - Executing <Task(BashOperator): clear_temp_files> on 2023-01-01 01:00:00+00:00
[2023-05-10 16:18:09,488] {standard_task_runner.py:52} INFO - Started process 22 to run task
[2023-05-10 16:18:09,491] {standard_task_runner.py:79} INFO - Running: ['airflow', 'tasks', 'run', 'create_quaterly_team_report', 'clear_temp_files', 'scheduled__2023-01-01T01:00:00+00:00', '--job-id', '58', '--raw', '--subdir', 'DAGS_FOLDER/create_quaterly_team_report.py', '--cfg-path', '/tmp/tmpngglb8kh', '--error-file', '/tmp/tmpbe8ysv6u']
[2023-05-10 16:18:09,492] {standard_task_runner.py:80} INFO - Job 58: Subtask clear_temp_files
[2023-05-10 16:18:09,546] {task_command.py:371} INFO - Running <TaskInstance: create_quaterly_team_report.clear_temp_files scheduled__2023-01-01T01:00:00+00:00 [running]> on host createquaterlyteamreportcleart-0fd6fcb8e1434c56b9e43b1ea7ac06ad
[2023-05-10 16:18:10,290] {logging_mixin.py:115} WARNING - /home/airflow/.local/lib/python3.8/site-packages/airflow/models/renderedtifields.py:249 SAWarning: Coercing Subquery object into a select() for use in IN(); please pass a select() construct explicitly
[2023-05-10 16:18:10,300] {taskinstance.py:1589} INFO - Exporting the following env vars:
AIRFLOW_CTX_DAG_OWNER=airflow
AIRFLOW_CTX_DAG_ID=create_quaterly_team_report
AIRFLOW_CTX_TASK_ID=clear_temp_files
AIRFLOW_CTX_EXECUTION_DATE=2023-01-01T01:00:00+00:00
AIRFLOW_CTX_TRY_NUMBER=1
AIRFLOW_CTX_DAG_RUN_ID=scheduled__2023-01-01T01:00:00+00:00
[2023-05-10 16:18:10,301] {subprocess.py:62} INFO - Tmp dir root location: 
 /tmp
[2023-05-10 16:18:10,302] {subprocess.py:74} INFO - Running command: ['bash', '-c', 'rm -rf /foo/files/']
[2023-05-10 16:18:10,310] {subprocess.py:85} INFO - Output:
[2023-05-10 16:18:10,315] {subprocess.py:96} INFO - Command exited with return code 0
[2023-05-10 16:18:10,333] {taskinstance.py:1415} INFO - Marking task as SUCCESS. dag_id=create_quaterly_team_report, task_id=clear_temp_files, execution_date=20230101T010000, start_date=20230510T161809, end_date=20230510T161810
[2023-05-10 16:18:10,390] {local_task_job.py:156} INFO - Task exited with return code 0
[2023-05-10 16:18:10,408] {local_task_job.py:273} INFO - 0 downstream tasks scheduled from follow-on schedule check
