[2023-05-05 17:17:50,947] {processor.py:153} INFO - Started process (PID=39) to work on /opt/airflow/dags/helloWorld.py
[2023-05-05 17:17:50,950] {processor.py:641} INFO - Processing file /opt/airflow/dags/helloWorld.py for tasks to queue
[2023-05-05 17:17:50,952] {logging_mixin.py:115} INFO - [2023-05-05 17:17:50,952] {dagbag.py:508} INFO - Filling up the DagBag from /opt/airflow/dags/helloWorld.py
[2023-05-05 17:17:50,972] {processor.py:651} INFO - DAG(s) dict_keys(['hello_world']) retrieved from /opt/airflow/dags/helloWorld.py
[2023-05-05 17:17:51,061] {logging_mixin.py:115} INFO - [2023-05-05 17:17:51,061] {manager.py:508} INFO - Created Permission View: can read on DAG:hello_world
[2023-05-05 17:17:51,082] {logging_mixin.py:115} INFO - [2023-05-05 17:17:51,082] {manager.py:508} INFO - Created Permission View: can edit on DAG:hello_world
[2023-05-05 17:17:51,102] {logging_mixin.py:115} INFO - [2023-05-05 17:17:51,102] {manager.py:508} INFO - Created Permission View: can delete on DAG:hello_world
[2023-05-05 17:17:51,103] {logging_mixin.py:115} INFO - [2023-05-05 17:17:51,103] {dag.py:2420} INFO - Sync 1 DAGs
[2023-05-05 17:17:51,109] {logging_mixin.py:115} INFO - [2023-05-05 17:17:51,109] {dag.py:2439} INFO - Creating ORM DAG for hello_world
[2023-05-05 17:17:51,130] {logging_mixin.py:115} INFO - [2023-05-05 17:17:51,130] {dag.py:2968} INFO - Setting next_dagrun for hello_world to 2023-05-04T12:00:00+00:00, run_after=2023-05-05T12:00:00+00:00
[2023-05-05 17:17:51,145] {processor.py:161} INFO - Processing /opt/airflow/dags/helloWorld.py took 0.203 seconds
[2023-05-05 17:18:21,240] {processor.py:153} INFO - Started process (PID=53) to work on /opt/airflow/dags/helloWorld.py
[2023-05-05 17:18:21,242] {processor.py:641} INFO - Processing file /opt/airflow/dags/helloWorld.py for tasks to queue
[2023-05-05 17:18:21,243] {logging_mixin.py:115} INFO - [2023-05-05 17:18:21,243] {dagbag.py:508} INFO - Filling up the DagBag from /opt/airflow/dags/helloWorld.py
[2023-05-05 17:18:21,251] {processor.py:651} INFO - DAG(s) dict_keys(['hello_world']) retrieved from /opt/airflow/dags/helloWorld.py
[2023-05-05 17:18:21,277] {logging_mixin.py:115} INFO - [2023-05-05 17:18:21,277] {dag.py:2420} INFO - Sync 1 DAGs
[2023-05-05 17:18:21,296] {logging_mixin.py:115} INFO - [2023-05-05 17:18:21,296] {dag.py:2968} INFO - Setting next_dagrun for hello_world to 2023-05-04T12:00:00+00:00, run_after=2023-05-05T12:00:00+00:00
[2023-05-05 17:18:21,309] {processor.py:161} INFO - Processing /opt/airflow/dags/helloWorld.py took 0.071 seconds
[2023-05-05 17:18:51,414] {processor.py:153} INFO - Started process (PID=67) to work on /opt/airflow/dags/helloWorld.py
[2023-05-05 17:18:51,415] {processor.py:641} INFO - Processing file /opt/airflow/dags/helloWorld.py for tasks to queue
[2023-05-05 17:18:51,416] {logging_mixin.py:115} INFO - [2023-05-05 17:18:51,416] {dagbag.py:508} INFO - Filling up the DagBag from /opt/airflow/dags/helloWorld.py
[2023-05-05 17:18:51,426] {processor.py:651} INFO - DAG(s) dict_keys(['hello_world']) retrieved from /opt/airflow/dags/helloWorld.py
[2023-05-05 17:18:51,456] {logging_mixin.py:115} INFO - [2023-05-05 17:18:51,456] {dag.py:2420} INFO - Sync 1 DAGs
[2023-05-05 17:18:51,477] {logging_mixin.py:115} INFO - [2023-05-05 17:18:51,477] {dag.py:2968} INFO - Setting next_dagrun for hello_world to 2023-05-04T12:00:00+00:00, run_after=2023-05-05T12:00:00+00:00
[2023-05-05 17:18:51,494] {processor.py:161} INFO - Processing /opt/airflow/dags/helloWorld.py took 0.084 seconds
[2023-05-05 17:19:21,609] {processor.py:153} INFO - Started process (PID=81) to work on /opt/airflow/dags/helloWorld.py
[2023-05-05 17:19:21,611] {processor.py:641} INFO - Processing file /opt/airflow/dags/helloWorld.py for tasks to queue
[2023-05-05 17:19:21,612] {logging_mixin.py:115} INFO - [2023-05-05 17:19:21,612] {dagbag.py:508} INFO - Filling up the DagBag from /opt/airflow/dags/helloWorld.py
[2023-05-05 17:19:21,623] {processor.py:651} INFO - DAG(s) dict_keys(['hello_world']) retrieved from /opt/airflow/dags/helloWorld.py
[2023-05-05 17:19:21,655] {logging_mixin.py:115} INFO - [2023-05-05 17:19:21,655] {dag.py:2420} INFO - Sync 1 DAGs
[2023-05-05 17:19:21,674] {logging_mixin.py:115} INFO - [2023-05-05 17:19:21,674] {dag.py:2968} INFO - Setting next_dagrun for hello_world to 2023-05-04T12:00:00+00:00, run_after=2023-05-05T12:00:00+00:00
[2023-05-05 17:19:21,687] {processor.py:161} INFO - Processing /opt/airflow/dags/helloWorld.py took 0.081 seconds
[2023-05-05 17:19:51,842] {processor.py:153} INFO - Started process (PID=95) to work on /opt/airflow/dags/helloWorld.py
[2023-05-05 17:19:51,843] {processor.py:641} INFO - Processing file /opt/airflow/dags/helloWorld.py for tasks to queue
[2023-05-05 17:19:51,844] {logging_mixin.py:115} INFO - [2023-05-05 17:19:51,844] {dagbag.py:508} INFO - Filling up the DagBag from /opt/airflow/dags/helloWorld.py
[2023-05-05 17:19:51,853] {processor.py:651} INFO - DAG(s) dict_keys(['hello_world']) retrieved from /opt/airflow/dags/helloWorld.py
[2023-05-05 17:19:51,879] {logging_mixin.py:115} INFO - [2023-05-05 17:19:51,879] {dag.py:2420} INFO - Sync 1 DAGs
[2023-05-05 17:19:51,897] {logging_mixin.py:115} INFO - [2023-05-05 17:19:51,897] {dag.py:2968} INFO - Setting next_dagrun for hello_world to 2023-05-04T12:00:00+00:00, run_after=2023-05-05T12:00:00+00:00
[2023-05-05 17:19:51,909] {processor.py:161} INFO - Processing /opt/airflow/dags/helloWorld.py took 0.072 seconds
[2023-05-05 17:20:22,022] {processor.py:153} INFO - Started process (PID=109) to work on /opt/airflow/dags/helloWorld.py
[2023-05-05 17:20:22,023] {processor.py:641} INFO - Processing file /opt/airflow/dags/helloWorld.py for tasks to queue
[2023-05-05 17:20:22,024] {logging_mixin.py:115} INFO - [2023-05-05 17:20:22,024] {dagbag.py:508} INFO - Filling up the DagBag from /opt/airflow/dags/helloWorld.py
[2023-05-05 17:20:22,032] {processor.py:651} INFO - DAG(s) dict_keys(['hello_world']) retrieved from /opt/airflow/dags/helloWorld.py
[2023-05-05 17:20:22,057] {logging_mixin.py:115} INFO - [2023-05-05 17:20:22,057] {dag.py:2420} INFO - Sync 1 DAGs
[2023-05-05 17:20:22,074] {logging_mixin.py:115} INFO - [2023-05-05 17:20:22,074] {dag.py:2968} INFO - Setting next_dagrun for hello_world to 2023-05-04T12:00:00+00:00, run_after=2023-05-05T12:00:00+00:00
[2023-05-05 17:20:22,085] {processor.py:161} INFO - Processing /opt/airflow/dags/helloWorld.py took 0.067 seconds
[2023-05-05 17:20:52,189] {processor.py:153} INFO - Started process (PID=123) to work on /opt/airflow/dags/helloWorld.py
[2023-05-05 17:20:52,193] {processor.py:641} INFO - Processing file /opt/airflow/dags/helloWorld.py for tasks to queue
[2023-05-05 17:20:52,195] {logging_mixin.py:115} INFO - [2023-05-05 17:20:52,195] {dagbag.py:508} INFO - Filling up the DagBag from /opt/airflow/dags/helloWorld.py
[2023-05-05 17:20:52,207] {processor.py:651} INFO - DAG(s) dict_keys(['hello_world']) retrieved from /opt/airflow/dags/helloWorld.py
[2023-05-05 17:20:52,233] {logging_mixin.py:115} INFO - [2023-05-05 17:20:52,233] {dag.py:2420} INFO - Sync 1 DAGs
[2023-05-05 17:20:52,252] {logging_mixin.py:115} INFO - [2023-05-05 17:20:52,252] {dag.py:2968} INFO - Setting next_dagrun for hello_world to 2023-05-04T12:00:00+00:00, run_after=2023-05-05T12:00:00+00:00
[2023-05-05 17:20:52,264] {processor.py:161} INFO - Processing /opt/airflow/dags/helloWorld.py took 0.079 seconds
[2023-05-05 17:21:22,357] {processor.py:153} INFO - Started process (PID=137) to work on /opt/airflow/dags/helloWorld.py
[2023-05-05 17:21:22,359] {processor.py:641} INFO - Processing file /opt/airflow/dags/helloWorld.py for tasks to queue
[2023-05-05 17:21:22,360] {logging_mixin.py:115} INFO - [2023-05-05 17:21:22,360] {dagbag.py:508} INFO - Filling up the DagBag from /opt/airflow/dags/helloWorld.py
[2023-05-05 17:21:22,369] {processor.py:651} INFO - DAG(s) dict_keys(['hello_world']) retrieved from /opt/airflow/dags/helloWorld.py
[2023-05-05 17:21:22,394] {logging_mixin.py:115} INFO - [2023-05-05 17:21:22,394] {dag.py:2420} INFO - Sync 1 DAGs
[2023-05-05 17:21:22,411] {logging_mixin.py:115} INFO - [2023-05-05 17:21:22,411] {dag.py:2968} INFO - Setting next_dagrun for hello_world to 2023-05-04T12:00:00+00:00, run_after=2023-05-05T12:00:00+00:00
[2023-05-05 17:21:22,424] {processor.py:161} INFO - Processing /opt/airflow/dags/helloWorld.py took 0.071 seconds
[2023-05-05 17:21:52,517] {processor.py:153} INFO - Started process (PID=151) to work on /opt/airflow/dags/helloWorld.py
[2023-05-05 17:21:52,520] {processor.py:641} INFO - Processing file /opt/airflow/dags/helloWorld.py for tasks to queue
[2023-05-05 17:21:52,538] {logging_mixin.py:115} INFO - [2023-05-05 17:21:52,538] {dagbag.py:508} INFO - Filling up the DagBag from /opt/airflow/dags/helloWorld.py
[2023-05-05 17:21:52,562] {processor.py:651} INFO - DAG(s) dict_keys(['hello_world']) retrieved from /opt/airflow/dags/helloWorld.py
[2023-05-05 17:21:52,587] {logging_mixin.py:115} INFO - [2023-05-05 17:21:52,587] {dag.py:2420} INFO - Sync 1 DAGs
[2023-05-05 17:21:52,605] {logging_mixin.py:115} INFO - [2023-05-05 17:21:52,605] {dag.py:2968} INFO - Setting next_dagrun for hello_world to 2023-05-04T12:00:00+00:00, run_after=2023-05-05T12:00:00+00:00
[2023-05-05 17:21:52,616] {processor.py:161} INFO - Processing /opt/airflow/dags/helloWorld.py took 0.101 seconds
[2023-05-05 17:22:22,727] {processor.py:153} INFO - Started process (PID=165) to work on /opt/airflow/dags/helloWorld.py
[2023-05-05 17:22:22,728] {processor.py:641} INFO - Processing file /opt/airflow/dags/helloWorld.py for tasks to queue
[2023-05-05 17:22:22,729] {logging_mixin.py:115} INFO - [2023-05-05 17:22:22,729] {dagbag.py:508} INFO - Filling up the DagBag from /opt/airflow/dags/helloWorld.py
[2023-05-05 17:22:22,737] {processor.py:651} INFO - DAG(s) dict_keys(['hello_world']) retrieved from /opt/airflow/dags/helloWorld.py
[2023-05-05 17:22:22,762] {logging_mixin.py:115} INFO - [2023-05-05 17:22:22,762] {dag.py:2420} INFO - Sync 1 DAGs
[2023-05-05 17:22:22,779] {logging_mixin.py:115} INFO - [2023-05-05 17:22:22,778] {dag.py:2968} INFO - Setting next_dagrun for hello_world to 2023-05-04T12:00:00+00:00, run_after=2023-05-05T12:00:00+00:00
[2023-05-05 17:22:22,790] {processor.py:161} INFO - Processing /opt/airflow/dags/helloWorld.py took 0.067 seconds
[2023-05-05 17:22:52,940] {processor.py:153} INFO - Started process (PID=179) to work on /opt/airflow/dags/helloWorld.py
[2023-05-05 17:22:52,942] {processor.py:641} INFO - Processing file /opt/airflow/dags/helloWorld.py for tasks to queue
[2023-05-05 17:22:52,943] {logging_mixin.py:115} INFO - [2023-05-05 17:22:52,943] {dagbag.py:508} INFO - Filling up the DagBag from /opt/airflow/dags/helloWorld.py
[2023-05-05 17:22:52,951] {processor.py:651} INFO - DAG(s) dict_keys(['hello_world']) retrieved from /opt/airflow/dags/helloWorld.py
[2023-05-05 17:22:52,980] {logging_mixin.py:115} INFO - [2023-05-05 17:22:52,980] {dag.py:2420} INFO - Sync 1 DAGs
[2023-05-05 17:22:52,995] {logging_mixin.py:115} INFO - [2023-05-05 17:22:52,995] {dag.py:2968} INFO - Setting next_dagrun for hello_world to 2023-05-04T12:00:00+00:00, run_after=2023-05-05T12:00:00+00:00
[2023-05-05 17:22:53,008] {processor.py:161} INFO - Processing /opt/airflow/dags/helloWorld.py took 0.072 seconds
[2023-05-05 17:23:23,126] {processor.py:153} INFO - Started process (PID=193) to work on /opt/airflow/dags/helloWorld.py
[2023-05-05 17:23:23,127] {processor.py:641} INFO - Processing file /opt/airflow/dags/helloWorld.py for tasks to queue
[2023-05-05 17:23:23,129] {logging_mixin.py:115} INFO - [2023-05-05 17:23:23,129] {dagbag.py:508} INFO - Filling up the DagBag from /opt/airflow/dags/helloWorld.py
[2023-05-05 17:23:23,139] {processor.py:651} INFO - DAG(s) dict_keys(['hello_world']) retrieved from /opt/airflow/dags/helloWorld.py
[2023-05-05 17:23:23,168] {logging_mixin.py:115} INFO - [2023-05-05 17:23:23,168] {dag.py:2420} INFO - Sync 1 DAGs
[2023-05-05 17:23:23,183] {logging_mixin.py:115} INFO - [2023-05-05 17:23:23,183] {dag.py:2968} INFO - Setting next_dagrun for hello_world to 2023-05-04T12:00:00+00:00, run_after=2023-05-05T12:00:00+00:00
[2023-05-05 17:23:23,194] {processor.py:161} INFO - Processing /opt/airflow/dags/helloWorld.py took 0.072 seconds
[2023-05-05 17:23:53,299] {processor.py:153} INFO - Started process (PID=207) to work on /opt/airflow/dags/helloWorld.py
[2023-05-05 17:23:53,303] {processor.py:641} INFO - Processing file /opt/airflow/dags/helloWorld.py for tasks to queue
[2023-05-05 17:23:53,304] {logging_mixin.py:115} INFO - [2023-05-05 17:23:53,304] {dagbag.py:508} INFO - Filling up the DagBag from /opt/airflow/dags/helloWorld.py
[2023-05-05 17:23:53,312] {processor.py:651} INFO - DAG(s) dict_keys(['hello_world']) retrieved from /opt/airflow/dags/helloWorld.py
[2023-05-05 17:23:53,339] {logging_mixin.py:115} INFO - [2023-05-05 17:23:53,339] {dag.py:2420} INFO - Sync 1 DAGs
[2023-05-05 17:23:53,354] {logging_mixin.py:115} INFO - [2023-05-05 17:23:53,354] {dag.py:2968} INFO - Setting next_dagrun for hello_world to 2023-05-04T12:00:00+00:00, run_after=2023-05-05T12:00:00+00:00
[2023-05-05 17:23:53,367] {processor.py:161} INFO - Processing /opt/airflow/dags/helloWorld.py took 0.071 seconds
[2023-05-05 17:24:23,455] {processor.py:153} INFO - Started process (PID=221) to work on /opt/airflow/dags/helloWorld.py
[2023-05-05 17:24:23,456] {processor.py:641} INFO - Processing file /opt/airflow/dags/helloWorld.py for tasks to queue
[2023-05-05 17:24:23,458] {logging_mixin.py:115} INFO - [2023-05-05 17:24:23,458] {dagbag.py:508} INFO - Filling up the DagBag from /opt/airflow/dags/helloWorld.py
[2023-05-05 17:24:23,467] {processor.py:651} INFO - DAG(s) dict_keys(['hello_world']) retrieved from /opt/airflow/dags/helloWorld.py
[2023-05-05 17:24:23,498] {logging_mixin.py:115} INFO - [2023-05-05 17:24:23,498] {dag.py:2420} INFO - Sync 1 DAGs
[2023-05-05 17:24:23,514] {logging_mixin.py:115} INFO - [2023-05-05 17:24:23,514] {dag.py:2968} INFO - Setting next_dagrun for hello_world to 2023-05-04T12:00:00+00:00, run_after=2023-05-05T12:00:00+00:00
[2023-05-05 17:24:23,526] {processor.py:161} INFO - Processing /opt/airflow/dags/helloWorld.py took 0.075 seconds
[2023-05-05 17:24:53,644] {processor.py:153} INFO - Started process (PID=235) to work on /opt/airflow/dags/helloWorld.py
[2023-05-05 17:24:53,646] {processor.py:641} INFO - Processing file /opt/airflow/dags/helloWorld.py for tasks to queue
[2023-05-05 17:24:53,647] {logging_mixin.py:115} INFO - [2023-05-05 17:24:53,647] {dagbag.py:508} INFO - Filling up the DagBag from /opt/airflow/dags/helloWorld.py
[2023-05-05 17:24:53,654] {processor.py:651} INFO - DAG(s) dict_keys(['hello_world']) retrieved from /opt/airflow/dags/helloWorld.py
[2023-05-05 17:24:53,683] {logging_mixin.py:115} INFO - [2023-05-05 17:24:53,683] {dag.py:2420} INFO - Sync 1 DAGs
[2023-05-05 17:24:53,698] {logging_mixin.py:115} INFO - [2023-05-05 17:24:53,698] {dag.py:2968} INFO - Setting next_dagrun for hello_world to 2023-05-04T12:00:00+00:00, run_after=2023-05-05T12:00:00+00:00
[2023-05-05 17:24:53,711] {processor.py:161} INFO - Processing /opt/airflow/dags/helloWorld.py took 0.069 seconds
[2023-05-05 17:25:23,856] {processor.py:153} INFO - Started process (PID=249) to work on /opt/airflow/dags/helloWorld.py
[2023-05-05 17:25:23,859] {processor.py:641} INFO - Processing file /opt/airflow/dags/helloWorld.py for tasks to queue
[2023-05-05 17:25:23,861] {logging_mixin.py:115} INFO - [2023-05-05 17:25:23,861] {dagbag.py:508} INFO - Filling up the DagBag from /opt/airflow/dags/helloWorld.py
[2023-05-05 17:25:23,869] {processor.py:651} INFO - DAG(s) dict_keys(['hello_world']) retrieved from /opt/airflow/dags/helloWorld.py
[2023-05-05 17:25:23,899] {logging_mixin.py:115} INFO - [2023-05-05 17:25:23,899] {dag.py:2420} INFO - Sync 1 DAGs
[2023-05-05 17:25:23,916] {logging_mixin.py:115} INFO - [2023-05-05 17:25:23,916] {dag.py:2968} INFO - Setting next_dagrun for hello_world to 2023-05-04T12:00:00+00:00, run_after=2023-05-05T12:00:00+00:00
[2023-05-05 17:25:23,930] {processor.py:161} INFO - Processing /opt/airflow/dags/helloWorld.py took 0.077 seconds
[2023-05-05 17:25:54,043] {processor.py:153} INFO - Started process (PID=263) to work on /opt/airflow/dags/helloWorld.py
[2023-05-05 17:25:54,045] {processor.py:641} INFO - Processing file /opt/airflow/dags/helloWorld.py for tasks to queue
[2023-05-05 17:25:54,048] {logging_mixin.py:115} INFO - [2023-05-05 17:25:54,048] {dagbag.py:508} INFO - Filling up the DagBag from /opt/airflow/dags/helloWorld.py
[2023-05-05 17:25:54,058] {processor.py:651} INFO - DAG(s) dict_keys(['hello_world']) retrieved from /opt/airflow/dags/helloWorld.py
[2023-05-05 17:25:54,092] {logging_mixin.py:115} INFO - [2023-05-05 17:25:54,092] {dag.py:2420} INFO - Sync 1 DAGs
[2023-05-05 17:25:54,113] {logging_mixin.py:115} INFO - [2023-05-05 17:25:54,113] {dag.py:2968} INFO - Setting next_dagrun for hello_world to 2023-05-04T12:00:00+00:00, run_after=2023-05-05T12:00:00+00:00
[2023-05-05 17:25:54,126] {processor.py:161} INFO - Processing /opt/airflow/dags/helloWorld.py took 0.087 seconds
[2023-05-05 17:26:24,230] {processor.py:153} INFO - Started process (PID=277) to work on /opt/airflow/dags/helloWorld.py
[2023-05-05 17:26:24,231] {processor.py:641} INFO - Processing file /opt/airflow/dags/helloWorld.py for tasks to queue
[2023-05-05 17:26:24,232] {logging_mixin.py:115} INFO - [2023-05-05 17:26:24,232] {dagbag.py:508} INFO - Filling up the DagBag from /opt/airflow/dags/helloWorld.py
[2023-05-05 17:26:24,239] {processor.py:651} INFO - DAG(s) dict_keys(['hello_world']) retrieved from /opt/airflow/dags/helloWorld.py
[2023-05-05 17:26:24,268] {logging_mixin.py:115} INFO - [2023-05-05 17:26:24,268] {dag.py:2420} INFO - Sync 1 DAGs
[2023-05-05 17:26:24,283] {logging_mixin.py:115} INFO - [2023-05-05 17:26:24,282] {dag.py:2968} INFO - Setting next_dagrun for hello_world to 2023-05-04T12:00:00+00:00, run_after=2023-05-05T12:00:00+00:00
[2023-05-05 17:26:24,296] {processor.py:161} INFO - Processing /opt/airflow/dags/helloWorld.py took 0.069 seconds
[2023-05-05 17:26:54,400] {processor.py:153} INFO - Started process (PID=291) to work on /opt/airflow/dags/helloWorld.py
[2023-05-05 17:26:54,402] {processor.py:641} INFO - Processing file /opt/airflow/dags/helloWorld.py for tasks to queue
[2023-05-05 17:26:54,403] {logging_mixin.py:115} INFO - [2023-05-05 17:26:54,403] {dagbag.py:508} INFO - Filling up the DagBag from /opt/airflow/dags/helloWorld.py
[2023-05-05 17:26:54,411] {processor.py:651} INFO - DAG(s) dict_keys(['hello_world']) retrieved from /opt/airflow/dags/helloWorld.py
[2023-05-05 17:26:54,439] {logging_mixin.py:115} INFO - [2023-05-05 17:26:54,439] {dag.py:2420} INFO - Sync 1 DAGs
[2023-05-05 17:26:54,453] {logging_mixin.py:115} INFO - [2023-05-05 17:26:54,453] {dag.py:2968} INFO - Setting next_dagrun for hello_world to 2023-05-04T12:00:00+00:00, run_after=2023-05-05T12:00:00+00:00
[2023-05-05 17:26:54,465] {processor.py:161} INFO - Processing /opt/airflow/dags/helloWorld.py took 0.068 seconds
[2023-05-05 17:27:24,570] {processor.py:153} INFO - Started process (PID=305) to work on /opt/airflow/dags/helloWorld.py
[2023-05-05 17:27:24,571] {processor.py:641} INFO - Processing file /opt/airflow/dags/helloWorld.py for tasks to queue
[2023-05-05 17:27:24,573] {logging_mixin.py:115} INFO - [2023-05-05 17:27:24,572] {dagbag.py:508} INFO - Filling up the DagBag from /opt/airflow/dags/helloWorld.py
[2023-05-05 17:27:24,581] {processor.py:651} INFO - DAG(s) dict_keys(['hello_world']) retrieved from /opt/airflow/dags/helloWorld.py
[2023-05-05 17:27:24,610] {logging_mixin.py:115} INFO - [2023-05-05 17:27:24,610] {dag.py:2420} INFO - Sync 1 DAGs
[2023-05-05 17:27:24,625] {logging_mixin.py:115} INFO - [2023-05-05 17:27:24,625] {dag.py:2968} INFO - Setting next_dagrun for hello_world to 2023-05-04T12:00:00+00:00, run_after=2023-05-05T12:00:00+00:00
[2023-05-05 17:27:24,638] {processor.py:161} INFO - Processing /opt/airflow/dags/helloWorld.py took 0.071 seconds
[2023-05-05 17:27:54,776] {processor.py:153} INFO - Started process (PID=319) to work on /opt/airflow/dags/helloWorld.py
[2023-05-05 17:27:54,777] {processor.py:641} INFO - Processing file /opt/airflow/dags/helloWorld.py for tasks to queue
[2023-05-05 17:27:54,778] {logging_mixin.py:115} INFO - [2023-05-05 17:27:54,778] {dagbag.py:508} INFO - Filling up the DagBag from /opt/airflow/dags/helloWorld.py
[2023-05-05 17:27:54,788] {processor.py:651} INFO - DAG(s) dict_keys(['hello_world']) retrieved from /opt/airflow/dags/helloWorld.py
[2023-05-05 17:27:54,819] {logging_mixin.py:115} INFO - [2023-05-05 17:27:54,819] {dag.py:2420} INFO - Sync 1 DAGs
[2023-05-05 17:27:54,835] {logging_mixin.py:115} INFO - [2023-05-05 17:27:54,835] {dag.py:2968} INFO - Setting next_dagrun for hello_world to 2023-05-04T12:00:00+00:00, run_after=2023-05-05T12:00:00+00:00
[2023-05-05 17:27:54,847] {processor.py:161} INFO - Processing /opt/airflow/dags/helloWorld.py took 0.074 seconds
[2023-05-05 17:28:24,949] {processor.py:153} INFO - Started process (PID=333) to work on /opt/airflow/dags/helloWorld.py
[2023-05-05 17:28:24,953] {processor.py:641} INFO - Processing file /opt/airflow/dags/helloWorld.py for tasks to queue
[2023-05-05 17:28:24,955] {logging_mixin.py:115} INFO - [2023-05-05 17:28:24,954] {dagbag.py:508} INFO - Filling up the DagBag from /opt/airflow/dags/helloWorld.py
[2023-05-05 17:28:24,963] {processor.py:651} INFO - DAG(s) dict_keys(['hello_world']) retrieved from /opt/airflow/dags/helloWorld.py
[2023-05-05 17:28:24,992] {logging_mixin.py:115} INFO - [2023-05-05 17:28:24,991] {dag.py:2420} INFO - Sync 1 DAGs
[2023-05-05 17:28:25,006] {logging_mixin.py:115} INFO - [2023-05-05 17:28:25,006] {dag.py:2968} INFO - Setting next_dagrun for hello_world to 2023-05-04T12:00:00+00:00, run_after=2023-05-05T12:00:00+00:00
[2023-05-05 17:28:25,018] {processor.py:161} INFO - Processing /opt/airflow/dags/helloWorld.py took 0.072 seconds
[2023-05-05 17:28:55,135] {processor.py:153} INFO - Started process (PID=347) to work on /opt/airflow/dags/helloWorld.py
[2023-05-05 17:28:55,136] {processor.py:641} INFO - Processing file /opt/airflow/dags/helloWorld.py for tasks to queue
[2023-05-05 17:28:55,137] {logging_mixin.py:115} INFO - [2023-05-05 17:28:55,137] {dagbag.py:508} INFO - Filling up the DagBag from /opt/airflow/dags/helloWorld.py
[2023-05-05 17:28:55,148] {processor.py:651} INFO - DAG(s) dict_keys(['hello_world']) retrieved from /opt/airflow/dags/helloWorld.py
[2023-05-05 17:28:55,185] {logging_mixin.py:115} INFO - [2023-05-05 17:28:55,185] {dag.py:2420} INFO - Sync 1 DAGs
[2023-05-05 17:28:55,204] {logging_mixin.py:115} INFO - [2023-05-05 17:28:55,204] {dag.py:2968} INFO - Setting next_dagrun for hello_world to 2023-05-04T12:00:00+00:00, run_after=2023-05-05T12:00:00+00:00
[2023-05-05 17:28:55,222] {processor.py:161} INFO - Processing /opt/airflow/dags/helloWorld.py took 0.090 seconds
[2023-05-05 17:29:25,330] {processor.py:153} INFO - Started process (PID=361) to work on /opt/airflow/dags/helloWorld.py
[2023-05-05 17:29:25,331] {processor.py:641} INFO - Processing file /opt/airflow/dags/helloWorld.py for tasks to queue
[2023-05-05 17:29:25,332] {logging_mixin.py:115} INFO - [2023-05-05 17:29:25,332] {dagbag.py:508} INFO - Filling up the DagBag from /opt/airflow/dags/helloWorld.py
[2023-05-05 17:29:25,341] {processor.py:651} INFO - DAG(s) dict_keys(['hello_world']) retrieved from /opt/airflow/dags/helloWorld.py
[2023-05-05 17:29:25,373] {logging_mixin.py:115} INFO - [2023-05-05 17:29:25,373] {dag.py:2420} INFO - Sync 1 DAGs
[2023-05-05 17:29:25,389] {logging_mixin.py:115} INFO - [2023-05-05 17:29:25,389] {dag.py:2968} INFO - Setting next_dagrun for hello_world to 2023-05-04T12:00:00+00:00, run_after=2023-05-05T12:00:00+00:00
[2023-05-05 17:29:25,401] {processor.py:161} INFO - Processing /opt/airflow/dags/helloWorld.py took 0.075 seconds
[2023-05-05 17:29:55,511] {processor.py:153} INFO - Started process (PID=375) to work on /opt/airflow/dags/helloWorld.py
[2023-05-05 17:29:55,514] {processor.py:641} INFO - Processing file /opt/airflow/dags/helloWorld.py for tasks to queue
[2023-05-05 17:29:55,516] {logging_mixin.py:115} INFO - [2023-05-05 17:29:55,516] {dagbag.py:508} INFO - Filling up the DagBag from /opt/airflow/dags/helloWorld.py
[2023-05-05 17:29:55,525] {processor.py:651} INFO - DAG(s) dict_keys(['hello_world']) retrieved from /opt/airflow/dags/helloWorld.py
[2023-05-05 17:29:55,556] {logging_mixin.py:115} INFO - [2023-05-05 17:29:55,556] {dag.py:2420} INFO - Sync 1 DAGs
[2023-05-05 17:29:55,571] {logging_mixin.py:115} INFO - [2023-05-05 17:29:55,571] {dag.py:2968} INFO - Setting next_dagrun for hello_world to 2023-05-04T12:00:00+00:00, run_after=2023-05-05T12:00:00+00:00
[2023-05-05 17:29:55,636] {processor.py:161} INFO - Processing /opt/airflow/dags/helloWorld.py took 0.128 seconds
[2023-05-05 17:30:25,764] {processor.py:153} INFO - Started process (PID=389) to work on /opt/airflow/dags/helloWorld.py
[2023-05-05 17:30:25,766] {processor.py:641} INFO - Processing file /opt/airflow/dags/helloWorld.py for tasks to queue
[2023-05-05 17:30:25,767] {logging_mixin.py:115} INFO - [2023-05-05 17:30:25,767] {dagbag.py:508} INFO - Filling up the DagBag from /opt/airflow/dags/helloWorld.py
[2023-05-05 17:30:25,775] {processor.py:651} INFO - DAG(s) dict_keys(['hello_world']) retrieved from /opt/airflow/dags/helloWorld.py
[2023-05-05 17:30:25,804] {logging_mixin.py:115} INFO - [2023-05-05 17:30:25,804] {dag.py:2420} INFO - Sync 1 DAGs
[2023-05-05 17:30:25,818] {logging_mixin.py:115} INFO - [2023-05-05 17:30:25,818] {dag.py:2968} INFO - Setting next_dagrun for hello_world to 2023-05-04T12:00:00+00:00, run_after=2023-05-05T12:00:00+00:00
[2023-05-05 17:30:25,830] {processor.py:161} INFO - Processing /opt/airflow/dags/helloWorld.py took 0.068 seconds
[2023-05-05 17:30:55,955] {processor.py:153} INFO - Started process (PID=403) to work on /opt/airflow/dags/helloWorld.py
[2023-05-05 17:30:55,957] {processor.py:641} INFO - Processing file /opt/airflow/dags/helloWorld.py for tasks to queue
[2023-05-05 17:30:55,958] {logging_mixin.py:115} INFO - [2023-05-05 17:30:55,958] {dagbag.py:508} INFO - Filling up the DagBag from /opt/airflow/dags/helloWorld.py
[2023-05-05 17:30:55,967] {processor.py:651} INFO - DAG(s) dict_keys(['hello_world']) retrieved from /opt/airflow/dags/helloWorld.py
[2023-05-05 17:30:55,995] {logging_mixin.py:115} INFO - [2023-05-05 17:30:55,995] {dag.py:2420} INFO - Sync 1 DAGs
[2023-05-05 17:30:56,012] {logging_mixin.py:115} INFO - [2023-05-05 17:30:56,012] {dag.py:2968} INFO - Setting next_dagrun for hello_world to 2023-05-04T12:00:00+00:00, run_after=2023-05-05T12:00:00+00:00
[2023-05-05 17:30:56,024] {processor.py:161} INFO - Processing /opt/airflow/dags/helloWorld.py took 0.073 seconds
[2023-05-05 17:31:26,163] {processor.py:153} INFO - Started process (PID=417) to work on /opt/airflow/dags/helloWorld.py
[2023-05-05 17:31:26,165] {processor.py:641} INFO - Processing file /opt/airflow/dags/helloWorld.py for tasks to queue
[2023-05-05 17:31:26,167] {logging_mixin.py:115} INFO - [2023-05-05 17:31:26,167] {dagbag.py:508} INFO - Filling up the DagBag from /opt/airflow/dags/helloWorld.py
[2023-05-05 17:31:26,179] {processor.py:651} INFO - DAG(s) dict_keys(['hello_world']) retrieved from /opt/airflow/dags/helloWorld.py
[2023-05-05 17:31:26,212] {logging_mixin.py:115} INFO - [2023-05-05 17:31:26,212] {dag.py:2420} INFO - Sync 1 DAGs
[2023-05-05 17:31:26,227] {logging_mixin.py:115} INFO - [2023-05-05 17:31:26,227] {dag.py:2968} INFO - Setting next_dagrun for hello_world to 2023-05-04T12:00:00+00:00, run_after=2023-05-05T12:00:00+00:00
[2023-05-05 17:31:26,239] {processor.py:161} INFO - Processing /opt/airflow/dags/helloWorld.py took 0.081 seconds
[2023-05-05 17:31:56,344] {processor.py:153} INFO - Started process (PID=431) to work on /opt/airflow/dags/helloWorld.py
[2023-05-05 17:31:56,346] {processor.py:641} INFO - Processing file /opt/airflow/dags/helloWorld.py for tasks to queue
[2023-05-05 17:31:56,347] {logging_mixin.py:115} INFO - [2023-05-05 17:31:56,347] {dagbag.py:508} INFO - Filling up the DagBag from /opt/airflow/dags/helloWorld.py
[2023-05-05 17:31:56,356] {processor.py:651} INFO - DAG(s) dict_keys(['hello_world']) retrieved from /opt/airflow/dags/helloWorld.py
[2023-05-05 17:31:56,385] {logging_mixin.py:115} INFO - [2023-05-05 17:31:56,385] {dag.py:2420} INFO - Sync 1 DAGs
[2023-05-05 17:31:56,400] {logging_mixin.py:115} INFO - [2023-05-05 17:31:56,400] {dag.py:2968} INFO - Setting next_dagrun for hello_world to 2023-05-04T12:00:00+00:00, run_after=2023-05-05T12:00:00+00:00
[2023-05-05 17:31:56,413] {processor.py:161} INFO - Processing /opt/airflow/dags/helloWorld.py took 0.072 seconds
[2023-05-05 17:32:26,521] {processor.py:153} INFO - Started process (PID=445) to work on /opt/airflow/dags/helloWorld.py
[2023-05-05 17:32:26,523] {processor.py:641} INFO - Processing file /opt/airflow/dags/helloWorld.py for tasks to queue
[2023-05-05 17:32:26,526] {logging_mixin.py:115} INFO - [2023-05-05 17:32:26,526] {dagbag.py:508} INFO - Filling up the DagBag from /opt/airflow/dags/helloWorld.py
[2023-05-05 17:32:26,533] {processor.py:651} INFO - DAG(s) dict_keys(['hello_world']) retrieved from /opt/airflow/dags/helloWorld.py
[2023-05-05 17:32:26,560] {logging_mixin.py:115} INFO - [2023-05-05 17:32:26,560] {dag.py:2420} INFO - Sync 1 DAGs
[2023-05-05 17:32:26,574] {logging_mixin.py:115} INFO - [2023-05-05 17:32:26,574] {dag.py:2968} INFO - Setting next_dagrun for hello_world to 2023-05-04T12:00:00+00:00, run_after=2023-05-05T12:00:00+00:00
[2023-05-05 17:32:26,587] {processor.py:161} INFO - Processing /opt/airflow/dags/helloWorld.py took 0.072 seconds
[2023-05-05 17:32:56,745] {processor.py:153} INFO - Started process (PID=459) to work on /opt/airflow/dags/helloWorld.py
[2023-05-05 17:32:56,748] {processor.py:641} INFO - Processing file /opt/airflow/dags/helloWorld.py for tasks to queue
[2023-05-05 17:32:56,750] {logging_mixin.py:115} INFO - [2023-05-05 17:32:56,750] {dagbag.py:508} INFO - Filling up the DagBag from /opt/airflow/dags/helloWorld.py
[2023-05-05 17:32:56,763] {processor.py:651} INFO - DAG(s) dict_keys(['hello_world']) retrieved from /opt/airflow/dags/helloWorld.py
[2023-05-05 17:32:56,796] {logging_mixin.py:115} INFO - [2023-05-05 17:32:56,796] {dag.py:2420} INFO - Sync 1 DAGs
[2023-05-05 17:32:56,815] {logging_mixin.py:115} INFO - [2023-05-05 17:32:56,814] {dag.py:2968} INFO - Setting next_dagrun for hello_world to 2023-05-04T12:00:00+00:00, run_after=2023-05-05T12:00:00+00:00
[2023-05-05 17:32:56,829] {processor.py:161} INFO - Processing /opt/airflow/dags/helloWorld.py took 0.093 seconds
[2023-05-05 17:33:26,956] {processor.py:153} INFO - Started process (PID=473) to work on /opt/airflow/dags/helloWorld.py
[2023-05-05 17:33:26,958] {processor.py:641} INFO - Processing file /opt/airflow/dags/helloWorld.py for tasks to queue
[2023-05-05 17:33:26,961] {logging_mixin.py:115} INFO - [2023-05-05 17:33:26,960] {dagbag.py:508} INFO - Filling up the DagBag from /opt/airflow/dags/helloWorld.py
[2023-05-05 17:33:26,974] {processor.py:651} INFO - DAG(s) dict_keys(['hello_world']) retrieved from /opt/airflow/dags/helloWorld.py
[2023-05-05 17:33:27,005] {logging_mixin.py:115} INFO - [2023-05-05 17:33:27,005] {dag.py:2420} INFO - Sync 1 DAGs
[2023-05-05 17:33:27,020] {logging_mixin.py:115} INFO - [2023-05-05 17:33:27,020] {dag.py:2968} INFO - Setting next_dagrun for hello_world to 2023-05-04T12:00:00+00:00, run_after=2023-05-05T12:00:00+00:00
[2023-05-05 17:33:27,033] {processor.py:161} INFO - Processing /opt/airflow/dags/helloWorld.py took 0.082 seconds
[2023-05-05 17:33:57,176] {processor.py:153} INFO - Started process (PID=487) to work on /opt/airflow/dags/helloWorld.py
[2023-05-05 17:33:57,177] {processor.py:641} INFO - Processing file /opt/airflow/dags/helloWorld.py for tasks to queue
[2023-05-05 17:33:57,179] {logging_mixin.py:115} INFO - [2023-05-05 17:33:57,179] {dagbag.py:508} INFO - Filling up the DagBag from /opt/airflow/dags/helloWorld.py
[2023-05-05 17:33:57,189] {processor.py:651} INFO - DAG(s) dict_keys(['hello_world']) retrieved from /opt/airflow/dags/helloWorld.py
[2023-05-05 17:33:57,218] {logging_mixin.py:115} INFO - [2023-05-05 17:33:57,217] {dag.py:2420} INFO - Sync 1 DAGs
[2023-05-05 17:33:57,232] {logging_mixin.py:115} INFO - [2023-05-05 17:33:57,232] {dag.py:2968} INFO - Setting next_dagrun for hello_world to 2023-05-04T12:00:00+00:00, run_after=2023-05-05T12:00:00+00:00
[2023-05-05 17:33:57,246] {processor.py:161} INFO - Processing /opt/airflow/dags/helloWorld.py took 0.075 seconds
[2023-05-05 17:34:27,347] {processor.py:153} INFO - Started process (PID=501) to work on /opt/airflow/dags/helloWorld.py
[2023-05-05 17:34:27,352] {processor.py:641} INFO - Processing file /opt/airflow/dags/helloWorld.py for tasks to queue
[2023-05-05 17:34:27,353] {logging_mixin.py:115} INFO - [2023-05-05 17:34:27,353] {dagbag.py:508} INFO - Filling up the DagBag from /opt/airflow/dags/helloWorld.py
[2023-05-05 17:34:27,361] {processor.py:651} INFO - DAG(s) dict_keys(['hello_world']) retrieved from /opt/airflow/dags/helloWorld.py
[2023-05-05 17:34:27,397] {logging_mixin.py:115} INFO - [2023-05-05 17:34:27,397] {dag.py:2420} INFO - Sync 1 DAGs
[2023-05-05 17:34:27,417] {logging_mixin.py:115} INFO - [2023-05-05 17:34:27,417] {dag.py:2968} INFO - Setting next_dagrun for hello_world to 2023-05-04T12:00:00+00:00, run_after=2023-05-05T12:00:00+00:00
[2023-05-05 17:34:27,433] {processor.py:161} INFO - Processing /opt/airflow/dags/helloWorld.py took 0.088 seconds
[2023-05-05 17:34:57,561] {processor.py:153} INFO - Started process (PID=515) to work on /opt/airflow/dags/helloWorld.py
[2023-05-05 17:34:57,562] {processor.py:641} INFO - Processing file /opt/airflow/dags/helloWorld.py for tasks to queue
[2023-05-05 17:34:57,563] {logging_mixin.py:115} INFO - [2023-05-05 17:34:57,563] {dagbag.py:508} INFO - Filling up the DagBag from /opt/airflow/dags/helloWorld.py
[2023-05-05 17:34:57,571] {processor.py:651} INFO - DAG(s) dict_keys(['hello_world']) retrieved from /opt/airflow/dags/helloWorld.py
[2023-05-05 17:34:57,600] {logging_mixin.py:115} INFO - [2023-05-05 17:34:57,599] {dag.py:2420} INFO - Sync 1 DAGs
[2023-05-05 17:34:57,614] {logging_mixin.py:115} INFO - [2023-05-05 17:34:57,614] {dag.py:2968} INFO - Setting next_dagrun for hello_world to 2023-05-04T12:00:00+00:00, run_after=2023-05-05T12:00:00+00:00
[2023-05-05 17:34:57,627] {processor.py:161} INFO - Processing /opt/airflow/dags/helloWorld.py took 0.069 seconds
[2023-05-05 17:35:27,753] {processor.py:153} INFO - Started process (PID=529) to work on /opt/airflow/dags/helloWorld.py
[2023-05-05 17:35:27,755] {processor.py:641} INFO - Processing file /opt/airflow/dags/helloWorld.py for tasks to queue
[2023-05-05 17:35:27,756] {logging_mixin.py:115} INFO - [2023-05-05 17:35:27,756] {dagbag.py:508} INFO - Filling up the DagBag from /opt/airflow/dags/helloWorld.py
[2023-05-05 17:35:27,766] {processor.py:651} INFO - DAG(s) dict_keys(['hello_world']) retrieved from /opt/airflow/dags/helloWorld.py
[2023-05-05 17:35:27,804] {logging_mixin.py:115} INFO - [2023-05-05 17:35:27,804] {dag.py:2420} INFO - Sync 1 DAGs
[2023-05-05 17:35:27,823] {logging_mixin.py:115} INFO - [2023-05-05 17:35:27,823] {dag.py:2968} INFO - Setting next_dagrun for hello_world to 2023-05-04T12:00:00+00:00, run_after=2023-05-05T12:00:00+00:00
[2023-05-05 17:35:27,838] {processor.py:161} INFO - Processing /opt/airflow/dags/helloWorld.py took 0.089 seconds
[2023-05-05 17:35:57,914] {processor.py:153} INFO - Started process (PID=543) to work on /opt/airflow/dags/helloWorld.py
[2023-05-05 17:35:57,915] {processor.py:641} INFO - Processing file /opt/airflow/dags/helloWorld.py for tasks to queue
[2023-05-05 17:35:57,918] {logging_mixin.py:115} INFO - [2023-05-05 17:35:57,918] {dagbag.py:508} INFO - Filling up the DagBag from /opt/airflow/dags/helloWorld.py
[2023-05-05 17:35:57,926] {processor.py:651} INFO - DAG(s) dict_keys(['hello_world']) retrieved from /opt/airflow/dags/helloWorld.py
[2023-05-05 17:35:57,954] {logging_mixin.py:115} INFO - [2023-05-05 17:35:57,953] {dag.py:2420} INFO - Sync 1 DAGs
[2023-05-05 17:35:57,968] {logging_mixin.py:115} INFO - [2023-05-05 17:35:57,968] {dag.py:2968} INFO - Setting next_dagrun for hello_world to 2023-05-04T12:00:00+00:00, run_after=2023-05-05T12:00:00+00:00
[2023-05-05 17:35:57,980] {processor.py:161} INFO - Processing /opt/airflow/dags/helloWorld.py took 0.069 seconds
[2023-05-05 17:36:28,075] {processor.py:153} INFO - Started process (PID=557) to work on /opt/airflow/dags/helloWorld.py
[2023-05-05 17:36:28,076] {processor.py:641} INFO - Processing file /opt/airflow/dags/helloWorld.py for tasks to queue
[2023-05-05 17:36:28,079] {logging_mixin.py:115} INFO - [2023-05-05 17:36:28,079] {dagbag.py:508} INFO - Filling up the DagBag from /opt/airflow/dags/helloWorld.py
[2023-05-05 17:36:28,087] {processor.py:651} INFO - DAG(s) dict_keys(['hello_world']) retrieved from /opt/airflow/dags/helloWorld.py
[2023-05-05 17:36:28,115] {logging_mixin.py:115} INFO - [2023-05-05 17:36:28,115] {dag.py:2420} INFO - Sync 1 DAGs
[2023-05-05 17:36:28,130] {logging_mixin.py:115} INFO - [2023-05-05 17:36:28,130] {dag.py:2968} INFO - Setting next_dagrun for hello_world to 2023-05-04T12:00:00+00:00, run_after=2023-05-05T12:00:00+00:00
[2023-05-05 17:36:28,143] {processor.py:161} INFO - Processing /opt/airflow/dags/helloWorld.py took 0.070 seconds
[2023-05-05 17:36:58,261] {processor.py:153} INFO - Started process (PID=571) to work on /opt/airflow/dags/helloWorld.py
[2023-05-05 17:36:58,263] {processor.py:641} INFO - Processing file /opt/airflow/dags/helloWorld.py for tasks to queue
[2023-05-05 17:36:58,264] {logging_mixin.py:115} INFO - [2023-05-05 17:36:58,264] {dagbag.py:508} INFO - Filling up the DagBag from /opt/airflow/dags/helloWorld.py
[2023-05-05 17:36:58,271] {processor.py:651} INFO - DAG(s) dict_keys(['hello_world']) retrieved from /opt/airflow/dags/helloWorld.py
[2023-05-05 17:36:58,306] {logging_mixin.py:115} INFO - [2023-05-05 17:36:58,306] {dag.py:2420} INFO - Sync 1 DAGs
[2023-05-05 17:36:58,323] {logging_mixin.py:115} INFO - [2023-05-05 17:36:58,323] {dag.py:2968} INFO - Setting next_dagrun for hello_world to 2023-05-04T12:00:00+00:00, run_after=2023-05-05T12:00:00+00:00
[2023-05-05 17:36:58,336] {processor.py:161} INFO - Processing /opt/airflow/dags/helloWorld.py took 0.078 seconds
[2023-05-05 17:37:28,436] {processor.py:153} INFO - Started process (PID=585) to work on /opt/airflow/dags/helloWorld.py
[2023-05-05 17:37:28,438] {processor.py:641} INFO - Processing file /opt/airflow/dags/helloWorld.py for tasks to queue
[2023-05-05 17:37:28,439] {logging_mixin.py:115} INFO - [2023-05-05 17:37:28,439] {dagbag.py:508} INFO - Filling up the DagBag from /opt/airflow/dags/helloWorld.py
[2023-05-05 17:37:28,451] {processor.py:651} INFO - DAG(s) dict_keys(['hello_world']) retrieved from /opt/airflow/dags/helloWorld.py
[2023-05-05 17:37:28,478] {logging_mixin.py:115} INFO - [2023-05-05 17:37:28,478] {dag.py:2420} INFO - Sync 1 DAGs
[2023-05-05 17:37:28,492] {logging_mixin.py:115} INFO - [2023-05-05 17:37:28,492] {dag.py:2968} INFO - Setting next_dagrun for hello_world to 2023-05-04T12:00:00+00:00, run_after=2023-05-05T12:00:00+00:00
[2023-05-05 17:37:28,503] {processor.py:161} INFO - Processing /opt/airflow/dags/helloWorld.py took 0.070 seconds
[2023-05-05 17:37:58,680] {processor.py:153} INFO - Started process (PID=599) to work on /opt/airflow/dags/helloWorld.py
[2023-05-05 17:37:58,682] {processor.py:641} INFO - Processing file /opt/airflow/dags/helloWorld.py for tasks to queue
[2023-05-05 17:37:58,683] {logging_mixin.py:115} INFO - [2023-05-05 17:37:58,683] {dagbag.py:508} INFO - Filling up the DagBag from /opt/airflow/dags/helloWorld.py
[2023-05-05 17:37:58,695] {processor.py:651} INFO - DAG(s) dict_keys(['hello_world']) retrieved from /opt/airflow/dags/helloWorld.py
[2023-05-05 17:37:58,730] {logging_mixin.py:115} INFO - [2023-05-05 17:37:58,730] {dag.py:2420} INFO - Sync 1 DAGs
[2023-05-05 17:37:58,750] {logging_mixin.py:115} INFO - [2023-05-05 17:37:58,750] {dag.py:2968} INFO - Setting next_dagrun for hello_world to 2023-05-04T12:00:00+00:00, run_after=2023-05-05T12:00:00+00:00
[2023-05-05 17:37:58,766] {processor.py:161} INFO - Processing /opt/airflow/dags/helloWorld.py took 0.090 seconds
[2023-05-05 17:38:28,882] {processor.py:153} INFO - Started process (PID=613) to work on /opt/airflow/dags/helloWorld.py
[2023-05-05 17:38:28,884] {processor.py:641} INFO - Processing file /opt/airflow/dags/helloWorld.py for tasks to queue
[2023-05-05 17:38:28,885] {logging_mixin.py:115} INFO - [2023-05-05 17:38:28,885] {dagbag.py:508} INFO - Filling up the DagBag from /opt/airflow/dags/helloWorld.py
[2023-05-05 17:38:28,894] {processor.py:651} INFO - DAG(s) dict_keys(['hello_world']) retrieved from /opt/airflow/dags/helloWorld.py
[2023-05-05 17:38:28,923] {logging_mixin.py:115} INFO - [2023-05-05 17:38:28,923] {dag.py:2420} INFO - Sync 1 DAGs
[2023-05-05 17:38:28,938] {logging_mixin.py:115} INFO - [2023-05-05 17:38:28,938] {dag.py:2968} INFO - Setting next_dagrun for hello_world to 2023-05-04T12:00:00+00:00, run_after=2023-05-05T12:00:00+00:00
[2023-05-05 17:38:28,950] {processor.py:161} INFO - Processing /opt/airflow/dags/helloWorld.py took 0.070 seconds
[2023-05-05 17:38:59,107] {processor.py:153} INFO - Started process (PID=627) to work on /opt/airflow/dags/helloWorld.py
[2023-05-05 17:38:59,109] {processor.py:641} INFO - Processing file /opt/airflow/dags/helloWorld.py for tasks to queue
[2023-05-05 17:38:59,110] {logging_mixin.py:115} INFO - [2023-05-05 17:38:59,110] {dagbag.py:508} INFO - Filling up the DagBag from /opt/airflow/dags/helloWorld.py
[2023-05-05 17:38:59,121] {processor.py:651} INFO - DAG(s) dict_keys(['hello_world']) retrieved from /opt/airflow/dags/helloWorld.py
[2023-05-05 17:38:59,177] {logging_mixin.py:115} INFO - [2023-05-05 17:38:59,177] {dag.py:2420} INFO - Sync 1 DAGs
[2023-05-05 17:38:59,208] {logging_mixin.py:115} INFO - [2023-05-05 17:38:59,208] {dag.py:2968} INFO - Setting next_dagrun for hello_world to 2023-05-04T12:00:00+00:00, run_after=2023-05-05T12:00:00+00:00
[2023-05-05 17:38:59,224] {processor.py:161} INFO - Processing /opt/airflow/dags/helloWorld.py took 0.121 seconds
[2023-05-05 17:39:29,321] {processor.py:153} INFO - Started process (PID=641) to work on /opt/airflow/dags/helloWorld.py
[2023-05-05 17:39:29,323] {processor.py:641} INFO - Processing file /opt/airflow/dags/helloWorld.py for tasks to queue
[2023-05-05 17:39:29,324] {logging_mixin.py:115} INFO - [2023-05-05 17:39:29,324] {dagbag.py:508} INFO - Filling up the DagBag from /opt/airflow/dags/helloWorld.py
[2023-05-05 17:39:29,334] {processor.py:651} INFO - DAG(s) dict_keys(['hello_world']) retrieved from /opt/airflow/dags/helloWorld.py
[2023-05-05 17:39:29,367] {logging_mixin.py:115} INFO - [2023-05-05 17:39:29,367] {dag.py:2420} INFO - Sync 1 DAGs
[2023-05-05 17:39:29,386] {logging_mixin.py:115} INFO - [2023-05-05 17:39:29,386] {dag.py:2968} INFO - Setting next_dagrun for hello_world to 2023-05-04T12:00:00+00:00, run_after=2023-05-05T12:00:00+00:00
[2023-05-05 17:39:29,398] {processor.py:161} INFO - Processing /opt/airflow/dags/helloWorld.py took 0.083 seconds
[2023-05-05 17:39:59,495] {processor.py:153} INFO - Started process (PID=656) to work on /opt/airflow/dags/helloWorld.py
[2023-05-05 17:39:59,499] {processor.py:641} INFO - Processing file /opt/airflow/dags/helloWorld.py for tasks to queue
[2023-05-05 17:39:59,500] {logging_mixin.py:115} INFO - [2023-05-05 17:39:59,500] {dagbag.py:508} INFO - Filling up the DagBag from /opt/airflow/dags/helloWorld.py
[2023-05-05 17:39:59,511] {processor.py:651} INFO - DAG(s) dict_keys(['hello_world']) retrieved from /opt/airflow/dags/helloWorld.py
[2023-05-05 17:39:59,540] {logging_mixin.py:115} INFO - [2023-05-05 17:39:59,540] {dag.py:2420} INFO - Sync 1 DAGs
[2023-05-05 17:39:59,556] {logging_mixin.py:115} INFO - [2023-05-05 17:39:59,556] {dag.py:2968} INFO - Setting next_dagrun for hello_world to 2023-05-05T12:00:00+00:00, run_after=2023-05-06T12:00:00+00:00
[2023-05-05 17:39:59,569] {processor.py:161} INFO - Processing /opt/airflow/dags/helloWorld.py took 0.077 seconds
[2023-05-05 17:40:29,687] {processor.py:153} INFO - Started process (PID=670) to work on /opt/airflow/dags/helloWorld.py
[2023-05-05 17:40:29,690] {processor.py:641} INFO - Processing file /opt/airflow/dags/helloWorld.py for tasks to queue
[2023-05-05 17:40:29,692] {logging_mixin.py:115} INFO - [2023-05-05 17:40:29,692] {dagbag.py:508} INFO - Filling up the DagBag from /opt/airflow/dags/helloWorld.py
[2023-05-05 17:40:29,701] {processor.py:651} INFO - DAG(s) dict_keys(['hello_world']) retrieved from /opt/airflow/dags/helloWorld.py
[2023-05-05 17:40:29,731] {logging_mixin.py:115} INFO - [2023-05-05 17:40:29,731] {dag.py:2420} INFO - Sync 1 DAGs
[2023-05-05 17:40:29,748] {logging_mixin.py:115} INFO - [2023-05-05 17:40:29,747] {dag.py:2968} INFO - Setting next_dagrun for hello_world to 2023-05-05T12:00:00+00:00, run_after=2023-05-06T12:00:00+00:00
[2023-05-05 17:40:29,762] {processor.py:161} INFO - Processing /opt/airflow/dags/helloWorld.py took 0.080 seconds
[2023-05-05 17:40:59,878] {processor.py:153} INFO - Started process (PID=684) to work on /opt/airflow/dags/helloWorld.py
[2023-05-05 17:40:59,880] {processor.py:641} INFO - Processing file /opt/airflow/dags/helloWorld.py for tasks to queue
[2023-05-05 17:40:59,882] {logging_mixin.py:115} INFO - [2023-05-05 17:40:59,882] {dagbag.py:508} INFO - Filling up the DagBag from /opt/airflow/dags/helloWorld.py
[2023-05-05 17:40:59,896] {processor.py:651} INFO - DAG(s) dict_keys(['hello_world']) retrieved from /opt/airflow/dags/helloWorld.py
[2023-05-05 17:40:59,932] {logging_mixin.py:115} INFO - [2023-05-05 17:40:59,932] {dag.py:2420} INFO - Sync 1 DAGs
[2023-05-05 17:40:59,949] {logging_mixin.py:115} INFO - [2023-05-05 17:40:59,949] {dag.py:2968} INFO - Setting next_dagrun for hello_world to 2023-05-05T12:00:00+00:00, run_after=2023-05-06T12:00:00+00:00
[2023-05-05 17:40:59,964] {processor.py:161} INFO - Processing /opt/airflow/dags/helloWorld.py took 0.090 seconds
[2023-05-05 17:41:30,099] {processor.py:153} INFO - Started process (PID=698) to work on /opt/airflow/dags/helloWorld.py
[2023-05-05 17:41:30,101] {processor.py:641} INFO - Processing file /opt/airflow/dags/helloWorld.py for tasks to queue
[2023-05-05 17:41:30,103] {logging_mixin.py:115} INFO - [2023-05-05 17:41:30,103] {dagbag.py:508} INFO - Filling up the DagBag from /opt/airflow/dags/helloWorld.py
[2023-05-05 17:41:30,116] {processor.py:651} INFO - DAG(s) dict_keys(['hello_world']) retrieved from /opt/airflow/dags/helloWorld.py
[2023-05-05 17:41:30,149] {logging_mixin.py:115} INFO - [2023-05-05 17:41:30,149] {dag.py:2420} INFO - Sync 1 DAGs
[2023-05-05 17:41:30,165] {logging_mixin.py:115} INFO - [2023-05-05 17:41:30,165] {dag.py:2968} INFO - Setting next_dagrun for hello_world to 2023-05-05T12:00:00+00:00, run_after=2023-05-06T12:00:00+00:00
[2023-05-05 17:41:30,179] {processor.py:161} INFO - Processing /opt/airflow/dags/helloWorld.py took 0.085 seconds
[2023-05-05 17:42:00,301] {processor.py:153} INFO - Started process (PID=712) to work on /opt/airflow/dags/helloWorld.py
[2023-05-05 17:42:00,303] {processor.py:641} INFO - Processing file /opt/airflow/dags/helloWorld.py for tasks to queue
[2023-05-05 17:42:00,304] {logging_mixin.py:115} INFO - [2023-05-05 17:42:00,304] {dagbag.py:508} INFO - Filling up the DagBag from /opt/airflow/dags/helloWorld.py
[2023-05-05 17:42:00,314] {processor.py:651} INFO - DAG(s) dict_keys(['hello_world']) retrieved from /opt/airflow/dags/helloWorld.py
[2023-05-05 17:42:00,344] {logging_mixin.py:115} INFO - [2023-05-05 17:42:00,344] {dag.py:2420} INFO - Sync 1 DAGs
[2023-05-05 17:42:00,358] {logging_mixin.py:115} INFO - [2023-05-05 17:42:00,358] {dag.py:2968} INFO - Setting next_dagrun for hello_world to 2023-05-05T12:00:00+00:00, run_after=2023-05-06T12:00:00+00:00
[2023-05-05 17:42:00,370] {processor.py:161} INFO - Processing /opt/airflow/dags/helloWorld.py took 0.073 seconds
[2023-05-05 17:42:30,580] {processor.py:153} INFO - Started process (PID=726) to work on /opt/airflow/dags/helloWorld.py
[2023-05-05 17:42:30,582] {processor.py:641} INFO - Processing file /opt/airflow/dags/helloWorld.py for tasks to queue
[2023-05-05 17:42:30,585] {logging_mixin.py:115} INFO - [2023-05-05 17:42:30,585] {dagbag.py:508} INFO - Filling up the DagBag from /opt/airflow/dags/helloWorld.py
[2023-05-05 17:42:30,602] {processor.py:651} INFO - DAG(s) dict_keys(['hello_world']) retrieved from /opt/airflow/dags/helloWorld.py
[2023-05-05 17:42:30,640] {logging_mixin.py:115} INFO - [2023-05-05 17:42:30,640] {dag.py:2420} INFO - Sync 1 DAGs
[2023-05-05 17:42:30,665] {logging_mixin.py:115} INFO - [2023-05-05 17:42:30,665] {dag.py:2968} INFO - Setting next_dagrun for hello_world to 2023-05-05T12:00:00+00:00, run_after=2023-05-06T12:00:00+00:00
[2023-05-05 17:42:30,680] {processor.py:161} INFO - Processing /opt/airflow/dags/helloWorld.py took 0.104 seconds
[2023-05-05 17:43:00,860] {processor.py:153} INFO - Started process (PID=740) to work on /opt/airflow/dags/helloWorld.py
[2023-05-05 17:43:00,862] {processor.py:641} INFO - Processing file /opt/airflow/dags/helloWorld.py for tasks to queue
[2023-05-05 17:43:00,864] {logging_mixin.py:115} INFO - [2023-05-05 17:43:00,864] {dagbag.py:508} INFO - Filling up the DagBag from /opt/airflow/dags/helloWorld.py
[2023-05-05 17:43:00,876] {processor.py:651} INFO - DAG(s) dict_keys(['hello_world']) retrieved from /opt/airflow/dags/helloWorld.py
[2023-05-05 17:43:00,905] {logging_mixin.py:115} INFO - [2023-05-05 17:43:00,905] {dag.py:2420} INFO - Sync 1 DAGs
[2023-05-05 17:43:00,919] {logging_mixin.py:115} INFO - [2023-05-05 17:43:00,919] {dag.py:2968} INFO - Setting next_dagrun for hello_world to 2023-05-05T12:00:00+00:00, run_after=2023-05-06T12:00:00+00:00
[2023-05-05 17:43:00,930] {processor.py:161} INFO - Processing /opt/airflow/dags/helloWorld.py took 0.073 seconds
[2023-05-05 17:43:31,047] {processor.py:153} INFO - Started process (PID=754) to work on /opt/airflow/dags/helloWorld.py
[2023-05-05 17:43:31,049] {processor.py:641} INFO - Processing file /opt/airflow/dags/helloWorld.py for tasks to queue
[2023-05-05 17:43:31,052] {logging_mixin.py:115} INFO - [2023-05-05 17:43:31,052] {dagbag.py:508} INFO - Filling up the DagBag from /opt/airflow/dags/helloWorld.py
[2023-05-05 17:43:31,063] {processor.py:651} INFO - DAG(s) dict_keys(['hello_world']) retrieved from /opt/airflow/dags/helloWorld.py
[2023-05-05 17:43:31,096] {logging_mixin.py:115} INFO - [2023-05-05 17:43:31,095] {dag.py:2420} INFO - Sync 1 DAGs
[2023-05-05 17:43:31,114] {logging_mixin.py:115} INFO - [2023-05-05 17:43:31,114] {dag.py:2968} INFO - Setting next_dagrun for hello_world to 2023-05-05T12:00:00+00:00, run_after=2023-05-06T12:00:00+00:00
[2023-05-05 17:43:31,129] {processor.py:161} INFO - Processing /opt/airflow/dags/helloWorld.py took 0.085 seconds
[2023-05-05 17:44:01,227] {processor.py:153} INFO - Started process (PID=768) to work on /opt/airflow/dags/helloWorld.py
[2023-05-05 17:44:01,228] {processor.py:641} INFO - Processing file /opt/airflow/dags/helloWorld.py for tasks to queue
[2023-05-05 17:44:01,230] {logging_mixin.py:115} INFO - [2023-05-05 17:44:01,229] {dagbag.py:508} INFO - Filling up the DagBag from /opt/airflow/dags/helloWorld.py
[2023-05-05 17:44:01,236] {processor.py:651} INFO - DAG(s) dict_keys(['hello_world']) retrieved from /opt/airflow/dags/helloWorld.py
[2023-05-05 17:44:01,264] {logging_mixin.py:115} INFO - [2023-05-05 17:44:01,264] {dag.py:2420} INFO - Sync 1 DAGs
[2023-05-05 17:44:01,278] {logging_mixin.py:115} INFO - [2023-05-05 17:44:01,278] {dag.py:2968} INFO - Setting next_dagrun for hello_world to 2023-05-05T12:00:00+00:00, run_after=2023-05-06T12:00:00+00:00
[2023-05-05 17:44:01,290] {processor.py:161} INFO - Processing /opt/airflow/dags/helloWorld.py took 0.066 seconds
[2023-05-05 17:44:31,388] {processor.py:153} INFO - Started process (PID=782) to work on /opt/airflow/dags/helloWorld.py
[2023-05-05 17:44:31,391] {processor.py:641} INFO - Processing file /opt/airflow/dags/helloWorld.py for tasks to queue
[2023-05-05 17:44:31,393] {logging_mixin.py:115} INFO - [2023-05-05 17:44:31,393] {dagbag.py:508} INFO - Filling up the DagBag from /opt/airflow/dags/helloWorld.py
[2023-05-05 17:44:31,404] {processor.py:651} INFO - DAG(s) dict_keys(['hello_world']) retrieved from /opt/airflow/dags/helloWorld.py
[2023-05-05 17:44:31,432] {logging_mixin.py:115} INFO - [2023-05-05 17:44:31,432] {dag.py:2420} INFO - Sync 1 DAGs
[2023-05-05 17:44:31,449] {logging_mixin.py:115} INFO - [2023-05-05 17:44:31,449] {dag.py:2968} INFO - Setting next_dagrun for hello_world to 2023-05-05T12:00:00+00:00, run_after=2023-05-06T12:00:00+00:00
[2023-05-05 17:44:31,463] {processor.py:161} INFO - Processing /opt/airflow/dags/helloWorld.py took 0.078 seconds
[2023-05-05 17:45:01,570] {processor.py:153} INFO - Started process (PID=796) to work on /opt/airflow/dags/helloWorld.py
[2023-05-05 17:45:01,571] {processor.py:641} INFO - Processing file /opt/airflow/dags/helloWorld.py for tasks to queue
[2023-05-05 17:45:01,573] {logging_mixin.py:115} INFO - [2023-05-05 17:45:01,573] {dagbag.py:508} INFO - Filling up the DagBag from /opt/airflow/dags/helloWorld.py
[2023-05-05 17:45:01,580] {processor.py:651} INFO - DAG(s) dict_keys(['hello_world']) retrieved from /opt/airflow/dags/helloWorld.py
[2023-05-05 17:45:01,608] {logging_mixin.py:115} INFO - [2023-05-05 17:45:01,608] {dag.py:2420} INFO - Sync 1 DAGs
[2023-05-05 17:45:01,622] {logging_mixin.py:115} INFO - [2023-05-05 17:45:01,622] {dag.py:2968} INFO - Setting next_dagrun for hello_world to 2023-05-05T12:00:00+00:00, run_after=2023-05-06T12:00:00+00:00
[2023-05-05 17:45:01,634] {processor.py:161} INFO - Processing /opt/airflow/dags/helloWorld.py took 0.069 seconds
[2023-05-05 17:45:31,746] {processor.py:153} INFO - Started process (PID=810) to work on /opt/airflow/dags/helloWorld.py
[2023-05-05 17:45:31,748] {processor.py:641} INFO - Processing file /opt/airflow/dags/helloWorld.py for tasks to queue
[2023-05-05 17:45:31,749] {logging_mixin.py:115} INFO - [2023-05-05 17:45:31,749] {dagbag.py:508} INFO - Filling up the DagBag from /opt/airflow/dags/helloWorld.py
[2023-05-05 17:45:31,759] {processor.py:651} INFO - DAG(s) dict_keys(['hello_world']) retrieved from /opt/airflow/dags/helloWorld.py
[2023-05-05 17:45:31,789] {logging_mixin.py:115} INFO - [2023-05-05 17:45:31,789] {dag.py:2420} INFO - Sync 1 DAGs
[2023-05-05 17:45:31,803] {logging_mixin.py:115} INFO - [2023-05-05 17:45:31,803] {dag.py:2968} INFO - Setting next_dagrun for hello_world to 2023-05-05T12:00:00+00:00, run_after=2023-05-06T12:00:00+00:00
[2023-05-05 17:45:31,814] {processor.py:161} INFO - Processing /opt/airflow/dags/helloWorld.py took 0.073 seconds
[2023-05-05 17:46:01,931] {processor.py:153} INFO - Started process (PID=824) to work on /opt/airflow/dags/helloWorld.py
[2023-05-05 17:46:01,932] {processor.py:641} INFO - Processing file /opt/airflow/dags/helloWorld.py for tasks to queue
[2023-05-05 17:46:01,934] {logging_mixin.py:115} INFO - [2023-05-05 17:46:01,934] {dagbag.py:508} INFO - Filling up the DagBag from /opt/airflow/dags/helloWorld.py
[2023-05-05 17:46:01,944] {processor.py:651} INFO - DAG(s) dict_keys(['hello_world']) retrieved from /opt/airflow/dags/helloWorld.py
[2023-05-05 17:46:01,977] {logging_mixin.py:115} INFO - [2023-05-05 17:46:01,977] {dag.py:2420} INFO - Sync 1 DAGs
[2023-05-05 17:46:01,992] {logging_mixin.py:115} INFO - [2023-05-05 17:46:01,992] {dag.py:2968} INFO - Setting next_dagrun for hello_world to 2023-05-05T12:00:00+00:00, run_after=2023-05-06T12:00:00+00:00
[2023-05-05 17:46:02,005] {processor.py:161} INFO - Processing /opt/airflow/dags/helloWorld.py took 0.078 seconds
[2023-05-05 17:46:32,125] {processor.py:153} INFO - Started process (PID=838) to work on /opt/airflow/dags/helloWorld.py
[2023-05-05 17:46:32,127] {processor.py:641} INFO - Processing file /opt/airflow/dags/helloWorld.py for tasks to queue
[2023-05-05 17:46:32,130] {logging_mixin.py:115} INFO - [2023-05-05 17:46:32,130] {dagbag.py:508} INFO - Filling up the DagBag from /opt/airflow/dags/helloWorld.py
[2023-05-05 17:46:32,143] {processor.py:651} INFO - DAG(s) dict_keys(['hello_world']) retrieved from /opt/airflow/dags/helloWorld.py
[2023-05-05 17:46:32,176] {logging_mixin.py:115} INFO - [2023-05-05 17:46:32,175] {dag.py:2420} INFO - Sync 1 DAGs
[2023-05-05 17:46:32,191] {logging_mixin.py:115} INFO - [2023-05-05 17:46:32,191] {dag.py:2968} INFO - Setting next_dagrun for hello_world to 2023-05-05T12:00:00+00:00, run_after=2023-05-06T12:00:00+00:00
[2023-05-05 17:46:32,203] {processor.py:161} INFO - Processing /opt/airflow/dags/helloWorld.py took 0.083 seconds
[2023-05-05 17:47:02,315] {processor.py:153} INFO - Started process (PID=852) to work on /opt/airflow/dags/helloWorld.py
[2023-05-05 17:47:02,318] {processor.py:641} INFO - Processing file /opt/airflow/dags/helloWorld.py for tasks to queue
[2023-05-05 17:47:02,320] {logging_mixin.py:115} INFO - [2023-05-05 17:47:02,320] {dagbag.py:508} INFO - Filling up the DagBag from /opt/airflow/dags/helloWorld.py
[2023-05-05 17:47:02,328] {processor.py:651} INFO - DAG(s) dict_keys(['hello_world']) retrieved from /opt/airflow/dags/helloWorld.py
[2023-05-05 17:47:02,359] {logging_mixin.py:115} INFO - [2023-05-05 17:47:02,359] {dag.py:2420} INFO - Sync 1 DAGs
[2023-05-05 17:47:02,375] {logging_mixin.py:115} INFO - [2023-05-05 17:47:02,375] {dag.py:2968} INFO - Setting next_dagrun for hello_world to 2023-05-05T12:00:00+00:00, run_after=2023-05-06T12:00:00+00:00
[2023-05-05 17:47:02,389] {processor.py:161} INFO - Processing /opt/airflow/dags/helloWorld.py took 0.080 seconds
[2023-05-05 17:47:32,489] {processor.py:153} INFO - Started process (PID=866) to work on /opt/airflow/dags/helloWorld.py
[2023-05-05 17:47:32,490] {processor.py:641} INFO - Processing file /opt/airflow/dags/helloWorld.py for tasks to queue
[2023-05-05 17:47:32,492] {logging_mixin.py:115} INFO - [2023-05-05 17:47:32,492] {dagbag.py:508} INFO - Filling up the DagBag from /opt/airflow/dags/helloWorld.py
[2023-05-05 17:47:32,503] {processor.py:651} INFO - DAG(s) dict_keys(['hello_world']) retrieved from /opt/airflow/dags/helloWorld.py
[2023-05-05 17:47:32,531] {logging_mixin.py:115} INFO - [2023-05-05 17:47:32,531] {dag.py:2420} INFO - Sync 1 DAGs
[2023-05-05 17:47:32,546] {logging_mixin.py:115} INFO - [2023-05-05 17:47:32,546] {dag.py:2968} INFO - Setting next_dagrun for hello_world to 2023-05-05T12:00:00+00:00, run_after=2023-05-06T12:00:00+00:00
[2023-05-05 17:47:32,559] {processor.py:161} INFO - Processing /opt/airflow/dags/helloWorld.py took 0.073 seconds
[2023-05-05 17:48:02,708] {processor.py:153} INFO - Started process (PID=880) to work on /opt/airflow/dags/helloWorld.py
[2023-05-05 17:48:02,709] {processor.py:641} INFO - Processing file /opt/airflow/dags/helloWorld.py for tasks to queue
[2023-05-05 17:48:02,713] {logging_mixin.py:115} INFO - [2023-05-05 17:48:02,712] {dagbag.py:508} INFO - Filling up the DagBag from /opt/airflow/dags/helloWorld.py
[2023-05-05 17:48:02,721] {processor.py:651} INFO - DAG(s) dict_keys(['hello_world']) retrieved from /opt/airflow/dags/helloWorld.py
[2023-05-05 17:48:02,754] {logging_mixin.py:115} INFO - [2023-05-05 17:48:02,753] {dag.py:2420} INFO - Sync 1 DAGs
[2023-05-05 17:48:02,771] {logging_mixin.py:115} INFO - [2023-05-05 17:48:02,771] {dag.py:2968} INFO - Setting next_dagrun for hello_world to 2023-05-05T12:00:00+00:00, run_after=2023-05-06T12:00:00+00:00
[2023-05-05 17:48:02,785] {processor.py:161} INFO - Processing /opt/airflow/dags/helloWorld.py took 0.080 seconds
[2023-05-05 17:48:32,903] {processor.py:153} INFO - Started process (PID=894) to work on /opt/airflow/dags/helloWorld.py
[2023-05-05 17:48:32,906] {processor.py:641} INFO - Processing file /opt/airflow/dags/helloWorld.py for tasks to queue
[2023-05-05 17:48:32,909] {logging_mixin.py:115} INFO - [2023-05-05 17:48:32,909] {dagbag.py:508} INFO - Filling up the DagBag from /opt/airflow/dags/helloWorld.py
[2023-05-05 17:48:32,923] {processor.py:651} INFO - DAG(s) dict_keys(['hello_world']) retrieved from /opt/airflow/dags/helloWorld.py
[2023-05-05 17:48:32,957] {logging_mixin.py:115} INFO - [2023-05-05 17:48:32,957] {dag.py:2420} INFO - Sync 1 DAGs
[2023-05-05 17:48:32,975] {logging_mixin.py:115} INFO - [2023-05-05 17:48:32,975] {dag.py:2968} INFO - Setting next_dagrun for hello_world to 2023-05-05T12:00:00+00:00, run_after=2023-05-06T12:00:00+00:00
[2023-05-05 17:48:32,988] {processor.py:161} INFO - Processing /opt/airflow/dags/helloWorld.py took 0.090 seconds
[2023-05-05 17:49:03,110] {processor.py:153} INFO - Started process (PID=908) to work on /opt/airflow/dags/helloWorld.py
[2023-05-05 17:49:03,112] {processor.py:641} INFO - Processing file /opt/airflow/dags/helloWorld.py for tasks to queue
[2023-05-05 17:49:03,113] {logging_mixin.py:115} INFO - [2023-05-05 17:49:03,113] {dagbag.py:508} INFO - Filling up the DagBag from /opt/airflow/dags/helloWorld.py
[2023-05-05 17:49:03,125] {processor.py:651} INFO - DAG(s) dict_keys(['hello_world']) retrieved from /opt/airflow/dags/helloWorld.py
[2023-05-05 17:49:03,157] {logging_mixin.py:115} INFO - [2023-05-05 17:49:03,157] {dag.py:2420} INFO - Sync 1 DAGs
[2023-05-05 17:49:03,174] {logging_mixin.py:115} INFO - [2023-05-05 17:49:03,174] {dag.py:2968} INFO - Setting next_dagrun for hello_world to 2023-05-05T12:00:00+00:00, run_after=2023-05-06T12:00:00+00:00
[2023-05-05 17:49:03,188] {processor.py:161} INFO - Processing /opt/airflow/dags/helloWorld.py took 0.080 seconds
[2023-05-05 17:49:33,294] {processor.py:153} INFO - Started process (PID=922) to work on /opt/airflow/dags/helloWorld.py
[2023-05-05 17:49:33,295] {processor.py:641} INFO - Processing file /opt/airflow/dags/helloWorld.py for tasks to queue
[2023-05-05 17:49:33,297] {logging_mixin.py:115} INFO - [2023-05-05 17:49:33,297] {dagbag.py:508} INFO - Filling up the DagBag from /opt/airflow/dags/helloWorld.py
[2023-05-05 17:49:33,305] {processor.py:651} INFO - DAG(s) dict_keys(['hello_world']) retrieved from /opt/airflow/dags/helloWorld.py
[2023-05-05 17:49:33,333] {logging_mixin.py:115} INFO - [2023-05-05 17:49:33,333] {dag.py:2420} INFO - Sync 1 DAGs
[2023-05-05 17:49:33,349] {logging_mixin.py:115} INFO - [2023-05-05 17:49:33,349] {dag.py:2968} INFO - Setting next_dagrun for hello_world to 2023-05-05T12:00:00+00:00, run_after=2023-05-06T12:00:00+00:00
[2023-05-05 17:49:33,363] {processor.py:161} INFO - Processing /opt/airflow/dags/helloWorld.py took 0.072 seconds
[2023-05-05 17:50:03,470] {processor.py:153} INFO - Started process (PID=936) to work on /opt/airflow/dags/helloWorld.py
[2023-05-05 17:50:03,471] {processor.py:641} INFO - Processing file /opt/airflow/dags/helloWorld.py for tasks to queue
[2023-05-05 17:50:03,473] {logging_mixin.py:115} INFO - [2023-05-05 17:50:03,473] {dagbag.py:508} INFO - Filling up the DagBag from /opt/airflow/dags/helloWorld.py
[2023-05-05 17:50:03,480] {processor.py:651} INFO - DAG(s) dict_keys(['hello_world']) retrieved from /opt/airflow/dags/helloWorld.py
[2023-05-05 17:50:03,511] {logging_mixin.py:115} INFO - [2023-05-05 17:50:03,511] {dag.py:2420} INFO - Sync 1 DAGs
[2023-05-05 17:50:03,525] {logging_mixin.py:115} INFO - [2023-05-05 17:50:03,525] {dag.py:2968} INFO - Setting next_dagrun for hello_world to 2023-05-05T12:00:00+00:00, run_after=2023-05-06T12:00:00+00:00
[2023-05-05 17:50:03,536] {processor.py:161} INFO - Processing /opt/airflow/dags/helloWorld.py took 0.071 seconds
[2023-05-05 17:50:33,593] {processor.py:153} INFO - Started process (PID=950) to work on /opt/airflow/dags/helloWorld.py
[2023-05-05 17:50:33,595] {processor.py:641} INFO - Processing file /opt/airflow/dags/helloWorld.py for tasks to queue
[2023-05-05 17:50:33,597] {logging_mixin.py:115} INFO - [2023-05-05 17:50:33,597] {dagbag.py:508} INFO - Filling up the DagBag from /opt/airflow/dags/helloWorld.py
[2023-05-05 17:50:33,607] {processor.py:651} INFO - DAG(s) dict_keys(['hello_world']) retrieved from /opt/airflow/dags/helloWorld.py
[2023-05-05 17:50:33,636] {logging_mixin.py:115} INFO - [2023-05-05 17:50:33,635] {dag.py:2420} INFO - Sync 1 DAGs
[2023-05-05 17:50:33,652] {logging_mixin.py:115} INFO - [2023-05-05 17:50:33,652] {dag.py:2968} INFO - Setting next_dagrun for hello_world to 2023-05-05T12:00:00+00:00, run_after=2023-05-06T12:00:00+00:00
[2023-05-05 17:50:33,664] {processor.py:161} INFO - Processing /opt/airflow/dags/helloWorld.py took 0.076 seconds
[2023-05-05 17:51:03,744] {processor.py:153} INFO - Started process (PID=964) to work on /opt/airflow/dags/helloWorld.py
[2023-05-05 17:51:03,745] {processor.py:641} INFO - Processing file /opt/airflow/dags/helloWorld.py for tasks to queue
[2023-05-05 17:51:03,747] {logging_mixin.py:115} INFO - [2023-05-05 17:51:03,747] {dagbag.py:508} INFO - Filling up the DagBag from /opt/airflow/dags/helloWorld.py
[2023-05-05 17:51:03,759] {processor.py:651} INFO - DAG(s) dict_keys(['hello_world']) retrieved from /opt/airflow/dags/helloWorld.py
[2023-05-05 17:51:03,787] {logging_mixin.py:115} INFO - [2023-05-05 17:51:03,787] {dag.py:2420} INFO - Sync 1 DAGs
[2023-05-05 17:51:03,804] {logging_mixin.py:115} INFO - [2023-05-05 17:51:03,804] {dag.py:2968} INFO - Setting next_dagrun for hello_world to 2023-05-05T12:00:00+00:00, run_after=2023-05-06T12:00:00+00:00
[2023-05-05 17:51:03,819] {processor.py:161} INFO - Processing /opt/airflow/dags/helloWorld.py took 0.079 seconds
[2023-05-05 17:51:33,923] {processor.py:153} INFO - Started process (PID=978) to work on /opt/airflow/dags/helloWorld.py
[2023-05-05 17:51:33,927] {processor.py:641} INFO - Processing file /opt/airflow/dags/helloWorld.py for tasks to queue
[2023-05-05 17:51:33,929] {logging_mixin.py:115} INFO - [2023-05-05 17:51:33,929] {dagbag.py:508} INFO - Filling up the DagBag from /opt/airflow/dags/helloWorld.py
[2023-05-05 17:51:33,936] {processor.py:651} INFO - DAG(s) dict_keys(['hello_world']) retrieved from /opt/airflow/dags/helloWorld.py
[2023-05-05 17:51:33,964] {logging_mixin.py:115} INFO - [2023-05-05 17:51:33,964] {dag.py:2420} INFO - Sync 1 DAGs
[2023-05-05 17:51:33,979] {logging_mixin.py:115} INFO - [2023-05-05 17:51:33,979] {dag.py:2968} INFO - Setting next_dagrun for hello_world to 2023-05-05T12:00:00+00:00, run_after=2023-05-06T12:00:00+00:00
[2023-05-05 17:51:33,992] {processor.py:161} INFO - Processing /opt/airflow/dags/helloWorld.py took 0.073 seconds
[2023-05-05 17:52:04,125] {processor.py:153} INFO - Started process (PID=992) to work on /opt/airflow/dags/helloWorld.py
[2023-05-05 17:52:04,127] {processor.py:641} INFO - Processing file /opt/airflow/dags/helloWorld.py for tasks to queue
[2023-05-05 17:52:04,130] {logging_mixin.py:115} INFO - [2023-05-05 17:52:04,130] {dagbag.py:508} INFO - Filling up the DagBag from /opt/airflow/dags/helloWorld.py
[2023-05-05 17:52:04,139] {processor.py:651} INFO - DAG(s) dict_keys(['hello_world']) retrieved from /opt/airflow/dags/helloWorld.py
[2023-05-05 17:52:04,165] {logging_mixin.py:115} INFO - [2023-05-05 17:52:04,165] {dag.py:2420} INFO - Sync 1 DAGs
[2023-05-05 17:52:04,181] {logging_mixin.py:115} INFO - [2023-05-05 17:52:04,181] {dag.py:2968} INFO - Setting next_dagrun for hello_world to 2023-05-05T12:00:00+00:00, run_after=2023-05-06T12:00:00+00:00
[2023-05-05 17:52:04,193] {processor.py:161} INFO - Processing /opt/airflow/dags/helloWorld.py took 0.071 seconds
[2023-05-05 17:52:34,300] {processor.py:153} INFO - Started process (PID=1006) to work on /opt/airflow/dags/helloWorld.py
[2023-05-05 17:52:34,302] {processor.py:641} INFO - Processing file /opt/airflow/dags/helloWorld.py for tasks to queue
[2023-05-05 17:52:34,303] {logging_mixin.py:115} INFO - [2023-05-05 17:52:34,303] {dagbag.py:508} INFO - Filling up the DagBag from /opt/airflow/dags/helloWorld.py
[2023-05-05 17:52:34,315] {processor.py:651} INFO - DAG(s) dict_keys(['hello_world']) retrieved from /opt/airflow/dags/helloWorld.py
[2023-05-05 17:52:34,345] {logging_mixin.py:115} INFO - [2023-05-05 17:52:34,345] {dag.py:2420} INFO - Sync 1 DAGs
[2023-05-05 17:52:34,360] {logging_mixin.py:115} INFO - [2023-05-05 17:52:34,360] {dag.py:2968} INFO - Setting next_dagrun for hello_world to 2023-05-05T12:00:00+00:00, run_after=2023-05-06T12:00:00+00:00
[2023-05-05 17:52:34,372] {processor.py:161} INFO - Processing /opt/airflow/dags/helloWorld.py took 0.076 seconds
[2023-05-05 17:53:04,520] {processor.py:153} INFO - Started process (PID=1020) to work on /opt/airflow/dags/helloWorld.py
[2023-05-05 17:53:04,523] {processor.py:641} INFO - Processing file /opt/airflow/dags/helloWorld.py for tasks to queue
[2023-05-05 17:53:04,526] {logging_mixin.py:115} INFO - [2023-05-05 17:53:04,526] {dagbag.py:508} INFO - Filling up the DagBag from /opt/airflow/dags/helloWorld.py
[2023-05-05 17:53:04,543] {processor.py:651} INFO - DAG(s) dict_keys(['hello_world']) retrieved from /opt/airflow/dags/helloWorld.py
[2023-05-05 17:53:04,574] {logging_mixin.py:115} INFO - [2023-05-05 17:53:04,574] {dag.py:2420} INFO - Sync 1 DAGs
[2023-05-05 17:53:04,593] {logging_mixin.py:115} INFO - [2023-05-05 17:53:04,593] {dag.py:2968} INFO - Setting next_dagrun for hello_world to 2023-05-05T12:00:00+00:00, run_after=2023-05-06T12:00:00+00:00
[2023-05-05 17:53:04,609] {processor.py:161} INFO - Processing /opt/airflow/dags/helloWorld.py took 0.095 seconds
[2023-05-05 17:53:34,716] {processor.py:153} INFO - Started process (PID=1034) to work on /opt/airflow/dags/helloWorld.py
[2023-05-05 17:53:34,719] {processor.py:641} INFO - Processing file /opt/airflow/dags/helloWorld.py for tasks to queue
[2023-05-05 17:53:34,721] {logging_mixin.py:115} INFO - [2023-05-05 17:53:34,721] {dagbag.py:508} INFO - Filling up the DagBag from /opt/airflow/dags/helloWorld.py
[2023-05-05 17:53:34,735] {processor.py:651} INFO - DAG(s) dict_keys(['hello_world']) retrieved from /opt/airflow/dags/helloWorld.py
[2023-05-05 17:53:34,769] {logging_mixin.py:115} INFO - [2023-05-05 17:53:34,769] {dag.py:2420} INFO - Sync 1 DAGs
[2023-05-05 17:53:34,792] {logging_mixin.py:115} INFO - [2023-05-05 17:53:34,792] {dag.py:2968} INFO - Setting next_dagrun for hello_world to 2023-05-05T12:00:00+00:00, run_after=2023-05-06T12:00:00+00:00
[2023-05-05 17:53:34,813] {processor.py:161} INFO - Processing /opt/airflow/dags/helloWorld.py took 0.101 seconds
[2023-05-05 17:54:04,945] {processor.py:153} INFO - Started process (PID=1048) to work on /opt/airflow/dags/helloWorld.py
[2023-05-05 17:54:04,947] {processor.py:641} INFO - Processing file /opt/airflow/dags/helloWorld.py for tasks to queue
[2023-05-05 17:54:04,949] {logging_mixin.py:115} INFO - [2023-05-05 17:54:04,948] {dagbag.py:508} INFO - Filling up the DagBag from /opt/airflow/dags/helloWorld.py
[2023-05-05 17:54:04,962] {processor.py:651} INFO - DAG(s) dict_keys(['hello_world']) retrieved from /opt/airflow/dags/helloWorld.py
[2023-05-05 17:54:04,991] {logging_mixin.py:115} INFO - [2023-05-05 17:54:04,991] {dag.py:2420} INFO - Sync 1 DAGs
[2023-05-05 17:54:05,006] {logging_mixin.py:115} INFO - [2023-05-05 17:54:05,006] {dag.py:2968} INFO - Setting next_dagrun for hello_world to 2023-05-05T12:00:00+00:00, run_after=2023-05-06T12:00:00+00:00
[2023-05-05 17:54:05,019] {processor.py:161} INFO - Processing /opt/airflow/dags/helloWorld.py took 0.077 seconds
[2023-05-05 17:54:35,119] {processor.py:153} INFO - Started process (PID=1062) to work on /opt/airflow/dags/helloWorld.py
[2023-05-05 17:54:35,120] {processor.py:641} INFO - Processing file /opt/airflow/dags/helloWorld.py for tasks to queue
[2023-05-05 17:54:35,127] {logging_mixin.py:115} INFO - [2023-05-05 17:54:35,127] {dagbag.py:508} INFO - Filling up the DagBag from /opt/airflow/dags/helloWorld.py
[2023-05-05 17:54:35,140] {processor.py:651} INFO - DAG(s) dict_keys(['hello_world']) retrieved from /opt/airflow/dags/helloWorld.py
[2023-05-05 17:54:35,165] {logging_mixin.py:115} INFO - [2023-05-05 17:54:35,165] {dag.py:2420} INFO - Sync 1 DAGs
[2023-05-05 17:54:35,179] {logging_mixin.py:115} INFO - [2023-05-05 17:54:35,179] {dag.py:2968} INFO - Setting next_dagrun for hello_world to 2023-05-05T12:00:00+00:00, run_after=2023-05-06T12:00:00+00:00
[2023-05-05 17:54:35,191] {processor.py:161} INFO - Processing /opt/airflow/dags/helloWorld.py took 0.077 seconds
[2023-05-05 17:55:05,303] {processor.py:153} INFO - Started process (PID=1076) to work on /opt/airflow/dags/helloWorld.py
[2023-05-05 17:55:05,304] {processor.py:641} INFO - Processing file /opt/airflow/dags/helloWorld.py for tasks to queue
[2023-05-05 17:55:05,306] {logging_mixin.py:115} INFO - [2023-05-05 17:55:05,306] {dagbag.py:508} INFO - Filling up the DagBag from /opt/airflow/dags/helloWorld.py
[2023-05-05 17:55:05,320] {processor.py:651} INFO - DAG(s) dict_keys(['hello_world']) retrieved from /opt/airflow/dags/helloWorld.py
[2023-05-05 17:55:05,349] {logging_mixin.py:115} INFO - [2023-05-05 17:55:05,349] {dag.py:2420} INFO - Sync 1 DAGs
[2023-05-05 17:55:05,369] {logging_mixin.py:115} INFO - [2023-05-05 17:55:05,369] {dag.py:2968} INFO - Setting next_dagrun for hello_world to 2023-05-05T12:00:00+00:00, run_after=2023-05-06T12:00:00+00:00
[2023-05-05 17:55:05,386] {processor.py:161} INFO - Processing /opt/airflow/dags/helloWorld.py took 0.085 seconds
[2023-05-05 17:55:35,487] {processor.py:153} INFO - Started process (PID=1090) to work on /opt/airflow/dags/helloWorld.py
[2023-05-05 17:55:35,490] {processor.py:641} INFO - Processing file /opt/airflow/dags/helloWorld.py for tasks to queue
[2023-05-05 17:55:35,491] {logging_mixin.py:115} INFO - [2023-05-05 17:55:35,491] {dagbag.py:508} INFO - Filling up the DagBag from /opt/airflow/dags/helloWorld.py
[2023-05-05 17:55:35,505] {processor.py:651} INFO - DAG(s) dict_keys(['hello_world']) retrieved from /opt/airflow/dags/helloWorld.py
[2023-05-05 17:55:35,532] {logging_mixin.py:115} INFO - [2023-05-05 17:55:35,532] {dag.py:2420} INFO - Sync 1 DAGs
[2023-05-05 17:55:35,547] {logging_mixin.py:115} INFO - [2023-05-05 17:55:35,547] {dag.py:2968} INFO - Setting next_dagrun for hello_world to 2023-05-05T12:00:00+00:00, run_after=2023-05-06T12:00:00+00:00
[2023-05-05 17:55:35,560] {processor.py:161} INFO - Processing /opt/airflow/dags/helloWorld.py took 0.076 seconds
[2023-05-05 17:56:05,715] {processor.py:153} INFO - Started process (PID=1104) to work on /opt/airflow/dags/helloWorld.py
[2023-05-05 17:56:05,718] {processor.py:641} INFO - Processing file /opt/airflow/dags/helloWorld.py for tasks to queue
[2023-05-05 17:56:05,719] {logging_mixin.py:115} INFO - [2023-05-05 17:56:05,719] {dagbag.py:508} INFO - Filling up the DagBag from /opt/airflow/dags/helloWorld.py
[2023-05-05 17:56:05,732] {processor.py:651} INFO - DAG(s) dict_keys(['hello_world']) retrieved from /opt/airflow/dags/helloWorld.py
[2023-05-05 17:56:05,758] {logging_mixin.py:115} INFO - [2023-05-05 17:56:05,758] {dag.py:2420} INFO - Sync 1 DAGs
[2023-05-05 17:56:05,773] {logging_mixin.py:115} INFO - [2023-05-05 17:56:05,773] {dag.py:2968} INFO - Setting next_dagrun for hello_world to 2023-05-05T12:00:00+00:00, run_after=2023-05-06T12:00:00+00:00
[2023-05-05 17:56:05,785] {processor.py:161} INFO - Processing /opt/airflow/dags/helloWorld.py took 0.074 seconds
