[2023-05-05 17:17:50,982] {processor.py:153} INFO - Started process (PID=43) to work on /opt/airflow/dags/kubePodOpDag.py
[2023-05-05 17:17:50,985] {processor.py:641} INFO - Processing file /opt/airflow/dags/kubePodOpDag.py for tasks to queue
[2023-05-05 17:17:50,988] {logging_mixin.py:115} INFO - [2023-05-05 17:17:50,988] {dagbag.py:508} INFO - Filling up the DagBag from /opt/airflow/dags/kubePodOpDag.py
[2023-05-05 17:17:51,058] {processor.py:651} INFO - DAG(s) dict_keys(['hello_KubePodOp']) retrieved from /opt/airflow/dags/kubePodOpDag.py
[2023-05-05 17:17:51,128] {logging_mixin.py:115} INFO - [2023-05-05 17:17:51,128] {manager.py:508} INFO - Created Permission View: can read on DAG:hello_KubePodOp
[2023-05-05 17:17:51,143] {logging_mixin.py:115} INFO - [2023-05-05 17:17:51,143] {manager.py:508} INFO - Created Permission View: can edit on DAG:hello_KubePodOp
[2023-05-05 17:17:51,152] {logging_mixin.py:115} INFO - [2023-05-05 17:17:51,152] {manager.py:508} INFO - Created Permission View: can delete on DAG:hello_KubePodOp
[2023-05-05 17:17:51,153] {logging_mixin.py:115} INFO - [2023-05-05 17:17:51,153] {dag.py:2420} INFO - Sync 1 DAGs
[2023-05-05 17:17:51,162] {logging_mixin.py:115} INFO - [2023-05-05 17:17:51,161] {dag.py:2439} INFO - Creating ORM DAG for hello_KubePodOp
[2023-05-05 17:17:51,169] {logging_mixin.py:115} INFO - [2023-05-05 17:17:51,169] {dag.py:2968} INFO - Setting next_dagrun for hello_KubePodOp to 2023-05-04T12:00:00+00:00, run_after=2023-05-05T12:00:00+00:00
[2023-05-05 17:17:51,181] {processor.py:161} INFO - Processing /opt/airflow/dags/kubePodOpDag.py took 0.201 seconds
[2023-05-05 17:18:21,244] {processor.py:153} INFO - Started process (PID=55) to work on /opt/airflow/dags/kubePodOpDag.py
[2023-05-05 17:18:21,246] {processor.py:641} INFO - Processing file /opt/airflow/dags/kubePodOpDag.py for tasks to queue
[2023-05-05 17:18:21,247] {logging_mixin.py:115} INFO - [2023-05-05 17:18:21,247] {dagbag.py:508} INFO - Filling up the DagBag from /opt/airflow/dags/kubePodOpDag.py
[2023-05-05 17:18:21,260] {processor.py:651} INFO - DAG(s) dict_keys(['hello_KubePodOp']) retrieved from /opt/airflow/dags/kubePodOpDag.py
[2023-05-05 17:18:21,287] {logging_mixin.py:115} INFO - [2023-05-05 17:18:21,287] {dag.py:2420} INFO - Sync 1 DAGs
[2023-05-05 17:18:21,302] {logging_mixin.py:115} INFO - [2023-05-05 17:18:21,301] {dag.py:2968} INFO - Setting next_dagrun for hello_KubePodOp to 2023-05-04T12:00:00+00:00, run_after=2023-05-05T12:00:00+00:00
[2023-05-05 17:18:21,314] {processor.py:161} INFO - Processing /opt/airflow/dags/kubePodOpDag.py took 0.073 seconds
[2023-05-05 17:18:51,417] {processor.py:153} INFO - Started process (PID=69) to work on /opt/airflow/dags/kubePodOpDag.py
[2023-05-05 17:18:51,418] {processor.py:641} INFO - Processing file /opt/airflow/dags/kubePodOpDag.py for tasks to queue
[2023-05-05 17:18:51,419] {logging_mixin.py:115} INFO - [2023-05-05 17:18:51,419] {dagbag.py:508} INFO - Filling up the DagBag from /opt/airflow/dags/kubePodOpDag.py
[2023-05-05 17:18:51,436] {processor.py:651} INFO - DAG(s) dict_keys(['hello_KubePodOp']) retrieved from /opt/airflow/dags/kubePodOpDag.py
[2023-05-05 17:18:51,470] {logging_mixin.py:115} INFO - [2023-05-05 17:18:51,470] {dag.py:2420} INFO - Sync 1 DAGs
[2023-05-05 17:18:51,486] {logging_mixin.py:115} INFO - [2023-05-05 17:18:51,486] {dag.py:2968} INFO - Setting next_dagrun for hello_KubePodOp to 2023-05-04T12:00:00+00:00, run_after=2023-05-05T12:00:00+00:00
[2023-05-05 17:18:51,503] {processor.py:161} INFO - Processing /opt/airflow/dags/kubePodOpDag.py took 0.089 seconds
[2023-05-05 17:19:21,614] {processor.py:153} INFO - Started process (PID=83) to work on /opt/airflow/dags/kubePodOpDag.py
[2023-05-05 17:19:21,616] {processor.py:641} INFO - Processing file /opt/airflow/dags/kubePodOpDag.py for tasks to queue
[2023-05-05 17:19:21,617] {logging_mixin.py:115} INFO - [2023-05-05 17:19:21,617] {dagbag.py:508} INFO - Filling up the DagBag from /opt/airflow/dags/kubePodOpDag.py
[2023-05-05 17:19:21,634] {processor.py:651} INFO - DAG(s) dict_keys(['hello_KubePodOp']) retrieved from /opt/airflow/dags/kubePodOpDag.py
[2023-05-05 17:19:21,667] {logging_mixin.py:115} INFO - [2023-05-05 17:19:21,667] {dag.py:2420} INFO - Sync 1 DAGs
[2023-05-05 17:19:21,681] {logging_mixin.py:115} INFO - [2023-05-05 17:19:21,681] {dag.py:2968} INFO - Setting next_dagrun for hello_KubePodOp to 2023-05-04T12:00:00+00:00, run_after=2023-05-05T12:00:00+00:00
[2023-05-05 17:19:21,694] {processor.py:161} INFO - Processing /opt/airflow/dags/kubePodOpDag.py took 0.083 seconds
[2023-05-05 17:19:51,846] {processor.py:153} INFO - Started process (PID=97) to work on /opt/airflow/dags/kubePodOpDag.py
[2023-05-05 17:19:51,847] {processor.py:641} INFO - Processing file /opt/airflow/dags/kubePodOpDag.py for tasks to queue
[2023-05-05 17:19:51,848] {logging_mixin.py:115} INFO - [2023-05-05 17:19:51,848] {dagbag.py:508} INFO - Filling up the DagBag from /opt/airflow/dags/kubePodOpDag.py
[2023-05-05 17:19:51,863] {processor.py:651} INFO - DAG(s) dict_keys(['hello_KubePodOp']) retrieved from /opt/airflow/dags/kubePodOpDag.py
[2023-05-05 17:19:51,889] {logging_mixin.py:115} INFO - [2023-05-05 17:19:51,889] {dag.py:2420} INFO - Sync 1 DAGs
[2023-05-05 17:19:51,904] {logging_mixin.py:115} INFO - [2023-05-05 17:19:51,904] {dag.py:2968} INFO - Setting next_dagrun for hello_KubePodOp to 2023-05-04T12:00:00+00:00, run_after=2023-05-05T12:00:00+00:00
[2023-05-05 17:19:51,915] {processor.py:161} INFO - Processing /opt/airflow/dags/kubePodOpDag.py took 0.074 seconds
[2023-05-05 17:20:22,025] {processor.py:153} INFO - Started process (PID=111) to work on /opt/airflow/dags/kubePodOpDag.py
[2023-05-05 17:20:22,027] {processor.py:641} INFO - Processing file /opt/airflow/dags/kubePodOpDag.py for tasks to queue
[2023-05-05 17:20:22,028] {logging_mixin.py:115} INFO - [2023-05-05 17:20:22,028] {dagbag.py:508} INFO - Filling up the DagBag from /opt/airflow/dags/kubePodOpDag.py
[2023-05-05 17:20:22,042] {processor.py:651} INFO - DAG(s) dict_keys(['hello_KubePodOp']) retrieved from /opt/airflow/dags/kubePodOpDag.py
[2023-05-05 17:20:22,069] {logging_mixin.py:115} INFO - [2023-05-05 17:20:22,069] {dag.py:2420} INFO - Sync 1 DAGs
[2023-05-05 17:20:22,083] {logging_mixin.py:115} INFO - [2023-05-05 17:20:22,083] {dag.py:2968} INFO - Setting next_dagrun for hello_KubePodOp to 2023-05-04T12:00:00+00:00, run_after=2023-05-05T12:00:00+00:00
[2023-05-05 17:20:22,097] {processor.py:161} INFO - Processing /opt/airflow/dags/kubePodOpDag.py took 0.076 seconds
[2023-05-05 17:20:52,198] {processor.py:153} INFO - Started process (PID=125) to work on /opt/airflow/dags/kubePodOpDag.py
[2023-05-05 17:20:52,200] {processor.py:641} INFO - Processing file /opt/airflow/dags/kubePodOpDag.py for tasks to queue
[2023-05-05 17:20:52,202] {logging_mixin.py:115} INFO - [2023-05-05 17:20:52,202] {dagbag.py:508} INFO - Filling up the DagBag from /opt/airflow/dags/kubePodOpDag.py
[2023-05-05 17:20:52,216] {processor.py:651} INFO - DAG(s) dict_keys(['hello_KubePodOp']) retrieved from /opt/airflow/dags/kubePodOpDag.py
[2023-05-05 17:20:52,243] {logging_mixin.py:115} INFO - [2023-05-05 17:20:52,243] {dag.py:2420} INFO - Sync 1 DAGs
[2023-05-05 17:20:52,257] {logging_mixin.py:115} INFO - [2023-05-05 17:20:52,256] {dag.py:2968} INFO - Setting next_dagrun for hello_KubePodOp to 2023-05-04T12:00:00+00:00, run_after=2023-05-05T12:00:00+00:00
[2023-05-05 17:20:52,268] {processor.py:161} INFO - Processing /opt/airflow/dags/kubePodOpDag.py took 0.073 seconds
[2023-05-05 17:21:22,363] {processor.py:153} INFO - Started process (PID=139) to work on /opt/airflow/dags/kubePodOpDag.py
[2023-05-05 17:21:22,364] {processor.py:641} INFO - Processing file /opt/airflow/dags/kubePodOpDag.py for tasks to queue
[2023-05-05 17:21:22,365] {logging_mixin.py:115} INFO - [2023-05-05 17:21:22,365] {dagbag.py:508} INFO - Filling up the DagBag from /opt/airflow/dags/kubePodOpDag.py
[2023-05-05 17:21:22,379] {processor.py:651} INFO - DAG(s) dict_keys(['hello_KubePodOp']) retrieved from /opt/airflow/dags/kubePodOpDag.py
[2023-05-05 17:21:22,406] {logging_mixin.py:115} INFO - [2023-05-05 17:21:22,405] {dag.py:2420} INFO - Sync 1 DAGs
[2023-05-05 17:21:22,420] {logging_mixin.py:115} INFO - [2023-05-05 17:21:22,420] {dag.py:2968} INFO - Setting next_dagrun for hello_KubePodOp to 2023-05-04T12:00:00+00:00, run_after=2023-05-05T12:00:00+00:00
[2023-05-05 17:21:22,432] {processor.py:161} INFO - Processing /opt/airflow/dags/kubePodOpDag.py took 0.072 seconds
[2023-05-05 17:21:52,521] {processor.py:153} INFO - Started process (PID=153) to work on /opt/airflow/dags/kubePodOpDag.py
[2023-05-05 17:21:52,538] {processor.py:641} INFO - Processing file /opt/airflow/dags/kubePodOpDag.py for tasks to queue
[2023-05-05 17:21:52,556] {logging_mixin.py:115} INFO - [2023-05-05 17:21:52,556] {dagbag.py:508} INFO - Filling up the DagBag from /opt/airflow/dags/kubePodOpDag.py
[2023-05-05 17:21:52,568] {processor.py:651} INFO - DAG(s) dict_keys(['hello_KubePodOp']) retrieved from /opt/airflow/dags/kubePodOpDag.py
[2023-05-05 17:21:52,594] {logging_mixin.py:115} INFO - [2023-05-05 17:21:52,594] {dag.py:2420} INFO - Sync 1 DAGs
[2023-05-05 17:21:52,609] {logging_mixin.py:115} INFO - [2023-05-05 17:21:52,609] {dag.py:2968} INFO - Setting next_dagrun for hello_KubePodOp to 2023-05-04T12:00:00+00:00, run_after=2023-05-05T12:00:00+00:00
[2023-05-05 17:21:52,621] {processor.py:161} INFO - Processing /opt/airflow/dags/kubePodOpDag.py took 0.103 seconds
[2023-05-05 17:22:22,733] {processor.py:153} INFO - Started process (PID=167) to work on /opt/airflow/dags/kubePodOpDag.py
[2023-05-05 17:22:22,734] {processor.py:641} INFO - Processing file /opt/airflow/dags/kubePodOpDag.py for tasks to queue
[2023-05-05 17:22:22,737] {logging_mixin.py:115} INFO - [2023-05-05 17:22:22,737] {dagbag.py:508} INFO - Filling up the DagBag from /opt/airflow/dags/kubePodOpDag.py
[2023-05-05 17:22:22,750] {processor.py:651} INFO - DAG(s) dict_keys(['hello_KubePodOp']) retrieved from /opt/airflow/dags/kubePodOpDag.py
[2023-05-05 17:22:22,776] {logging_mixin.py:115} INFO - [2023-05-05 17:22:22,776] {dag.py:2420} INFO - Sync 1 DAGs
[2023-05-05 17:22:22,790] {logging_mixin.py:115} INFO - [2023-05-05 17:22:22,790] {dag.py:2968} INFO - Setting next_dagrun for hello_KubePodOp to 2023-05-04T12:00:00+00:00, run_after=2023-05-05T12:00:00+00:00
[2023-05-05 17:22:22,803] {processor.py:161} INFO - Processing /opt/airflow/dags/kubePodOpDag.py took 0.073 seconds
[2023-05-05 17:22:52,940] {processor.py:153} INFO - Started process (PID=181) to work on /opt/airflow/dags/kubePodOpDag.py
[2023-05-05 17:22:52,942] {processor.py:641} INFO - Processing file /opt/airflow/dags/kubePodOpDag.py for tasks to queue
[2023-05-05 17:22:52,943] {logging_mixin.py:115} INFO - [2023-05-05 17:22:52,943] {dagbag.py:508} INFO - Filling up the DagBag from /opt/airflow/dags/kubePodOpDag.py
[2023-05-05 17:22:52,957] {processor.py:651} INFO - DAG(s) dict_keys(['hello_KubePodOp']) retrieved from /opt/airflow/dags/kubePodOpDag.py
[2023-05-05 17:22:52,984] {logging_mixin.py:115} INFO - [2023-05-05 17:22:52,984] {dag.py:2420} INFO - Sync 1 DAGs
[2023-05-05 17:22:52,998] {logging_mixin.py:115} INFO - [2023-05-05 17:22:52,998] {dag.py:2968} INFO - Setting next_dagrun for hello_KubePodOp to 2023-05-04T12:00:00+00:00, run_after=2023-05-05T12:00:00+00:00
[2023-05-05 17:22:53,009] {processor.py:161} INFO - Processing /opt/airflow/dags/kubePodOpDag.py took 0.072 seconds
[2023-05-05 17:23:23,133] {processor.py:153} INFO - Started process (PID=195) to work on /opt/airflow/dags/kubePodOpDag.py
[2023-05-05 17:23:23,135] {processor.py:641} INFO - Processing file /opt/airflow/dags/kubePodOpDag.py for tasks to queue
[2023-05-05 17:23:23,139] {logging_mixin.py:115} INFO - [2023-05-05 17:23:23,139] {dagbag.py:508} INFO - Filling up the DagBag from /opt/airflow/dags/kubePodOpDag.py
[2023-05-05 17:23:23,153] {processor.py:651} INFO - DAG(s) dict_keys(['hello_KubePodOp']) retrieved from /opt/airflow/dags/kubePodOpDag.py
[2023-05-05 17:23:23,180] {logging_mixin.py:115} INFO - [2023-05-05 17:23:23,180] {dag.py:2420} INFO - Sync 1 DAGs
[2023-05-05 17:23:23,194] {logging_mixin.py:115} INFO - [2023-05-05 17:23:23,194] {dag.py:2968} INFO - Setting next_dagrun for hello_KubePodOp to 2023-05-04T12:00:00+00:00, run_after=2023-05-05T12:00:00+00:00
[2023-05-05 17:23:23,207] {processor.py:161} INFO - Processing /opt/airflow/dags/kubePodOpDag.py took 0.077 seconds
[2023-05-05 17:23:53,306] {processor.py:153} INFO - Started process (PID=209) to work on /opt/airflow/dags/kubePodOpDag.py
[2023-05-05 17:23:53,308] {processor.py:641} INFO - Processing file /opt/airflow/dags/kubePodOpDag.py for tasks to queue
[2023-05-05 17:23:53,309] {logging_mixin.py:115} INFO - [2023-05-05 17:23:53,309] {dagbag.py:508} INFO - Filling up the DagBag from /opt/airflow/dags/kubePodOpDag.py
[2023-05-05 17:23:53,322] {processor.py:651} INFO - DAG(s) dict_keys(['hello_KubePodOp']) retrieved from /opt/airflow/dags/kubePodOpDag.py
[2023-05-05 17:23:53,349] {logging_mixin.py:115} INFO - [2023-05-05 17:23:53,349] {dag.py:2420} INFO - Sync 1 DAGs
[2023-05-05 17:23:53,362] {logging_mixin.py:115} INFO - [2023-05-05 17:23:53,362] {dag.py:2968} INFO - Setting next_dagrun for hello_KubePodOp to 2023-05-04T12:00:00+00:00, run_after=2023-05-05T12:00:00+00:00
[2023-05-05 17:23:53,373] {processor.py:161} INFO - Processing /opt/airflow/dags/kubePodOpDag.py took 0.068 seconds
[2023-05-05 17:24:23,459] {processor.py:153} INFO - Started process (PID=223) to work on /opt/airflow/dags/kubePodOpDag.py
[2023-05-05 17:24:23,460] {processor.py:641} INFO - Processing file /opt/airflow/dags/kubePodOpDag.py for tasks to queue
[2023-05-05 17:24:23,462] {logging_mixin.py:115} INFO - [2023-05-05 17:24:23,462] {dagbag.py:508} INFO - Filling up the DagBag from /opt/airflow/dags/kubePodOpDag.py
[2023-05-05 17:24:23,477] {processor.py:651} INFO - DAG(s) dict_keys(['hello_KubePodOp']) retrieved from /opt/airflow/dags/kubePodOpDag.py
[2023-05-05 17:24:23,506] {logging_mixin.py:115} INFO - [2023-05-05 17:24:23,506] {dag.py:2420} INFO - Sync 1 DAGs
[2023-05-05 17:24:23,521] {logging_mixin.py:115} INFO - [2023-05-05 17:24:23,521] {dag.py:2968} INFO - Setting next_dagrun for hello_KubePodOp to 2023-05-04T12:00:00+00:00, run_after=2023-05-05T12:00:00+00:00
[2023-05-05 17:24:23,533] {processor.py:161} INFO - Processing /opt/airflow/dags/kubePodOpDag.py took 0.078 seconds
[2023-05-05 17:24:53,649] {processor.py:153} INFO - Started process (PID=237) to work on /opt/airflow/dags/kubePodOpDag.py
[2023-05-05 17:24:53,650] {processor.py:641} INFO - Processing file /opt/airflow/dags/kubePodOpDag.py for tasks to queue
[2023-05-05 17:24:53,652] {logging_mixin.py:115} INFO - [2023-05-05 17:24:53,651] {dagbag.py:508} INFO - Filling up the DagBag from /opt/airflow/dags/kubePodOpDag.py
[2023-05-05 17:24:53,665] {processor.py:651} INFO - DAG(s) dict_keys(['hello_KubePodOp']) retrieved from /opt/airflow/dags/kubePodOpDag.py
[2023-05-05 17:24:53,694] {logging_mixin.py:115} INFO - [2023-05-05 17:24:53,694] {dag.py:2420} INFO - Sync 1 DAGs
[2023-05-05 17:24:53,710] {logging_mixin.py:115} INFO - [2023-05-05 17:24:53,709] {dag.py:2968} INFO - Setting next_dagrun for hello_KubePodOp to 2023-05-04T12:00:00+00:00, run_after=2023-05-05T12:00:00+00:00
[2023-05-05 17:24:53,723] {processor.py:161} INFO - Processing /opt/airflow/dags/kubePodOpDag.py took 0.076 seconds
[2023-05-05 17:25:23,853] {processor.py:153} INFO - Started process (PID=250) to work on /opt/airflow/dags/kubePodOpDag.py
[2023-05-05 17:25:23,855] {processor.py:641} INFO - Processing file /opt/airflow/dags/kubePodOpDag.py for tasks to queue
[2023-05-05 17:25:23,856] {logging_mixin.py:115} INFO - [2023-05-05 17:25:23,856] {dagbag.py:508} INFO - Filling up the DagBag from /opt/airflow/dags/kubePodOpDag.py
[2023-05-05 17:25:23,874] {processor.py:651} INFO - DAG(s) dict_keys(['hello_KubePodOp']) retrieved from /opt/airflow/dags/kubePodOpDag.py
[2023-05-05 17:25:23,900] {logging_mixin.py:115} INFO - [2023-05-05 17:25:23,900] {dag.py:2420} INFO - Sync 1 DAGs
[2023-05-05 17:25:23,916] {logging_mixin.py:115} INFO - [2023-05-05 17:25:23,916] {dag.py:2968} INFO - Setting next_dagrun for hello_KubePodOp to 2023-05-04T12:00:00+00:00, run_after=2023-05-05T12:00:00+00:00
[2023-05-05 17:25:23,930] {processor.py:161} INFO - Processing /opt/airflow/dags/kubePodOpDag.py took 0.081 seconds
[2023-05-05 17:25:54,049] {processor.py:153} INFO - Started process (PID=265) to work on /opt/airflow/dags/kubePodOpDag.py
[2023-05-05 17:25:54,051] {processor.py:641} INFO - Processing file /opt/airflow/dags/kubePodOpDag.py for tasks to queue
[2023-05-05 17:25:54,053] {logging_mixin.py:115} INFO - [2023-05-05 17:25:54,053] {dagbag.py:508} INFO - Filling up the DagBag from /opt/airflow/dags/kubePodOpDag.py
[2023-05-05 17:25:54,071] {processor.py:651} INFO - DAG(s) dict_keys(['hello_KubePodOp']) retrieved from /opt/airflow/dags/kubePodOpDag.py
[2023-05-05 17:25:54,106] {logging_mixin.py:115} INFO - [2023-05-05 17:25:54,106] {dag.py:2420} INFO - Sync 1 DAGs
[2023-05-05 17:25:54,122] {logging_mixin.py:115} INFO - [2023-05-05 17:25:54,122] {dag.py:2968} INFO - Setting next_dagrun for hello_KubePodOp to 2023-05-04T12:00:00+00:00, run_after=2023-05-05T12:00:00+00:00
[2023-05-05 17:25:54,135] {processor.py:161} INFO - Processing /opt/airflow/dags/kubePodOpDag.py took 0.092 seconds
[2023-05-05 17:26:24,231] {processor.py:153} INFO - Started process (PID=279) to work on /opt/airflow/dags/kubePodOpDag.py
[2023-05-05 17:26:24,232] {processor.py:641} INFO - Processing file /opt/airflow/dags/kubePodOpDag.py for tasks to queue
[2023-05-05 17:26:24,233] {logging_mixin.py:115} INFO - [2023-05-05 17:26:24,233] {dagbag.py:508} INFO - Filling up the DagBag from /opt/airflow/dags/kubePodOpDag.py
[2023-05-05 17:26:24,246] {processor.py:651} INFO - DAG(s) dict_keys(['hello_KubePodOp']) retrieved from /opt/airflow/dags/kubePodOpDag.py
[2023-05-05 17:26:24,274] {logging_mixin.py:115} INFO - [2023-05-05 17:26:24,274] {dag.py:2420} INFO - Sync 1 DAGs
[2023-05-05 17:26:24,289] {logging_mixin.py:115} INFO - [2023-05-05 17:26:24,289] {dag.py:2968} INFO - Setting next_dagrun for hello_KubePodOp to 2023-05-04T12:00:00+00:00, run_after=2023-05-05T12:00:00+00:00
[2023-05-05 17:26:24,301] {processor.py:161} INFO - Processing /opt/airflow/dags/kubePodOpDag.py took 0.071 seconds
[2023-05-05 17:26:54,403] {processor.py:153} INFO - Started process (PID=293) to work on /opt/airflow/dags/kubePodOpDag.py
[2023-05-05 17:26:54,404] {processor.py:641} INFO - Processing file /opt/airflow/dags/kubePodOpDag.py for tasks to queue
[2023-05-05 17:26:54,407] {logging_mixin.py:115} INFO - [2023-05-05 17:26:54,407] {dagbag.py:508} INFO - Filling up the DagBag from /opt/airflow/dags/kubePodOpDag.py
[2023-05-05 17:26:54,420] {processor.py:651} INFO - DAG(s) dict_keys(['hello_KubePodOp']) retrieved from /opt/airflow/dags/kubePodOpDag.py
[2023-05-05 17:26:54,448] {logging_mixin.py:115} INFO - [2023-05-05 17:26:54,448] {dag.py:2420} INFO - Sync 1 DAGs
[2023-05-05 17:26:54,462] {logging_mixin.py:115} INFO - [2023-05-05 17:26:54,462] {dag.py:2968} INFO - Setting next_dagrun for hello_KubePodOp to 2023-05-04T12:00:00+00:00, run_after=2023-05-05T12:00:00+00:00
[2023-05-05 17:26:54,474] {processor.py:161} INFO - Processing /opt/airflow/dags/kubePodOpDag.py took 0.074 seconds
[2023-05-05 17:27:24,570] {processor.py:153} INFO - Started process (PID=307) to work on /opt/airflow/dags/kubePodOpDag.py
[2023-05-05 17:27:24,572] {processor.py:641} INFO - Processing file /opt/airflow/dags/kubePodOpDag.py for tasks to queue
[2023-05-05 17:27:24,574] {logging_mixin.py:115} INFO - [2023-05-05 17:27:24,574] {dagbag.py:508} INFO - Filling up the DagBag from /opt/airflow/dags/kubePodOpDag.py
[2023-05-05 17:27:24,588] {processor.py:651} INFO - DAG(s) dict_keys(['hello_KubePodOp']) retrieved from /opt/airflow/dags/kubePodOpDag.py
[2023-05-05 17:27:24,616] {logging_mixin.py:115} INFO - [2023-05-05 17:27:24,616] {dag.py:2420} INFO - Sync 1 DAGs
[2023-05-05 17:27:24,631] {logging_mixin.py:115} INFO - [2023-05-05 17:27:24,631] {dag.py:2968} INFO - Setting next_dagrun for hello_KubePodOp to 2023-05-04T12:00:00+00:00, run_after=2023-05-05T12:00:00+00:00
[2023-05-05 17:27:24,644] {processor.py:161} INFO - Processing /opt/airflow/dags/kubePodOpDag.py took 0.077 seconds
[2023-05-05 17:27:54,779] {processor.py:153} INFO - Started process (PID=321) to work on /opt/airflow/dags/kubePodOpDag.py
[2023-05-05 17:27:54,781] {processor.py:641} INFO - Processing file /opt/airflow/dags/kubePodOpDag.py for tasks to queue
[2023-05-05 17:27:54,782] {logging_mixin.py:115} INFO - [2023-05-05 17:27:54,782] {dagbag.py:508} INFO - Filling up the DagBag from /opt/airflow/dags/kubePodOpDag.py
[2023-05-05 17:27:54,802] {processor.py:651} INFO - DAG(s) dict_keys(['hello_KubePodOp']) retrieved from /opt/airflow/dags/kubePodOpDag.py
[2023-05-05 17:27:54,826] {logging_mixin.py:115} INFO - [2023-05-05 17:27:54,826] {dag.py:2420} INFO - Sync 1 DAGs
[2023-05-05 17:27:54,841] {logging_mixin.py:115} INFO - [2023-05-05 17:27:54,841] {dag.py:2968} INFO - Setting next_dagrun for hello_KubePodOp to 2023-05-04T12:00:00+00:00, run_after=2023-05-05T12:00:00+00:00
[2023-05-05 17:27:54,853] {processor.py:161} INFO - Processing /opt/airflow/dags/kubePodOpDag.py took 0.076 seconds
[2023-05-05 17:28:24,957] {processor.py:153} INFO - Started process (PID=335) to work on /opt/airflow/dags/kubePodOpDag.py
[2023-05-05 17:28:24,958] {processor.py:641} INFO - Processing file /opt/airflow/dags/kubePodOpDag.py for tasks to queue
[2023-05-05 17:28:24,959] {logging_mixin.py:115} INFO - [2023-05-05 17:28:24,959] {dagbag.py:508} INFO - Filling up the DagBag from /opt/airflow/dags/kubePodOpDag.py
[2023-05-05 17:28:24,976] {processor.py:651} INFO - DAG(s) dict_keys(['hello_KubePodOp']) retrieved from /opt/airflow/dags/kubePodOpDag.py
[2023-05-05 17:28:24,999] {logging_mixin.py:115} INFO - [2023-05-05 17:28:24,999] {dag.py:2420} INFO - Sync 1 DAGs
[2023-05-05 17:28:25,013] {logging_mixin.py:115} INFO - [2023-05-05 17:28:25,013] {dag.py:2968} INFO - Setting next_dagrun for hello_KubePodOp to 2023-05-04T12:00:00+00:00, run_after=2023-05-05T12:00:00+00:00
[2023-05-05 17:28:25,025] {processor.py:161} INFO - Processing /opt/airflow/dags/kubePodOpDag.py took 0.071 seconds
[2023-05-05 17:28:55,140] {processor.py:153} INFO - Started process (PID=349) to work on /opt/airflow/dags/kubePodOpDag.py
[2023-05-05 17:28:55,142] {processor.py:641} INFO - Processing file /opt/airflow/dags/kubePodOpDag.py for tasks to queue
[2023-05-05 17:28:55,144] {logging_mixin.py:115} INFO - [2023-05-05 17:28:55,144] {dagbag.py:508} INFO - Filling up the DagBag from /opt/airflow/dags/kubePodOpDag.py
[2023-05-05 17:28:55,165] {processor.py:651} INFO - DAG(s) dict_keys(['hello_KubePodOp']) retrieved from /opt/airflow/dags/kubePodOpDag.py
[2023-05-05 17:28:55,196] {logging_mixin.py:115} INFO - [2023-05-05 17:28:55,196] {dag.py:2420} INFO - Sync 1 DAGs
[2023-05-05 17:28:55,216] {logging_mixin.py:115} INFO - [2023-05-05 17:28:55,216] {dag.py:2968} INFO - Setting next_dagrun for hello_KubePodOp to 2023-05-04T12:00:00+00:00, run_after=2023-05-05T12:00:00+00:00
[2023-05-05 17:28:55,233] {processor.py:161} INFO - Processing /opt/airflow/dags/kubePodOpDag.py took 0.096 seconds
[2023-05-05 17:29:25,334] {processor.py:153} INFO - Started process (PID=363) to work on /opt/airflow/dags/kubePodOpDag.py
[2023-05-05 17:29:25,336] {processor.py:641} INFO - Processing file /opt/airflow/dags/kubePodOpDag.py for tasks to queue
[2023-05-05 17:29:25,337] {logging_mixin.py:115} INFO - [2023-05-05 17:29:25,337] {dagbag.py:508} INFO - Filling up the DagBag from /opt/airflow/dags/kubePodOpDag.py
[2023-05-05 17:29:25,356] {processor.py:651} INFO - DAG(s) dict_keys(['hello_KubePodOp']) retrieved from /opt/airflow/dags/kubePodOpDag.py
[2023-05-05 17:29:25,384] {logging_mixin.py:115} INFO - [2023-05-05 17:29:25,383] {dag.py:2420} INFO - Sync 1 DAGs
[2023-05-05 17:29:25,397] {logging_mixin.py:115} INFO - [2023-05-05 17:29:25,397] {dag.py:2968} INFO - Setting next_dagrun for hello_KubePodOp to 2023-05-04T12:00:00+00:00, run_after=2023-05-05T12:00:00+00:00
[2023-05-05 17:29:25,409] {processor.py:161} INFO - Processing /opt/airflow/dags/kubePodOpDag.py took 0.078 seconds
[2023-05-05 17:29:55,515] {processor.py:153} INFO - Started process (PID=377) to work on /opt/airflow/dags/kubePodOpDag.py
[2023-05-05 17:29:55,516] {processor.py:641} INFO - Processing file /opt/airflow/dags/kubePodOpDag.py for tasks to queue
[2023-05-05 17:29:55,518] {logging_mixin.py:115} INFO - [2023-05-05 17:29:55,518] {dagbag.py:508} INFO - Filling up the DagBag from /opt/airflow/dags/kubePodOpDag.py
[2023-05-05 17:29:55,540] {processor.py:651} INFO - DAG(s) dict_keys(['hello_KubePodOp']) retrieved from /opt/airflow/dags/kubePodOpDag.py
[2023-05-05 17:29:55,565] {logging_mixin.py:115} INFO - [2023-05-05 17:29:55,565] {dag.py:2420} INFO - Sync 1 DAGs
[2023-05-05 17:29:55,580] {logging_mixin.py:115} INFO - [2023-05-05 17:29:55,580] {dag.py:2968} INFO - Setting next_dagrun for hello_KubePodOp to 2023-05-04T12:00:00+00:00, run_after=2023-05-05T12:00:00+00:00
[2023-05-05 17:29:55,654] {processor.py:161} INFO - Processing /opt/airflow/dags/kubePodOpDag.py took 0.142 seconds
[2023-05-05 17:30:25,768] {processor.py:153} INFO - Started process (PID=391) to work on /opt/airflow/dags/kubePodOpDag.py
[2023-05-05 17:30:25,770] {processor.py:641} INFO - Processing file /opt/airflow/dags/kubePodOpDag.py for tasks to queue
[2023-05-05 17:30:25,771] {logging_mixin.py:115} INFO - [2023-05-05 17:30:25,771] {dagbag.py:508} INFO - Filling up the DagBag from /opt/airflow/dags/kubePodOpDag.py
[2023-05-05 17:30:25,789] {processor.py:651} INFO - DAG(s) dict_keys(['hello_KubePodOp']) retrieved from /opt/airflow/dags/kubePodOpDag.py
[2023-05-05 17:30:25,813] {logging_mixin.py:115} INFO - [2023-05-05 17:30:25,813] {dag.py:2420} INFO - Sync 1 DAGs
[2023-05-05 17:30:25,827] {logging_mixin.py:115} INFO - [2023-05-05 17:30:25,827] {dag.py:2968} INFO - Setting next_dagrun for hello_KubePodOp to 2023-05-04T12:00:00+00:00, run_after=2023-05-05T12:00:00+00:00
[2023-05-05 17:30:25,838] {processor.py:161} INFO - Processing /opt/airflow/dags/kubePodOpDag.py took 0.074 seconds
[2023-05-05 17:30:55,961] {processor.py:153} INFO - Started process (PID=405) to work on /opt/airflow/dags/kubePodOpDag.py
[2023-05-05 17:30:55,963] {processor.py:641} INFO - Processing file /opt/airflow/dags/kubePodOpDag.py for tasks to queue
[2023-05-05 17:30:55,964] {logging_mixin.py:115} INFO - [2023-05-05 17:30:55,964] {dagbag.py:508} INFO - Filling up the DagBag from /opt/airflow/dags/kubePodOpDag.py
[2023-05-05 17:30:55,982] {processor.py:651} INFO - DAG(s) dict_keys(['hello_KubePodOp']) retrieved from /opt/airflow/dags/kubePodOpDag.py
[2023-05-05 17:30:56,006] {logging_mixin.py:115} INFO - [2023-05-05 17:30:56,006] {dag.py:2420} INFO - Sync 1 DAGs
[2023-05-05 17:30:56,021] {logging_mixin.py:115} INFO - [2023-05-05 17:30:56,021] {dag.py:2968} INFO - Setting next_dagrun for hello_KubePodOp to 2023-05-04T12:00:00+00:00, run_after=2023-05-05T12:00:00+00:00
[2023-05-05 17:30:56,033] {processor.py:161} INFO - Processing /opt/airflow/dags/kubePodOpDag.py took 0.077 seconds
[2023-05-05 17:31:26,176] {processor.py:153} INFO - Started process (PID=420) to work on /opt/airflow/dags/kubePodOpDag.py
[2023-05-05 17:31:26,177] {processor.py:641} INFO - Processing file /opt/airflow/dags/kubePodOpDag.py for tasks to queue
[2023-05-05 17:31:26,179] {logging_mixin.py:115} INFO - [2023-05-05 17:31:26,178] {dagbag.py:508} INFO - Filling up the DagBag from /opt/airflow/dags/kubePodOpDag.py
[2023-05-05 17:31:26,199] {processor.py:651} INFO - DAG(s) dict_keys(['hello_KubePodOp']) retrieved from /opt/airflow/dags/kubePodOpDag.py
[2023-05-05 17:31:26,223] {logging_mixin.py:115} INFO - [2023-05-05 17:31:26,223] {dag.py:2420} INFO - Sync 1 DAGs
[2023-05-05 17:31:26,237] {logging_mixin.py:115} INFO - [2023-05-05 17:31:26,237] {dag.py:2968} INFO - Setting next_dagrun for hello_KubePodOp to 2023-05-04T12:00:00+00:00, run_after=2023-05-05T12:00:00+00:00
[2023-05-05 17:31:26,249] {processor.py:161} INFO - Processing /opt/airflow/dags/kubePodOpDag.py took 0.076 seconds
[2023-05-05 17:31:56,351] {processor.py:153} INFO - Started process (PID=433) to work on /opt/airflow/dags/kubePodOpDag.py
[2023-05-05 17:31:56,353] {processor.py:641} INFO - Processing file /opt/airflow/dags/kubePodOpDag.py for tasks to queue
[2023-05-05 17:31:56,355] {logging_mixin.py:115} INFO - [2023-05-05 17:31:56,355] {dagbag.py:508} INFO - Filling up the DagBag from /opt/airflow/dags/kubePodOpDag.py
[2023-05-05 17:31:56,373] {processor.py:651} INFO - DAG(s) dict_keys(['hello_KubePodOp']) retrieved from /opt/airflow/dags/kubePodOpDag.py
[2023-05-05 17:31:56,396] {logging_mixin.py:115} INFO - [2023-05-05 17:31:56,396] {dag.py:2420} INFO - Sync 1 DAGs
[2023-05-05 17:31:56,411] {logging_mixin.py:115} INFO - [2023-05-05 17:31:56,411] {dag.py:2968} INFO - Setting next_dagrun for hello_KubePodOp to 2023-05-04T12:00:00+00:00, run_after=2023-05-05T12:00:00+00:00
[2023-05-05 17:31:56,423] {processor.py:161} INFO - Processing /opt/airflow/dags/kubePodOpDag.py took 0.075 seconds
[2023-05-05 17:32:26,521] {processor.py:153} INFO - Started process (PID=447) to work on /opt/airflow/dags/kubePodOpDag.py
[2023-05-05 17:32:26,523] {processor.py:641} INFO - Processing file /opt/airflow/dags/kubePodOpDag.py for tasks to queue
[2023-05-05 17:32:26,526] {logging_mixin.py:115} INFO - [2023-05-05 17:32:26,526] {dagbag.py:508} INFO - Filling up the DagBag from /opt/airflow/dags/kubePodOpDag.py
[2023-05-05 17:32:26,542] {processor.py:651} INFO - DAG(s) dict_keys(['hello_KubePodOp']) retrieved from /opt/airflow/dags/kubePodOpDag.py
[2023-05-05 17:32:26,566] {logging_mixin.py:115} INFO - [2023-05-05 17:32:26,566] {dag.py:2420} INFO - Sync 1 DAGs
[2023-05-05 17:32:26,581] {logging_mixin.py:115} INFO - [2023-05-05 17:32:26,581] {dag.py:2968} INFO - Setting next_dagrun for hello_KubePodOp to 2023-05-04T12:00:00+00:00, run_after=2023-05-05T12:00:00+00:00
[2023-05-05 17:32:26,594] {processor.py:161} INFO - Processing /opt/airflow/dags/kubePodOpDag.py took 0.075 seconds
[2023-05-05 17:32:56,750] {processor.py:153} INFO - Started process (PID=461) to work on /opt/airflow/dags/kubePodOpDag.py
[2023-05-05 17:32:56,751] {processor.py:641} INFO - Processing file /opt/airflow/dags/kubePodOpDag.py for tasks to queue
[2023-05-05 17:32:56,753] {logging_mixin.py:115} INFO - [2023-05-05 17:32:56,753] {dagbag.py:508} INFO - Filling up the DagBag from /opt/airflow/dags/kubePodOpDag.py
[2023-05-05 17:32:56,773] {processor.py:651} INFO - DAG(s) dict_keys(['hello_KubePodOp']) retrieved from /opt/airflow/dags/kubePodOpDag.py
[2023-05-05 17:32:56,802] {logging_mixin.py:115} INFO - [2023-05-05 17:32:56,802] {dag.py:2420} INFO - Sync 1 DAGs
[2023-05-05 17:32:56,821] {logging_mixin.py:115} INFO - [2023-05-05 17:32:56,821] {dag.py:2968} INFO - Setting next_dagrun for hello_KubePodOp to 2023-05-04T12:00:00+00:00, run_after=2023-05-05T12:00:00+00:00
[2023-05-05 17:32:56,832] {processor.py:161} INFO - Processing /opt/airflow/dags/kubePodOpDag.py took 0.087 seconds
[2023-05-05 17:33:26,966] {processor.py:153} INFO - Started process (PID=475) to work on /opt/airflow/dags/kubePodOpDag.py
[2023-05-05 17:33:26,968] {processor.py:641} INFO - Processing file /opt/airflow/dags/kubePodOpDag.py for tasks to queue
[2023-05-05 17:33:26,969] {logging_mixin.py:115} INFO - [2023-05-05 17:33:26,969] {dagbag.py:508} INFO - Filling up the DagBag from /opt/airflow/dags/kubePodOpDag.py
[2023-05-05 17:33:26,989] {processor.py:651} INFO - DAG(s) dict_keys(['hello_KubePodOp']) retrieved from /opt/airflow/dags/kubePodOpDag.py
[2023-05-05 17:33:27,015] {logging_mixin.py:115} INFO - [2023-05-05 17:33:27,015] {dag.py:2420} INFO - Sync 1 DAGs
[2023-05-05 17:33:27,030] {logging_mixin.py:115} INFO - [2023-05-05 17:33:27,030] {dag.py:2968} INFO - Setting next_dagrun for hello_KubePodOp to 2023-05-04T12:00:00+00:00, run_after=2023-05-05T12:00:00+00:00
[2023-05-05 17:33:27,043] {processor.py:161} INFO - Processing /opt/airflow/dags/kubePodOpDag.py took 0.081 seconds
[2023-05-05 17:33:57,183] {processor.py:153} INFO - Started process (PID=489) to work on /opt/airflow/dags/kubePodOpDag.py
[2023-05-05 17:33:57,185] {processor.py:641} INFO - Processing file /opt/airflow/dags/kubePodOpDag.py for tasks to queue
[2023-05-05 17:33:57,186] {logging_mixin.py:115} INFO - [2023-05-05 17:33:57,186] {dagbag.py:508} INFO - Filling up the DagBag from /opt/airflow/dags/kubePodOpDag.py
[2023-05-05 17:33:57,204] {processor.py:651} INFO - DAG(s) dict_keys(['hello_KubePodOp']) retrieved from /opt/airflow/dags/kubePodOpDag.py
[2023-05-05 17:33:57,229] {logging_mixin.py:115} INFO - [2023-05-05 17:33:57,229] {dag.py:2420} INFO - Sync 1 DAGs
[2023-05-05 17:33:57,245] {logging_mixin.py:115} INFO - [2023-05-05 17:33:57,245] {dag.py:2968} INFO - Setting next_dagrun for hello_KubePodOp to 2023-05-04T12:00:00+00:00, run_after=2023-05-05T12:00:00+00:00
[2023-05-05 17:33:57,259] {processor.py:161} INFO - Processing /opt/airflow/dags/kubePodOpDag.py took 0.079 seconds
[2023-05-05 17:34:27,347] {processor.py:153} INFO - Started process (PID=503) to work on /opt/airflow/dags/kubePodOpDag.py
[2023-05-05 17:34:27,350] {processor.py:641} INFO - Processing file /opt/airflow/dags/kubePodOpDag.py for tasks to queue
[2023-05-05 17:34:27,352] {logging_mixin.py:115} INFO - [2023-05-05 17:34:27,352] {dagbag.py:508} INFO - Filling up the DagBag from /opt/airflow/dags/kubePodOpDag.py
[2023-05-05 17:34:27,374] {processor.py:651} INFO - DAG(s) dict_keys(['hello_KubePodOp']) retrieved from /opt/airflow/dags/kubePodOpDag.py
[2023-05-05 17:34:27,403] {logging_mixin.py:115} INFO - [2023-05-05 17:34:27,403] {dag.py:2420} INFO - Sync 1 DAGs
[2023-05-05 17:34:27,423] {logging_mixin.py:115} INFO - [2023-05-05 17:34:27,423] {dag.py:2968} INFO - Setting next_dagrun for hello_KubePodOp to 2023-05-04T12:00:00+00:00, run_after=2023-05-05T12:00:00+00:00
[2023-05-05 17:34:27,437] {processor.py:161} INFO - Processing /opt/airflow/dags/kubePodOpDag.py took 0.093 seconds
[2023-05-05 17:34:57,565] {processor.py:153} INFO - Started process (PID=517) to work on /opt/airflow/dags/kubePodOpDag.py
[2023-05-05 17:34:57,566] {processor.py:641} INFO - Processing file /opt/airflow/dags/kubePodOpDag.py for tasks to queue
[2023-05-05 17:34:57,567] {logging_mixin.py:115} INFO - [2023-05-05 17:34:57,567] {dagbag.py:508} INFO - Filling up the DagBag from /opt/airflow/dags/kubePodOpDag.py
[2023-05-05 17:34:57,583] {processor.py:651} INFO - DAG(s) dict_keys(['hello_KubePodOp']) retrieved from /opt/airflow/dags/kubePodOpDag.py
[2023-05-05 17:34:57,608] {logging_mixin.py:115} INFO - [2023-05-05 17:34:57,608] {dag.py:2420} INFO - Sync 1 DAGs
[2023-05-05 17:34:57,622] {logging_mixin.py:115} INFO - [2023-05-05 17:34:57,622] {dag.py:2968} INFO - Setting next_dagrun for hello_KubePodOp to 2023-05-04T12:00:00+00:00, run_after=2023-05-05T12:00:00+00:00
[2023-05-05 17:34:57,633] {processor.py:161} INFO - Processing /opt/airflow/dags/kubePodOpDag.py took 0.073 seconds
[2023-05-05 17:35:27,753] {processor.py:153} INFO - Started process (PID=531) to work on /opt/airflow/dags/kubePodOpDag.py
[2023-05-05 17:35:27,755] {processor.py:641} INFO - Processing file /opt/airflow/dags/kubePodOpDag.py for tasks to queue
[2023-05-05 17:35:27,756] {logging_mixin.py:115} INFO - [2023-05-05 17:35:27,756] {dagbag.py:508} INFO - Filling up the DagBag from /opt/airflow/dags/kubePodOpDag.py
[2023-05-05 17:35:27,778] {processor.py:651} INFO - DAG(s) dict_keys(['hello_KubePodOp']) retrieved from /opt/airflow/dags/kubePodOpDag.py
[2023-05-05 17:35:27,809] {logging_mixin.py:115} INFO - [2023-05-05 17:35:27,809] {dag.py:2420} INFO - Sync 1 DAGs
[2023-05-05 17:35:27,825] {logging_mixin.py:115} INFO - [2023-05-05 17:35:27,825] {dag.py:2968} INFO - Setting next_dagrun for hello_KubePodOp to 2023-05-04T12:00:00+00:00, run_after=2023-05-05T12:00:00+00:00
[2023-05-05 17:35:27,838] {processor.py:161} INFO - Processing /opt/airflow/dags/kubePodOpDag.py took 0.090 seconds
[2023-05-05 17:35:57,917] {processor.py:153} INFO - Started process (PID=545) to work on /opt/airflow/dags/kubePodOpDag.py
[2023-05-05 17:35:57,918] {processor.py:641} INFO - Processing file /opt/airflow/dags/kubePodOpDag.py for tasks to queue
[2023-05-05 17:35:57,919] {logging_mixin.py:115} INFO - [2023-05-05 17:35:57,919] {dagbag.py:508} INFO - Filling up the DagBag from /opt/airflow/dags/kubePodOpDag.py
[2023-05-05 17:35:57,936] {processor.py:651} INFO - DAG(s) dict_keys(['hello_KubePodOp']) retrieved from /opt/airflow/dags/kubePodOpDag.py
[2023-05-05 17:35:57,959] {logging_mixin.py:115} INFO - [2023-05-05 17:35:57,959] {dag.py:2420} INFO - Sync 1 DAGs
[2023-05-05 17:35:57,975] {logging_mixin.py:115} INFO - [2023-05-05 17:35:57,975] {dag.py:2968} INFO - Setting next_dagrun for hello_KubePodOp to 2023-05-04T12:00:00+00:00, run_after=2023-05-05T12:00:00+00:00
[2023-05-05 17:35:57,988] {processor.py:161} INFO - Processing /opt/airflow/dags/kubePodOpDag.py took 0.074 seconds
[2023-05-05 17:36:28,078] {processor.py:153} INFO - Started process (PID=559) to work on /opt/airflow/dags/kubePodOpDag.py
[2023-05-05 17:36:28,079] {processor.py:641} INFO - Processing file /opt/airflow/dags/kubePodOpDag.py for tasks to queue
[2023-05-05 17:36:28,080] {logging_mixin.py:115} INFO - [2023-05-05 17:36:28,080] {dagbag.py:508} INFO - Filling up the DagBag from /opt/airflow/dags/kubePodOpDag.py
[2023-05-05 17:36:28,096] {processor.py:651} INFO - DAG(s) dict_keys(['hello_KubePodOp']) retrieved from /opt/airflow/dags/kubePodOpDag.py
[2023-05-05 17:36:28,120] {logging_mixin.py:115} INFO - [2023-05-05 17:36:28,120] {dag.py:2420} INFO - Sync 1 DAGs
[2023-05-05 17:36:28,136] {logging_mixin.py:115} INFO - [2023-05-05 17:36:28,136] {dag.py:2968} INFO - Setting next_dagrun for hello_KubePodOp to 2023-05-04T12:00:00+00:00, run_after=2023-05-05T12:00:00+00:00
[2023-05-05 17:36:28,149] {processor.py:161} INFO - Processing /opt/airflow/dags/kubePodOpDag.py took 0.074 seconds
[2023-05-05 17:36:58,262] {processor.py:153} INFO - Started process (PID=573) to work on /opt/airflow/dags/kubePodOpDag.py
[2023-05-05 17:36:58,263] {processor.py:641} INFO - Processing file /opt/airflow/dags/kubePodOpDag.py for tasks to queue
[2023-05-05 17:36:58,264] {logging_mixin.py:115} INFO - [2023-05-05 17:36:58,264] {dagbag.py:508} INFO - Filling up the DagBag from /opt/airflow/dags/kubePodOpDag.py
[2023-05-05 17:36:58,281] {processor.py:651} INFO - DAG(s) dict_keys(['hello_KubePodOp']) retrieved from /opt/airflow/dags/kubePodOpDag.py
[2023-05-05 17:36:58,315] {logging_mixin.py:115} INFO - [2023-05-05 17:36:58,315] {dag.py:2420} INFO - Sync 1 DAGs
[2023-05-05 17:36:58,331] {logging_mixin.py:115} INFO - [2023-05-05 17:36:58,331] {dag.py:2968} INFO - Setting next_dagrun for hello_KubePodOp to 2023-05-04T12:00:00+00:00, run_after=2023-05-05T12:00:00+00:00
[2023-05-05 17:36:58,345] {processor.py:161} INFO - Processing /opt/airflow/dags/kubePodOpDag.py took 0.085 seconds
[2023-05-05 17:37:28,445] {processor.py:153} INFO - Started process (PID=587) to work on /opt/airflow/dags/kubePodOpDag.py
[2023-05-05 17:37:28,446] {processor.py:641} INFO - Processing file /opt/airflow/dags/kubePodOpDag.py for tasks to queue
[2023-05-05 17:37:28,449] {logging_mixin.py:115} INFO - [2023-05-05 17:37:28,449] {dagbag.py:508} INFO - Filling up the DagBag from /opt/airflow/dags/kubePodOpDag.py
[2023-05-05 17:37:28,465] {processor.py:651} INFO - DAG(s) dict_keys(['hello_KubePodOp']) retrieved from /opt/airflow/dags/kubePodOpDag.py
[2023-05-05 17:37:28,489] {logging_mixin.py:115} INFO - [2023-05-05 17:37:28,489] {dag.py:2420} INFO - Sync 1 DAGs
[2023-05-05 17:37:28,503] {logging_mixin.py:115} INFO - [2023-05-05 17:37:28,503] {dag.py:2968} INFO - Setting next_dagrun for hello_KubePodOp to 2023-05-04T12:00:00+00:00, run_after=2023-05-05T12:00:00+00:00
[2023-05-05 17:37:28,516] {processor.py:161} INFO - Processing /opt/airflow/dags/kubePodOpDag.py took 0.074 seconds
[2023-05-05 17:37:58,684] {processor.py:153} INFO - Started process (PID=601) to work on /opt/airflow/dags/kubePodOpDag.py
[2023-05-05 17:37:58,685] {processor.py:641} INFO - Processing file /opt/airflow/dags/kubePodOpDag.py for tasks to queue
[2023-05-05 17:37:58,690] {logging_mixin.py:115} INFO - [2023-05-05 17:37:58,690] {dagbag.py:508} INFO - Filling up the DagBag from /opt/airflow/dags/kubePodOpDag.py
[2023-05-05 17:37:58,711] {processor.py:651} INFO - DAG(s) dict_keys(['hello_KubePodOp']) retrieved from /opt/airflow/dags/kubePodOpDag.py
[2023-05-05 17:37:58,745] {logging_mixin.py:115} INFO - [2023-05-05 17:37:58,745] {dag.py:2420} INFO - Sync 1 DAGs
[2023-05-05 17:37:58,762] {logging_mixin.py:115} INFO - [2023-05-05 17:37:58,762] {dag.py:2968} INFO - Setting next_dagrun for hello_KubePodOp to 2023-05-04T12:00:00+00:00, run_after=2023-05-05T12:00:00+00:00
[2023-05-05 17:37:58,778] {processor.py:161} INFO - Processing /opt/airflow/dags/kubePodOpDag.py took 0.097 seconds
[2023-05-05 17:38:28,887] {processor.py:153} INFO - Started process (PID=615) to work on /opt/airflow/dags/kubePodOpDag.py
[2023-05-05 17:38:28,889] {processor.py:641} INFO - Processing file /opt/airflow/dags/kubePodOpDag.py for tasks to queue
[2023-05-05 17:38:28,890] {logging_mixin.py:115} INFO - [2023-05-05 17:38:28,890] {dagbag.py:508} INFO - Filling up the DagBag from /opt/airflow/dags/kubePodOpDag.py
[2023-05-05 17:38:28,905] {processor.py:651} INFO - DAG(s) dict_keys(['hello_KubePodOp']) retrieved from /opt/airflow/dags/kubePodOpDag.py
[2023-05-05 17:38:28,931] {logging_mixin.py:115} INFO - [2023-05-05 17:38:28,931] {dag.py:2420} INFO - Sync 1 DAGs
[2023-05-05 17:38:28,945] {logging_mixin.py:115} INFO - [2023-05-05 17:38:28,945] {dag.py:2968} INFO - Setting next_dagrun for hello_KubePodOp to 2023-05-04T12:00:00+00:00, run_after=2023-05-05T12:00:00+00:00
[2023-05-05 17:38:28,958] {processor.py:161} INFO - Processing /opt/airflow/dags/kubePodOpDag.py took 0.074 seconds
[2023-05-05 17:38:59,107] {processor.py:153} INFO - Started process (PID=629) to work on /opt/airflow/dags/kubePodOpDag.py
[2023-05-05 17:38:59,109] {processor.py:641} INFO - Processing file /opt/airflow/dags/kubePodOpDag.py for tasks to queue
[2023-05-05 17:38:59,110] {logging_mixin.py:115} INFO - [2023-05-05 17:38:59,110] {dagbag.py:508} INFO - Filling up the DagBag from /opt/airflow/dags/kubePodOpDag.py
[2023-05-05 17:38:59,143] {processor.py:651} INFO - DAG(s) dict_keys(['hello_KubePodOp']) retrieved from /opt/airflow/dags/kubePodOpDag.py
[2023-05-05 17:38:59,182] {logging_mixin.py:115} INFO - [2023-05-05 17:38:59,182] {dag.py:2420} INFO - Sync 1 DAGs
[2023-05-05 17:38:59,208] {logging_mixin.py:115} INFO - [2023-05-05 17:38:59,208] {dag.py:2968} INFO - Setting next_dagrun for hello_KubePodOp to 2023-05-04T12:00:00+00:00, run_after=2023-05-05T12:00:00+00:00
[2023-05-05 17:38:59,225] {processor.py:161} INFO - Processing /opt/airflow/dags/kubePodOpDag.py took 0.122 seconds
[2023-05-05 17:39:29,323] {processor.py:153} INFO - Started process (PID=643) to work on /opt/airflow/dags/kubePodOpDag.py
[2023-05-05 17:39:29,325] {processor.py:641} INFO - Processing file /opt/airflow/dags/kubePodOpDag.py for tasks to queue
[2023-05-05 17:39:29,326] {logging_mixin.py:115} INFO - [2023-05-05 17:39:29,326] {dagbag.py:508} INFO - Filling up the DagBag from /opt/airflow/dags/kubePodOpDag.py
[2023-05-05 17:39:29,347] {processor.py:651} INFO - DAG(s) dict_keys(['hello_KubePodOp']) retrieved from /opt/airflow/dags/kubePodOpDag.py
[2023-05-05 17:39:29,374] {logging_mixin.py:115} INFO - [2023-05-05 17:39:29,374] {dag.py:2420} INFO - Sync 1 DAGs
[2023-05-05 17:39:29,387] {logging_mixin.py:115} INFO - [2023-05-05 17:39:29,387] {dag.py:2968} INFO - Setting next_dagrun for hello_KubePodOp to 2023-05-04T12:00:00+00:00, run_after=2023-05-05T12:00:00+00:00
[2023-05-05 17:39:29,399] {processor.py:161} INFO - Processing /opt/airflow/dags/kubePodOpDag.py took 0.079 seconds
[2023-05-05 17:39:59,505] {processor.py:153} INFO - Started process (PID=658) to work on /opt/airflow/dags/kubePodOpDag.py
[2023-05-05 17:39:59,506] {processor.py:641} INFO - Processing file /opt/airflow/dags/kubePodOpDag.py for tasks to queue
[2023-05-05 17:39:59,507] {logging_mixin.py:115} INFO - [2023-05-05 17:39:59,507] {dagbag.py:508} INFO - Filling up the DagBag from /opt/airflow/dags/kubePodOpDag.py
[2023-05-05 17:39:59,526] {processor.py:651} INFO - DAG(s) dict_keys(['hello_KubePodOp']) retrieved from /opt/airflow/dags/kubePodOpDag.py
[2023-05-05 17:39:59,551] {logging_mixin.py:115} INFO - [2023-05-05 17:39:59,550] {dag.py:2420} INFO - Sync 1 DAGs
[2023-05-05 17:39:59,565] {logging_mixin.py:115} INFO - [2023-05-05 17:39:59,565] {dag.py:2968} INFO - Setting next_dagrun for hello_KubePodOp to 2023-05-04T12:00:00+00:00, run_after=2023-05-05T12:00:00+00:00
[2023-05-05 17:39:59,577] {processor.py:161} INFO - Processing /opt/airflow/dags/kubePodOpDag.py took 0.075 seconds
[2023-05-05 17:40:29,687] {processor.py:153} INFO - Started process (PID=672) to work on /opt/airflow/dags/kubePodOpDag.py
[2023-05-05 17:40:29,690] {processor.py:641} INFO - Processing file /opt/airflow/dags/kubePodOpDag.py for tasks to queue
[2023-05-05 17:40:29,692] {logging_mixin.py:115} INFO - [2023-05-05 17:40:29,692] {dagbag.py:508} INFO - Filling up the DagBag from /opt/airflow/dags/kubePodOpDag.py
[2023-05-05 17:40:29,711] {processor.py:651} INFO - DAG(s) dict_keys(['hello_KubePodOp']) retrieved from /opt/airflow/dags/kubePodOpDag.py
[2023-05-05 17:40:29,735] {logging_mixin.py:115} INFO - [2023-05-05 17:40:29,735] {dag.py:2420} INFO - Sync 1 DAGs
[2023-05-05 17:40:29,751] {logging_mixin.py:115} INFO - [2023-05-05 17:40:29,751] {dag.py:2968} INFO - Setting next_dagrun for hello_KubePodOp to 2023-05-04T12:00:00+00:00, run_after=2023-05-05T12:00:00+00:00
[2023-05-05 17:40:29,763] {processor.py:161} INFO - Processing /opt/airflow/dags/kubePodOpDag.py took 0.079 seconds
[2023-05-05 17:40:59,878] {processor.py:153} INFO - Started process (PID=686) to work on /opt/airflow/dags/kubePodOpDag.py
[2023-05-05 17:40:59,880] {processor.py:641} INFO - Processing file /opt/airflow/dags/kubePodOpDag.py for tasks to queue
[2023-05-05 17:40:59,882] {logging_mixin.py:115} INFO - [2023-05-05 17:40:59,882] {dagbag.py:508} INFO - Filling up the DagBag from /opt/airflow/dags/kubePodOpDag.py
[2023-05-05 17:40:59,909] {processor.py:651} INFO - DAG(s) dict_keys(['hello_KubePodOp']) retrieved from /opt/airflow/dags/kubePodOpDag.py
[2023-05-05 17:40:59,939] {logging_mixin.py:115} INFO - [2023-05-05 17:40:59,939] {dag.py:2420} INFO - Sync 1 DAGs
[2023-05-05 17:40:59,958] {logging_mixin.py:115} INFO - [2023-05-05 17:40:59,958] {dag.py:2968} INFO - Setting next_dagrun for hello_KubePodOp to 2023-05-04T12:00:00+00:00, run_after=2023-05-05T12:00:00+00:00
[2023-05-05 17:40:59,973] {processor.py:161} INFO - Processing /opt/airflow/dags/kubePodOpDag.py took 0.099 seconds
[2023-05-05 17:41:30,104] {processor.py:153} INFO - Started process (PID=700) to work on /opt/airflow/dags/kubePodOpDag.py
[2023-05-05 17:41:30,105] {processor.py:641} INFO - Processing file /opt/airflow/dags/kubePodOpDag.py for tasks to queue
[2023-05-05 17:41:30,106] {logging_mixin.py:115} INFO - [2023-05-05 17:41:30,106] {dagbag.py:508} INFO - Filling up the DagBag from /opt/airflow/dags/kubePodOpDag.py
[2023-05-05 17:41:30,130] {processor.py:651} INFO - DAG(s) dict_keys(['hello_KubePodOp']) retrieved from /opt/airflow/dags/kubePodOpDag.py
[2023-05-05 17:41:30,159] {logging_mixin.py:115} INFO - [2023-05-05 17:41:30,159] {dag.py:2420} INFO - Sync 1 DAGs
[2023-05-05 17:41:30,174] {logging_mixin.py:115} INFO - [2023-05-05 17:41:30,174] {dag.py:2968} INFO - Setting next_dagrun for hello_KubePodOp to 2023-05-04T12:00:00+00:00, run_after=2023-05-05T12:00:00+00:00
[2023-05-05 17:41:30,187] {processor.py:161} INFO - Processing /opt/airflow/dags/kubePodOpDag.py took 0.089 seconds
[2023-05-05 17:42:00,308] {processor.py:153} INFO - Started process (PID=714) to work on /opt/airflow/dags/kubePodOpDag.py
[2023-05-05 17:42:00,314] {processor.py:641} INFO - Processing file /opt/airflow/dags/kubePodOpDag.py for tasks to queue
[2023-05-05 17:42:00,315] {logging_mixin.py:115} INFO - [2023-05-05 17:42:00,315] {dagbag.py:508} INFO - Filling up the DagBag from /opt/airflow/dags/kubePodOpDag.py
[2023-05-05 17:42:00,332] {processor.py:651} INFO - DAG(s) dict_keys(['hello_KubePodOp']) retrieved from /opt/airflow/dags/kubePodOpDag.py
[2023-05-05 17:42:00,355] {logging_mixin.py:115} INFO - [2023-05-05 17:42:00,355] {dag.py:2420} INFO - Sync 1 DAGs
[2023-05-05 17:42:00,370] {logging_mixin.py:115} INFO - [2023-05-05 17:42:00,370] {dag.py:2968} INFO - Setting next_dagrun for hello_KubePodOp to 2023-05-04T12:00:00+00:00, run_after=2023-05-05T12:00:00+00:00
[2023-05-05 17:42:00,384] {processor.py:161} INFO - Processing /opt/airflow/dags/kubePodOpDag.py took 0.079 seconds
[2023-05-05 17:42:30,580] {processor.py:153} INFO - Started process (PID=727) to work on /opt/airflow/dags/kubePodOpDag.py
[2023-05-05 17:42:30,585] {processor.py:641} INFO - Processing file /opt/airflow/dags/kubePodOpDag.py for tasks to queue
[2023-05-05 17:42:30,586] {logging_mixin.py:115} INFO - [2023-05-05 17:42:30,586] {dagbag.py:508} INFO - Filling up the DagBag from /opt/airflow/dags/kubePodOpDag.py
[2023-05-05 17:42:30,616] {processor.py:651} INFO - DAG(s) dict_keys(['hello_KubePodOp']) retrieved from /opt/airflow/dags/kubePodOpDag.py
[2023-05-05 17:42:30,656] {logging_mixin.py:115} INFO - [2023-05-05 17:42:30,656] {dag.py:2420} INFO - Sync 1 DAGs
[2023-05-05 17:42:30,685] {logging_mixin.py:115} INFO - [2023-05-05 17:42:30,685] {dag.py:2968} INFO - Setting next_dagrun for hello_KubePodOp to 2023-05-04T12:00:00+00:00, run_after=2023-05-05T12:00:00+00:00
[2023-05-05 17:42:30,698] {processor.py:161} INFO - Processing /opt/airflow/dags/kubePodOpDag.py took 0.121 seconds
[2023-05-05 17:43:00,866] {processor.py:153} INFO - Started process (PID=742) to work on /opt/airflow/dags/kubePodOpDag.py
[2023-05-05 17:43:00,870] {processor.py:641} INFO - Processing file /opt/airflow/dags/kubePodOpDag.py for tasks to queue
[2023-05-05 17:43:00,871] {logging_mixin.py:115} INFO - [2023-05-05 17:43:00,871] {dagbag.py:508} INFO - Filling up the DagBag from /opt/airflow/dags/kubePodOpDag.py
[2023-05-05 17:43:00,887] {processor.py:651} INFO - DAG(s) dict_keys(['hello_KubePodOp']) retrieved from /opt/airflow/dags/kubePodOpDag.py
[2023-05-05 17:43:00,910] {logging_mixin.py:115} INFO - [2023-05-05 17:43:00,910] {dag.py:2420} INFO - Sync 1 DAGs
[2023-05-05 17:43:00,925] {logging_mixin.py:115} INFO - [2023-05-05 17:43:00,925] {dag.py:2968} INFO - Setting next_dagrun for hello_KubePodOp to 2023-05-04T12:00:00+00:00, run_after=2023-05-05T12:00:00+00:00
[2023-05-05 17:43:00,938] {processor.py:161} INFO - Processing /opt/airflow/dags/kubePodOpDag.py took 0.075 seconds
[2023-05-05 17:43:31,057] {processor.py:153} INFO - Started process (PID=756) to work on /opt/airflow/dags/kubePodOpDag.py
[2023-05-05 17:43:31,059] {processor.py:641} INFO - Processing file /opt/airflow/dags/kubePodOpDag.py for tasks to queue
[2023-05-05 17:43:31,062] {logging_mixin.py:115} INFO - [2023-05-05 17:43:31,062] {dagbag.py:508} INFO - Filling up the DagBag from /opt/airflow/dags/kubePodOpDag.py
[2023-05-05 17:43:31,082] {processor.py:651} INFO - DAG(s) dict_keys(['hello_KubePodOp']) retrieved from /opt/airflow/dags/kubePodOpDag.py
[2023-05-05 17:43:31,109] {logging_mixin.py:115} INFO - [2023-05-05 17:43:31,109] {dag.py:2420} INFO - Sync 1 DAGs
[2023-05-05 17:43:31,127] {logging_mixin.py:115} INFO - [2023-05-05 17:43:31,127] {dag.py:2968} INFO - Setting next_dagrun for hello_KubePodOp to 2023-05-04T12:00:00+00:00, run_after=2023-05-05T12:00:00+00:00
[2023-05-05 17:43:31,143] {processor.py:161} INFO - Processing /opt/airflow/dags/kubePodOpDag.py took 0.091 seconds
[2023-05-05 17:44:01,227] {processor.py:153} INFO - Started process (PID=770) to work on /opt/airflow/dags/kubePodOpDag.py
[2023-05-05 17:44:01,228] {processor.py:641} INFO - Processing file /opt/airflow/dags/kubePodOpDag.py for tasks to queue
[2023-05-05 17:44:01,230] {logging_mixin.py:115} INFO - [2023-05-05 17:44:01,230] {dagbag.py:508} INFO - Filling up the DagBag from /opt/airflow/dags/kubePodOpDag.py
[2023-05-05 17:44:01,245] {processor.py:651} INFO - DAG(s) dict_keys(['hello_KubePodOp']) retrieved from /opt/airflow/dags/kubePodOpDag.py
[2023-05-05 17:44:01,268] {logging_mixin.py:115} INFO - [2023-05-05 17:44:01,268] {dag.py:2420} INFO - Sync 1 DAGs
[2023-05-05 17:44:01,282] {logging_mixin.py:115} INFO - [2023-05-05 17:44:01,282] {dag.py:2968} INFO - Setting next_dagrun for hello_KubePodOp to 2023-05-04T12:00:00+00:00, run_after=2023-05-05T12:00:00+00:00
[2023-05-05 17:44:01,291] {processor.py:161} INFO - Processing /opt/airflow/dags/kubePodOpDag.py took 0.066 seconds
[2023-05-05 17:44:31,396] {processor.py:153} INFO - Started process (PID=784) to work on /opt/airflow/dags/kubePodOpDag.py
[2023-05-05 17:44:31,397] {processor.py:641} INFO - Processing file /opt/airflow/dags/kubePodOpDag.py for tasks to queue
[2023-05-05 17:44:31,400] {logging_mixin.py:115} INFO - [2023-05-05 17:44:31,400] {dagbag.py:508} INFO - Filling up the DagBag from /opt/airflow/dags/kubePodOpDag.py
[2023-05-05 17:44:31,417] {processor.py:651} INFO - DAG(s) dict_keys(['hello_KubePodOp']) retrieved from /opt/airflow/dags/kubePodOpDag.py
[2023-05-05 17:44:31,444] {logging_mixin.py:115} INFO - [2023-05-05 17:44:31,444] {dag.py:2420} INFO - Sync 1 DAGs
[2023-05-05 17:44:31,459] {logging_mixin.py:115} INFO - [2023-05-05 17:44:31,459] {dag.py:2968} INFO - Setting next_dagrun for hello_KubePodOp to 2023-05-04T12:00:00+00:00, run_after=2023-05-05T12:00:00+00:00
[2023-05-05 17:44:31,472] {processor.py:161} INFO - Processing /opt/airflow/dags/kubePodOpDag.py took 0.078 seconds
[2023-05-05 17:45:01,571] {processor.py:153} INFO - Started process (PID=798) to work on /opt/airflow/dags/kubePodOpDag.py
[2023-05-05 17:45:01,573] {processor.py:641} INFO - Processing file /opt/airflow/dags/kubePodOpDag.py for tasks to queue
[2023-05-05 17:45:01,574] {logging_mixin.py:115} INFO - [2023-05-05 17:45:01,574] {dagbag.py:508} INFO - Filling up the DagBag from /opt/airflow/dags/kubePodOpDag.py
[2023-05-05 17:45:01,589] {processor.py:651} INFO - DAG(s) dict_keys(['hello_KubePodOp']) retrieved from /opt/airflow/dags/kubePodOpDag.py
[2023-05-05 17:45:01,612] {logging_mixin.py:115} INFO - [2023-05-05 17:45:01,612] {dag.py:2420} INFO - Sync 1 DAGs
[2023-05-05 17:45:01,629] {logging_mixin.py:115} INFO - [2023-05-05 17:45:01,629] {dag.py:2968} INFO - Setting next_dagrun for hello_KubePodOp to 2023-05-04T12:00:00+00:00, run_after=2023-05-05T12:00:00+00:00
[2023-05-05 17:45:01,640] {processor.py:161} INFO - Processing /opt/airflow/dags/kubePodOpDag.py took 0.071 seconds
[2023-05-05 17:45:31,750] {processor.py:153} INFO - Started process (PID=812) to work on /opt/airflow/dags/kubePodOpDag.py
[2023-05-05 17:45:31,752] {processor.py:641} INFO - Processing file /opt/airflow/dags/kubePodOpDag.py for tasks to queue
[2023-05-05 17:45:31,759] {logging_mixin.py:115} INFO - [2023-05-05 17:45:31,759] {dagbag.py:508} INFO - Filling up the DagBag from /opt/airflow/dags/kubePodOpDag.py
[2023-05-05 17:45:31,777] {processor.py:651} INFO - DAG(s) dict_keys(['hello_KubePodOp']) retrieved from /opt/airflow/dags/kubePodOpDag.py
[2023-05-05 17:45:31,799] {logging_mixin.py:115} INFO - [2023-05-05 17:45:31,799] {dag.py:2420} INFO - Sync 1 DAGs
[2023-05-05 17:45:31,812] {logging_mixin.py:115} INFO - [2023-05-05 17:45:31,812] {dag.py:2968} INFO - Setting next_dagrun for hello_KubePodOp to 2023-05-04T12:00:00+00:00, run_after=2023-05-05T12:00:00+00:00
[2023-05-05 17:45:31,827] {processor.py:161} INFO - Processing /opt/airflow/dags/kubePodOpDag.py took 0.081 seconds
[2023-05-05 17:46:01,934] {processor.py:153} INFO - Started process (PID=826) to work on /opt/airflow/dags/kubePodOpDag.py
[2023-05-05 17:46:01,936] {processor.py:641} INFO - Processing file /opt/airflow/dags/kubePodOpDag.py for tasks to queue
[2023-05-05 17:46:01,937] {logging_mixin.py:115} INFO - [2023-05-05 17:46:01,937] {dagbag.py:508} INFO - Filling up the DagBag from /opt/airflow/dags/kubePodOpDag.py
[2023-05-05 17:46:01,955] {processor.py:651} INFO - DAG(s) dict_keys(['hello_KubePodOp']) retrieved from /opt/airflow/dags/kubePodOpDag.py
[2023-05-05 17:46:01,977] {logging_mixin.py:115} INFO - [2023-05-05 17:46:01,977] {dag.py:2420} INFO - Sync 1 DAGs
[2023-05-05 17:46:01,994] {logging_mixin.py:115} INFO - [2023-05-05 17:46:01,994] {dag.py:2968} INFO - Setting next_dagrun for hello_KubePodOp to 2023-05-04T12:00:00+00:00, run_after=2023-05-05T12:00:00+00:00
[2023-05-05 17:46:02,005] {processor.py:161} INFO - Processing /opt/airflow/dags/kubePodOpDag.py took 0.075 seconds
[2023-05-05 17:46:32,133] {processor.py:153} INFO - Started process (PID=841) to work on /opt/airflow/dags/kubePodOpDag.py
[2023-05-05 17:46:32,135] {processor.py:641} INFO - Processing file /opt/airflow/dags/kubePodOpDag.py for tasks to queue
[2023-05-05 17:46:32,138] {logging_mixin.py:115} INFO - [2023-05-05 17:46:32,138] {dagbag.py:508} INFO - Filling up the DagBag from /opt/airflow/dags/kubePodOpDag.py
[2023-05-05 17:46:32,160] {processor.py:651} INFO - DAG(s) dict_keys(['hello_KubePodOp']) retrieved from /opt/airflow/dags/kubePodOpDag.py
[2023-05-05 17:46:32,186] {logging_mixin.py:115} INFO - [2023-05-05 17:46:32,186] {dag.py:2420} INFO - Sync 1 DAGs
[2023-05-05 17:46:32,202] {logging_mixin.py:115} INFO - [2023-05-05 17:46:32,202] {dag.py:2968} INFO - Setting next_dagrun for hello_KubePodOp to 2023-05-04T12:00:00+00:00, run_after=2023-05-05T12:00:00+00:00
[2023-05-05 17:46:32,217] {processor.py:161} INFO - Processing /opt/airflow/dags/kubePodOpDag.py took 0.092 seconds
[2023-05-05 17:47:02,318] {processor.py:153} INFO - Started process (PID=854) to work on /opt/airflow/dags/kubePodOpDag.py
[2023-05-05 17:47:02,320] {processor.py:641} INFO - Processing file /opt/airflow/dags/kubePodOpDag.py for tasks to queue
[2023-05-05 17:47:02,322] {logging_mixin.py:115} INFO - [2023-05-05 17:47:02,321] {dagbag.py:508} INFO - Filling up the DagBag from /opt/airflow/dags/kubePodOpDag.py
[2023-05-05 17:47:02,341] {processor.py:651} INFO - DAG(s) dict_keys(['hello_KubePodOp']) retrieved from /opt/airflow/dags/kubePodOpDag.py
[2023-05-05 17:47:02,367] {logging_mixin.py:115} INFO - [2023-05-05 17:47:02,367] {dag.py:2420} INFO - Sync 1 DAGs
[2023-05-05 17:47:02,382] {logging_mixin.py:115} INFO - [2023-05-05 17:47:02,382] {dag.py:2968} INFO - Setting next_dagrun for hello_KubePodOp to 2023-05-04T12:00:00+00:00, run_after=2023-05-05T12:00:00+00:00
[2023-05-05 17:47:02,397] {processor.py:161} INFO - Processing /opt/airflow/dags/kubePodOpDag.py took 0.082 seconds
[2023-05-05 17:47:32,494] {processor.py:153} INFO - Started process (PID=868) to work on /opt/airflow/dags/kubePodOpDag.py
[2023-05-05 17:47:32,496] {processor.py:641} INFO - Processing file /opt/airflow/dags/kubePodOpDag.py for tasks to queue
[2023-05-05 17:47:32,497] {logging_mixin.py:115} INFO - [2023-05-05 17:47:32,497] {dagbag.py:508} INFO - Filling up the DagBag from /opt/airflow/dags/kubePodOpDag.py
[2023-05-05 17:47:32,514] {processor.py:651} INFO - DAG(s) dict_keys(['hello_KubePodOp']) retrieved from /opt/airflow/dags/kubePodOpDag.py
[2023-05-05 17:47:32,537] {logging_mixin.py:115} INFO - [2023-05-05 17:47:32,537] {dag.py:2420} INFO - Sync 1 DAGs
[2023-05-05 17:47:32,551] {logging_mixin.py:115} INFO - [2023-05-05 17:47:32,551] {dag.py:2968} INFO - Setting next_dagrun for hello_KubePodOp to 2023-05-04T12:00:00+00:00, run_after=2023-05-05T12:00:00+00:00
[2023-05-05 17:47:32,563] {processor.py:161} INFO - Processing /opt/airflow/dags/kubePodOpDag.py took 0.071 seconds
[2023-05-05 17:48:02,710] {processor.py:153} INFO - Started process (PID=882) to work on /opt/airflow/dags/kubePodOpDag.py
[2023-05-05 17:48:02,712] {processor.py:641} INFO - Processing file /opt/airflow/dags/kubePodOpDag.py for tasks to queue
[2023-05-05 17:48:02,713] {logging_mixin.py:115} INFO - [2023-05-05 17:48:02,713] {dagbag.py:508} INFO - Filling up the DagBag from /opt/airflow/dags/kubePodOpDag.py
[2023-05-05 17:48:02,732] {processor.py:651} INFO - DAG(s) dict_keys(['hello_KubePodOp']) retrieved from /opt/airflow/dags/kubePodOpDag.py
[2023-05-05 17:48:02,759] {logging_mixin.py:115} INFO - [2023-05-05 17:48:02,759] {dag.py:2420} INFO - Sync 1 DAGs
[2023-05-05 17:48:02,774] {logging_mixin.py:115} INFO - [2023-05-05 17:48:02,774] {dag.py:2968} INFO - Setting next_dagrun for hello_KubePodOp to 2023-05-04T12:00:00+00:00, run_after=2023-05-05T12:00:00+00:00
[2023-05-05 17:48:02,785] {processor.py:161} INFO - Processing /opt/airflow/dags/kubePodOpDag.py took 0.077 seconds
[2023-05-05 17:48:32,904] {processor.py:153} INFO - Started process (PID=896) to work on /opt/airflow/dags/kubePodOpDag.py
[2023-05-05 17:48:32,909] {processor.py:641} INFO - Processing file /opt/airflow/dags/kubePodOpDag.py for tasks to queue
[2023-05-05 17:48:32,911] {logging_mixin.py:115} INFO - [2023-05-05 17:48:32,911] {dagbag.py:508} INFO - Filling up the DagBag from /opt/airflow/dags/kubePodOpDag.py
[2023-05-05 17:48:32,935] {processor.py:651} INFO - DAG(s) dict_keys(['hello_KubePodOp']) retrieved from /opt/airflow/dags/kubePodOpDag.py
[2023-05-05 17:48:32,970] {logging_mixin.py:115} INFO - [2023-05-05 17:48:32,969] {dag.py:2420} INFO - Sync 1 DAGs
[2023-05-05 17:48:32,986] {logging_mixin.py:115} INFO - [2023-05-05 17:48:32,986] {dag.py:2968} INFO - Setting next_dagrun for hello_KubePodOp to 2023-05-04T12:00:00+00:00, run_after=2023-05-05T12:00:00+00:00
[2023-05-05 17:48:33,000] {processor.py:161} INFO - Processing /opt/airflow/dags/kubePodOpDag.py took 0.101 seconds
[2023-05-05 17:49:03,118] {processor.py:153} INFO - Started process (PID=910) to work on /opt/airflow/dags/kubePodOpDag.py
[2023-05-05 17:49:03,120] {processor.py:641} INFO - Processing file /opt/airflow/dags/kubePodOpDag.py for tasks to queue
[2023-05-05 17:49:03,121] {logging_mixin.py:115} INFO - [2023-05-05 17:49:03,121] {dagbag.py:508} INFO - Filling up the DagBag from /opt/airflow/dags/kubePodOpDag.py
[2023-05-05 17:49:03,140] {processor.py:651} INFO - DAG(s) dict_keys(['hello_KubePodOp']) retrieved from /opt/airflow/dags/kubePodOpDag.py
[2023-05-05 17:49:03,165] {logging_mixin.py:115} INFO - [2023-05-05 17:49:03,165] {dag.py:2420} INFO - Sync 1 DAGs
[2023-05-05 17:49:03,180] {logging_mixin.py:115} INFO - [2023-05-05 17:49:03,180] {dag.py:2968} INFO - Setting next_dagrun for hello_KubePodOp to 2023-05-04T12:00:00+00:00, run_after=2023-05-05T12:00:00+00:00
[2023-05-05 17:49:03,192] {processor.py:161} INFO - Processing /opt/airflow/dags/kubePodOpDag.py took 0.077 seconds
[2023-05-05 17:49:33,294] {processor.py:153} INFO - Started process (PID=924) to work on /opt/airflow/dags/kubePodOpDag.py
[2023-05-05 17:49:33,296] {processor.py:641} INFO - Processing file /opt/airflow/dags/kubePodOpDag.py for tasks to queue
[2023-05-05 17:49:33,298] {logging_mixin.py:115} INFO - [2023-05-05 17:49:33,298] {dagbag.py:508} INFO - Filling up the DagBag from /opt/airflow/dags/kubePodOpDag.py
[2023-05-05 17:49:33,315] {processor.py:651} INFO - DAG(s) dict_keys(['hello_KubePodOp']) retrieved from /opt/airflow/dags/kubePodOpDag.py
[2023-05-05 17:49:33,341] {logging_mixin.py:115} INFO - [2023-05-05 17:49:33,341] {dag.py:2420} INFO - Sync 1 DAGs
[2023-05-05 17:49:33,356] {logging_mixin.py:115} INFO - [2023-05-05 17:49:33,356] {dag.py:2968} INFO - Setting next_dagrun for hello_KubePodOp to 2023-05-04T12:00:00+00:00, run_after=2023-05-05T12:00:00+00:00
[2023-05-05 17:49:33,369] {processor.py:161} INFO - Processing /opt/airflow/dags/kubePodOpDag.py took 0.078 seconds
[2023-05-05 17:50:03,471] {processor.py:153} INFO - Started process (PID=938) to work on /opt/airflow/dags/kubePodOpDag.py
[2023-05-05 17:50:03,472] {processor.py:641} INFO - Processing file /opt/airflow/dags/kubePodOpDag.py for tasks to queue
[2023-05-05 17:50:03,473] {logging_mixin.py:115} INFO - [2023-05-05 17:50:03,473] {dagbag.py:508} INFO - Filling up the DagBag from /opt/airflow/dags/kubePodOpDag.py
[2023-05-05 17:50:03,489] {processor.py:651} INFO - DAG(s) dict_keys(['hello_KubePodOp']) retrieved from /opt/airflow/dags/kubePodOpDag.py
[2023-05-05 17:50:03,511] {logging_mixin.py:115} INFO - [2023-05-05 17:50:03,511] {dag.py:2420} INFO - Sync 1 DAGs
[2023-05-05 17:50:03,525] {logging_mixin.py:115} INFO - [2023-05-05 17:50:03,525] {dag.py:2968} INFO - Setting next_dagrun for hello_KubePodOp to 2023-05-04T12:00:00+00:00, run_after=2023-05-05T12:00:00+00:00
[2023-05-05 17:50:03,536] {processor.py:161} INFO - Processing /opt/airflow/dags/kubePodOpDag.py took 0.068 seconds
[2023-05-05 17:50:33,594] {processor.py:153} INFO - Started process (PID=952) to work on /opt/airflow/dags/kubePodOpDag.py
[2023-05-05 17:50:33,596] {processor.py:641} INFO - Processing file /opt/airflow/dags/kubePodOpDag.py for tasks to queue
[2023-05-05 17:50:33,597] {logging_mixin.py:115} INFO - [2023-05-05 17:50:33,597] {dagbag.py:508} INFO - Filling up the DagBag from /opt/airflow/dags/kubePodOpDag.py
[2023-05-05 17:50:33,617] {processor.py:651} INFO - DAG(s) dict_keys(['hello_KubePodOp']) retrieved from /opt/airflow/dags/kubePodOpDag.py
[2023-05-05 17:50:33,640] {logging_mixin.py:115} INFO - [2023-05-05 17:50:33,640] {dag.py:2420} INFO - Sync 1 DAGs
[2023-05-05 17:50:33,653] {logging_mixin.py:115} INFO - [2023-05-05 17:50:33,653] {dag.py:2968} INFO - Setting next_dagrun for hello_KubePodOp to 2023-05-04T12:00:00+00:00, run_after=2023-05-05T12:00:00+00:00
[2023-05-05 17:50:33,664] {processor.py:161} INFO - Processing /opt/airflow/dags/kubePodOpDag.py took 0.073 seconds
[2023-05-05 17:51:03,746] {processor.py:153} INFO - Started process (PID=966) to work on /opt/airflow/dags/kubePodOpDag.py
[2023-05-05 17:51:03,747] {processor.py:641} INFO - Processing file /opt/airflow/dags/kubePodOpDag.py for tasks to queue
[2023-05-05 17:51:03,753] {logging_mixin.py:115} INFO - [2023-05-05 17:51:03,753] {dagbag.py:508} INFO - Filling up the DagBag from /opt/airflow/dags/kubePodOpDag.py
[2023-05-05 17:51:03,770] {processor.py:651} INFO - DAG(s) dict_keys(['hello_KubePodOp']) retrieved from /opt/airflow/dags/kubePodOpDag.py
[2023-05-05 17:51:03,795] {logging_mixin.py:115} INFO - [2023-05-05 17:51:03,795] {dag.py:2420} INFO - Sync 1 DAGs
[2023-05-05 17:51:03,808] {logging_mixin.py:115} INFO - [2023-05-05 17:51:03,808] {dag.py:2968} INFO - Setting next_dagrun for hello_KubePodOp to 2023-05-04T12:00:00+00:00, run_after=2023-05-05T12:00:00+00:00
[2023-05-05 17:51:03,819] {processor.py:161} INFO - Processing /opt/airflow/dags/kubePodOpDag.py took 0.076 seconds
[2023-05-05 17:51:33,930] {processor.py:153} INFO - Started process (PID=980) to work on /opt/airflow/dags/kubePodOpDag.py
[2023-05-05 17:51:33,932] {processor.py:641} INFO - Processing file /opt/airflow/dags/kubePodOpDag.py for tasks to queue
[2023-05-05 17:51:33,933] {logging_mixin.py:115} INFO - [2023-05-05 17:51:33,933] {dagbag.py:508} INFO - Filling up the DagBag from /opt/airflow/dags/kubePodOpDag.py
[2023-05-05 17:51:33,949] {processor.py:651} INFO - DAG(s) dict_keys(['hello_KubePodOp']) retrieved from /opt/airflow/dags/kubePodOpDag.py
[2023-05-05 17:51:33,973] {logging_mixin.py:115} INFO - [2023-05-05 17:51:33,973] {dag.py:2420} INFO - Sync 1 DAGs
[2023-05-05 17:51:33,987] {logging_mixin.py:115} INFO - [2023-05-05 17:51:33,987] {dag.py:2968} INFO - Setting next_dagrun for hello_KubePodOp to 2023-05-04T12:00:00+00:00, run_after=2023-05-05T12:00:00+00:00
[2023-05-05 17:51:33,999] {processor.py:161} INFO - Processing /opt/airflow/dags/kubePodOpDag.py took 0.072 seconds
[2023-05-05 17:52:04,130] {processor.py:153} INFO - Started process (PID=994) to work on /opt/airflow/dags/kubePodOpDag.py
[2023-05-05 17:52:04,132] {processor.py:641} INFO - Processing file /opt/airflow/dags/kubePodOpDag.py for tasks to queue
[2023-05-05 17:52:04,133] {logging_mixin.py:115} INFO - [2023-05-05 17:52:04,133] {dagbag.py:508} INFO - Filling up the DagBag from /opt/airflow/dags/kubePodOpDag.py
[2023-05-05 17:52:04,149] {processor.py:651} INFO - DAG(s) dict_keys(['hello_KubePodOp']) retrieved from /opt/airflow/dags/kubePodOpDag.py
[2023-05-05 17:52:04,173] {logging_mixin.py:115} INFO - [2023-05-05 17:52:04,173] {dag.py:2420} INFO - Sync 1 DAGs
[2023-05-05 17:52:04,186] {logging_mixin.py:115} INFO - [2023-05-05 17:52:04,186] {dag.py:2968} INFO - Setting next_dagrun for hello_KubePodOp to 2023-05-04T12:00:00+00:00, run_after=2023-05-05T12:00:00+00:00
[2023-05-05 17:52:04,197] {processor.py:161} INFO - Processing /opt/airflow/dags/kubePodOpDag.py took 0.070 seconds
[2023-05-05 17:52:34,304] {processor.py:153} INFO - Started process (PID=1008) to work on /opt/airflow/dags/kubePodOpDag.py
[2023-05-05 17:52:34,305] {processor.py:641} INFO - Processing file /opt/airflow/dags/kubePodOpDag.py for tasks to queue
[2023-05-05 17:52:34,306] {logging_mixin.py:115} INFO - [2023-05-05 17:52:34,306] {dagbag.py:508} INFO - Filling up the DagBag from /opt/airflow/dags/kubePodOpDag.py
[2023-05-05 17:52:34,326] {processor.py:651} INFO - DAG(s) dict_keys(['hello_KubePodOp']) retrieved from /opt/airflow/dags/kubePodOpDag.py
[2023-05-05 17:52:34,350] {logging_mixin.py:115} INFO - [2023-05-05 17:52:34,349] {dag.py:2420} INFO - Sync 1 DAGs
[2023-05-05 17:52:34,364] {logging_mixin.py:115} INFO - [2023-05-05 17:52:34,364] {dag.py:2968} INFO - Setting next_dagrun for hello_KubePodOp to 2023-05-04T12:00:00+00:00, run_after=2023-05-05T12:00:00+00:00
[2023-05-05 17:52:34,376] {processor.py:161} INFO - Processing /opt/airflow/dags/kubePodOpDag.py took 0.075 seconds
[2023-05-05 17:53:04,520] {processor.py:153} INFO - Started process (PID=1022) to work on /opt/airflow/dags/kubePodOpDag.py
[2023-05-05 17:53:04,523] {processor.py:641} INFO - Processing file /opt/airflow/dags/kubePodOpDag.py for tasks to queue
[2023-05-05 17:53:04,525] {logging_mixin.py:115} INFO - [2023-05-05 17:53:04,525] {dagbag.py:508} INFO - Filling up the DagBag from /opt/airflow/dags/kubePodOpDag.py
[2023-05-05 17:53:04,550] {processor.py:651} INFO - DAG(s) dict_keys(['hello_KubePodOp']) retrieved from /opt/airflow/dags/kubePodOpDag.py
[2023-05-05 17:53:04,581] {logging_mixin.py:115} INFO - [2023-05-05 17:53:04,581] {dag.py:2420} INFO - Sync 1 DAGs
[2023-05-05 17:53:04,599] {logging_mixin.py:115} INFO - [2023-05-05 17:53:04,599] {dag.py:2968} INFO - Setting next_dagrun for hello_KubePodOp to 2023-05-04T12:00:00+00:00, run_after=2023-05-05T12:00:00+00:00
[2023-05-05 17:53:04,614] {processor.py:161} INFO - Processing /opt/airflow/dags/kubePodOpDag.py took 0.100 seconds
[2023-05-05 17:53:34,725] {processor.py:153} INFO - Started process (PID=1036) to work on /opt/airflow/dags/kubePodOpDag.py
[2023-05-05 17:53:34,726] {processor.py:641} INFO - Processing file /opt/airflow/dags/kubePodOpDag.py for tasks to queue
[2023-05-05 17:53:34,728] {logging_mixin.py:115} INFO - [2023-05-05 17:53:34,728] {dagbag.py:508} INFO - Filling up the DagBag from /opt/airflow/dags/kubePodOpDag.py
[2023-05-05 17:53:34,754] {processor.py:651} INFO - DAG(s) dict_keys(['hello_KubePodOp']) retrieved from /opt/airflow/dags/kubePodOpDag.py
[2023-05-05 17:53:34,788] {logging_mixin.py:115} INFO - [2023-05-05 17:53:34,788] {dag.py:2420} INFO - Sync 1 DAGs
[2023-05-05 17:53:34,807] {logging_mixin.py:115} INFO - [2023-05-05 17:53:34,807] {dag.py:2968} INFO - Setting next_dagrun for hello_KubePodOp to 2023-05-04T12:00:00+00:00, run_after=2023-05-05T12:00:00+00:00
[2023-05-05 17:53:34,829] {processor.py:161} INFO - Processing /opt/airflow/dags/kubePodOpDag.py took 0.111 seconds
[2023-05-05 17:54:04,947] {processor.py:153} INFO - Started process (PID=1050) to work on /opt/airflow/dags/kubePodOpDag.py
[2023-05-05 17:54:04,948] {processor.py:641} INFO - Processing file /opt/airflow/dags/kubePodOpDag.py for tasks to queue
[2023-05-05 17:54:04,951] {logging_mixin.py:115} INFO - [2023-05-05 17:54:04,951] {dagbag.py:508} INFO - Filling up the DagBag from /opt/airflow/dags/kubePodOpDag.py
[2023-05-05 17:54:04,970] {processor.py:651} INFO - DAG(s) dict_keys(['hello_KubePodOp']) retrieved from /opt/airflow/dags/kubePodOpDag.py
[2023-05-05 17:54:04,991] {logging_mixin.py:115} INFO - [2023-05-05 17:54:04,991] {dag.py:2420} INFO - Sync 1 DAGs
[2023-05-05 17:54:05,006] {logging_mixin.py:115} INFO - [2023-05-05 17:54:05,006] {dag.py:2968} INFO - Setting next_dagrun for hello_KubePodOp to 2023-05-04T12:00:00+00:00, run_after=2023-05-05T12:00:00+00:00
[2023-05-05 17:54:05,020] {processor.py:161} INFO - Processing /opt/airflow/dags/kubePodOpDag.py took 0.076 seconds
[2023-05-05 17:54:35,122] {processor.py:153} INFO - Started process (PID=1064) to work on /opt/airflow/dags/kubePodOpDag.py
[2023-05-05 17:54:35,127] {processor.py:641} INFO - Processing file /opt/airflow/dags/kubePodOpDag.py for tasks to queue
[2023-05-05 17:54:35,128] {logging_mixin.py:115} INFO - [2023-05-05 17:54:35,128] {dagbag.py:508} INFO - Filling up the DagBag from /opt/airflow/dags/kubePodOpDag.py
[2023-05-05 17:54:35,146] {processor.py:651} INFO - DAG(s) dict_keys(['hello_KubePodOp']) retrieved from /opt/airflow/dags/kubePodOpDag.py
[2023-05-05 17:54:35,170] {logging_mixin.py:115} INFO - [2023-05-05 17:54:35,170] {dag.py:2420} INFO - Sync 1 DAGs
[2023-05-05 17:54:35,184] {logging_mixin.py:115} INFO - [2023-05-05 17:54:35,184] {dag.py:2968} INFO - Setting next_dagrun for hello_KubePodOp to 2023-05-04T12:00:00+00:00, run_after=2023-05-05T12:00:00+00:00
[2023-05-05 17:54:35,195] {processor.py:161} INFO - Processing /opt/airflow/dags/kubePodOpDag.py took 0.076 seconds
[2023-05-05 17:55:05,313] {processor.py:153} INFO - Started process (PID=1078) to work on /opt/airflow/dags/kubePodOpDag.py
[2023-05-05 17:55:05,315] {processor.py:641} INFO - Processing file /opt/airflow/dags/kubePodOpDag.py for tasks to queue
[2023-05-05 17:55:05,317] {logging_mixin.py:115} INFO - [2023-05-05 17:55:05,317] {dagbag.py:508} INFO - Filling up the DagBag from /opt/airflow/dags/kubePodOpDag.py
[2023-05-05 17:55:05,333] {processor.py:651} INFO - DAG(s) dict_keys(['hello_KubePodOp']) retrieved from /opt/airflow/dags/kubePodOpDag.py
[2023-05-05 17:55:05,361] {logging_mixin.py:115} INFO - [2023-05-05 17:55:05,361] {dag.py:2420} INFO - Sync 1 DAGs
[2023-05-05 17:55:05,379] {logging_mixin.py:115} INFO - [2023-05-05 17:55:05,379] {dag.py:2968} INFO - Setting next_dagrun for hello_KubePodOp to 2023-05-04T12:00:00+00:00, run_after=2023-05-05T12:00:00+00:00
[2023-05-05 17:55:05,397] {processor.py:161} INFO - Processing /opt/airflow/dags/kubePodOpDag.py took 0.086 seconds
[2023-05-05 17:55:35,497] {processor.py:153} INFO - Started process (PID=1092) to work on /opt/airflow/dags/kubePodOpDag.py
[2023-05-05 17:55:35,498] {processor.py:641} INFO - Processing file /opt/airflow/dags/kubePodOpDag.py for tasks to queue
[2023-05-05 17:55:35,500] {logging_mixin.py:115} INFO - [2023-05-05 17:55:35,500] {dagbag.py:508} INFO - Filling up the DagBag from /opt/airflow/dags/kubePodOpDag.py
[2023-05-05 17:55:35,517] {processor.py:651} INFO - DAG(s) dict_keys(['hello_KubePodOp']) retrieved from /opt/airflow/dags/kubePodOpDag.py
[2023-05-05 17:55:35,541] {logging_mixin.py:115} INFO - [2023-05-05 17:55:35,541] {dag.py:2420} INFO - Sync 1 DAGs
[2023-05-05 17:55:35,556] {logging_mixin.py:115} INFO - [2023-05-05 17:55:35,556] {dag.py:2968} INFO - Setting next_dagrun for hello_KubePodOp to 2023-05-04T12:00:00+00:00, run_after=2023-05-05T12:00:00+00:00
[2023-05-05 17:55:35,570] {processor.py:161} INFO - Processing /opt/airflow/dags/kubePodOpDag.py took 0.076 seconds
[2023-05-05 17:56:05,722] {processor.py:153} INFO - Started process (PID=1106) to work on /opt/airflow/dags/kubePodOpDag.py
[2023-05-05 17:56:05,725] {processor.py:641} INFO - Processing file /opt/airflow/dags/kubePodOpDag.py for tasks to queue
[2023-05-05 17:56:05,727] {logging_mixin.py:115} INFO - [2023-05-05 17:56:05,727] {dagbag.py:508} INFO - Filling up the DagBag from /opt/airflow/dags/kubePodOpDag.py
[2023-05-05 17:56:05,744] {processor.py:651} INFO - DAG(s) dict_keys(['hello_KubePodOp']) retrieved from /opt/airflow/dags/kubePodOpDag.py
[2023-05-05 17:56:05,767] {logging_mixin.py:115} INFO - [2023-05-05 17:56:05,767] {dag.py:2420} INFO - Sync 1 DAGs
[2023-05-05 17:56:05,780] {logging_mixin.py:115} INFO - [2023-05-05 17:56:05,780] {dag.py:2968} INFO - Setting next_dagrun for hello_KubePodOp to 2023-05-04T12:00:00+00:00, run_after=2023-05-05T12:00:00+00:00
[2023-05-05 17:56:05,792] {processor.py:161} INFO - Processing /opt/airflow/dags/kubePodOpDag.py took 0.073 seconds
