[2023-05-10 16:18:00,447] {taskinstance.py:1179} INFO - Dependencies all met for <TaskInstance: create_quaterly_team_report.upload_to_bigquary scheduled__2023-01-01T01:00:00+00:00 [queued]>
[2023-05-10 16:18:00,455] {taskinstance.py:1179} INFO - Dependencies all met for <TaskInstance: create_quaterly_team_report.upload_to_bigquary scheduled__2023-01-01T01:00:00+00:00 [queued]>
[2023-05-10 16:18:00,456] {taskinstance.py:1376} INFO - 
--------------------------------------------------------------------------------
[2023-05-10 16:18:00,456] {taskinstance.py:1377} INFO - Starting attempt 1 of 1
[2023-05-10 16:18:00,457] {taskinstance.py:1378} INFO - 
--------------------------------------------------------------------------------
[2023-05-10 16:18:00,466] {taskinstance.py:1397} INFO - Executing <Task(PythonOperator): upload_to_bigquary> on 2023-01-01 01:00:00+00:00
[2023-05-10 16:18:00,470] {standard_task_runner.py:52} INFO - Started process 21 to run task
[2023-05-10 16:18:00,473] {standard_task_runner.py:79} INFO - Running: ['airflow', 'tasks', 'run', 'create_quaterly_team_report', 'upload_to_bigquary', 'scheduled__2023-01-01T01:00:00+00:00', '--job-id', '57', '--raw', '--subdir', 'DAGS_FOLDER/create_quaterly_team_report.py', '--cfg-path', '/tmp/tmp1hlnpfhn', '--error-file', '/tmp/tmp3hu2_gc_']
[2023-05-10 16:18:00,475] {standard_task_runner.py:80} INFO - Job 57: Subtask upload_to_bigquary
[2023-05-10 16:18:00,529] {task_command.py:371} INFO - Running <TaskInstance: create_quaterly_team_report.upload_to_bigquary scheduled__2023-01-01T01:00:00+00:00 [running]> on host createquaterlyteamreportupload-fba31c8e9dfc4c62a0c3e76fa98ea7ce
[2023-05-10 16:18:01,587] {logging_mixin.py:115} WARNING - /home/airflow/.local/lib/python3.8/site-packages/airflow/models/renderedtifields.py:249 SAWarning: Coercing Subquery object into a select() for use in IN(); please pass a select() construct explicitly
[2023-05-10 16:18:01,597] {taskinstance.py:1589} INFO - Exporting the following env vars:
AIRFLOW_CTX_DAG_OWNER=airflow
AIRFLOW_CTX_DAG_ID=create_quaterly_team_report
AIRFLOW_CTX_TASK_ID=upload_to_bigquary
AIRFLOW_CTX_EXECUTION_DATE=2023-01-01T01:00:00+00:00
AIRFLOW_CTX_TRY_NUMBER=1
AIRFLOW_CTX_DAG_RUN_ID=scheduled__2023-01-01T01:00:00+00:00
[2023-05-10 16:18:05,274] {logging_mixin.py:115} INFO - DONE
[2023-05-10 16:18:05,275] {logging_mixin.py:115} INFO - LoadJob<project=dstreportdata, location=asia-east1, id=34bf18f2-c73c-41c7-aa79-23b6e325081c>
[2023-05-10 16:18:05,275] {python.py:173} INFO - Done. Returned value was: None
[2023-05-10 16:18:05,287] {taskinstance.py:1415} INFO - Marking task as SUCCESS. dag_id=create_quaterly_team_report, task_id=upload_to_bigquary, execution_date=20230101T010000, start_date=20230510T161800, end_date=20230510T161805
[2023-05-10 16:18:05,349] {local_task_job.py:156} INFO - Task exited with return code 0
[2023-05-10 16:18:05,375] {local_task_job.py:273} INFO - 1 downstream tasks scheduled from follow-on schedule check
