[2023-05-10 08:53:35,976] {taskinstance.py:1179} INFO - Dependencies all met for <TaskInstance: dst_report_dags.generate_report manual__2023-05-10T08:53:25.158506+00:00 [queued]>
[2023-05-10 08:53:35,983] {taskinstance.py:1179} INFO - Dependencies all met for <TaskInstance: dst_report_dags.generate_report manual__2023-05-10T08:53:25.158506+00:00 [queued]>
[2023-05-10 08:53:35,984] {taskinstance.py:1376} INFO - 
--------------------------------------------------------------------------------
[2023-05-10 08:53:35,985] {taskinstance.py:1377} INFO - Starting attempt 1 of 1
[2023-05-10 08:53:35,985] {taskinstance.py:1378} INFO - 
--------------------------------------------------------------------------------
[2023-05-10 08:53:35,994] {taskinstance.py:1397} INFO - Executing <Task(PythonOperator): generate_report> on 2023-05-10 08:53:25.158506+00:00
[2023-05-10 08:53:35,998] {standard_task_runner.py:52} INFO - Started process 22 to run task
[2023-05-10 08:53:36,001] {standard_task_runner.py:79} INFO - Running: ['airflow', 'tasks', 'run', 'dst_report_dags', 'generate_report', 'manual__2023-05-10T08:53:25.158506+00:00', '--job-id', '27', '--raw', '--subdir', 'DAGS_FOLDER/dst_report_dags.py', '--cfg-path', '/tmp/tmpcv2q57pw', '--error-file', '/tmp/tmpp23fm2cd']
[2023-05-10 08:53:36,003] {standard_task_runner.py:80} INFO - Job 27: Subtask generate_report
[2023-05-10 08:53:36,058] {task_command.py:371} INFO - Running <TaskInstance: dst_report_dags.generate_report manual__2023-05-10T08:53:25.158506+00:00 [running]> on host dstreportdagsgeneratereport-e9dff6416db44195a76631396a61a67a
[2023-05-10 08:53:36,779] {logging_mixin.py:115} WARNING - /home/airflow/.local/lib/python3.8/site-packages/airflow/models/renderedtifields.py:249 SAWarning: Coercing Subquery object into a select() for use in IN(); please pass a select() construct explicitly
[2023-05-10 08:53:36,788] {taskinstance.py:1589} INFO - Exporting the following env vars:
AIRFLOW_CTX_DAG_OWNER=airflow
AIRFLOW_CTX_DAG_ID=dst_report_dags
AIRFLOW_CTX_TASK_ID=generate_report
AIRFLOW_CTX_EXECUTION_DATE=2023-05-10T08:53:25.158506+00:00
AIRFLOW_CTX_TRY_NUMBER=1
AIRFLOW_CTX_DAG_RUN_ID=manual__2023-05-10T08:53:25.158506+00:00
[2023-05-10 08:53:36,798] {python.py:173} INFO - Done. Returned value was: None
[2023-05-10 08:53:36,807] {taskinstance.py:1415} INFO - Marking task as SUCCESS. dag_id=dst_report_dags, task_id=generate_report, execution_date=20230510T085325, start_date=20230510T085335, end_date=20230510T085336
[2023-05-10 08:53:36,865] {local_task_job.py:156} INFO - Task exited with return code 0
[2023-05-10 08:53:36,895] {local_task_job.py:273} INFO - 1 downstream tasks scheduled from follow-on schedule check
