[2023-05-09 16:41:43,113] {taskinstance.py:1179} INFO - Dependencies all met for <TaskInstance: dst_report_dags.get_file_from_gcs manual__2023-05-09T16:41:38.943083+00:00 [queued]>
[2023-05-09 16:41:43,121] {taskinstance.py:1179} INFO - Dependencies all met for <TaskInstance: dst_report_dags.get_file_from_gcs manual__2023-05-09T16:41:38.943083+00:00 [queued]>
[2023-05-09 16:41:43,123] {taskinstance.py:1376} INFO - 
--------------------------------------------------------------------------------
[2023-05-09 16:41:43,124] {taskinstance.py:1377} INFO - Starting attempt 1 of 1
[2023-05-09 16:41:43,124] {taskinstance.py:1378} INFO - 
--------------------------------------------------------------------------------
[2023-05-09 16:41:43,135] {taskinstance.py:1397} INFO - Executing <Task(PythonOperator): get_file_from_gcs> on 2023-05-09 16:41:38.943083+00:00
[2023-05-09 16:41:43,138] {standard_task_runner.py:52} INFO - Started process 21 to run task
[2023-05-09 16:41:43,143] {standard_task_runner.py:79} INFO - Running: ['airflow', 'tasks', 'run', 'dst_report_dags', 'get_file_from_gcs', 'manual__2023-05-09T16:41:38.943083+00:00', '--job-id', '7', '--raw', '--subdir', 'DAGS_FOLDER/dst_report_dags.py', '--cfg-path', '/tmp/tmpkw3ewoe_', '--error-file', '/tmp/tmp7vb8oxp5']
[2023-05-09 16:41:43,144] {standard_task_runner.py:80} INFO - Job 7: Subtask get_file_from_gcs
[2023-05-09 16:41:43,198] {task_command.py:371} INFO - Running <TaskInstance: dst_report_dags.get_file_from_gcs manual__2023-05-09T16:41:38.943083+00:00 [running]> on host dstreportdagsgetfilefromgcs-6aa2526f438641a8b2c950c15ae1cdc1
[2023-05-09 16:41:43,998] {logging_mixin.py:115} WARNING - /home/airflow/.local/lib/python3.8/site-packages/airflow/models/renderedtifields.py:249 SAWarning: Coercing Subquery object into a select() for use in IN(); please pass a select() construct explicitly
[2023-05-09 16:41:44,008] {taskinstance.py:1589} INFO - Exporting the following env vars:
AIRFLOW_CTX_DAG_OWNER=airflow
AIRFLOW_CTX_DAG_ID=dst_report_dags
AIRFLOW_CTX_TASK_ID=get_file_from_gcs
AIRFLOW_CTX_EXECUTION_DATE=2023-05-09T16:41:38.943083+00:00
AIRFLOW_CTX_TRY_NUMBER=1
AIRFLOW_CTX_DAG_RUN_ID=manual__2023-05-09T16:41:38.943083+00:00
[2023-05-09 16:41:45,697] {python.py:173} INFO - Done. Returned value was: None
[2023-05-09 16:41:45,705] {taskinstance.py:1415} INFO - Marking task as SUCCESS. dag_id=dst_report_dags, task_id=get_file_from_gcs, execution_date=20230509T164138, start_date=20230509T164143, end_date=20230509T164145
[2023-05-09 16:41:45,756] {local_task_job.py:156} INFO - Task exited with return code 0
[2023-05-09 16:41:45,785] {local_task_job.py:273} INFO - 1 downstream tasks scheduled from follow-on schedule check
