[2023-05-09 16:42:24,575] {taskinstance.py:1179} INFO - Dependencies all met for <TaskInstance: dst_report_dags.get_file_from_gcs manual__2023-05-09T16:42:18.009841+00:00 [queued]>
[2023-05-09 16:42:24,583] {taskinstance.py:1179} INFO - Dependencies all met for <TaskInstance: dst_report_dags.get_file_from_gcs manual__2023-05-09T16:42:18.009841+00:00 [queued]>
[2023-05-09 16:42:24,584] {taskinstance.py:1376} INFO - 
--------------------------------------------------------------------------------
[2023-05-09 16:42:24,584] {taskinstance.py:1377} INFO - Starting attempt 1 of 1
[2023-05-09 16:42:24,585] {taskinstance.py:1378} INFO - 
--------------------------------------------------------------------------------
[2023-05-09 16:42:24,595] {taskinstance.py:1397} INFO - Executing <Task(PythonOperator): get_file_from_gcs> on 2023-05-09 16:42:18.009841+00:00
[2023-05-09 16:42:24,599] {standard_task_runner.py:52} INFO - Started process 22 to run task
[2023-05-09 16:42:24,604] {standard_task_runner.py:79} INFO - Running: ['airflow', 'tasks', 'run', 'dst_report_dags', 'get_file_from_gcs', 'manual__2023-05-09T16:42:18.009841+00:00', '--job-id', '10', '--raw', '--subdir', 'DAGS_FOLDER/dst_report_dags.py', '--cfg-path', '/tmp/tmp8v3ym7g8', '--error-file', '/tmp/tmpkgjbvgb_']
[2023-05-09 16:42:24,606] {standard_task_runner.py:80} INFO - Job 10: Subtask get_file_from_gcs
[2023-05-09 16:42:24,667] {task_command.py:371} INFO - Running <TaskInstance: dst_report_dags.get_file_from_gcs manual__2023-05-09T16:42:18.009841+00:00 [running]> on host dstreportdagsgetfilefromgcs-8c44e8bc2ae94900bd2b0a42a8299a17
[2023-05-09 16:42:25,363] {logging_mixin.py:115} WARNING - /home/airflow/.local/lib/python3.8/site-packages/airflow/models/renderedtifields.py:249 SAWarning: Coercing Subquery object into a select() for use in IN(); please pass a select() construct explicitly
[2023-05-09 16:42:25,372] {taskinstance.py:1589} INFO - Exporting the following env vars:
AIRFLOW_CTX_DAG_OWNER=airflow
AIRFLOW_CTX_DAG_ID=dst_report_dags
AIRFLOW_CTX_TASK_ID=get_file_from_gcs
AIRFLOW_CTX_EXECUTION_DATE=2023-05-09T16:42:18.009841+00:00
AIRFLOW_CTX_TRY_NUMBER=1
AIRFLOW_CTX_DAG_RUN_ID=manual__2023-05-09T16:42:18.009841+00:00
[2023-05-09 16:42:27,281] {python.py:173} INFO - Done. Returned value was: None
[2023-05-09 16:42:27,291] {taskinstance.py:1415} INFO - Marking task as SUCCESS. dag_id=dst_report_dags, task_id=get_file_from_gcs, execution_date=20230509T164218, start_date=20230509T164224, end_date=20230509T164227
[2023-05-09 16:42:27,328] {local_task_job.py:156} INFO - Task exited with return code 0
[2023-05-09 16:42:27,352] {local_task_job.py:273} INFO - 1 downstream tasks scheduled from follow-on schedule check
