[2023-05-07 00:04:32,770] {processor.py:153} INFO - Started process (PID=2546) to work on /opt/airflow/dags/helloWorld.py
[2023-05-07 00:04:32,772] {processor.py:641} INFO - Processing file /opt/airflow/dags/helloWorld.py for tasks to queue
[2023-05-07 00:04:32,773] {logging_mixin.py:115} INFO - [2023-05-07 00:04:32,773] {dagbag.py:508} INFO - Filling up the DagBag from /opt/airflow/dags/helloWorld.py
[2023-05-07 00:04:32,783] {processor.py:651} INFO - DAG(s) dict_keys(['hello_world']) retrieved from /opt/airflow/dags/helloWorld.py
[2023-05-07 00:04:32,823] {logging_mixin.py:115} INFO - [2023-05-07 00:04:32,823] {dag.py:2420} INFO - Sync 1 DAGs
[2023-05-07 00:04:32,872] {logging_mixin.py:115} INFO - [2023-05-07 00:04:32,872] {dag.py:2968} INFO - Setting next_dagrun for hello_world to 2023-05-06T12:00:00+00:00, run_after=2023-05-07T12:00:00+00:00
[2023-05-07 00:04:32,918] {processor.py:161} INFO - Processing /opt/airflow/dags/helloWorld.py took 0.152 seconds
[2023-05-07 00:53:13,770] {processor.py:153} INFO - Started process (PID=2560) to work on /opt/airflow/dags/helloWorld.py
[2023-05-07 00:53:13,772] {processor.py:641} INFO - Processing file /opt/airflow/dags/helloWorld.py for tasks to queue
[2023-05-07 00:53:13,774] {logging_mixin.py:115} INFO - [2023-05-07 00:53:13,774] {dagbag.py:508} INFO - Filling up the DagBag from /opt/airflow/dags/helloWorld.py
[2023-05-07 00:53:13,784] {processor.py:651} INFO - DAG(s) dict_keys(['hello_world']) retrieved from /opt/airflow/dags/helloWorld.py
[2023-05-07 00:53:13,888] {logging_mixin.py:115} INFO - [2023-05-07 00:53:13,888] {dag.py:2420} INFO - Sync 1 DAGs
[2023-05-07 00:53:13,960] {logging_mixin.py:115} INFO - [2023-05-07 00:53:13,960] {dag.py:2968} INFO - Setting next_dagrun for hello_world to 2023-05-06T12:00:00+00:00, run_after=2023-05-07T12:00:00+00:00
[2023-05-07 00:53:14,016] {processor.py:161} INFO - Processing /opt/airflow/dags/helloWorld.py took 0.249 seconds
[2023-05-07 01:28:19,013] {processor.py:153} INFO - Started process (PID=2574) to work on /opt/airflow/dags/helloWorld.py
[2023-05-07 01:28:19,024] {processor.py:641} INFO - Processing file /opt/airflow/dags/helloWorld.py for tasks to queue
[2023-05-07 01:28:19,030] {logging_mixin.py:115} INFO - [2023-05-07 01:28:19,030] {dagbag.py:508} INFO - Filling up the DagBag from /opt/airflow/dags/helloWorld.py
[2023-05-07 01:28:19,080] {processor.py:651} INFO - DAG(s) dict_keys(['hello_world']) retrieved from /opt/airflow/dags/helloWorld.py
[2023-05-07 01:28:19,215] {logging_mixin.py:115} INFO - [2023-05-07 01:28:19,215] {dag.py:2420} INFO - Sync 1 DAGs
[2023-05-07 01:28:19,256] {logging_mixin.py:115} INFO - [2023-05-07 01:28:19,256] {dag.py:2968} INFO - Setting next_dagrun for hello_world to 2023-05-06T12:00:00+00:00, run_after=2023-05-07T12:00:00+00:00
[2023-05-07 01:28:19,299] {processor.py:161} INFO - Processing /opt/airflow/dags/helloWorld.py took 0.307 seconds
[2023-05-07 02:01:26,213] {processor.py:153} INFO - Started process (PID=2588) to work on /opt/airflow/dags/helloWorld.py
[2023-05-07 02:01:26,215] {processor.py:641} INFO - Processing file /opt/airflow/dags/helloWorld.py for tasks to queue
[2023-05-07 02:01:26,216] {logging_mixin.py:115} INFO - [2023-05-07 02:01:26,216] {dagbag.py:508} INFO - Filling up the DagBag from /opt/airflow/dags/helloWorld.py
[2023-05-07 02:01:26,230] {processor.py:651} INFO - DAG(s) dict_keys(['hello_world']) retrieved from /opt/airflow/dags/helloWorld.py
[2023-05-07 02:01:26,272] {logging_mixin.py:115} INFO - [2023-05-07 02:01:26,271] {dag.py:2420} INFO - Sync 1 DAGs
[2023-05-07 02:01:26,298] {logging_mixin.py:115} INFO - [2023-05-07 02:01:26,297] {dag.py:2968} INFO - Setting next_dagrun for hello_world to 2023-05-06T12:00:00+00:00, run_after=2023-05-07T12:00:00+00:00
[2023-05-07 02:01:26,315] {processor.py:161} INFO - Processing /opt/airflow/dags/helloWorld.py took 0.106 seconds
[2023-05-07 02:50:30,942] {processor.py:153} INFO - Started process (PID=2602) to work on /opt/airflow/dags/helloWorld.py
[2023-05-07 02:50:30,945] {processor.py:641} INFO - Processing file /opt/airflow/dags/helloWorld.py for tasks to queue
[2023-05-07 02:50:30,949] {logging_mixin.py:115} INFO - [2023-05-07 02:50:30,949] {dagbag.py:508} INFO - Filling up the DagBag from /opt/airflow/dags/helloWorld.py
[2023-05-07 02:50:30,964] {processor.py:651} INFO - DAG(s) dict_keys(['hello_world']) retrieved from /opt/airflow/dags/helloWorld.py
[2023-05-07 02:50:31,004] {logging_mixin.py:115} INFO - [2023-05-07 02:50:31,004] {dag.py:2420} INFO - Sync 1 DAGs
[2023-05-07 02:50:31,029] {logging_mixin.py:115} INFO - [2023-05-07 02:50:31,028] {dag.py:2968} INFO - Setting next_dagrun for hello_world to 2023-05-06T12:00:00+00:00, run_after=2023-05-07T12:00:00+00:00
[2023-05-07 02:50:31,048] {processor.py:161} INFO - Processing /opt/airflow/dags/helloWorld.py took 0.112 seconds
[2023-05-07 03:40:30,383] {processor.py:153} INFO - Started process (PID=2616) to work on /opt/airflow/dags/helloWorld.py
[2023-05-07 03:40:30,388] {processor.py:641} INFO - Processing file /opt/airflow/dags/helloWorld.py for tasks to queue
[2023-05-07 03:40:30,392] {logging_mixin.py:115} INFO - [2023-05-07 03:40:30,391] {dagbag.py:508} INFO - Filling up the DagBag from /opt/airflow/dags/helloWorld.py
[2023-05-07 03:40:30,433] {processor.py:651} INFO - DAG(s) dict_keys(['hello_world']) retrieved from /opt/airflow/dags/helloWorld.py
[2023-05-07 03:40:30,541] {logging_mixin.py:115} INFO - [2023-05-07 03:40:30,541] {dag.py:2420} INFO - Sync 1 DAGs
[2023-05-07 03:40:30,608] {logging_mixin.py:115} INFO - [2023-05-07 03:40:30,608] {dag.py:2968} INFO - Setting next_dagrun for hello_world to 2023-05-06T12:00:00+00:00, run_after=2023-05-07T12:00:00+00:00
[2023-05-07 03:40:30,664] {processor.py:161} INFO - Processing /opt/airflow/dags/helloWorld.py took 0.302 seconds
[2023-05-07 04:14:17,749] {processor.py:153} INFO - Started process (PID=2630) to work on /opt/airflow/dags/helloWorld.py
[2023-05-07 04:14:17,751] {processor.py:641} INFO - Processing file /opt/airflow/dags/helloWorld.py for tasks to queue
[2023-05-07 04:14:17,761] {logging_mixin.py:115} INFO - [2023-05-07 04:14:17,761] {dagbag.py:508} INFO - Filling up the DagBag from /opt/airflow/dags/helloWorld.py
[2023-05-07 04:14:17,772] {processor.py:651} INFO - DAG(s) dict_keys(['hello_world']) retrieved from /opt/airflow/dags/helloWorld.py
[2023-05-07 04:14:17,808] {logging_mixin.py:115} INFO - [2023-05-07 04:14:17,808] {dag.py:2420} INFO - Sync 1 DAGs
[2023-05-07 04:14:17,832] {logging_mixin.py:115} INFO - [2023-05-07 04:14:17,832] {dag.py:2968} INFO - Setting next_dagrun for hello_world to 2023-05-06T12:00:00+00:00, run_after=2023-05-07T12:00:00+00:00
[2023-05-07 04:14:17,850] {processor.py:161} INFO - Processing /opt/airflow/dags/helloWorld.py took 0.105 seconds
[2023-05-07 05:01:49,786] {processor.py:153} INFO - Started process (PID=2644) to work on /opt/airflow/dags/helloWorld.py
[2023-05-07 05:01:49,789] {processor.py:641} INFO - Processing file /opt/airflow/dags/helloWorld.py for tasks to queue
[2023-05-07 05:01:49,790] {logging_mixin.py:115} INFO - [2023-05-07 05:01:49,790] {dagbag.py:508} INFO - Filling up the DagBag from /opt/airflow/dags/helloWorld.py
[2023-05-07 05:01:49,804] {processor.py:651} INFO - DAG(s) dict_keys(['hello_world']) retrieved from /opt/airflow/dags/helloWorld.py
[2023-05-07 05:01:49,841] {logging_mixin.py:115} INFO - [2023-05-07 05:01:49,840] {dag.py:2420} INFO - Sync 1 DAGs
[2023-05-07 05:01:49,863] {logging_mixin.py:115} INFO - [2023-05-07 05:01:49,863] {dag.py:2968} INFO - Setting next_dagrun for hello_world to 2023-05-06T12:00:00+00:00, run_after=2023-05-07T12:00:00+00:00
[2023-05-07 05:01:49,880] {processor.py:161} INFO - Processing /opt/airflow/dags/helloWorld.py took 0.097 seconds
[2023-05-07 05:52:20,125] {processor.py:153} INFO - Started process (PID=2658) to work on /opt/airflow/dags/helloWorld.py
[2023-05-07 05:52:20,127] {processor.py:641} INFO - Processing file /opt/airflow/dags/helloWorld.py for tasks to queue
[2023-05-07 05:52:20,128] {logging_mixin.py:115} INFO - [2023-05-07 05:52:20,128] {dagbag.py:508} INFO - Filling up the DagBag from /opt/airflow/dags/helloWorld.py
[2023-05-07 05:52:20,139] {processor.py:651} INFO - DAG(s) dict_keys(['hello_world']) retrieved from /opt/airflow/dags/helloWorld.py
[2023-05-07 05:52:20,208] {logging_mixin.py:115} INFO - [2023-05-07 05:52:20,208] {dag.py:2420} INFO - Sync 1 DAGs
[2023-05-07 05:52:20,273] {logging_mixin.py:115} INFO - [2023-05-07 05:52:20,272] {dag.py:2968} INFO - Setting next_dagrun for hello_world to 2023-05-06T12:00:00+00:00, run_after=2023-05-07T12:00:00+00:00
[2023-05-07 05:52:20,328] {processor.py:161} INFO - Processing /opt/airflow/dags/helloWorld.py took 0.207 seconds
[2023-05-07 06:45:14,270] {processor.py:153} INFO - Started process (PID=2672) to work on /opt/airflow/dags/helloWorld.py
[2023-05-07 06:45:14,272] {processor.py:641} INFO - Processing file /opt/airflow/dags/helloWorld.py for tasks to queue
[2023-05-07 06:45:14,274] {logging_mixin.py:115} INFO - [2023-05-07 06:45:14,274] {dagbag.py:508} INFO - Filling up the DagBag from /opt/airflow/dags/helloWorld.py
[2023-05-07 06:45:14,292] {processor.py:651} INFO - DAG(s) dict_keys(['hello_world']) retrieved from /opt/airflow/dags/helloWorld.py
[2023-05-07 06:45:14,334] {logging_mixin.py:115} INFO - [2023-05-07 06:45:14,334] {dag.py:2420} INFO - Sync 1 DAGs
[2023-05-07 06:45:14,362] {logging_mixin.py:115} INFO - [2023-05-07 06:45:14,362] {dag.py:2968} INFO - Setting next_dagrun for hello_world to 2023-05-06T12:00:00+00:00, run_after=2023-05-07T12:00:00+00:00
[2023-05-07 06:45:14,380] {processor.py:161} INFO - Processing /opt/airflow/dags/helloWorld.py took 0.114 seconds
[2023-05-07 07:15:53,211] {processor.py:153} INFO - Started process (PID=2686) to work on /opt/airflow/dags/helloWorld.py
[2023-05-07 07:15:53,220] {processor.py:641} INFO - Processing file /opt/airflow/dags/helloWorld.py for tasks to queue
[2023-05-07 07:15:53,222] {logging_mixin.py:115} INFO - [2023-05-07 07:15:53,222] {dagbag.py:508} INFO - Filling up the DagBag from /opt/airflow/dags/helloWorld.py
[2023-05-07 07:15:53,260] {processor.py:651} INFO - DAG(s) dict_keys(['hello_world']) retrieved from /opt/airflow/dags/helloWorld.py
[2023-05-07 07:15:53,366] {logging_mixin.py:115} INFO - [2023-05-07 07:15:53,366] {dag.py:2420} INFO - Sync 1 DAGs
[2023-05-07 07:15:53,406] {logging_mixin.py:115} INFO - [2023-05-07 07:15:53,405] {dag.py:2968} INFO - Setting next_dagrun for hello_world to 2023-05-06T12:00:00+00:00, run_after=2023-05-07T12:00:00+00:00
[2023-05-07 07:15:53,447] {processor.py:161} INFO - Processing /opt/airflow/dags/helloWorld.py took 0.256 seconds
[2023-05-07 08:04:48,202] {processor.py:153} INFO - Started process (PID=2700) to work on /opt/airflow/dags/helloWorld.py
[2023-05-07 08:04:48,204] {processor.py:641} INFO - Processing file /opt/airflow/dags/helloWorld.py for tasks to queue
[2023-05-07 08:04:48,205] {logging_mixin.py:115} INFO - [2023-05-07 08:04:48,205] {dagbag.py:508} INFO - Filling up the DagBag from /opt/airflow/dags/helloWorld.py
[2023-05-07 08:04:48,216] {processor.py:651} INFO - DAG(s) dict_keys(['hello_world']) retrieved from /opt/airflow/dags/helloWorld.py
[2023-05-07 08:04:48,251] {logging_mixin.py:115} INFO - [2023-05-07 08:04:48,250] {dag.py:2420} INFO - Sync 1 DAGs
[2023-05-07 08:04:48,271] {logging_mixin.py:115} INFO - [2023-05-07 08:04:48,271] {dag.py:2968} INFO - Setting next_dagrun for hello_world to 2023-05-06T12:00:00+00:00, run_after=2023-05-07T12:00:00+00:00
[2023-05-07 08:04:48,286] {processor.py:161} INFO - Processing /opt/airflow/dags/helloWorld.py took 0.088 seconds
[2023-05-07 08:54:26,329] {processor.py:153} INFO - Started process (PID=2714) to work on /opt/airflow/dags/helloWorld.py
[2023-05-07 08:54:26,331] {processor.py:641} INFO - Processing file /opt/airflow/dags/helloWorld.py for tasks to queue
[2023-05-07 08:54:26,333] {logging_mixin.py:115} INFO - [2023-05-07 08:54:26,333] {dagbag.py:508} INFO - Filling up the DagBag from /opt/airflow/dags/helloWorld.py
[2023-05-07 08:54:26,343] {processor.py:651} INFO - DAG(s) dict_keys(['hello_world']) retrieved from /opt/airflow/dags/helloWorld.py
[2023-05-07 08:54:26,380] {logging_mixin.py:115} INFO - [2023-05-07 08:54:26,380] {dag.py:2420} INFO - Sync 1 DAGs
[2023-05-07 08:54:26,410] {logging_mixin.py:115} INFO - [2023-05-07 08:54:26,410] {dag.py:2968} INFO - Setting next_dagrun for hello_world to 2023-05-06T12:00:00+00:00, run_after=2023-05-07T12:00:00+00:00
[2023-05-07 08:54:26,425] {processor.py:161} INFO - Processing /opt/airflow/dags/helloWorld.py took 0.100 seconds
[2023-05-07 09:42:20,618] {processor.py:153} INFO - Started process (PID=2728) to work on /opt/airflow/dags/helloWorld.py
[2023-05-07 09:42:20,621] {processor.py:641} INFO - Processing file /opt/airflow/dags/helloWorld.py for tasks to queue
[2023-05-07 09:42:20,622] {logging_mixin.py:115} INFO - [2023-05-07 09:42:20,622] {dagbag.py:508} INFO - Filling up the DagBag from /opt/airflow/dags/helloWorld.py
[2023-05-07 09:42:20,633] {processor.py:651} INFO - DAG(s) dict_keys(['hello_world']) retrieved from /opt/airflow/dags/helloWorld.py
[2023-05-07 09:42:20,672] {logging_mixin.py:115} INFO - [2023-05-07 09:42:20,672] {dag.py:2420} INFO - Sync 1 DAGs
[2023-05-07 09:42:20,698] {logging_mixin.py:115} INFO - [2023-05-07 09:42:20,698] {dag.py:2968} INFO - Setting next_dagrun for hello_world to 2023-05-06T12:00:00+00:00, run_after=2023-05-07T12:00:00+00:00
[2023-05-07 09:42:20,727] {processor.py:161} INFO - Processing /opt/airflow/dags/helloWorld.py took 0.112 seconds
[2023-05-07 10:14:32,905] {processor.py:153} INFO - Started process (PID=2742) to work on /opt/airflow/dags/helloWorld.py
[2023-05-07 10:14:32,913] {processor.py:641} INFO - Processing file /opt/airflow/dags/helloWorld.py for tasks to queue
[2023-05-07 10:14:32,920] {logging_mixin.py:115} INFO - [2023-05-07 10:14:32,919] {dagbag.py:508} INFO - Filling up the DagBag from /opt/airflow/dags/helloWorld.py
[2023-05-07 10:14:32,961] {processor.py:651} INFO - DAG(s) dict_keys(['hello_world']) retrieved from /opt/airflow/dags/helloWorld.py
[2023-05-07 10:14:33,058] {logging_mixin.py:115} INFO - [2023-05-07 10:14:33,058] {dag.py:2420} INFO - Sync 1 DAGs
[2023-05-07 10:14:33,132] {logging_mixin.py:115} INFO - [2023-05-07 10:14:33,132] {dag.py:2968} INFO - Setting next_dagrun for hello_world to 2023-05-06T12:00:00+00:00, run_after=2023-05-07T12:00:00+00:00
[2023-05-07 10:14:33,180] {processor.py:161} INFO - Processing /opt/airflow/dags/helloWorld.py took 0.297 seconds
[2023-05-07 11:03:14,149] {processor.py:153} INFO - Started process (PID=2756) to work on /opt/airflow/dags/helloWorld.py
[2023-05-07 11:03:14,153] {processor.py:641} INFO - Processing file /opt/airflow/dags/helloWorld.py for tasks to queue
[2023-05-07 11:03:14,167] {logging_mixin.py:115} INFO - [2023-05-07 11:03:14,166] {dagbag.py:508} INFO - Filling up the DagBag from /opt/airflow/dags/helloWorld.py
[2023-05-07 11:03:14,203] {processor.py:651} INFO - DAG(s) dict_keys(['hello_world']) retrieved from /opt/airflow/dags/helloWorld.py
[2023-05-07 11:03:14,275] {logging_mixin.py:115} INFO - [2023-05-07 11:03:14,275] {dag.py:2420} INFO - Sync 1 DAGs
[2023-05-07 11:03:14,322] {logging_mixin.py:115} INFO - [2023-05-07 11:03:14,322] {dag.py:2968} INFO - Setting next_dagrun for hello_world to 2023-05-06T12:00:00+00:00, run_after=2023-05-07T12:00:00+00:00
[2023-05-07 11:03:14,369] {processor.py:161} INFO - Processing /opt/airflow/dags/helloWorld.py took 0.231 seconds
[2023-05-07 11:20:51,604] {processor.py:153} INFO - Started process (PID=2770) to work on /opt/airflow/dags/helloWorld.py
[2023-05-07 11:20:51,607] {processor.py:641} INFO - Processing file /opt/airflow/dags/helloWorld.py for tasks to queue
[2023-05-07 11:20:51,609] {logging_mixin.py:115} INFO - [2023-05-07 11:20:51,609] {dagbag.py:508} INFO - Filling up the DagBag from /opt/airflow/dags/helloWorld.py
[2023-05-07 11:20:51,620] {processor.py:651} INFO - DAG(s) dict_keys(['hello_world']) retrieved from /opt/airflow/dags/helloWorld.py
[2023-05-07 11:20:51,658] {logging_mixin.py:115} INFO - [2023-05-07 11:20:51,658] {dag.py:2420} INFO - Sync 1 DAGs
[2023-05-07 11:20:51,681] {logging_mixin.py:115} INFO - [2023-05-07 11:20:51,681] {dag.py:2968} INFO - Setting next_dagrun for hello_world to 2023-05-06T12:00:00+00:00, run_after=2023-05-07T12:00:00+00:00
[2023-05-07 11:20:51,698] {processor.py:161} INFO - Processing /opt/airflow/dags/helloWorld.py took 0.099 seconds
[2023-05-07 11:21:21,824] {processor.py:153} INFO - Started process (PID=2784) to work on /opt/airflow/dags/helloWorld.py
[2023-05-07 11:21:21,825] {processor.py:641} INFO - Processing file /opt/airflow/dags/helloWorld.py for tasks to queue
[2023-05-07 11:21:21,835] {logging_mixin.py:115} INFO - [2023-05-07 11:21:21,835] {dagbag.py:508} INFO - Filling up the DagBag from /opt/airflow/dags/helloWorld.py
[2023-05-07 11:21:21,844] {processor.py:651} INFO - DAG(s) dict_keys(['hello_world']) retrieved from /opt/airflow/dags/helloWorld.py
[2023-05-07 11:21:21,880] {logging_mixin.py:115} INFO - [2023-05-07 11:21:21,880] {dag.py:2420} INFO - Sync 1 DAGs
[2023-05-07 11:21:21,904] {logging_mixin.py:115} INFO - [2023-05-07 11:21:21,904] {dag.py:2968} INFO - Setting next_dagrun for hello_world to 2023-05-06T12:00:00+00:00, run_after=2023-05-07T12:00:00+00:00
[2023-05-07 11:21:21,921] {processor.py:161} INFO - Processing /opt/airflow/dags/helloWorld.py took 0.101 seconds
[2023-05-07 11:39:25,985] {processor.py:153} INFO - Started process (PID=2798) to work on /opt/airflow/dags/helloWorld.py
[2023-05-07 11:39:25,987] {processor.py:641} INFO - Processing file /opt/airflow/dags/helloWorld.py for tasks to queue
[2023-05-07 11:39:25,989] {logging_mixin.py:115} INFO - [2023-05-07 11:39:25,989] {dagbag.py:508} INFO - Filling up the DagBag from /opt/airflow/dags/helloWorld.py
[2023-05-07 11:39:25,999] {processor.py:651} INFO - DAG(s) dict_keys(['hello_world']) retrieved from /opt/airflow/dags/helloWorld.py
[2023-05-07 11:39:26,038] {logging_mixin.py:115} INFO - [2023-05-07 11:39:26,038] {dag.py:2420} INFO - Sync 1 DAGs
[2023-05-07 11:39:26,061] {logging_mixin.py:115} INFO - [2023-05-07 11:39:26,061] {dag.py:2968} INFO - Setting next_dagrun for hello_world to 2023-05-06T12:00:00+00:00, run_after=2023-05-07T12:00:00+00:00
[2023-05-07 11:39:26,077] {processor.py:161} INFO - Processing /opt/airflow/dags/helloWorld.py took 0.095 seconds
[2023-05-07 12:28:53,686] {processor.py:153} INFO - Started process (PID=2812) to work on /opt/airflow/dags/helloWorld.py
[2023-05-07 12:28:53,700] {processor.py:641} INFO - Processing file /opt/airflow/dags/helloWorld.py for tasks to queue
[2023-05-07 12:28:53,705] {logging_mixin.py:115} INFO - [2023-05-07 12:28:53,705] {dagbag.py:508} INFO - Filling up the DagBag from /opt/airflow/dags/helloWorld.py
[2023-05-07 12:28:53,781] {processor.py:651} INFO - DAG(s) dict_keys(['hello_world']) retrieved from /opt/airflow/dags/helloWorld.py
[2023-05-07 12:28:53,876] {logging_mixin.py:115} INFO - [2023-05-07 12:28:53,876] {dag.py:2420} INFO - Sync 1 DAGs
[2023-05-07 12:28:53,938] {logging_mixin.py:115} INFO - [2023-05-07 12:28:53,938] {dag.py:2968} INFO - Setting next_dagrun for hello_world to 2023-05-07T12:00:00+00:00, run_after=2023-05-08T12:00:00+00:00
[2023-05-07 12:28:53,966] {processor.py:161} INFO - Processing /opt/airflow/dags/helloWorld.py took 0.288 seconds
[2023-05-07 13:17:50,736] {processor.py:153} INFO - Started process (PID=2826) to work on /opt/airflow/dags/helloWorld.py
[2023-05-07 13:17:50,741] {processor.py:641} INFO - Processing file /opt/airflow/dags/helloWorld.py for tasks to queue
[2023-05-07 13:17:50,748] {logging_mixin.py:115} INFO - [2023-05-07 13:17:50,748] {dagbag.py:508} INFO - Filling up the DagBag from /opt/airflow/dags/helloWorld.py
[2023-05-07 13:17:50,778] {processor.py:651} INFO - DAG(s) dict_keys(['hello_world']) retrieved from /opt/airflow/dags/helloWorld.py
[2023-05-07 13:17:50,889] {logging_mixin.py:115} INFO - [2023-05-07 13:17:50,887] {dag.py:2420} INFO - Sync 1 DAGs
[2023-05-07 13:17:50,934] {logging_mixin.py:115} INFO - [2023-05-07 13:17:50,934] {dag.py:2968} INFO - Setting next_dagrun for hello_world to 2023-05-07T12:00:00+00:00, run_after=2023-05-08T12:00:00+00:00
[2023-05-07 13:17:50,975] {processor.py:161} INFO - Processing /opt/airflow/dags/helloWorld.py took 0.260 seconds
[2023-05-07 13:52:51,131] {processor.py:153} INFO - Started process (PID=2840) to work on /opt/airflow/dags/helloWorld.py
[2023-05-07 13:52:51,134] {processor.py:641} INFO - Processing file /opt/airflow/dags/helloWorld.py for tasks to queue
[2023-05-07 13:52:51,136] {logging_mixin.py:115} INFO - [2023-05-07 13:52:51,136] {dagbag.py:508} INFO - Filling up the DagBag from /opt/airflow/dags/helloWorld.py
[2023-05-07 13:52:51,153] {processor.py:651} INFO - DAG(s) dict_keys(['hello_world']) retrieved from /opt/airflow/dags/helloWorld.py
[2023-05-07 13:52:51,194] {logging_mixin.py:115} INFO - [2023-05-07 13:52:51,194] {dag.py:2420} INFO - Sync 1 DAGs
[2023-05-07 13:52:51,217] {logging_mixin.py:115} INFO - [2023-05-07 13:52:51,217] {dag.py:2968} INFO - Setting next_dagrun for hello_world to 2023-05-07T12:00:00+00:00, run_after=2023-05-08T12:00:00+00:00
[2023-05-07 13:52:51,236] {processor.py:161} INFO - Processing /opt/airflow/dags/helloWorld.py took 0.109 seconds
[2023-05-07 14:42:48,295] {processor.py:153} INFO - Started process (PID=2854) to work on /opt/airflow/dags/helloWorld.py
[2023-05-07 14:42:48,297] {processor.py:641} INFO - Processing file /opt/airflow/dags/helloWorld.py for tasks to queue
[2023-05-07 14:42:48,307] {logging_mixin.py:115} INFO - [2023-05-07 14:42:48,307] {dagbag.py:508} INFO - Filling up the DagBag from /opt/airflow/dags/helloWorld.py
[2023-05-07 14:42:48,318] {processor.py:651} INFO - DAG(s) dict_keys(['hello_world']) retrieved from /opt/airflow/dags/helloWorld.py
[2023-05-07 14:42:48,354] {logging_mixin.py:115} INFO - [2023-05-07 14:42:48,354] {dag.py:2420} INFO - Sync 1 DAGs
[2023-05-07 14:42:48,376] {logging_mixin.py:115} INFO - [2023-05-07 14:42:48,376] {dag.py:2968} INFO - Setting next_dagrun for hello_world to 2023-05-07T12:00:00+00:00, run_after=2023-05-08T12:00:00+00:00
[2023-05-07 14:42:48,395] {processor.py:161} INFO - Processing /opt/airflow/dags/helloWorld.py took 0.108 seconds
[2023-05-07 15:33:30,511] {processor.py:153} INFO - Started process (PID=2868) to work on /opt/airflow/dags/helloWorld.py
[2023-05-07 15:33:30,516] {processor.py:641} INFO - Processing file /opt/airflow/dags/helloWorld.py for tasks to queue
[2023-05-07 15:33:30,519] {logging_mixin.py:115} INFO - [2023-05-07 15:33:30,519] {dagbag.py:508} INFO - Filling up the DagBag from /opt/airflow/dags/helloWorld.py
[2023-05-07 15:33:30,546] {processor.py:651} INFO - DAG(s) dict_keys(['hello_world']) retrieved from /opt/airflow/dags/helloWorld.py
[2023-05-07 15:33:30,660] {logging_mixin.py:115} INFO - [2023-05-07 15:33:30,660] {dag.py:2420} INFO - Sync 1 DAGs
[2023-05-07 15:33:30,712] {logging_mixin.py:115} INFO - [2023-05-07 15:33:30,712] {dag.py:2968} INFO - Setting next_dagrun for hello_world to 2023-05-07T12:00:00+00:00, run_after=2023-05-08T12:00:00+00:00
[2023-05-07 15:33:30,751] {processor.py:161} INFO - Processing /opt/airflow/dags/helloWorld.py took 0.260 seconds
[2023-05-07 16:23:28,190] {processor.py:153} INFO - Started process (PID=2882) to work on /opt/airflow/dags/helloWorld.py
[2023-05-07 16:23:28,197] {processor.py:641} INFO - Processing file /opt/airflow/dags/helloWorld.py for tasks to queue
[2023-05-07 16:23:28,202] {logging_mixin.py:115} INFO - [2023-05-07 16:23:28,199] {dagbag.py:508} INFO - Filling up the DagBag from /opt/airflow/dags/helloWorld.py
[2023-05-07 16:23:28,229] {processor.py:651} INFO - DAG(s) dict_keys(['hello_world']) retrieved from /opt/airflow/dags/helloWorld.py
[2023-05-07 16:23:28,291] {logging_mixin.py:115} INFO - [2023-05-07 16:23:28,291] {dag.py:2420} INFO - Sync 1 DAGs
[2023-05-07 16:23:28,335] {logging_mixin.py:115} INFO - [2023-05-07 16:23:28,335] {dag.py:2968} INFO - Setting next_dagrun for hello_world to 2023-05-07T12:00:00+00:00, run_after=2023-05-08T12:00:00+00:00
[2023-05-07 16:23:28,375] {processor.py:161} INFO - Processing /opt/airflow/dags/helloWorld.py took 0.195 seconds
[2023-05-07 16:54:50,877] {processor.py:153} INFO - Started process (PID=2896) to work on /opt/airflow/dags/helloWorld.py
[2023-05-07 16:54:50,879] {processor.py:641} INFO - Processing file /opt/airflow/dags/helloWorld.py for tasks to queue
[2023-05-07 16:54:50,881] {logging_mixin.py:115} INFO - [2023-05-07 16:54:50,881] {dagbag.py:508} INFO - Filling up the DagBag from /opt/airflow/dags/helloWorld.py
[2023-05-07 16:54:50,893] {processor.py:651} INFO - DAG(s) dict_keys(['hello_world']) retrieved from /opt/airflow/dags/helloWorld.py
[2023-05-07 16:54:50,928] {logging_mixin.py:115} INFO - [2023-05-07 16:54:50,928] {dag.py:2420} INFO - Sync 1 DAGs
[2023-05-07 16:54:50,951] {logging_mixin.py:115} INFO - [2023-05-07 16:54:50,951] {dag.py:2968} INFO - Setting next_dagrun for hello_world to 2023-05-07T12:00:00+00:00, run_after=2023-05-08T12:00:00+00:00
[2023-05-07 16:54:50,972] {processor.py:161} INFO - Processing /opt/airflow/dags/helloWorld.py took 0.103 seconds
[2023-05-07 17:44:17,108] {processor.py:153} INFO - Started process (PID=2910) to work on /opt/airflow/dags/helloWorld.py
[2023-05-07 17:44:17,112] {processor.py:641} INFO - Processing file /opt/airflow/dags/helloWorld.py for tasks to queue
[2023-05-07 17:44:17,114] {logging_mixin.py:115} INFO - [2023-05-07 17:44:17,114] {dagbag.py:508} INFO - Filling up the DagBag from /opt/airflow/dags/helloWorld.py
[2023-05-07 17:44:17,151] {processor.py:651} INFO - DAG(s) dict_keys(['hello_world']) retrieved from /opt/airflow/dags/helloWorld.py
[2023-05-07 17:44:17,242] {logging_mixin.py:115} INFO - [2023-05-07 17:44:17,242] {dag.py:2420} INFO - Sync 1 DAGs
[2023-05-07 17:44:17,291] {logging_mixin.py:115} INFO - [2023-05-07 17:44:17,291] {dag.py:2968} INFO - Setting next_dagrun for hello_world to 2023-05-07T12:00:00+00:00, run_after=2023-05-08T12:00:00+00:00
[2023-05-07 17:44:17,322] {processor.py:161} INFO - Processing /opt/airflow/dags/helloWorld.py took 0.218 seconds
[2023-05-07 18:33:21,332] {processor.py:153} INFO - Started process (PID=2924) to work on /opt/airflow/dags/helloWorld.py
[2023-05-07 18:33:21,338] {processor.py:641} INFO - Processing file /opt/airflow/dags/helloWorld.py for tasks to queue
[2023-05-07 18:33:21,341] {logging_mixin.py:115} INFO - [2023-05-07 18:33:21,341] {dagbag.py:508} INFO - Filling up the DagBag from /opt/airflow/dags/helloWorld.py
[2023-05-07 18:33:21,378] {processor.py:651} INFO - DAG(s) dict_keys(['hello_world']) retrieved from /opt/airflow/dags/helloWorld.py
[2023-05-07 18:33:21,457] {logging_mixin.py:115} INFO - [2023-05-07 18:33:21,457] {dag.py:2420} INFO - Sync 1 DAGs
[2023-05-07 18:33:21,501] {logging_mixin.py:115} INFO - [2023-05-07 18:33:21,501] {dag.py:2968} INFO - Setting next_dagrun for hello_world to 2023-05-07T12:00:00+00:00, run_after=2023-05-08T12:00:00+00:00
[2023-05-07 18:33:21,561] {processor.py:161} INFO - Processing /opt/airflow/dags/helloWorld.py took 0.248 seconds
[2023-05-07 19:05:11,694] {processor.py:153} INFO - Started process (PID=2938) to work on /opt/airflow/dags/helloWorld.py
[2023-05-07 19:05:11,697] {processor.py:641} INFO - Processing file /opt/airflow/dags/helloWorld.py for tasks to queue
[2023-05-07 19:05:11,713] {logging_mixin.py:115} INFO - [2023-05-07 19:05:11,713] {dagbag.py:508} INFO - Filling up the DagBag from /opt/airflow/dags/helloWorld.py
[2023-05-07 19:05:11,754] {processor.py:651} INFO - DAG(s) dict_keys(['hello_world']) retrieved from /opt/airflow/dags/helloWorld.py
[2023-05-07 19:05:11,857] {logging_mixin.py:115} INFO - [2023-05-07 19:05:11,857] {dag.py:2420} INFO - Sync 1 DAGs
[2023-05-07 19:05:11,922] {logging_mixin.py:115} INFO - [2023-05-07 19:05:11,922] {dag.py:2968} INFO - Setting next_dagrun for hello_world to 2023-05-07T12:00:00+00:00, run_after=2023-05-08T12:00:00+00:00
[2023-05-07 19:05:11,977] {processor.py:161} INFO - Processing /opt/airflow/dags/helloWorld.py took 0.297 seconds
[2023-05-07 19:54:04,747] {processor.py:153} INFO - Started process (PID=2952) to work on /opt/airflow/dags/helloWorld.py
[2023-05-07 19:54:04,758] {processor.py:641} INFO - Processing file /opt/airflow/dags/helloWorld.py for tasks to queue
[2023-05-07 19:54:04,764] {logging_mixin.py:115} INFO - [2023-05-07 19:54:04,763] {dagbag.py:508} INFO - Filling up the DagBag from /opt/airflow/dags/helloWorld.py
[2023-05-07 19:54:04,785] {processor.py:651} INFO - DAG(s) dict_keys(['hello_world']) retrieved from /opt/airflow/dags/helloWorld.py
[2023-05-07 19:54:04,834] {logging_mixin.py:115} INFO - [2023-05-07 19:54:04,834] {dag.py:2420} INFO - Sync 1 DAGs
[2023-05-07 19:54:04,917] {logging_mixin.py:115} INFO - [2023-05-07 19:54:04,913] {dag.py:2968} INFO - Setting next_dagrun for hello_world to 2023-05-07T12:00:00+00:00, run_after=2023-05-08T12:00:00+00:00
[2023-05-07 19:54:05,009] {processor.py:161} INFO - Processing /opt/airflow/dags/helloWorld.py took 0.267 seconds
[2023-05-07 20:41:56,247] {processor.py:153} INFO - Started process (PID=2966) to work on /opt/airflow/dags/helloWorld.py
[2023-05-07 20:41:56,249] {processor.py:641} INFO - Processing file /opt/airflow/dags/helloWorld.py for tasks to queue
[2023-05-07 20:41:56,251] {logging_mixin.py:115} INFO - [2023-05-07 20:41:56,251] {dagbag.py:508} INFO - Filling up the DagBag from /opt/airflow/dags/helloWorld.py
[2023-05-07 20:41:56,261] {processor.py:651} INFO - DAG(s) dict_keys(['hello_world']) retrieved from /opt/airflow/dags/helloWorld.py
[2023-05-07 20:41:56,301] {logging_mixin.py:115} INFO - [2023-05-07 20:41:56,301] {dag.py:2420} INFO - Sync 1 DAGs
[2023-05-07 20:41:56,322] {logging_mixin.py:115} INFO - [2023-05-07 20:41:56,322] {dag.py:2968} INFO - Setting next_dagrun for hello_world to 2023-05-07T12:00:00+00:00, run_after=2023-05-08T12:00:00+00:00
[2023-05-07 20:41:56,339] {processor.py:161} INFO - Processing /opt/airflow/dags/helloWorld.py took 0.096 seconds
[2023-05-07 21:32:39,343] {processor.py:153} INFO - Started process (PID=2980) to work on /opt/airflow/dags/helloWorld.py
[2023-05-07 21:32:39,352] {processor.py:641} INFO - Processing file /opt/airflow/dags/helloWorld.py for tasks to queue
[2023-05-07 21:32:39,361] {logging_mixin.py:115} INFO - [2023-05-07 21:32:39,361] {dagbag.py:508} INFO - Filling up the DagBag from /opt/airflow/dags/helloWorld.py
[2023-05-07 21:32:39,416] {processor.py:651} INFO - DAG(s) dict_keys(['hello_world']) retrieved from /opt/airflow/dags/helloWorld.py
[2023-05-07 21:32:39,540] {logging_mixin.py:115} INFO - [2023-05-07 21:32:39,540] {dag.py:2420} INFO - Sync 1 DAGs
[2023-05-07 21:32:39,579] {logging_mixin.py:115} INFO - [2023-05-07 21:32:39,579] {dag.py:2968} INFO - Setting next_dagrun for hello_world to 2023-05-07T12:00:00+00:00, run_after=2023-05-08T12:00:00+00:00
[2023-05-07 21:32:39,614] {processor.py:161} INFO - Processing /opt/airflow/dags/helloWorld.py took 0.289 seconds
[2023-05-07 22:06:58,771] {processor.py:153} INFO - Started process (PID=2994) to work on /opt/airflow/dags/helloWorld.py
[2023-05-07 22:06:58,774] {processor.py:641} INFO - Processing file /opt/airflow/dags/helloWorld.py for tasks to queue
[2023-05-07 22:06:58,782] {logging_mixin.py:115} INFO - [2023-05-07 22:06:58,782] {dagbag.py:508} INFO - Filling up the DagBag from /opt/airflow/dags/helloWorld.py
[2023-05-07 22:06:58,820] {processor.py:651} INFO - DAG(s) dict_keys(['hello_world']) retrieved from /opt/airflow/dags/helloWorld.py
[2023-05-07 22:06:58,907] {logging_mixin.py:115} INFO - [2023-05-07 22:06:58,907] {dag.py:2420} INFO - Sync 1 DAGs
[2023-05-07 22:06:58,938] {logging_mixin.py:115} INFO - [2023-05-07 22:06:58,938] {dag.py:2968} INFO - Setting next_dagrun for hello_world to 2023-05-07T12:00:00+00:00, run_after=2023-05-08T12:00:00+00:00
[2023-05-07 22:06:58,956] {processor.py:161} INFO - Processing /opt/airflow/dags/helloWorld.py took 0.194 seconds
[2023-05-07 22:56:55,263] {processor.py:153} INFO - Started process (PID=3008) to work on /opt/airflow/dags/helloWorld.py
[2023-05-07 22:56:55,266] {processor.py:641} INFO - Processing file /opt/airflow/dags/helloWorld.py for tasks to queue
[2023-05-07 22:56:55,268] {logging_mixin.py:115} INFO - [2023-05-07 22:56:55,268] {dagbag.py:508} INFO - Filling up the DagBag from /opt/airflow/dags/helloWorld.py
[2023-05-07 22:56:55,279] {processor.py:651} INFO - DAG(s) dict_keys(['hello_world']) retrieved from /opt/airflow/dags/helloWorld.py
[2023-05-07 22:56:55,316] {logging_mixin.py:115} INFO - [2023-05-07 22:56:55,316] {dag.py:2420} INFO - Sync 1 DAGs
[2023-05-07 22:56:55,339] {logging_mixin.py:115} INFO - [2023-05-07 22:56:55,339] {dag.py:2968} INFO - Setting next_dagrun for hello_world to 2023-05-07T12:00:00+00:00, run_after=2023-05-08T12:00:00+00:00
[2023-05-07 22:56:55,365] {processor.py:161} INFO - Processing /opt/airflow/dags/helloWorld.py took 0.109 seconds
[2023-05-07 23:45:18,446] {processor.py:153} INFO - Started process (PID=3022) to work on /opt/airflow/dags/helloWorld.py
[2023-05-07 23:45:18,451] {processor.py:641} INFO - Processing file /opt/airflow/dags/helloWorld.py for tasks to queue
[2023-05-07 23:45:18,455] {logging_mixin.py:115} INFO - [2023-05-07 23:45:18,454] {dagbag.py:508} INFO - Filling up the DagBag from /opt/airflow/dags/helloWorld.py
[2023-05-07 23:45:18,527] {processor.py:651} INFO - DAG(s) dict_keys(['hello_world']) retrieved from /opt/airflow/dags/helloWorld.py
[2023-05-07 23:45:18,667] {logging_mixin.py:115} INFO - [2023-05-07 23:45:18,666] {dag.py:2420} INFO - Sync 1 DAGs
[2023-05-07 23:45:18,704] {logging_mixin.py:115} INFO - [2023-05-07 23:45:18,704] {dag.py:2968} INFO - Setting next_dagrun for hello_world to 2023-05-07T12:00:00+00:00, run_after=2023-05-08T12:00:00+00:00
[2023-05-07 23:45:18,737] {processor.py:161} INFO - Processing /opt/airflow/dags/helloWorld.py took 0.314 seconds
