[2023-05-08 10:36:05,473] {taskinstance.py:1179} INFO - Dependencies all met for <TaskInstance: dst_report_dags.generate_report manual__2023-05-08T10:34:49.987566+00:00 [queued]>
[2023-05-08 10:36:05,503] {taskinstance.py:1179} INFO - Dependencies all met for <TaskInstance: dst_report_dags.generate_report manual__2023-05-08T10:34:49.987566+00:00 [queued]>
[2023-05-08 10:36:05,531] {taskinstance.py:1376} INFO - 
--------------------------------------------------------------------------------
[2023-05-08 10:36:05,541] {taskinstance.py:1377} INFO - Starting attempt 1 of 1
[2023-05-08 10:36:05,549] {taskinstance.py:1378} INFO - 
--------------------------------------------------------------------------------
[2023-05-08 10:36:05,594] {taskinstance.py:1397} INFO - Executing <Task(PythonOperator): generate_report> on 2023-05-08 10:34:49.987566+00:00
[2023-05-08 10:36:05,609] {standard_task_runner.py:52} INFO - Started process 22 to run task
[2023-05-08 10:36:05,614] {standard_task_runner.py:79} INFO - Running: ['airflow', 'tasks', 'run', 'dst_report_dags', 'generate_report', 'manual__2023-05-08T10:34:49.987566+00:00', '--job-id', '82', '--raw', '--subdir', 'DAGS_FOLDER/dst_report_dags.py', '--cfg-path', '/tmp/tmpzjkbu67l', '--error-file', '/tmp/tmph2s_7kel']
[2023-05-08 10:36:05,648] {standard_task_runner.py:80} INFO - Job 82: Subtask generate_report
[2023-05-08 10:36:05,801] {task_command.py:371} INFO - Running <TaskInstance: dst_report_dags.generate_report manual__2023-05-08T10:34:49.987566+00:00 [running]> on host dstreportdagsgeneratereport-d0a8a8a883724af0b0e8e2598a722c18
[2023-05-08 10:36:07,529] {logging_mixin.py:115} WARNING - /home/airflow/.local/lib/python3.8/site-packages/airflow/models/renderedtifields.py:249 SAWarning: Coercing Subquery object into a select() for use in IN(); please pass a select() construct explicitly
[2023-05-08 10:36:07,583] {taskinstance.py:1589} INFO - Exporting the following env vars:
AIRFLOW_CTX_DAG_OWNER=airflow
AIRFLOW_CTX_DAG_ID=dst_report_dags
AIRFLOW_CTX_TASK_ID=generate_report
AIRFLOW_CTX_EXECUTION_DATE=2023-05-08T10:34:49.987566+00:00
AIRFLOW_CTX_TRY_NUMBER=1
AIRFLOW_CTX_DAG_RUN_ID=manual__2023-05-08T10:34:49.987566+00:00
[2023-05-08 10:36:07,618] {logging_mixin.py:115} INFO - data/*dst_revenue.csv
[2023-05-08 10:36:07,839] {python.py:173} INFO - Done. Returned value was: None
[2023-05-08 10:36:07,885] {taskinstance.py:1415} INFO - Marking task as SUCCESS. dag_id=dst_report_dags, task_id=generate_report, execution_date=20230508T103449, start_date=20230508T103605, end_date=20230508T103607
[2023-05-08 10:36:07,983] {local_task_job.py:156} INFO - Task exited with return code 0
[2023-05-08 10:36:08,042] {local_task_job.py:273} INFO - 0 downstream tasks scheduled from follow-on schedule check
