[2023-05-10 08:53:40,993] {taskinstance.py:1179} INFO - Dependencies all met for <TaskInstance: dst_report_dags.upload_to_bigquary manual__2023-05-10T08:53:25.158506+00:00 [queued]>
[2023-05-10 08:53:41,001] {taskinstance.py:1179} INFO - Dependencies all met for <TaskInstance: dst_report_dags.upload_to_bigquary manual__2023-05-10T08:53:25.158506+00:00 [queued]>
[2023-05-10 08:53:41,002] {taskinstance.py:1376} INFO - 
--------------------------------------------------------------------------------
[2023-05-10 08:53:41,003] {taskinstance.py:1377} INFO - Starting attempt 1 of 1
[2023-05-10 08:53:41,004] {taskinstance.py:1378} INFO - 
--------------------------------------------------------------------------------
[2023-05-10 08:53:41,014] {taskinstance.py:1397} INFO - Executing <Task(PythonOperator): upload_to_bigquary> on 2023-05-10 08:53:25.158506+00:00
[2023-05-10 08:53:41,018] {standard_task_runner.py:52} INFO - Started process 22 to run task
[2023-05-10 08:53:41,021] {standard_task_runner.py:79} INFO - Running: ['airflow', 'tasks', 'run', 'dst_report_dags', 'upload_to_bigquary', 'manual__2023-05-10T08:53:25.158506+00:00', '--job-id', '28', '--raw', '--subdir', 'DAGS_FOLDER/dst_report_dags.py', '--cfg-path', '/tmp/tmpwjdvgmzg', '--error-file', '/tmp/tmpjzuqex5h']
[2023-05-10 08:53:41,023] {standard_task_runner.py:80} INFO - Job 28: Subtask upload_to_bigquary
[2023-05-10 08:53:41,080] {task_command.py:371} INFO - Running <TaskInstance: dst_report_dags.upload_to_bigquary manual__2023-05-10T08:53:25.158506+00:00 [running]> on host dstreportdagsuploadtobigquary-53f45e8720db46d8984387b388a1c0e4
[2023-05-10 08:53:41,867] {logging_mixin.py:115} WARNING - /home/airflow/.local/lib/python3.8/site-packages/airflow/models/renderedtifields.py:249 SAWarning: Coercing Subquery object into a select() for use in IN(); please pass a select() construct explicitly
[2023-05-10 08:53:41,876] {taskinstance.py:1589} INFO - Exporting the following env vars:
AIRFLOW_CTX_DAG_OWNER=airflow
AIRFLOW_CTX_DAG_ID=dst_report_dags
AIRFLOW_CTX_TASK_ID=upload_to_bigquary
AIRFLOW_CTX_EXECUTION_DATE=2023-05-10T08:53:25.158506+00:00
AIRFLOW_CTX_TRY_NUMBER=1
AIRFLOW_CTX_DAG_RUN_ID=manual__2023-05-10T08:53:25.158506+00:00
[2023-05-10 08:53:46,019] {logging_mixin.py:115} INFO - RUNNING
[2023-05-10 08:53:48,202] {logging_mixin.py:115} INFO - DONE
[2023-05-10 08:53:48,203] {logging_mixin.py:115} INFO - LoadJob<project=dstreportdata, location=asia-east1, id=4fcc789f-285b-4839-bed2-bb8a289e76e3>
[2023-05-10 08:53:48,204] {python.py:173} INFO - Done. Returned value was: None
[2023-05-10 08:53:48,216] {taskinstance.py:1415} INFO - Marking task as SUCCESS. dag_id=dst_report_dags, task_id=upload_to_bigquary, execution_date=20230510T085325, start_date=20230510T085340, end_date=20230510T085348
[2023-05-10 08:53:48,255] {local_task_job.py:156} INFO - Task exited with return code 0
[2023-05-10 08:53:48,276] {local_task_job.py:273} INFO - 1 downstream tasks scheduled from follow-on schedule check
