[2023-05-08 09:04:21,555] {taskinstance.py:1179} INFO - Dependencies all met for <TaskInstance: dst_report_dags.get_file_from_gcs manual__2023-05-08T09:04:16.338250+00:00 [queued]>
[2023-05-08 09:04:21,563] {taskinstance.py:1179} INFO - Dependencies all met for <TaskInstance: dst_report_dags.get_file_from_gcs manual__2023-05-08T09:04:16.338250+00:00 [queued]>
[2023-05-08 09:04:21,575] {taskinstance.py:1376} INFO - 
--------------------------------------------------------------------------------
[2023-05-08 09:04:21,577] {taskinstance.py:1377} INFO - Starting attempt 1 of 1
[2023-05-08 09:04:21,577] {taskinstance.py:1378} INFO - 
--------------------------------------------------------------------------------
[2023-05-08 09:04:21,588] {taskinstance.py:1397} INFO - Executing <Task(PythonOperator): get_file_from_gcs> on 2023-05-08 09:04:16.338250+00:00
[2023-05-08 09:04:21,592] {standard_task_runner.py:52} INFO - Started process 22 to run task
[2023-05-08 09:04:21,595] {standard_task_runner.py:79} INFO - Running: ['airflow', 'tasks', 'run', 'dst_report_dags', 'get_file_from_gcs', 'manual__2023-05-08T09:04:16.338250+00:00', '--job-id', '51', '--raw', '--subdir', 'DAGS_FOLDER/dst_report_dags.py', '--cfg-path', '/tmp/tmp4ea107rf', '--error-file', '/tmp/tmpoj9xz_ce']
[2023-05-08 09:04:21,597] {standard_task_runner.py:80} INFO - Job 51: Subtask get_file_from_gcs
[2023-05-08 09:04:21,656] {task_command.py:371} INFO - Running <TaskInstance: dst_report_dags.get_file_from_gcs manual__2023-05-08T09:04:16.338250+00:00 [running]> on host dstreportdagsgetfilefromgcs-e9e6163583b8411b9c0fe55bdda28ef4
[2023-05-08 09:04:22,540] {logging_mixin.py:115} WARNING - /home/airflow/.local/lib/python3.8/site-packages/airflow/models/renderedtifields.py:249 SAWarning: Coercing Subquery object into a select() for use in IN(); please pass a select() construct explicitly
[2023-05-08 09:04:22,550] {taskinstance.py:1589} INFO - Exporting the following env vars:
AIRFLOW_CTX_DAG_OWNER=airflow
AIRFLOW_CTX_DAG_ID=dst_report_dags
AIRFLOW_CTX_TASK_ID=get_file_from_gcs
AIRFLOW_CTX_EXECUTION_DATE=2023-05-08T09:04:16.338250+00:00
AIRFLOW_CTX_TRY_NUMBER=1
AIRFLOW_CTX_DAG_RUN_ID=manual__2023-05-08T09:04:16.338250+00:00
[2023-05-08 09:04:24,185] {python.py:173} INFO - Done. Returned value was: None
[2023-05-08 09:04:24,196] {taskinstance.py:1415} INFO - Marking task as SUCCESS. dag_id=dst_report_dags, task_id=get_file_from_gcs, execution_date=20230508T090416, start_date=20230508T090421, end_date=20230508T090424
[2023-05-08 09:04:24,271] {local_task_job.py:156} INFO - Task exited with return code 0
[2023-05-08 09:04:24,299] {local_task_job.py:273} INFO - 1 downstream tasks scheduled from follow-on schedule check
