[2023-05-09 19:23:02,591] {taskinstance.py:1179} INFO - Dependencies all met for <TaskInstance: example_kubernetes_executor_config.task_with_sidecar manual__2023-05-09T19:22:42.358862+00:00 [queued]>
[2023-05-09 19:23:02,614] {taskinstance.py:1179} INFO - Dependencies all met for <TaskInstance: example_kubernetes_executor_config.task_with_sidecar manual__2023-05-09T19:22:42.358862+00:00 [queued]>
[2023-05-09 19:23:02,615] {taskinstance.py:1376} INFO - 
--------------------------------------------------------------------------------
[2023-05-09 19:23:02,617] {taskinstance.py:1377} INFO - Starting attempt 1 of 1
[2023-05-09 19:23:02,619] {taskinstance.py:1378} INFO - 
--------------------------------------------------------------------------------
[2023-05-09 19:23:02,651] {taskinstance.py:1397} INFO - Executing <Task(PythonOperator): task_with_sidecar> on 2023-05-09 19:22:42.358862+00:00
[2023-05-09 19:23:02,661] {standard_task_runner.py:52} INFO - Started process 18 to run task
[2023-05-09 19:23:02,679] {standard_task_runner.py:79} INFO - Running: ['airflow', 'tasks', 'run', 'example_kubernetes_executor_config', 'task_with_sidecar', 'manual__2023-05-09T19:22:42.358862+00:00', '--job-id', '7', '--raw', '--subdir', 'DAGS_FOLDER/test_dag.py', '--cfg-path', '/tmp/tmpufp8co93', '--error-file', '/tmp/tmpffkbd6d_']
[2023-05-09 19:23:02,684] {standard_task_runner.py:80} INFO - Job 7: Subtask task_with_sidecar
[2023-05-09 19:23:02,822] {task_command.py:371} INFO - Running <TaskInstance: example_kubernetes_executor_config.task_with_sidecar manual__2023-05-09T19:22:42.358862+00:00 [running]> on host examplekubernetesexecutorconfi-40f6c289d4e04ad28b5db1cfbb048f7a
[2023-05-09 19:23:03,187] {logging_mixin.py:115} WARNING - /home/airflow/.local/lib/python3.8/site-packages/airflow/models/renderedtifields.py:249 SAWarning: Coercing Subquery object into a select() for use in IN(); please pass a select() construct explicitly
[2023-05-09 19:23:03,209] {taskinstance.py:1589} INFO - Exporting the following env vars:
AIRFLOW_CTX_DAG_OWNER=airflow
AIRFLOW_CTX_DAG_ID=example_kubernetes_executor_config
AIRFLOW_CTX_TASK_ID=task_with_sidecar
AIRFLOW_CTX_EXECUTION_DATE=2023-05-09T19:22:42.358862+00:00
AIRFLOW_CTX_TRY_NUMBER=1
AIRFLOW_CTX_DAG_RUN_ID=manual__2023-05-09T19:22:42.358862+00:00
[2023-05-09 19:23:03,288] {python.py:173} INFO - Done. Returned value was: None
[2023-05-09 19:23:03,307] {taskinstance.py:1415} INFO - Marking task as SUCCESS. dag_id=example_kubernetes_executor_config, task_id=task_with_sidecar, execution_date=20230509T192242, start_date=20230509T192302, end_date=20230509T192303
[2023-05-09 19:23:03,376] {local_task_job.py:156} INFO - Task exited with return code 0
[2023-05-09 19:23:03,422] {local_task_job.py:273} INFO - 0 downstream tasks scheduled from follow-on schedule check
