[2023-05-08 10:37:46,251] {taskinstance.py:1179} INFO - Dependencies all met for <TaskInstance: dst_report_dags.get_file_from_gcs manual__2023-05-08T10:37:39.703268+00:00 [queued]>
[2023-05-08 10:37:46,263] {taskinstance.py:1179} INFO - Dependencies all met for <TaskInstance: dst_report_dags.get_file_from_gcs manual__2023-05-08T10:37:39.703268+00:00 [queued]>
[2023-05-08 10:37:46,265] {taskinstance.py:1376} INFO - 
--------------------------------------------------------------------------------
[2023-05-08 10:37:46,266] {taskinstance.py:1377} INFO - Starting attempt 1 of 1
[2023-05-08 10:37:46,267] {taskinstance.py:1378} INFO - 
--------------------------------------------------------------------------------
[2023-05-08 10:37:46,283] {taskinstance.py:1397} INFO - Executing <Task(PythonOperator): get_file_from_gcs> on 2023-05-08 10:37:39.703268+00:00
[2023-05-08 10:37:46,290] {standard_task_runner.py:52} INFO - Started process 22 to run task
[2023-05-08 10:37:46,295] {standard_task_runner.py:79} INFO - Running: ['airflow', 'tasks', 'run', 'dst_report_dags', 'get_file_from_gcs', 'manual__2023-05-08T10:37:39.703268+00:00', '--job-id', '83', '--raw', '--subdir', 'DAGS_FOLDER/dst_report_dags.py', '--cfg-path', '/tmp/tmpbtjr65e4', '--error-file', '/tmp/tmpxdzl3euw']
[2023-05-08 10:37:46,300] {standard_task_runner.py:80} INFO - Job 83: Subtask get_file_from_gcs
[2023-05-08 10:37:46,401] {task_command.py:371} INFO - Running <TaskInstance: dst_report_dags.get_file_from_gcs manual__2023-05-08T10:37:39.703268+00:00 [running]> on host dstreportdagsgetfilefromgcs-b869ac80771e4b12a5b7dab16a566d31
[2023-05-08 10:37:47,690] {logging_mixin.py:115} WARNING - /home/airflow/.local/lib/python3.8/site-packages/airflow/models/renderedtifields.py:249 SAWarning: Coercing Subquery object into a select() for use in IN(); please pass a select() construct explicitly
[2023-05-08 10:37:47,706] {taskinstance.py:1589} INFO - Exporting the following env vars:
AIRFLOW_CTX_DAG_OWNER=airflow
AIRFLOW_CTX_DAG_ID=dst_report_dags
AIRFLOW_CTX_TASK_ID=get_file_from_gcs
AIRFLOW_CTX_EXECUTION_DATE=2023-05-08T10:37:39.703268+00:00
AIRFLOW_CTX_TRY_NUMBER=1
AIRFLOW_CTX_DAG_RUN_ID=manual__2023-05-08T10:37:39.703268+00:00
[2023-05-08 10:37:50,302] {python.py:173} INFO - Done. Returned value was: None
[2023-05-08 10:37:50,315] {taskinstance.py:1415} INFO - Marking task as SUCCESS. dag_id=dst_report_dags, task_id=get_file_from_gcs, execution_date=20230508T103739, start_date=20230508T103746, end_date=20230508T103750
[2023-05-08 10:37:50,388] {local_task_job.py:156} INFO - Task exited with return code 0
[2023-05-08 10:37:50,427] {local_task_job.py:273} INFO - 1 downstream tasks scheduled from follow-on schedule check
