[2023-05-09 21:15:49,251] {taskinstance.py:1179} INFO - Dependencies all met for <TaskInstance: dst_report_dags.generate_report manual__2023-05-09T21:15:33.848519+00:00 [queued]>
[2023-05-09 21:15:49,262] {taskinstance.py:1179} INFO - Dependencies all met for <TaskInstance: dst_report_dags.generate_report manual__2023-05-09T21:15:33.848519+00:00 [queued]>
[2023-05-09 21:15:49,263] {taskinstance.py:1376} INFO - 
--------------------------------------------------------------------------------
[2023-05-09 21:15:49,264] {taskinstance.py:1377} INFO - Starting attempt 1 of 1
[2023-05-09 21:15:49,265] {taskinstance.py:1378} INFO - 
--------------------------------------------------------------------------------
[2023-05-09 21:15:49,283] {taskinstance.py:1397} INFO - Executing <Task(PythonOperator): generate_report> on 2023-05-09 21:15:33.848519+00:00
[2023-05-09 21:15:49,287] {standard_task_runner.py:52} INFO - Started process 22 to run task
[2023-05-09 21:15:49,294] {standard_task_runner.py:79} INFO - Running: ['airflow', 'tasks', 'run', 'dst_report_dags', 'generate_report', 'manual__2023-05-09T21:15:33.848519+00:00', '--job-id', '14', '--raw', '--subdir', 'DAGS_FOLDER/dst_report_dags.py', '--cfg-path', '/tmp/tmp2wlzsz31', '--error-file', '/tmp/tmpauosjj4n']
[2023-05-09 21:15:49,296] {standard_task_runner.py:80} INFO - Job 14: Subtask generate_report
[2023-05-09 21:15:49,377] {task_command.py:371} INFO - Running <TaskInstance: dst_report_dags.generate_report manual__2023-05-09T21:15:33.848519+00:00 [running]> on host dstreportdagsgeneratereport-1fdb08f9d10d40f096ebbb2c6fda18ce
[2023-05-09 21:15:50,553] {logging_mixin.py:115} WARNING - /home/airflow/.local/lib/python3.8/site-packages/airflow/models/renderedtifields.py:249 SAWarning: Coercing Subquery object into a select() for use in IN(); please pass a select() construct explicitly
[2023-05-09 21:15:50,568] {taskinstance.py:1589} INFO - Exporting the following env vars:
AIRFLOW_CTX_DAG_OWNER=airflow
AIRFLOW_CTX_DAG_ID=dst_report_dags
AIRFLOW_CTX_TASK_ID=generate_report
AIRFLOW_CTX_EXECUTION_DATE=2023-05-09T21:15:33.848519+00:00
AIRFLOW_CTX_TRY_NUMBER=1
AIRFLOW_CTX_DAG_RUN_ID=manual__2023-05-09T21:15:33.848519+00:00
[2023-05-09 21:15:50,737] {python.py:173} INFO - Done. Returned value was: None
[2023-05-09 21:15:50,749] {taskinstance.py:1415} INFO - Marking task as SUCCESS. dag_id=dst_report_dags, task_id=generate_report, execution_date=20230509T211533, start_date=20230509T211549, end_date=20230509T211550
[2023-05-09 21:15:50,799] {local_task_job.py:156} INFO - Task exited with return code 0
[2023-05-09 21:15:50,834] {local_task_job.py:273} INFO - 0 downstream tasks scheduled from follow-on schedule check
