[2023-05-08 10:31:34,447] {taskinstance.py:1179} INFO - Dependencies all met for <TaskInstance: dst_report_dags.generate_report manual__2023-05-08T10:31:06.150820+00:00 [queued]>
[2023-05-08 10:31:34,504] {taskinstance.py:1179} INFO - Dependencies all met for <TaskInstance: dst_report_dags.generate_report manual__2023-05-08T10:31:06.150820+00:00 [queued]>
[2023-05-08 10:31:34,539] {taskinstance.py:1376} INFO - 
--------------------------------------------------------------------------------
[2023-05-08 10:31:34,574] {taskinstance.py:1377} INFO - Starting attempt 1 of 1
[2023-05-08 10:31:34,603] {taskinstance.py:1378} INFO - 
--------------------------------------------------------------------------------
[2023-05-08 10:31:34,673] {taskinstance.py:1397} INFO - Executing <Task(PythonOperator): generate_report> on 2023-05-08 10:31:06.150820+00:00
[2023-05-08 10:31:34,716] {standard_task_runner.py:52} INFO - Started process 22 to run task
[2023-05-08 10:31:34,724] {standard_task_runner.py:79} INFO - Running: ['airflow', 'tasks', 'run', 'dst_report_dags', 'generate_report', 'manual__2023-05-08T10:31:06.150820+00:00', '--job-id', '79', '--raw', '--subdir', 'DAGS_FOLDER/dst_report_dags.py', '--cfg-path', '/tmp/tmpoa57e38m', '--error-file', '/tmp/tmp81n4m73w']
[2023-05-08 10:31:34,814] {standard_task_runner.py:80} INFO - Job 79: Subtask generate_report
[2023-05-08 10:31:35,086] {task_command.py:371} INFO - Running <TaskInstance: dst_report_dags.generate_report manual__2023-05-08T10:31:06.150820+00:00 [running]> on host dstreportdagsgeneratereport-7395090acf094514989725cc3a7c0202
[2023-05-08 10:31:36,994] {logging_mixin.py:115} WARNING - /home/airflow/.local/lib/python3.8/site-packages/airflow/models/renderedtifields.py:249 SAWarning: Coercing Subquery object into a select() for use in IN(); please pass a select() construct explicitly
[2023-05-08 10:31:37,056] {taskinstance.py:1589} INFO - Exporting the following env vars:
AIRFLOW_CTX_DAG_OWNER=airflow
AIRFLOW_CTX_DAG_ID=dst_report_dags
AIRFLOW_CTX_TASK_ID=generate_report
AIRFLOW_CTX_EXECUTION_DATE=2023-05-08T10:31:06.150820+00:00
AIRFLOW_CTX_TRY_NUMBER=1
AIRFLOW_CTX_DAG_RUN_ID=manual__2023-05-08T10:31:06.150820+00:00
[2023-05-08 10:31:37,106] {logging_mixin.py:115} INFO - data/*dst_revenue.csv
[2023-05-08 10:31:37,540] {python.py:173} INFO - Done. Returned value was: None
[2023-05-08 10:31:37,634] {taskinstance.py:1415} INFO - Marking task as SUCCESS. dag_id=dst_report_dags, task_id=generate_report, execution_date=20230508T103106, start_date=20230508T103134, end_date=20230508T103137
[2023-05-08 10:31:37,782] {local_task_job.py:156} INFO - Task exited with return code 0
[2023-05-08 10:31:37,892] {local_task_job.py:273} INFO - 0 downstream tasks scheduled from follow-on schedule check
