[2023-05-09 17:51:20,486] {taskinstance.py:1179} INFO - Dependencies all met for <TaskInstance: dst_report_dags.get_file_from_gcs manual__2023-05-09T17:51:15.889581+00:00 [queued]>
[2023-05-09 17:51:20,494] {taskinstance.py:1179} INFO - Dependencies all met for <TaskInstance: dst_report_dags.get_file_from_gcs manual__2023-05-09T17:51:15.889581+00:00 [queued]>
[2023-05-09 17:51:20,495] {taskinstance.py:1376} INFO - 
--------------------------------------------------------------------------------
[2023-05-09 17:51:20,496] {taskinstance.py:1377} INFO - Starting attempt 1 of 1
[2023-05-09 17:51:20,497] {taskinstance.py:1378} INFO - 
--------------------------------------------------------------------------------
[2023-05-09 17:51:20,506] {taskinstance.py:1397} INFO - Executing <Task(PythonOperator): get_file_from_gcs> on 2023-05-09 17:51:15.889581+00:00
[2023-05-09 17:51:20,510] {standard_task_runner.py:52} INFO - Started process 22 to run task
[2023-05-09 17:51:20,514] {standard_task_runner.py:79} INFO - Running: ['airflow', 'tasks', 'run', 'dst_report_dags', 'get_file_from_gcs', 'manual__2023-05-09T17:51:15.889581+00:00', '--job-id', '16', '--raw', '--subdir', 'DAGS_FOLDER/dst_report_dags.py', '--cfg-path', '/tmp/tmprixf_ihj', '--error-file', '/tmp/tmpqup6fgih']
[2023-05-09 17:51:20,515] {standard_task_runner.py:80} INFO - Job 16: Subtask get_file_from_gcs
[2023-05-09 17:51:20,577] {task_command.py:371} INFO - Running <TaskInstance: dst_report_dags.get_file_from_gcs manual__2023-05-09T17:51:15.889581+00:00 [running]> on host dstreportdagsgetfilefromgcs-69f3b9e8c2aa4fbc9d955bb177cddccc
[2023-05-09 17:51:21,433] {logging_mixin.py:115} WARNING - /home/airflow/.local/lib/python3.8/site-packages/airflow/models/renderedtifields.py:249 SAWarning: Coercing Subquery object into a select() for use in IN(); please pass a select() construct explicitly
[2023-05-09 17:51:21,442] {taskinstance.py:1589} INFO - Exporting the following env vars:
AIRFLOW_CTX_DAG_OWNER=airflow
AIRFLOW_CTX_DAG_ID=dst_report_dags
AIRFLOW_CTX_TASK_ID=get_file_from_gcs
AIRFLOW_CTX_EXECUTION_DATE=2023-05-09T17:51:15.889581+00:00
AIRFLOW_CTX_TRY_NUMBER=1
AIRFLOW_CTX_DAG_RUN_ID=manual__2023-05-09T17:51:15.889581+00:00
[2023-05-09 17:51:23,104] {python.py:173} INFO - Done. Returned value was: None
[2023-05-09 17:51:23,125] {taskinstance.py:1415} INFO - Marking task as SUCCESS. dag_id=dst_report_dags, task_id=get_file_from_gcs, execution_date=20230509T175115, start_date=20230509T175120, end_date=20230509T175123
[2023-05-09 17:51:23,209] {local_task_job.py:156} INFO - Task exited with return code 0
[2023-05-09 17:51:23,244] {local_task_job.py:273} INFO - 0 downstream tasks scheduled from follow-on schedule check
