[2023-05-08 10:17:54,415] {taskinstance.py:1179} INFO - Dependencies all met for <TaskInstance: dst_report_dags.get_file_from_gcs manual__2023-05-08T10:17:48.533176+00:00 [queued]>
[2023-05-08 10:17:54,427] {taskinstance.py:1179} INFO - Dependencies all met for <TaskInstance: dst_report_dags.get_file_from_gcs manual__2023-05-08T10:17:48.533176+00:00 [queued]>
[2023-05-08 10:17:54,428] {taskinstance.py:1376} INFO - 
--------------------------------------------------------------------------------
[2023-05-08 10:17:54,429] {taskinstance.py:1377} INFO - Starting attempt 1 of 1
[2023-05-08 10:17:54,431] {taskinstance.py:1378} INFO - 
--------------------------------------------------------------------------------
[2023-05-08 10:17:54,445] {taskinstance.py:1397} INFO - Executing <Task(PythonOperator): get_file_from_gcs> on 2023-05-08 10:17:48.533176+00:00
[2023-05-08 10:17:54,450] {standard_task_runner.py:52} INFO - Started process 22 to run task
[2023-05-08 10:17:54,456] {standard_task_runner.py:79} INFO - Running: ['airflow', 'tasks', 'run', 'dst_report_dags', 'get_file_from_gcs', 'manual__2023-05-08T10:17:48.533176+00:00', '--job-id', '69', '--raw', '--subdir', 'DAGS_FOLDER/dst_report_dags.py', '--cfg-path', '/tmp/tmpr2i1r6et', '--error-file', '/tmp/tmpb0ieb8a4']
[2023-05-08 10:17:54,458] {standard_task_runner.py:80} INFO - Job 69: Subtask get_file_from_gcs
[2023-05-08 10:17:54,546] {task_command.py:371} INFO - Running <TaskInstance: dst_report_dags.get_file_from_gcs manual__2023-05-08T10:17:48.533176+00:00 [running]> on host dstreportdagsgetfilefromgcs-0287a570e3b4460f9879fd04d4032575
[2023-05-08 10:17:55,891] {logging_mixin.py:115} WARNING - /home/airflow/.local/lib/python3.8/site-packages/airflow/models/renderedtifields.py:249 SAWarning: Coercing Subquery object into a select() for use in IN(); please pass a select() construct explicitly
[2023-05-08 10:17:55,905] {taskinstance.py:1589} INFO - Exporting the following env vars:
AIRFLOW_CTX_DAG_OWNER=airflow
AIRFLOW_CTX_DAG_ID=dst_report_dags
AIRFLOW_CTX_TASK_ID=get_file_from_gcs
AIRFLOW_CTX_EXECUTION_DATE=2023-05-08T10:17:48.533176+00:00
AIRFLOW_CTX_TRY_NUMBER=1
AIRFLOW_CTX_DAG_RUN_ID=manual__2023-05-08T10:17:48.533176+00:00
[2023-05-08 10:17:57,375] {python.py:173} INFO - Done. Returned value was: None
[2023-05-08 10:17:57,389] {taskinstance.py:1415} INFO - Marking task as SUCCESS. dag_id=dst_report_dags, task_id=get_file_from_gcs, execution_date=20230508T101748, start_date=20230508T101754, end_date=20230508T101757
[2023-05-08 10:17:57,470] {local_task_job.py:156} INFO - Task exited with return code 0
[2023-05-08 10:17:57,511] {local_task_job.py:273} INFO - 0 downstream tasks scheduled from follow-on schedule check
