[2023-05-08 09:04:46,902] {taskinstance.py:1179} INFO - Dependencies all met for <TaskInstance: dst_report_dags.get_file_from_gcs manual__2023-05-08T09:04:42.793455+00:00 [queued]>
[2023-05-08 09:04:46,913] {taskinstance.py:1179} INFO - Dependencies all met for <TaskInstance: dst_report_dags.get_file_from_gcs manual__2023-05-08T09:04:42.793455+00:00 [queued]>
[2023-05-08 09:04:46,914] {taskinstance.py:1376} INFO - 
--------------------------------------------------------------------------------
[2023-05-08 09:04:46,915] {taskinstance.py:1377} INFO - Starting attempt 1 of 1
[2023-05-08 09:04:46,916] {taskinstance.py:1378} INFO - 
--------------------------------------------------------------------------------
[2023-05-08 09:04:46,927] {taskinstance.py:1397} INFO - Executing <Task(PythonOperator): get_file_from_gcs> on 2023-05-08 09:04:42.793455+00:00
[2023-05-08 09:04:46,932] {standard_task_runner.py:52} INFO - Started process 22 to run task
[2023-05-08 09:04:46,937] {standard_task_runner.py:79} INFO - Running: ['airflow', 'tasks', 'run', 'dst_report_dags', 'get_file_from_gcs', 'manual__2023-05-08T09:04:42.793455+00:00', '--job-id', '54', '--raw', '--subdir', 'DAGS_FOLDER/dst_report_dags.py', '--cfg-path', '/tmp/tmp3munc5tq', '--error-file', '/tmp/tmpqo5c2tdu']
[2023-05-08 09:04:46,940] {standard_task_runner.py:80} INFO - Job 54: Subtask get_file_from_gcs
[2023-05-08 09:04:47,001] {task_command.py:371} INFO - Running <TaskInstance: dst_report_dags.get_file_from_gcs manual__2023-05-08T09:04:42.793455+00:00 [running]> on host dstreportdagsgetfilefromgcs-5810ca7a6506476ab9e3bdd0509eb42f
[2023-05-08 09:04:47,750] {logging_mixin.py:115} WARNING - /home/airflow/.local/lib/python3.8/site-packages/airflow/models/renderedtifields.py:249 SAWarning: Coercing Subquery object into a select() for use in IN(); please pass a select() construct explicitly
[2023-05-08 09:04:47,768] {taskinstance.py:1589} INFO - Exporting the following env vars:
AIRFLOW_CTX_DAG_OWNER=airflow
AIRFLOW_CTX_DAG_ID=dst_report_dags
AIRFLOW_CTX_TASK_ID=get_file_from_gcs
AIRFLOW_CTX_EXECUTION_DATE=2023-05-08T09:04:42.793455+00:00
AIRFLOW_CTX_TRY_NUMBER=1
AIRFLOW_CTX_DAG_RUN_ID=manual__2023-05-08T09:04:42.793455+00:00
[2023-05-08 09:04:49,945] {python.py:173} INFO - Done. Returned value was: None
[2023-05-08 09:04:49,956] {taskinstance.py:1415} INFO - Marking task as SUCCESS. dag_id=dst_report_dags, task_id=get_file_from_gcs, execution_date=20230508T090442, start_date=20230508T090446, end_date=20230508T090449
[2023-05-08 09:04:49,995] {local_task_job.py:156} INFO - Task exited with return code 0
[2023-05-08 09:04:50,030] {local_task_job.py:273} INFO - 1 downstream tasks scheduled from follow-on schedule check
