[2023-05-09 18:07:29,897] {taskinstance.py:1179} INFO - Dependencies all met for <TaskInstance: dst_report_dags.get_file_from_gcs manual__2023-05-09T18:07:25.046205+00:00 [queued]>
[2023-05-09 18:07:29,904] {taskinstance.py:1179} INFO - Dependencies all met for <TaskInstance: dst_report_dags.get_file_from_gcs manual__2023-05-09T18:07:25.046205+00:00 [queued]>
[2023-05-09 18:07:29,905] {taskinstance.py:1376} INFO - 
--------------------------------------------------------------------------------
[2023-05-09 18:07:29,906] {taskinstance.py:1377} INFO - Starting attempt 1 of 1
[2023-05-09 18:07:29,907] {taskinstance.py:1378} INFO - 
--------------------------------------------------------------------------------
[2023-05-09 18:07:29,916] {taskinstance.py:1397} INFO - Executing <Task(PythonOperator): get_file_from_gcs> on 2023-05-09 18:07:25.046205+00:00
[2023-05-09 18:07:29,920] {standard_task_runner.py:52} INFO - Started process 22 to run task
[2023-05-09 18:07:29,926] {standard_task_runner.py:79} INFO - Running: ['airflow', 'tasks', 'run', 'dst_report_dags', 'get_file_from_gcs', 'manual__2023-05-09T18:07:25.046205+00:00', '--job-id', '23', '--raw', '--subdir', 'DAGS_FOLDER/dst_report_dags.py', '--cfg-path', '/tmp/tmp9_g8woeq', '--error-file', '/tmp/tmpeje2cgsm']
[2023-05-09 18:07:29,928] {standard_task_runner.py:80} INFO - Job 23: Subtask get_file_from_gcs
[2023-05-09 18:07:29,995] {task_command.py:371} INFO - Running <TaskInstance: dst_report_dags.get_file_from_gcs manual__2023-05-09T18:07:25.046205+00:00 [running]> on host dstreportdagsgetfilefromgcs-cae592db1d3a49d1afe748d1c6c5a875
[2023-05-09 18:07:30,793] {logging_mixin.py:115} WARNING - /home/airflow/.local/lib/python3.8/site-packages/airflow/models/renderedtifields.py:249 SAWarning: Coercing Subquery object into a select() for use in IN(); please pass a select() construct explicitly
[2023-05-09 18:07:30,804] {taskinstance.py:1589} INFO - Exporting the following env vars:
AIRFLOW_CTX_DAG_OWNER=airflow
AIRFLOW_CTX_DAG_ID=dst_report_dags
AIRFLOW_CTX_TASK_ID=get_file_from_gcs
AIRFLOW_CTX_EXECUTION_DATE=2023-05-09T18:07:25.046205+00:00
AIRFLOW_CTX_TRY_NUMBER=1
AIRFLOW_CTX_DAG_RUN_ID=manual__2023-05-09T18:07:25.046205+00:00
[2023-05-09 18:07:32,434] {python.py:173} INFO - Done. Returned value was: None
[2023-05-09 18:07:32,443] {taskinstance.py:1415} INFO - Marking task as SUCCESS. dag_id=dst_report_dags, task_id=get_file_from_gcs, execution_date=20230509T180725, start_date=20230509T180729, end_date=20230509T180732
[2023-05-09 18:07:32,486] {local_task_job.py:156} INFO - Task exited with return code 0
[2023-05-09 18:07:32,513] {local_task_job.py:273} INFO - 0 downstream tasks scheduled from follow-on schedule check
