[2023-05-09 19:23:07,217] {taskinstance.py:1179} INFO - Dependencies all met for <TaskInstance: example_kubernetes_executor_config.non_root_task manual__2023-05-09T19:22:42.358862+00:00 [queued]>
[2023-05-09 19:23:07,235] {taskinstance.py:1179} INFO - Dependencies all met for <TaskInstance: example_kubernetes_executor_config.non_root_task manual__2023-05-09T19:22:42.358862+00:00 [queued]>
[2023-05-09 19:23:07,236] {taskinstance.py:1376} INFO - 
--------------------------------------------------------------------------------
[2023-05-09 19:23:07,237] {taskinstance.py:1377} INFO - Starting attempt 1 of 1
[2023-05-09 19:23:07,239] {taskinstance.py:1378} INFO - 
--------------------------------------------------------------------------------
[2023-05-09 19:23:07,258] {taskinstance.py:1397} INFO - Executing <Task(PythonOperator): non_root_task> on 2023-05-09 19:22:42.358862+00:00
[2023-05-09 19:23:07,265] {standard_task_runner.py:52} INFO - Started process 18 to run task
[2023-05-09 19:23:07,272] {standard_task_runner.py:79} INFO - Running: ['airflow', 'tasks', 'run', 'example_kubernetes_executor_config', 'non_root_task', 'manual__2023-05-09T19:22:42.358862+00:00', '--job-id', '8', '--raw', '--subdir', 'DAGS_FOLDER/test_dag.py', '--cfg-path', '/tmp/tmpmili3wjk', '--error-file', '/tmp/tmpjig2ddlh']
[2023-05-09 19:23:07,275] {standard_task_runner.py:80} INFO - Job 8: Subtask non_root_task
[2023-05-09 19:23:07,361] {task_command.py:371} INFO - Running <TaskInstance: example_kubernetes_executor_config.non_root_task manual__2023-05-09T19:22:42.358862+00:00 [running]> on host examplekubernetesexecutorconfi-87ce58ac63244fca9b06638ce0d0d607
[2023-05-09 19:23:07,525] {logging_mixin.py:115} WARNING - /home/airflow/.local/lib/python3.8/site-packages/airflow/models/renderedtifields.py:249 SAWarning: Coercing Subquery object into a select() for use in IN(); please pass a select() construct explicitly
[2023-05-09 19:23:07,538] {taskinstance.py:1589} INFO - Exporting the following env vars:
AIRFLOW_CTX_DAG_OWNER=airflow
AIRFLOW_CTX_DAG_ID=example_kubernetes_executor_config
AIRFLOW_CTX_TASK_ID=non_root_task
AIRFLOW_CTX_EXECUTION_DATE=2023-05-09T19:22:42.358862+00:00
AIRFLOW_CTX_TRY_NUMBER=1
AIRFLOW_CTX_DAG_RUN_ID=manual__2023-05-09T19:22:42.358862+00:00
[2023-05-09 19:23:07,540] {logging_mixin.py:115} INFO - annotated!
[2023-05-09 19:23:07,540] {python.py:173} INFO - Done. Returned value was: None
[2023-05-09 19:23:07,553] {taskinstance.py:1415} INFO - Marking task as SUCCESS. dag_id=example_kubernetes_executor_config, task_id=non_root_task, execution_date=20230509T192242, start_date=20230509T192307, end_date=20230509T192307
[2023-05-09 19:23:07,607] {local_task_job.py:156} INFO - Task exited with return code 0
[2023-05-09 19:23:07,635] {local_task_job.py:273} INFO - 0 downstream tasks scheduled from follow-on schedule check
