[2023-05-08 05:29:28,595] {taskinstance.py:1179} INFO - Dependencies all met for <TaskInstance: dst_report_dags.get_file_from_bucket scheduled__2023-05-07T00:00:00+00:00 [queued]>
[2023-05-08 05:29:28,604] {taskinstance.py:1179} INFO - Dependencies all met for <TaskInstance: dst_report_dags.get_file_from_bucket scheduled__2023-05-07T00:00:00+00:00 [queued]>
[2023-05-08 05:29:28,605] {taskinstance.py:1376} INFO - 
--------------------------------------------------------------------------------
[2023-05-08 05:29:28,606] {taskinstance.py:1377} INFO - Starting attempt 1 of 1
[2023-05-08 05:29:28,607] {taskinstance.py:1378} INFO - 
--------------------------------------------------------------------------------
[2023-05-08 05:29:28,618] {taskinstance.py:1397} INFO - Executing <Task(PythonOperator): get_file_from_bucket> on 2023-05-07 00:00:00+00:00
[2023-05-08 05:29:28,621] {standard_task_runner.py:52} INFO - Started process 22 to run task
[2023-05-08 05:29:28,627] {standard_task_runner.py:79} INFO - Running: ['airflow', 'tasks', 'run', 'dst_report_dags', 'get_file_from_bucket', 'scheduled__2023-05-07T00:00:00+00:00', '--job-id', '8', '--raw', '--subdir', 'DAGS_FOLDER/dst_report_dags.py', '--cfg-path', '/tmp/tmp94pks8xo', '--error-file', '/tmp/tmpajfr__41']
[2023-05-08 05:29:28,629] {standard_task_runner.py:80} INFO - Job 8: Subtask get_file_from_bucket
[2023-05-08 05:29:28,759] {task_command.py:371} INFO - Running <TaskInstance: dst_report_dags.get_file_from_bucket scheduled__2023-05-07T00:00:00+00:00 [running]> on host dstreportdagsgetfilefrombucket-42b89d6cf6974413be819aa291d761e6
[2023-05-08 05:29:29,713] {logging_mixin.py:115} WARNING - /home/airflow/.local/lib/python3.8/site-packages/airflow/models/renderedtifields.py:249 SAWarning: Coercing Subquery object into a select() for use in IN(); please pass a select() construct explicitly
[2023-05-08 05:29:29,723] {taskinstance.py:1589} INFO - Exporting the following env vars:
AIRFLOW_CTX_DAG_OWNER=airflow
AIRFLOW_CTX_DAG_ID=dst_report_dags
AIRFLOW_CTX_TASK_ID=get_file_from_bucket
AIRFLOW_CTX_EXECUTION_DATE=2023-05-07T00:00:00+00:00
AIRFLOW_CTX_TRY_NUMBER=1
AIRFLOW_CTX_DAG_RUN_ID=scheduled__2023-05-07T00:00:00+00:00
[2023-05-08 05:29:31,615] {python.py:173} INFO - Done. Returned value was: None
[2023-05-08 05:29:31,624] {taskinstance.py:1415} INFO - Marking task as SUCCESS. dag_id=dst_report_dags, task_id=get_file_from_bucket, execution_date=20230507T000000, start_date=20230508T052928, end_date=20230508T052931
[2023-05-08 05:29:31,676] {local_task_job.py:156} INFO - Task exited with return code 0
[2023-05-08 05:29:31,727] {local_task_job.py:273} INFO - 1 downstream tasks scheduled from follow-on schedule check
