[2023-05-10 08:35:40,338] {taskinstance.py:1179} INFO - Dependencies all met for <TaskInstance: dst_report_dags.generate_report manual__2023-05-10T08:34:05.956181+00:00 [queued]>
[2023-05-10 08:35:40,346] {taskinstance.py:1179} INFO - Dependencies all met for <TaskInstance: dst_report_dags.generate_report manual__2023-05-10T08:34:05.956181+00:00 [queued]>
[2023-05-10 08:35:40,347] {taskinstance.py:1376} INFO - 
--------------------------------------------------------------------------------
[2023-05-10 08:35:40,348] {taskinstance.py:1377} INFO - Starting attempt 1 of 1
[2023-05-10 08:35:40,349] {taskinstance.py:1378} INFO - 
--------------------------------------------------------------------------------
[2023-05-10 08:35:40,358] {taskinstance.py:1397} INFO - Executing <Task(PythonOperator): generate_report> on 2023-05-10 08:34:05.956181+00:00
[2023-05-10 08:35:40,362] {standard_task_runner.py:52} INFO - Started process 22 to run task
[2023-05-10 08:35:40,366] {standard_task_runner.py:79} INFO - Running: ['airflow', 'tasks', 'run', 'dst_report_dags', 'generate_report', 'manual__2023-05-10T08:34:05.956181+00:00', '--job-id', '16', '--raw', '--subdir', 'DAGS_FOLDER/dst_report_dags.py', '--cfg-path', '/tmp/tmpnfxrt9lo', '--error-file', '/tmp/tmpbyvabwt_']
[2023-05-10 08:35:40,368] {standard_task_runner.py:80} INFO - Job 16: Subtask generate_report
[2023-05-10 08:35:40,420] {task_command.py:371} INFO - Running <TaskInstance: dst_report_dags.generate_report manual__2023-05-10T08:34:05.956181+00:00 [running]> on host dstreportdagsgeneratereport-18ea7ccb5ae347579a470bfc1d3188f5
[2023-05-10 08:35:41,165] {logging_mixin.py:115} WARNING - /home/airflow/.local/lib/python3.8/site-packages/airflow/models/renderedtifields.py:249 SAWarning: Coercing Subquery object into a select() for use in IN(); please pass a select() construct explicitly
[2023-05-10 08:35:41,175] {taskinstance.py:1589} INFO - Exporting the following env vars:
AIRFLOW_CTX_DAG_OWNER=airflow
AIRFLOW_CTX_DAG_ID=dst_report_dags
AIRFLOW_CTX_TASK_ID=generate_report
AIRFLOW_CTX_EXECUTION_DATE=2023-05-10T08:34:05.956181+00:00
AIRFLOW_CTX_TRY_NUMBER=1
AIRFLOW_CTX_DAG_RUN_ID=manual__2023-05-10T08:34:05.956181+00:00
[2023-05-10 08:35:41,186] {python.py:173} INFO - Done. Returned value was: None
[2023-05-10 08:35:41,195] {taskinstance.py:1415} INFO - Marking task as SUCCESS. dag_id=dst_report_dags, task_id=generate_report, execution_date=20230510T083405, start_date=20230510T083540, end_date=20230510T083541
[2023-05-10 08:35:41,267] {local_task_job.py:156} INFO - Task exited with return code 0
[2023-05-10 08:35:41,293] {local_task_job.py:273} INFO - 1 downstream tasks scheduled from follow-on schedule check
