[2023-05-09 20:41:45,195] {taskinstance.py:1179} INFO - Dependencies all met for <TaskInstance: example_kubernetes_executor_config.task_with_volume manual__2023-05-09T20:41:27.076470+00:00 [queued]>
[2023-05-09 20:41:45,218] {taskinstance.py:1179} INFO - Dependencies all met for <TaskInstance: example_kubernetes_executor_config.task_with_volume manual__2023-05-09T20:41:27.076470+00:00 [queued]>
[2023-05-09 20:41:45,220] {taskinstance.py:1376} INFO - 
--------------------------------------------------------------------------------
[2023-05-09 20:41:45,221] {taskinstance.py:1377} INFO - Starting attempt 1 of 1
[2023-05-09 20:41:45,222] {taskinstance.py:1378} INFO - 
--------------------------------------------------------------------------------
[2023-05-09 20:41:45,250] {taskinstance.py:1397} INFO - Executing <Task(PythonOperator): task_with_volume> on 2023-05-09 20:41:27.076470+00:00
[2023-05-09 20:41:45,260] {standard_task_runner.py:52} INFO - Started process 18 to run task
[2023-05-09 20:41:45,274] {standard_task_runner.py:79} INFO - Running: ['airflow', 'tasks', 'run', 'example_kubernetes_executor_config', 'task_with_volume', 'manual__2023-05-09T20:41:27.076470+00:00', '--job-id', '3', '--raw', '--subdir', 'DAGS_FOLDER/test_dag.py', '--cfg-path', '/tmp/tmpdb00a7_t', '--error-file', '/tmp/tmpy2e54_nk']
[2023-05-09 20:41:45,283] {standard_task_runner.py:80} INFO - Job 3: Subtask task_with_volume
[2023-05-09 20:41:45,433] {task_command.py:371} INFO - Running <TaskInstance: example_kubernetes_executor_config.task_with_volume manual__2023-05-09T20:41:27.076470+00:00 [running]> on host examplekubernetesexecutorconfi-3cb5329e331644f4aec86cc0cbf2438f
[2023-05-09 20:41:45,787] {logging_mixin.py:115} WARNING - /home/airflow/.local/lib/python3.8/site-packages/airflow/models/renderedtifields.py:249 SAWarning: Coercing Subquery object into a select() for use in IN(); please pass a select() construct explicitly
[2023-05-09 20:41:45,808] {taskinstance.py:1589} INFO - Exporting the following env vars:
AIRFLOW_CTX_DAG_OWNER=airflow
AIRFLOW_CTX_DAG_ID=example_kubernetes_executor_config
AIRFLOW_CTX_TASK_ID=task_with_volume
AIRFLOW_CTX_EXECUTION_DATE=2023-05-09T20:41:27.076470+00:00
AIRFLOW_CTX_TRY_NUMBER=1
AIRFLOW_CTX_DAG_RUN_ID=manual__2023-05-09T20:41:27.076470+00:00
[2023-05-09 20:41:45,831] {python.py:173} INFO - Done. Returned value was: None
[2023-05-09 20:41:45,855] {taskinstance.py:1415} INFO - Marking task as SUCCESS. dag_id=example_kubernetes_executor_config, task_id=task_with_volume, execution_date=20230509T204127, start_date=20230509T204145, end_date=20230509T204145
[2023-05-09 20:41:45,933] {local_task_job.py:156} INFO - Task exited with return code 0
[2023-05-09 20:41:46,056] {local_task_job.py:273} INFO - 0 downstream tasks scheduled from follow-on schedule check
