[2023-05-10 08:20:37,974] {taskinstance.py:1179} INFO - Dependencies all met for <TaskInstance: dst_report_dags.upload_to_bigquary manual__2023-05-10T08:20:18.977791+00:00 [queued]>
[2023-05-10 08:20:37,987] {taskinstance.py:1179} INFO - Dependencies all met for <TaskInstance: dst_report_dags.upload_to_bigquary manual__2023-05-10T08:20:18.977791+00:00 [queued]>
[2023-05-10 08:20:37,989] {taskinstance.py:1376} INFO - 
--------------------------------------------------------------------------------
[2023-05-10 08:20:37,990] {taskinstance.py:1377} INFO - Starting attempt 1 of 1
[2023-05-10 08:20:37,991] {taskinstance.py:1378} INFO - 
--------------------------------------------------------------------------------
[2023-05-10 08:20:38,009] {taskinstance.py:1397} INFO - Executing <Task(PythonOperator): upload_to_bigquary> on 2023-05-10 08:20:18.977791+00:00
[2023-05-10 08:20:38,017] {standard_task_runner.py:52} INFO - Started process 22 to run task
[2023-05-10 08:20:38,022] {standard_task_runner.py:79} INFO - Running: ['airflow', 'tasks', 'run', 'dst_report_dags', 'upload_to_bigquary', 'manual__2023-05-10T08:20:18.977791+00:00', '--job-id', '6', '--raw', '--subdir', 'DAGS_FOLDER/dst_report_dags.py', '--cfg-path', '/tmp/tmpyfue0h6j', '--error-file', '/tmp/tmpwsn_9w50']
[2023-05-10 08:20:38,024] {standard_task_runner.py:80} INFO - Job 6: Subtask upload_to_bigquary
[2023-05-10 08:20:38,086] {task_command.py:371} INFO - Running <TaskInstance: dst_report_dags.upload_to_bigquary manual__2023-05-10T08:20:18.977791+00:00 [running]> on host dstreportdagsuploadtobigquary-9aea9ab9e8884da699d97a55db77326c
[2023-05-10 08:20:38,973] {logging_mixin.py:115} WARNING - /home/airflow/.local/lib/python3.8/site-packages/airflow/models/renderedtifields.py:249 SAWarning: Coercing Subquery object into a select() for use in IN(); please pass a select() construct explicitly
[2023-05-10 08:20:38,982] {taskinstance.py:1589} INFO - Exporting the following env vars:
AIRFLOW_CTX_DAG_OWNER=airflow
AIRFLOW_CTX_DAG_ID=dst_report_dags
AIRFLOW_CTX_TASK_ID=upload_to_bigquary
AIRFLOW_CTX_EXECUTION_DATE=2023-05-10T08:20:18.977791+00:00
AIRFLOW_CTX_TRY_NUMBER=1
AIRFLOW_CTX_DAG_RUN_ID=manual__2023-05-10T08:20:18.977791+00:00
[2023-05-10 08:20:43,045] {logging_mixin.py:115} INFO - DONE
[2023-05-10 08:20:43,046] {logging_mixin.py:115} INFO - LoadJob<project=dstreportdata, location=asia-east1, id=918918c1-d16d-4323-937d-7ac9af6a7ab3>
[2023-05-10 08:20:43,049] {python.py:173} INFO - Done. Returned value was: None
[2023-05-10 08:20:43,072] {taskinstance.py:1415} INFO - Marking task as SUCCESS. dag_id=dst_report_dags, task_id=upload_to_bigquary, execution_date=20230510T082018, start_date=20230510T082037, end_date=20230510T082043
[2023-05-10 08:20:43,091] {local_task_job.py:220} WARNING - State of this instance has been externally set to success. Terminating instance.
