[2023-05-10 10:04:18,028] {taskinstance.py:1179} INFO - Dependencies all met for <TaskInstance: get_attachment_from_dst_gmail.get_attachment_and_cleansing manual__2023-05-10T10:04:13.931238+00:00 [queued]>
[2023-05-10 10:04:18,035] {taskinstance.py:1179} INFO - Dependencies all met for <TaskInstance: get_attachment_from_dst_gmail.get_attachment_and_cleansing manual__2023-05-10T10:04:13.931238+00:00 [queued]>
[2023-05-10 10:04:18,036] {taskinstance.py:1376} INFO - 
--------------------------------------------------------------------------------
[2023-05-10 10:04:18,038] {taskinstance.py:1377} INFO - Starting attempt 1 of 1
[2023-05-10 10:04:18,038] {taskinstance.py:1378} INFO - 
--------------------------------------------------------------------------------
[2023-05-10 10:04:18,049] {taskinstance.py:1397} INFO - Executing <Task(PythonOperator): get_attachment_and_cleansing> on 2023-05-10 10:04:13.931238+00:00
[2023-05-10 10:04:18,053] {standard_task_runner.py:52} INFO - Started process 22 to run task
[2023-05-10 10:04:18,056] {standard_task_runner.py:79} INFO - Running: ['airflow', 'tasks', 'run', 'get_attachment_from_dst_gmail', 'get_attachment_and_cleansing', 'manual__2023-05-10T10:04:13.931238+00:00', '--job-id', '43', '--raw', '--subdir', 'DAGS_FOLDER/get_file_from_gmail.py', '--cfg-path', '/tmp/tmp9h1k927i', '--error-file', '/tmp/tmpqov0pnwk']
[2023-05-10 10:04:18,058] {standard_task_runner.py:80} INFO - Job 43: Subtask get_attachment_and_cleansing
[2023-05-10 10:04:18,111] {task_command.py:371} INFO - Running <TaskInstance: get_attachment_from_dst_gmail.get_attachment_and_cleansing manual__2023-05-10T10:04:13.931238+00:00 [running]> on host getattachmentfromdstgmailgetat-68c7d95f6e624d09affbb002fcf2c7df
[2023-05-10 10:04:18,800] {logging_mixin.py:115} WARNING - /home/airflow/.local/lib/python3.8/site-packages/airflow/models/renderedtifields.py:249 SAWarning: Coercing Subquery object into a select() for use in IN(); please pass a select() construct explicitly
[2023-05-10 10:04:18,810] {taskinstance.py:1589} INFO - Exporting the following env vars:
AIRFLOW_CTX_DAG_OWNER=airflow
AIRFLOW_CTX_DAG_ID=get_attachment_from_dst_gmail
AIRFLOW_CTX_TASK_ID=get_attachment_and_cleansing
AIRFLOW_CTX_EXECUTION_DATE=2023-05-10T10:04:13.931238+00:00
AIRFLOW_CTX_TRY_NUMBER=1
AIRFLOW_CTX_DAG_RUN_ID=manual__2023-05-10T10:04:13.931238+00:00
[2023-05-10 10:04:19,050] {__init__.py:48} WARNING - file_cache is unavailable when using oauth2client >= 4.0.0 or google-auth
Traceback (most recent call last):
  File "/home/airflow/.local/lib/python3.8/site-packages/googleapiclient/discovery_cache/file_cache.py", line 33, in <module>
    from oauth2client.contrib.locked_file import LockedFile
ModuleNotFoundError: No module named 'oauth2client.contrib.locked_file'

During handling of the above exception, another exception occurred:

Traceback (most recent call last):
  File "/home/airflow/.local/lib/python3.8/site-packages/googleapiclient/discovery_cache/file_cache.py", line 37, in <module>
    from oauth2client.locked_file import LockedFile
ModuleNotFoundError: No module named 'oauth2client.locked_file'

During handling of the above exception, another exception occurred:

Traceback (most recent call last):
  File "/home/airflow/.local/lib/python3.8/site-packages/googleapiclient/discovery_cache/__init__.py", line 44, in autodetect
    from . import file_cache
  File "/home/airflow/.local/lib/python3.8/site-packages/googleapiclient/discovery_cache/file_cache.py", line 40, in <module>
    raise ImportError(
ImportError: file_cache is unavailable when using oauth2client >= 4.0.0 or google-auth
[2023-05-10 10:04:20,524] {python.py:173} INFO - Done. Returned value was: None
[2023-05-10 10:04:20,531] {taskinstance.py:1415} INFO - Marking task as SUCCESS. dag_id=get_attachment_from_dst_gmail, task_id=get_attachment_and_cleansing, execution_date=20230510T100413, start_date=20230510T100418, end_date=20230510T100420
[2023-05-10 10:04:20,582] {local_task_job.py:156} INFO - Task exited with return code 0
[2023-05-10 10:04:20,605] {local_task_job.py:273} INFO - 1 downstream tasks scheduled from follow-on schedule check
