[2023-05-09 19:22:58,306] {taskinstance.py:1179} INFO - Dependencies all met for <TaskInstance: example_kubernetes_executor_config.task_with_volume manual__2023-05-09T19:22:42.358862+00:00 [queued]>
[2023-05-09 19:22:58,339] {taskinstance.py:1179} INFO - Dependencies all met for <TaskInstance: example_kubernetes_executor_config.task_with_volume manual__2023-05-09T19:22:42.358862+00:00 [queued]>
[2023-05-09 19:22:58,341] {taskinstance.py:1376} INFO - 
--------------------------------------------------------------------------------
[2023-05-09 19:22:58,342] {taskinstance.py:1377} INFO - Starting attempt 1 of 1
[2023-05-09 19:22:58,343] {taskinstance.py:1378} INFO - 
--------------------------------------------------------------------------------
[2023-05-09 19:22:58,393] {taskinstance.py:1397} INFO - Executing <Task(PythonOperator): task_with_volume> on 2023-05-09 19:22:42.358862+00:00
[2023-05-09 19:22:58,404] {standard_task_runner.py:52} INFO - Started process 18 to run task
[2023-05-09 19:22:58,468] {standard_task_runner.py:79} INFO - Running: ['airflow', 'tasks', 'run', 'example_kubernetes_executor_config', 'task_with_volume', 'manual__2023-05-09T19:22:42.358862+00:00', '--job-id', '5', '--raw', '--subdir', 'DAGS_FOLDER/test_dag.py', '--cfg-path', '/tmp/tmpsdcp8r1j', '--error-file', '/tmp/tmpbxk1j1ca']
[2023-05-09 19:22:58,507] {standard_task_runner.py:80} INFO - Job 5: Subtask task_with_volume
[2023-05-09 19:22:58,772] {task_command.py:371} INFO - Running <TaskInstance: example_kubernetes_executor_config.task_with_volume manual__2023-05-09T19:22:42.358862+00:00 [running]> on host examplekubernetesexecutorconfi-2b39d027da3245908e11dde5b24d15b1
[2023-05-09 19:22:59,132] {logging_mixin.py:115} WARNING - /home/airflow/.local/lib/python3.8/site-packages/airflow/models/renderedtifields.py:249 SAWarning: Coercing Subquery object into a select() for use in IN(); please pass a select() construct explicitly
[2023-05-09 19:22:59,169] {taskinstance.py:1589} INFO - Exporting the following env vars:
AIRFLOW_CTX_DAG_OWNER=airflow
AIRFLOW_CTX_DAG_ID=example_kubernetes_executor_config
AIRFLOW_CTX_TASK_ID=task_with_volume
AIRFLOW_CTX_EXECUTION_DATE=2023-05-09T19:22:42.358862+00:00
AIRFLOW_CTX_TRY_NUMBER=1
AIRFLOW_CTX_DAG_RUN_ID=manual__2023-05-09T19:22:42.358862+00:00
[2023-05-09 19:22:59,196] {python.py:173} INFO - Done. Returned value was: None
[2023-05-09 19:22:59,245] {taskinstance.py:1415} INFO - Marking task as SUCCESS. dag_id=example_kubernetes_executor_config, task_id=task_with_volume, execution_date=20230509T192242, start_date=20230509T192258, end_date=20230509T192259
[2023-05-09 19:22:59,391] {local_task_job.py:156} INFO - Task exited with return code 0
[2023-05-09 19:22:59,597] {local_task_job.py:273} INFO - 1 downstream tasks scheduled from follow-on schedule check
