[2023-05-08 10:35:10,539] {taskinstance.py:1179} INFO - Dependencies all met for <TaskInstance: dst_report_dags.get_file_from_gcs manual__2023-05-08T10:34:49.987566+00:00 [queued]>
[2023-05-08 10:35:10,622] {taskinstance.py:1179} INFO - Dependencies all met for <TaskInstance: dst_report_dags.get_file_from_gcs manual__2023-05-08T10:34:49.987566+00:00 [queued]>
[2023-05-08 10:35:10,651] {taskinstance.py:1376} INFO - 
--------------------------------------------------------------------------------
[2023-05-08 10:35:10,695] {taskinstance.py:1377} INFO - Starting attempt 1 of 1
[2023-05-08 10:35:10,719] {taskinstance.py:1378} INFO - 
--------------------------------------------------------------------------------
[2023-05-08 10:35:10,869] {taskinstance.py:1397} INFO - Executing <Task(PythonOperator): get_file_from_gcs> on 2023-05-08 10:34:49.987566+00:00
[2023-05-08 10:35:10,954] {standard_task_runner.py:52} INFO - Started process 22 to run task
[2023-05-08 10:35:10,992] {standard_task_runner.py:79} INFO - Running: ['airflow', 'tasks', 'run', 'dst_report_dags', 'get_file_from_gcs', 'manual__2023-05-08T10:34:49.987566+00:00', '--job-id', '80', '--raw', '--subdir', 'DAGS_FOLDER/dst_report_dags.py', '--cfg-path', '/tmp/tmpiku88fd4', '--error-file', '/tmp/tmp75_g4g1g']
[2023-05-08 10:35:11,035] {standard_task_runner.py:80} INFO - Job 80: Subtask get_file_from_gcs
[2023-05-08 10:35:11,434] {task_command.py:371} INFO - Running <TaskInstance: dst_report_dags.get_file_from_gcs manual__2023-05-08T10:34:49.987566+00:00 [running]> on host dstreportdagsgetfilefromgcs-4e64656026fb4b41a0e29a076d17ddb4
[2023-05-08 10:35:15,216] {logging_mixin.py:115} WARNING - /home/airflow/.local/lib/python3.8/site-packages/airflow/models/renderedtifields.py:249 SAWarning: Coercing Subquery object into a select() for use in IN(); please pass a select() construct explicitly
[2023-05-08 10:35:15,246] {taskinstance.py:1589} INFO - Exporting the following env vars:
AIRFLOW_CTX_DAG_OWNER=airflow
AIRFLOW_CTX_DAG_ID=dst_report_dags
AIRFLOW_CTX_TASK_ID=get_file_from_gcs
AIRFLOW_CTX_EXECUTION_DATE=2023-05-08T10:34:49.987566+00:00
AIRFLOW_CTX_TRY_NUMBER=1
AIRFLOW_CTX_DAG_RUN_ID=manual__2023-05-08T10:34:49.987566+00:00
[2023-05-08 10:35:16,851] {python.py:173} INFO - Done. Returned value was: None
[2023-05-08 10:35:16,891] {taskinstance.py:1415} INFO - Marking task as SUCCESS. dag_id=dst_report_dags, task_id=get_file_from_gcs, execution_date=20230508T103449, start_date=20230508T103510, end_date=20230508T103516
[2023-05-08 10:35:16,990] {local_task_job.py:156} INFO - Task exited with return code 0
[2023-05-08 10:35:17,066] {local_task_job.py:273} INFO - 1 downstream tasks scheduled from follow-on schedule check
