[2023-05-09 19:23:01,013] {taskinstance.py:1179} INFO - Dependencies all met for <TaskInstance: example_kubernetes_executor_config.other_namespace_task manual__2023-05-09T19:22:42.358862+00:00 [queued]>
[2023-05-09 19:23:01,055] {taskinstance.py:1179} INFO - Dependencies all met for <TaskInstance: example_kubernetes_executor_config.other_namespace_task manual__2023-05-09T19:22:42.358862+00:00 [queued]>
[2023-05-09 19:23:01,057] {taskinstance.py:1376} INFO - 
--------------------------------------------------------------------------------
[2023-05-09 19:23:01,059] {taskinstance.py:1377} INFO - Starting attempt 1 of 1
[2023-05-09 19:23:01,061] {taskinstance.py:1378} INFO - 
--------------------------------------------------------------------------------
[2023-05-09 19:23:01,103] {taskinstance.py:1397} INFO - Executing <Task(PythonOperator): other_namespace_task> on 2023-05-09 19:22:42.358862+00:00
[2023-05-09 19:23:01,108] {standard_task_runner.py:52} INFO - Started process 18 to run task
[2023-05-09 19:23:01,125] {standard_task_runner.py:79} INFO - Running: ['airflow', 'tasks', 'run', 'example_kubernetes_executor_config', 'other_namespace_task', 'manual__2023-05-09T19:22:42.358862+00:00', '--job-id', '6', '--raw', '--subdir', 'DAGS_FOLDER/test_dag.py', '--cfg-path', '/tmp/tmpp35p05j7', '--error-file', '/tmp/tmpvoxvuvhr']
[2023-05-09 19:23:01,134] {standard_task_runner.py:80} INFO - Job 6: Subtask other_namespace_task
[2023-05-09 19:23:01,290] {task_command.py:371} INFO - Running <TaskInstance: example_kubernetes_executor_config.other_namespace_task manual__2023-05-09T19:22:42.358862+00:00 [running]> on host examplekubernetesexecutorconfi-2064094aeb2e474f9a62b7dde3b56347
[2023-05-09 19:23:01,509] {logging_mixin.py:115} WARNING - /home/airflow/.local/lib/python3.8/site-packages/airflow/kubernetes/pod_generator.py:171 DeprecationWarning: Using a dictionary for the executor_config is deprecated and will soon be removed.please use a `kubernetes.client.models.V1Pod` class with a "pod_override" key instead.
[2023-05-09 19:23:01,573] {logging_mixin.py:115} WARNING - /home/airflow/.local/lib/python3.8/site-packages/airflow/models/renderedtifields.py:249 SAWarning: Coercing Subquery object into a select() for use in IN(); please pass a select() construct explicitly
[2023-05-09 19:23:01,642] {taskinstance.py:1589} INFO - Exporting the following env vars:
AIRFLOW_CTX_DAG_OWNER=airflow
AIRFLOW_CTX_DAG_ID=example_kubernetes_executor_config
AIRFLOW_CTX_TASK_ID=other_namespace_task
AIRFLOW_CTX_EXECUTION_DATE=2023-05-09T19:22:42.358862+00:00
AIRFLOW_CTX_TRY_NUMBER=1
AIRFLOW_CTX_DAG_RUN_ID=manual__2023-05-09T19:22:42.358862+00:00
[2023-05-09 19:23:01,648] {logging_mixin.py:115} INFO - annotated!
[2023-05-09 19:23:01,653] {python.py:173} INFO - Done. Returned value was: None
[2023-05-09 19:23:01,673] {taskinstance.py:1415} INFO - Marking task as SUCCESS. dag_id=example_kubernetes_executor_config, task_id=other_namespace_task, execution_date=20230509T192242, start_date=20230509T192301, end_date=20230509T192301
[2023-05-09 19:23:01,778] {local_task_job.py:156} INFO - Task exited with return code 0
[2023-05-09 19:23:01,846] {local_task_job.py:273} INFO - 0 downstream tasks scheduled from follow-on schedule check
