[2023-05-10 16:12:28,579] {taskinstance.py:1179} INFO - Dependencies all met for <TaskInstance: dst_report_dags.get_file_from_gcs scheduled__2023-01-01T01:00:00+00:00 [queued]>
[2023-05-10 16:12:28,590] {taskinstance.py:1179} INFO - Dependencies all met for <TaskInstance: dst_report_dags.get_file_from_gcs scheduled__2023-01-01T01:00:00+00:00 [queued]>
[2023-05-10 16:12:28,592] {taskinstance.py:1376} INFO - 
--------------------------------------------------------------------------------
[2023-05-10 16:12:28,592] {taskinstance.py:1377} INFO - Starting attempt 1 of 1
[2023-05-10 16:12:28,594] {taskinstance.py:1378} INFO - 
--------------------------------------------------------------------------------
[2023-05-10 16:12:28,606] {taskinstance.py:1397} INFO - Executing <Task(PythonOperator): get_file_from_gcs> on 2023-01-01 01:00:00+00:00
[2023-05-10 16:12:28,610] {standard_task_runner.py:52} INFO - Started process 21 to run task
[2023-05-10 16:12:28,613] {standard_task_runner.py:79} INFO - Running: ['airflow', 'tasks', 'run', 'dst_report_dags', 'get_file_from_gcs', 'scheduled__2023-01-01T01:00:00+00:00', '--job-id', '50', '--raw', '--subdir', 'DAGS_FOLDER/create_quaterly_team_report.py', '--cfg-path', '/tmp/tmp6yahvbkx', '--error-file', '/tmp/tmp__mv3xbj']
[2023-05-10 16:12:28,614] {standard_task_runner.py:80} INFO - Job 50: Subtask get_file_from_gcs
[2023-05-10 16:12:28,667] {task_command.py:371} INFO - Running <TaskInstance: dst_report_dags.get_file_from_gcs scheduled__2023-01-01T01:00:00+00:00 [running]> on host dstreportdagsgetfilefromgcs-e77f3c406cff4b2da9e2035174155e38
[2023-05-10 16:12:29,532] {logging_mixin.py:115} WARNING - /home/airflow/.local/lib/python3.8/site-packages/airflow/models/renderedtifields.py:249 SAWarning: Coercing Subquery object into a select() for use in IN(); please pass a select() construct explicitly
[2023-05-10 16:12:29,542] {taskinstance.py:1589} INFO - Exporting the following env vars:
AIRFLOW_CTX_DAG_OWNER=airflow
AIRFLOW_CTX_DAG_ID=dst_report_dags
AIRFLOW_CTX_TASK_ID=get_file_from_gcs
AIRFLOW_CTX_EXECUTION_DATE=2023-01-01T01:00:00+00:00
AIRFLOW_CTX_TRY_NUMBER=1
AIRFLOW_CTX_DAG_RUN_ID=scheduled__2023-01-01T01:00:00+00:00
[2023-05-10 16:12:31,304] {python.py:173} INFO - Done. Returned value was: None
[2023-05-10 16:12:31,317] {taskinstance.py:1415} INFO - Marking task as SUCCESS. dag_id=dst_report_dags, task_id=get_file_from_gcs, execution_date=20230101T010000, start_date=20230510T161228, end_date=20230510T161231
[2023-05-10 16:12:31,388] {local_task_job.py:156} INFO - Task exited with return code 0
[2023-05-10 16:12:31,416] {local_task_job.py:273} INFO - 1 downstream tasks scheduled from follow-on schedule check
