[2023-05-10 16:17:55,577] {taskinstance.py:1179} INFO - Dependencies all met for <TaskInstance: create_quaterly_team_report.generate_report scheduled__2023-01-01T01:00:00+00:00 [queued]>
[2023-05-10 16:17:55,585] {taskinstance.py:1179} INFO - Dependencies all met for <TaskInstance: create_quaterly_team_report.generate_report scheduled__2023-01-01T01:00:00+00:00 [queued]>
[2023-05-10 16:17:55,586] {taskinstance.py:1376} INFO - 
--------------------------------------------------------------------------------
[2023-05-10 16:17:55,587] {taskinstance.py:1377} INFO - Starting attempt 1 of 1
[2023-05-10 16:17:55,587] {taskinstance.py:1378} INFO - 
--------------------------------------------------------------------------------
[2023-05-10 16:17:55,597] {taskinstance.py:1397} INFO - Executing <Task(PythonOperator): generate_report> on 2023-01-01 01:00:00+00:00
[2023-05-10 16:17:55,600] {standard_task_runner.py:52} INFO - Started process 22 to run task
[2023-05-10 16:17:55,603] {standard_task_runner.py:79} INFO - Running: ['airflow', 'tasks', 'run', 'create_quaterly_team_report', 'generate_report', 'scheduled__2023-01-01T01:00:00+00:00', '--job-id', '56', '--raw', '--subdir', 'DAGS_FOLDER/create_quaterly_team_report.py', '--cfg-path', '/tmp/tmpvc5tu5zc', '--error-file', '/tmp/tmpx7m6qma6']
[2023-05-10 16:17:55,605] {standard_task_runner.py:80} INFO - Job 56: Subtask generate_report
[2023-05-10 16:17:55,659] {task_command.py:371} INFO - Running <TaskInstance: create_quaterly_team_report.generate_report scheduled__2023-01-01T01:00:00+00:00 [running]> on host createquaterlyteamreportgenera-41337ce714ba4870ab8568bcf7ece7e2
[2023-05-10 16:17:56,541] {logging_mixin.py:115} WARNING - /home/airflow/.local/lib/python3.8/site-packages/airflow/models/renderedtifields.py:249 SAWarning: Coercing Subquery object into a select() for use in IN(); please pass a select() construct explicitly
[2023-05-10 16:17:56,553] {taskinstance.py:1589} INFO - Exporting the following env vars:
AIRFLOW_CTX_DAG_OWNER=airflow
AIRFLOW_CTX_DAG_ID=create_quaterly_team_report
AIRFLOW_CTX_TASK_ID=generate_report
AIRFLOW_CTX_EXECUTION_DATE=2023-01-01T01:00:00+00:00
AIRFLOW_CTX_TRY_NUMBER=1
AIRFLOW_CTX_DAG_RUN_ID=scheduled__2023-01-01T01:00:00+00:00
[2023-05-10 16:17:56,567] {python.py:173} INFO - Done. Returned value was: None
[2023-05-10 16:17:56,576] {taskinstance.py:1415} INFO - Marking task as SUCCESS. dag_id=create_quaterly_team_report, task_id=generate_report, execution_date=20230101T010000, start_date=20230510T161755, end_date=20230510T161756
[2023-05-10 16:17:56,626] {local_task_job.py:156} INFO - Task exited with return code 0
[2023-05-10 16:17:56,660] {local_task_job.py:273} INFO - 1 downstream tasks scheduled from follow-on schedule check
