[2023-05-08 06:47:26,478] {taskinstance.py:1179} INFO - Dependencies all met for <TaskInstance: dst_report_dags.get_file_from_gcs manual__2023-05-08T06:47:21.905014+00:00 [queued]>
[2023-05-08 06:47:26,486] {taskinstance.py:1179} INFO - Dependencies all met for <TaskInstance: dst_report_dags.get_file_from_gcs manual__2023-05-08T06:47:21.905014+00:00 [queued]>
[2023-05-08 06:47:26,487] {taskinstance.py:1376} INFO - 
--------------------------------------------------------------------------------
[2023-05-08 06:47:26,488] {taskinstance.py:1377} INFO - Starting attempt 1 of 1
[2023-05-08 06:47:26,489] {taskinstance.py:1378} INFO - 
--------------------------------------------------------------------------------
[2023-05-08 06:47:26,499] {taskinstance.py:1397} INFO - Executing <Task(PythonOperator): get_file_from_gcs> on 2023-05-08 06:47:21.905014+00:00
[2023-05-08 06:47:26,502] {standard_task_runner.py:52} INFO - Started process 22 to run task
[2023-05-08 06:47:26,505] {standard_task_runner.py:79} INFO - Running: ['airflow', 'tasks', 'run', 'dst_report_dags', 'get_file_from_gcs', 'manual__2023-05-08T06:47:21.905014+00:00', '--job-id', '23', '--raw', '--subdir', 'DAGS_FOLDER/dst_report_dags.py', '--cfg-path', '/tmp/tmpjagnhgfz', '--error-file', '/tmp/tmprp05815i']
[2023-05-08 06:47:26,507] {standard_task_runner.py:80} INFO - Job 23: Subtask get_file_from_gcs
[2023-05-08 06:47:26,562] {task_command.py:371} INFO - Running <TaskInstance: dst_report_dags.get_file_from_gcs manual__2023-05-08T06:47:21.905014+00:00 [running]> on host dstreportdagsgetfilefromgcs-b9a04bf0476f40e19131236c442a60f3
[2023-05-08 06:47:27,282] {logging_mixin.py:115} WARNING - /home/airflow/.local/lib/python3.8/site-packages/airflow/models/renderedtifields.py:249 SAWarning: Coercing Subquery object into a select() for use in IN(); please pass a select() construct explicitly
[2023-05-08 06:47:27,292] {taskinstance.py:1589} INFO - Exporting the following env vars:
AIRFLOW_CTX_DAG_OWNER=airflow
AIRFLOW_CTX_DAG_ID=dst_report_dags
AIRFLOW_CTX_TASK_ID=get_file_from_gcs
AIRFLOW_CTX_EXECUTION_DATE=2023-05-08T06:47:21.905014+00:00
AIRFLOW_CTX_TRY_NUMBER=1
AIRFLOW_CTX_DAG_RUN_ID=manual__2023-05-08T06:47:21.905014+00:00
[2023-05-08 06:47:29,068] {python.py:173} INFO - Done. Returned value was: None
[2023-05-08 06:47:29,078] {taskinstance.py:1415} INFO - Marking task as SUCCESS. dag_id=dst_report_dags, task_id=get_file_from_gcs, execution_date=20230508T064721, start_date=20230508T064726, end_date=20230508T064729
[2023-05-08 06:47:29,126] {local_task_job.py:156} INFO - Task exited with return code 0
[2023-05-08 06:47:29,151] {local_task_job.py:273} INFO - 1 downstream tasks scheduled from follow-on schedule check
