[2023-05-08 08:14:52,851] {taskinstance.py:1179} INFO - Dependencies all met for <TaskInstance: dst_report_dags.get_file_from_gcs manual__2023-05-08T08:14:46.241590+00:00 [queued]>
[2023-05-08 08:14:52,874] {taskinstance.py:1179} INFO - Dependencies all met for <TaskInstance: dst_report_dags.get_file_from_gcs manual__2023-05-08T08:14:46.241590+00:00 [queued]>
[2023-05-08 08:14:52,889] {taskinstance.py:1376} INFO - 
--------------------------------------------------------------------------------
[2023-05-08 08:14:52,898] {taskinstance.py:1377} INFO - Starting attempt 1 of 1
[2023-05-08 08:14:52,905] {taskinstance.py:1378} INFO - 
--------------------------------------------------------------------------------
[2023-05-08 08:14:52,934] {taskinstance.py:1397} INFO - Executing <Task(PythonOperator): get_file_from_gcs> on 2023-05-08 08:14:46.241590+00:00
[2023-05-08 08:14:52,953] {standard_task_runner.py:52} INFO - Started process 22 to run task
[2023-05-08 08:14:52,957] {standard_task_runner.py:79} INFO - Running: ['airflow', 'tasks', 'run', 'dst_report_dags', 'get_file_from_gcs', 'manual__2023-05-08T08:14:46.241590+00:00', '--job-id', '43', '--raw', '--subdir', 'DAGS_FOLDER/dst_report_dags.py', '--cfg-path', '/tmp/tmpz02rbxbb', '--error-file', '/tmp/tmp6kfl8s81']
[2023-05-08 08:14:52,972] {standard_task_runner.py:80} INFO - Job 43: Subtask get_file_from_gcs
[2023-05-08 08:14:53,081] {task_command.py:371} INFO - Running <TaskInstance: dst_report_dags.get_file_from_gcs manual__2023-05-08T08:14:46.241590+00:00 [running]> on host dstreportdagsgetfilefromgcs-ceaf5db3ca9b46d29bd5515a30d4fbaa
[2023-05-08 08:14:53,990] {logging_mixin.py:115} WARNING - /home/airflow/.local/lib/python3.8/site-packages/airflow/models/renderedtifields.py:249 SAWarning: Coercing Subquery object into a select() for use in IN(); please pass a select() construct explicitly
[2023-05-08 08:14:54,012] {taskinstance.py:1589} INFO - Exporting the following env vars:
AIRFLOW_CTX_DAG_OWNER=airflow
AIRFLOW_CTX_DAG_ID=dst_report_dags
AIRFLOW_CTX_TASK_ID=get_file_from_gcs
AIRFLOW_CTX_EXECUTION_DATE=2023-05-08T08:14:46.241590+00:00
AIRFLOW_CTX_TRY_NUMBER=1
AIRFLOW_CTX_DAG_RUN_ID=manual__2023-05-08T08:14:46.241590+00:00
[2023-05-08 08:14:55,890] {python.py:173} INFO - Done. Returned value was: None
[2023-05-08 08:14:55,907] {taskinstance.py:1415} INFO - Marking task as SUCCESS. dag_id=dst_report_dags, task_id=get_file_from_gcs, execution_date=20230508T081446, start_date=20230508T081452, end_date=20230508T081455
[2023-05-08 08:14:56,003] {local_task_job.py:156} INFO - Task exited with return code 0
[2023-05-08 08:14:56,075] {local_task_job.py:273} INFO - 0 downstream tasks scheduled from follow-on schedule check
