[2023-05-10 16:17:49,094] {taskinstance.py:1179} INFO - Dependencies all met for <TaskInstance: create_quaterly_team_report.get_file_from_gcs scheduled__2023-01-01T01:00:00+00:00 [queued]>
[2023-05-10 16:17:49,101] {taskinstance.py:1179} INFO - Dependencies all met for <TaskInstance: create_quaterly_team_report.get_file_from_gcs scheduled__2023-01-01T01:00:00+00:00 [queued]>
[2023-05-10 16:17:49,102] {taskinstance.py:1376} INFO - 
--------------------------------------------------------------------------------
[2023-05-10 16:17:49,103] {taskinstance.py:1377} INFO - Starting attempt 1 of 1
[2023-05-10 16:17:49,103] {taskinstance.py:1378} INFO - 
--------------------------------------------------------------------------------
[2023-05-10 16:17:49,112] {taskinstance.py:1397} INFO - Executing <Task(PythonOperator): get_file_from_gcs> on 2023-01-01 01:00:00+00:00
[2023-05-10 16:17:49,116] {standard_task_runner.py:52} INFO - Started process 22 to run task
[2023-05-10 16:17:49,120] {standard_task_runner.py:79} INFO - Running: ['airflow', 'tasks', 'run', 'create_quaterly_team_report', 'get_file_from_gcs', 'scheduled__2023-01-01T01:00:00+00:00', '--job-id', '55', '--raw', '--subdir', 'DAGS_FOLDER/create_quaterly_team_report.py', '--cfg-path', '/tmp/tmp0j95y18o', '--error-file', '/tmp/tmp2cjoclhy']
[2023-05-10 16:17:49,121] {standard_task_runner.py:80} INFO - Job 55: Subtask get_file_from_gcs
[2023-05-10 16:17:49,175] {task_command.py:371} INFO - Running <TaskInstance: create_quaterly_team_report.get_file_from_gcs scheduled__2023-01-01T01:00:00+00:00 [running]> on host createquaterlyteamreportgetfil-5af5675d029f4bbbb3ebc4ba345d68a4
[2023-05-10 16:17:49,877] {logging_mixin.py:115} WARNING - /home/airflow/.local/lib/python3.8/site-packages/airflow/models/renderedtifields.py:249 SAWarning: Coercing Subquery object into a select() for use in IN(); please pass a select() construct explicitly
[2023-05-10 16:17:49,886] {taskinstance.py:1589} INFO - Exporting the following env vars:
AIRFLOW_CTX_DAG_OWNER=airflow
AIRFLOW_CTX_DAG_ID=create_quaterly_team_report
AIRFLOW_CTX_TASK_ID=get_file_from_gcs
AIRFLOW_CTX_EXECUTION_DATE=2023-01-01T01:00:00+00:00
AIRFLOW_CTX_TRY_NUMBER=1
AIRFLOW_CTX_DAG_RUN_ID=scheduled__2023-01-01T01:00:00+00:00
[2023-05-10 16:17:51,219] {python.py:173} INFO - Done. Returned value was: None
[2023-05-10 16:17:51,229] {taskinstance.py:1415} INFO - Marking task as SUCCESS. dag_id=create_quaterly_team_report, task_id=get_file_from_gcs, execution_date=20230101T010000, start_date=20230510T161749, end_date=20230510T161751
[2023-05-10 16:17:51,284] {local_task_job.py:156} INFO - Task exited with return code 0
[2023-05-10 16:17:51,312] {local_task_job.py:273} INFO - 1 downstream tasks scheduled from follow-on schedule check
