[2023-05-09 20:41:47,816] {taskinstance.py:1179} INFO - Dependencies all met for <TaskInstance: example_kubernetes_executor_config.task_with_sidecar manual__2023-05-09T20:41:27.076470+00:00 [queued]>
[2023-05-09 20:41:47,836] {taskinstance.py:1179} INFO - Dependencies all met for <TaskInstance: example_kubernetes_executor_config.task_with_sidecar manual__2023-05-09T20:41:27.076470+00:00 [queued]>
[2023-05-09 20:41:47,839] {taskinstance.py:1376} INFO - 
--------------------------------------------------------------------------------
[2023-05-09 20:41:47,840] {taskinstance.py:1377} INFO - Starting attempt 1 of 1
[2023-05-09 20:41:47,842] {taskinstance.py:1378} INFO - 
--------------------------------------------------------------------------------
[2023-05-09 20:41:47,866] {taskinstance.py:1397} INFO - Executing <Task(PythonOperator): task_with_sidecar> on 2023-05-09 20:41:27.076470+00:00
[2023-05-09 20:41:47,871] {standard_task_runner.py:52} INFO - Started process 18 to run task
[2023-05-09 20:41:47,879] {standard_task_runner.py:79} INFO - Running: ['airflow', 'tasks', 'run', 'example_kubernetes_executor_config', 'task_with_sidecar', 'manual__2023-05-09T20:41:27.076470+00:00', '--job-id', '5', '--raw', '--subdir', 'DAGS_FOLDER/test_dag.py', '--cfg-path', '/tmp/tmpphazv4lk', '--error-file', '/tmp/tmpx7dq0ww4']
[2023-05-09 20:41:47,883] {standard_task_runner.py:80} INFO - Job 5: Subtask task_with_sidecar
[2023-05-09 20:41:47,991] {task_command.py:371} INFO - Running <TaskInstance: example_kubernetes_executor_config.task_with_sidecar manual__2023-05-09T20:41:27.076470+00:00 [running]> on host examplekubernetesexecutorconfi-5c8ea254cfd24d46a61f7b5d26dc1bdd
[2023-05-09 20:41:48,181] {logging_mixin.py:115} WARNING - /home/airflow/.local/lib/python3.8/site-packages/airflow/models/renderedtifields.py:249 SAWarning: Coercing Subquery object into a select() for use in IN(); please pass a select() construct explicitly
[2023-05-09 20:41:48,197] {taskinstance.py:1589} INFO - Exporting the following env vars:
AIRFLOW_CTX_DAG_OWNER=airflow
AIRFLOW_CTX_DAG_ID=example_kubernetes_executor_config
AIRFLOW_CTX_TASK_ID=task_with_sidecar
AIRFLOW_CTX_EXECUTION_DATE=2023-05-09T20:41:27.076470+00:00
AIRFLOW_CTX_TRY_NUMBER=1
AIRFLOW_CTX_DAG_RUN_ID=manual__2023-05-09T20:41:27.076470+00:00
[2023-05-09 20:41:48,225] {python.py:173} INFO - Done. Returned value was: None
[2023-05-09 20:41:48,239] {taskinstance.py:1415} INFO - Marking task as SUCCESS. dag_id=example_kubernetes_executor_config, task_id=task_with_sidecar, execution_date=20230509T204127, start_date=20230509T204147, end_date=20230509T204148
[2023-05-09 20:41:48,291] {local_task_job.py:156} INFO - Task exited with return code 0
[2023-05-09 20:41:48,322] {local_task_job.py:273} INFO - 0 downstream tasks scheduled from follow-on schedule check
