[2023-05-09 20:41:34,155] {taskinstance.py:1179} INFO - Dependencies all met for <TaskInstance: example_kubernetes_executor_config.start_task manual__2023-05-09T20:41:27.076470+00:00 [queued]>
[2023-05-09 20:41:34,170] {taskinstance.py:1179} INFO - Dependencies all met for <TaskInstance: example_kubernetes_executor_config.start_task manual__2023-05-09T20:41:27.076470+00:00 [queued]>
[2023-05-09 20:41:34,172] {taskinstance.py:1376} INFO - 
--------------------------------------------------------------------------------
[2023-05-09 20:41:34,174] {taskinstance.py:1377} INFO - Starting attempt 1 of 1
[2023-05-09 20:41:34,175] {taskinstance.py:1378} INFO - 
--------------------------------------------------------------------------------
[2023-05-09 20:41:34,191] {taskinstance.py:1397} INFO - Executing <Task(PythonOperator): start_task> on 2023-05-09 20:41:27.076470+00:00
[2023-05-09 20:41:34,196] {standard_task_runner.py:52} INFO - Started process 18 to run task
[2023-05-09 20:41:34,201] {standard_task_runner.py:79} INFO - Running: ['airflow', 'tasks', 'run', 'example_kubernetes_executor_config', 'start_task', 'manual__2023-05-09T20:41:27.076470+00:00', '--job-id', '2', '--raw', '--subdir', 'DAGS_FOLDER/test_dag.py', '--cfg-path', '/tmp/tmpioh48rw6', '--error-file', '/tmp/tmpsxrhk53c']
[2023-05-09 20:41:34,203] {standard_task_runner.py:80} INFO - Job 2: Subtask start_task
[2023-05-09 20:41:34,295] {task_command.py:371} INFO - Running <TaskInstance: example_kubernetes_executor_config.start_task manual__2023-05-09T20:41:27.076470+00:00 [running]> on host examplekubernetesexecutorconfi-1c897c86760d45698e9dc5ad9098c9f0
[2023-05-09 20:41:34,492] {logging_mixin.py:115} WARNING - /home/airflow/.local/lib/python3.8/site-packages/airflow/models/renderedtifields.py:249 SAWarning: Coercing Subquery object into a select() for use in IN(); please pass a select() construct explicitly
[2023-05-09 20:41:34,511] {taskinstance.py:1589} INFO - Exporting the following env vars:
AIRFLOW_CTX_DAG_OWNER=airflow
AIRFLOW_CTX_DAG_ID=example_kubernetes_executor_config
AIRFLOW_CTX_TASK_ID=start_task
AIRFLOW_CTX_EXECUTION_DATE=2023-05-09T20:41:27.076470+00:00
AIRFLOW_CTX_TRY_NUMBER=1
AIRFLOW_CTX_DAG_RUN_ID=manual__2023-05-09T20:41:27.076470+00:00
[2023-05-09 20:41:34,513] {logging_mixin.py:115} INFO - annotated!
[2023-05-09 20:41:34,514] {python.py:173} INFO - Done. Returned value was: None
[2023-05-09 20:41:34,526] {taskinstance.py:1415} INFO - Marking task as SUCCESS. dag_id=example_kubernetes_executor_config, task_id=start_task, execution_date=20230509T204127, start_date=20230509T204134, end_date=20230509T204134
[2023-05-09 20:41:34,576] {local_task_job.py:156} INFO - Task exited with return code 0
[2023-05-09 20:41:34,628] {local_task_job.py:273} INFO - 4 downstream tasks scheduled from follow-on schedule check
