[2023-05-10 08:42:51,556] {taskinstance.py:1179} INFO - Dependencies all met for <TaskInstance: dst_report_dags.upload_to_bigquary manual__2023-05-10T08:42:34.801630+00:00 [queued]>
[2023-05-10 08:42:51,569] {taskinstance.py:1179} INFO - Dependencies all met for <TaskInstance: dst_report_dags.upload_to_bigquary manual__2023-05-10T08:42:34.801630+00:00 [queued]>
[2023-05-10 08:42:51,570] {taskinstance.py:1376} INFO - 
--------------------------------------------------------------------------------
[2023-05-10 08:42:51,571] {taskinstance.py:1377} INFO - Starting attempt 1 of 1
[2023-05-10 08:42:51,571] {taskinstance.py:1378} INFO - 
--------------------------------------------------------------------------------
[2023-05-10 08:42:51,585] {taskinstance.py:1397} INFO - Executing <Task(PythonOperator): upload_to_bigquary> on 2023-05-10 08:42:34.801630+00:00
[2023-05-10 08:42:51,589] {standard_task_runner.py:52} INFO - Started process 22 to run task
[2023-05-10 08:42:51,593] {standard_task_runner.py:79} INFO - Running: ['airflow', 'tasks', 'run', 'dst_report_dags', 'upload_to_bigquary', 'manual__2023-05-10T08:42:34.801630+00:00', '--job-id', '21', '--raw', '--subdir', 'DAGS_FOLDER/dst_report_dags.py', '--cfg-path', '/tmp/tmp5uyz3uvj', '--error-file', '/tmp/tmpz21tagb5']
[2023-05-10 08:42:51,594] {standard_task_runner.py:80} INFO - Job 21: Subtask upload_to_bigquary
[2023-05-10 08:42:51,664] {task_command.py:371} INFO - Running <TaskInstance: dst_report_dags.upload_to_bigquary manual__2023-05-10T08:42:34.801630+00:00 [running]> on host dstreportdagsuploadtobigquary-5d4efbe8b978482cb04db7b6ca4aaf30
[2023-05-10 08:42:52,416] {logging_mixin.py:115} WARNING - /home/airflow/.local/lib/python3.8/site-packages/airflow/models/renderedtifields.py:249 SAWarning: Coercing Subquery object into a select() for use in IN(); please pass a select() construct explicitly
[2023-05-10 08:42:52,426] {taskinstance.py:1589} INFO - Exporting the following env vars:
AIRFLOW_CTX_DAG_OWNER=airflow
AIRFLOW_CTX_DAG_ID=dst_report_dags
AIRFLOW_CTX_TASK_ID=upload_to_bigquary
AIRFLOW_CTX_EXECUTION_DATE=2023-05-10T08:42:34.801630+00:00
AIRFLOW_CTX_TRY_NUMBER=1
AIRFLOW_CTX_DAG_RUN_ID=manual__2023-05-10T08:42:34.801630+00:00
[2023-05-10 08:42:55,989] {logging_mixin.py:115} INFO - DONE
[2023-05-10 08:42:55,990] {logging_mixin.py:115} INFO - LoadJob<project=dstreportdata, location=asia-east1, id=ac78bbad-b389-4865-8a7e-c7d98ee647f7>
[2023-05-10 08:42:55,991] {python.py:173} INFO - Done. Returned value was: None
[2023-05-10 08:42:56,002] {taskinstance.py:1415} INFO - Marking task as SUCCESS. dag_id=dst_report_dags, task_id=upload_to_bigquary, execution_date=20230510T084234, start_date=20230510T084251, end_date=20230510T084256
[2023-05-10 08:42:56,065] {local_task_job.py:156} INFO - Task exited with return code 0
[2023-05-10 08:42:56,093] {local_task_job.py:273} INFO - 1 downstream tasks scheduled from follow-on schedule check
