[2023-05-08 09:03:45,204] {taskinstance.py:1179} INFO - Dependencies all met for <TaskInstance: dst_report_dags.check_downloaded_files manual__2023-05-08T09:03:33.379761+00:00 [queued]>
[2023-05-08 09:03:45,212] {taskinstance.py:1179} INFO - Dependencies all met for <TaskInstance: dst_report_dags.check_downloaded_files manual__2023-05-08T09:03:33.379761+00:00 [queued]>
[2023-05-08 09:03:45,216] {taskinstance.py:1376} INFO - 
--------------------------------------------------------------------------------
[2023-05-08 09:03:45,218] {taskinstance.py:1377} INFO - Starting attempt 1 of 1
[2023-05-08 09:03:45,219] {taskinstance.py:1378} INFO - 
--------------------------------------------------------------------------------
[2023-05-08 09:03:45,229] {taskinstance.py:1397} INFO - Executing <Task(BashOperator): check_downloaded_files> on 2023-05-08 09:03:33.379761+00:00
[2023-05-08 09:03:45,233] {standard_task_runner.py:52} INFO - Started process 22 to run task
[2023-05-08 09:03:45,236] {standard_task_runner.py:79} INFO - Running: ['airflow', 'tasks', 'run', 'dst_report_dags', 'check_downloaded_files', 'manual__2023-05-08T09:03:33.379761+00:00', '--job-id', '49', '--raw', '--subdir', 'DAGS_FOLDER/dst_report_dags.py', '--cfg-path', '/tmp/tmpddgqaawu', '--error-file', '/tmp/tmp9lv0l6uw']
[2023-05-08 09:03:45,239] {standard_task_runner.py:80} INFO - Job 49: Subtask check_downloaded_files
[2023-05-08 09:03:45,288] {task_command.py:371} INFO - Running <TaskInstance: dst_report_dags.check_downloaded_files manual__2023-05-08T09:03:33.379761+00:00 [running]> on host dstreportdagscheckdownloadedfi-78f4c207eb484d749e0ba8fac772d1db
[2023-05-08 09:03:46,054] {logging_mixin.py:115} WARNING - /home/airflow/.local/lib/python3.8/site-packages/airflow/models/renderedtifields.py:249 SAWarning: Coercing Subquery object into a select() for use in IN(); please pass a select() construct explicitly
[2023-05-08 09:03:46,063] {taskinstance.py:1589} INFO - Exporting the following env vars:
AIRFLOW_CTX_DAG_OWNER=airflow
AIRFLOW_CTX_DAG_ID=dst_report_dags
AIRFLOW_CTX_TASK_ID=check_downloaded_files
AIRFLOW_CTX_EXECUTION_DATE=2023-05-08T09:03:33.379761+00:00
AIRFLOW_CTX_TRY_NUMBER=1
AIRFLOW_CTX_DAG_RUN_ID=manual__2023-05-08T09:03:33.379761+00:00
[2023-05-08 09:03:46,065] {subprocess.py:62} INFO - Tmp dir root location: 
 /tmp
[2023-05-08 09:03:46,065] {subprocess.py:74} INFO - Running command: ['bash', '-c', 'find . -name "*.csv"']
[2023-05-08 09:03:46,074] {subprocess.py:85} INFO - Output:
[2023-05-08 09:03:46,078] {subprocess.py:96} INFO - Command exited with return code 0
[2023-05-08 09:03:46,097] {taskinstance.py:1415} INFO - Marking task as SUCCESS. dag_id=dst_report_dags, task_id=check_downloaded_files, execution_date=20230508T090333, start_date=20230508T090345, end_date=20230508T090346
[2023-05-08 09:03:46,132] {local_task_job.py:156} INFO - Task exited with return code 0
[2023-05-08 09:03:46,158] {local_task_job.py:273} INFO - 1 downstream tasks scheduled from follow-on schedule check
