[2023-05-06 12:41:22,570] {taskinstance.py:1179} INFO - Dependencies all met for <TaskInstance: hello_world.hello_k8s scheduled__2023-05-05T12:00:00+00:00 [queued]>
[2023-05-06 12:41:22,582] {taskinstance.py:1179} INFO - Dependencies all met for <TaskInstance: hello_world.hello_k8s scheduled__2023-05-05T12:00:00+00:00 [queued]>
[2023-05-06 12:41:22,583] {taskinstance.py:1376} INFO - 
--------------------------------------------------------------------------------
[2023-05-06 12:41:22,584] {taskinstance.py:1377} INFO - Starting attempt 1 of 1
[2023-05-06 12:41:22,585] {taskinstance.py:1378} INFO - 
--------------------------------------------------------------------------------
[2023-05-06 12:41:22,600] {taskinstance.py:1397} INFO - Executing <Task(PythonOperator): hello_k8s> on 2023-05-05 12:00:00+00:00
[2023-05-06 12:41:22,603] {standard_task_runner.py:52} INFO - Started process 18 to run task
[2023-05-06 12:41:22,608] {standard_task_runner.py:79} INFO - Running: ['airflow', 'tasks', 'run', 'hello_world', 'hello_k8s', 'scheduled__2023-05-05T12:00:00+00:00', '--job-id', '5', '--raw', '--subdir', 'DAGS_FOLDER/helloWorld.py', '--cfg-path', '/tmp/tmpqbafw7o7', '--error-file', '/tmp/tmpfmofde47']
[2023-05-06 12:41:22,611] {standard_task_runner.py:80} INFO - Job 5: Subtask hello_k8s
[2023-05-06 12:41:22,687] {task_command.py:371} INFO - Running <TaskInstance: hello_world.hello_k8s scheduled__2023-05-05T12:00:00+00:00 [running]> on host helloworldhellok8s-bbe06ec71a2a44de92c46f2595a757f8
[2023-05-06 12:41:24,001] {logging_mixin.py:115} WARNING - /home/airflow/.local/lib/python3.8/site-packages/airflow/models/renderedtifields.py:249 SAWarning: Coercing Subquery object into a select() for use in IN(); please pass a select() construct explicitly
[2023-05-06 12:41:24,014] {taskinstance.py:1589} INFO - Exporting the following env vars:
AIRFLOW_CTX_DAG_OWNER=airflow
AIRFLOW_CTX_DAG_ID=hello_world
AIRFLOW_CTX_TASK_ID=hello_k8s
AIRFLOW_CTX_EXECUTION_DATE=2023-05-05T12:00:00+00:00
AIRFLOW_CTX_TRY_NUMBER=1
AIRFLOW_CTX_DAG_RUN_ID=scheduled__2023-05-05T12:00:00+00:00
[2023-05-06 12:41:24,019] {logging_mixin.py:115} INFO - Hello world from first Airflow DAG!
[2023-05-06 12:41:24,020] {python.py:173} INFO - Done. Returned value was: None
[2023-05-06 12:41:24,032] {taskinstance.py:1415} INFO - Marking task as SUCCESS. dag_id=hello_world, task_id=hello_k8s, execution_date=20230505T120000, start_date=20230506T124122, end_date=20230506T124124
[2023-05-06 12:41:24,091] {local_task_job.py:156} INFO - Task exited with return code 0
[2023-05-06 12:41:24,115] {local_task_job.py:273} INFO - 0 downstream tasks scheduled from follow-on schedule check
