[2023-05-08 10:09:42,540] {taskinstance.py:1179} INFO - Dependencies all met for <TaskInstance: dst_report_dags.get_file_from_gcs manual__2023-05-08T10:09:36.165335+00:00 [queued]>
[2023-05-08 10:09:42,553] {taskinstance.py:1179} INFO - Dependencies all met for <TaskInstance: dst_report_dags.get_file_from_gcs manual__2023-05-08T10:09:36.165335+00:00 [queued]>
[2023-05-08 10:09:42,555] {taskinstance.py:1376} INFO - 
--------------------------------------------------------------------------------
[2023-05-08 10:09:42,556] {taskinstance.py:1377} INFO - Starting attempt 1 of 1
[2023-05-08 10:09:42,558] {taskinstance.py:1378} INFO - 
--------------------------------------------------------------------------------
[2023-05-08 10:09:42,574] {taskinstance.py:1397} INFO - Executing <Task(PythonOperator): get_file_from_gcs> on 2023-05-08 10:09:36.165335+00:00
[2023-05-08 10:09:42,579] {standard_task_runner.py:52} INFO - Started process 21 to run task
[2023-05-08 10:09:42,585] {standard_task_runner.py:79} INFO - Running: ['airflow', 'tasks', 'run', 'dst_report_dags', 'get_file_from_gcs', 'manual__2023-05-08T10:09:36.165335+00:00', '--job-id', '66', '--raw', '--subdir', 'DAGS_FOLDER/dst_report_dags.py', '--cfg-path', '/tmp/tmpkus5qmj4', '--error-file', '/tmp/tmp4s8rk6r9']
[2023-05-08 10:09:42,588] {standard_task_runner.py:80} INFO - Job 66: Subtask get_file_from_gcs
[2023-05-08 10:09:42,669] {task_command.py:371} INFO - Running <TaskInstance: dst_report_dags.get_file_from_gcs manual__2023-05-08T10:09:36.165335+00:00 [running]> on host dstreportdagsgetfilefromgcs-778a44cd0d6c4dfc8c8907734b172a74
[2023-05-08 10:09:43,826] {logging_mixin.py:115} WARNING - /home/airflow/.local/lib/python3.8/site-packages/airflow/models/renderedtifields.py:249 SAWarning: Coercing Subquery object into a select() for use in IN(); please pass a select() construct explicitly
[2023-05-08 10:09:43,842] {taskinstance.py:1589} INFO - Exporting the following env vars:
AIRFLOW_CTX_DAG_OWNER=airflow
AIRFLOW_CTX_DAG_ID=dst_report_dags
AIRFLOW_CTX_TASK_ID=get_file_from_gcs
AIRFLOW_CTX_EXECUTION_DATE=2023-05-08T10:09:36.165335+00:00
AIRFLOW_CTX_TRY_NUMBER=1
AIRFLOW_CTX_DAG_RUN_ID=manual__2023-05-08T10:09:36.165335+00:00
[2023-05-08 10:09:45,406] {python.py:173} INFO - Done. Returned value was: None
[2023-05-08 10:09:45,418] {taskinstance.py:1415} INFO - Marking task as SUCCESS. dag_id=dst_report_dags, task_id=get_file_from_gcs, execution_date=20230508T100936, start_date=20230508T100942, end_date=20230508T100945
[2023-05-08 10:09:45,469] {local_task_job.py:156} INFO - Task exited with return code 0
[2023-05-08 10:09:45,504] {local_task_job.py:273} INFO - 1 downstream tasks scheduled from follow-on schedule check
